{"level":"error","message":"Error: Old password is incorrect","timestamp":"2023-12-05T04:54:08.736Z"}
{"level":"error","message":"Error: Old password is incorrect","timestamp":"2023-12-05T04:54:08.742Z"}
{"level":"error","message":"Stack trace: Error: Old password is incorrect\n    at E:\\Schema draft\\controllers\\auth\\profile.js:22:25","timestamp":"2023-12-05T04:54:08.743Z"}
{"level":"error","message":"Error: ENOENT: no such file or directory, stat 'E:\\frontend\\build\\index.html'","timestamp":"2023-12-05T05:04:55.115Z"}
{"level":"error","message":"Stack trace: Error: ENOENT: no such file or directory, stat 'E:\\frontend\\build\\index.html'","timestamp":"2023-12-05T05:04:55.117Z"}
{"level":"error","message":"Error: ENOENT: no such file or directory, stat 'E:\\frontend\\build\\index.html'","timestamp":"2023-12-05T07:01:04.797Z"}
{"level":"error","message":"Stack trace: Error: ENOENT: no such file or directory, stat 'E:\\frontend\\build\\index.html'","timestamp":"2023-12-05T07:01:04.797Z"}
{"level":"error","message":"Error: Old password is incorrect","timestamp":"2023-12-05T07:05:24.609Z"}
{"level":"error","message":"Error: Old password is incorrect","timestamp":"2023-12-05T07:05:24.610Z"}
{"level":"error","message":"Stack trace: Error: Old password is incorrect\n    at E:\\Schema draft\\controllers\\auth\\profile.js:22:25","timestamp":"2023-12-05T07:05:24.610Z"}
{"level":"error","message":"Error: Old password is incorrect","timestamp":"2023-12-05T07:06:11.454Z"}
{"level":"error","message":"Error: Old password is incorrect","timestamp":"2023-12-05T07:06:11.455Z"}
{"level":"error","message":"Stack trace: Error: Old password is incorrect\n    at E:\\Schema draft\\controllers\\auth\\profile.js:22:25","timestamp":"2023-12-05T07:06:11.455Z"}
{"level":"error","message":"Error: Old password is incorrect","timestamp":"2023-12-05T07:06:48.107Z"}
{"level":"error","message":"Error: Old password is incorrect","timestamp":"2023-12-05T07:06:48.108Z"}
{"level":"error","message":"Stack trace: Error: Old password is incorrect\n    at E:\\Schema draft\\controllers\\auth\\profile.js:22:25","timestamp":"2023-12-05T07:06:48.108Z"}
{"level":"error","message":"Error: Old password is incorrect","timestamp":"2023-12-05T07:18:51.729Z"}
{"level":"error","message":"Error: Old password is incorrect","timestamp":"2023-12-05T07:18:51.733Z"}
{"level":"error","message":"Stack trace: Error: Old password is incorrect\n    at E:\\Schema draft\\controllers\\auth\\profile.js:22:25","timestamp":"2023-12-05T07:18:51.733Z"}
{"level":"error","message":"Error: Old password is incorrect","timestamp":"2023-12-05T07:22:01.047Z"}
{"level":"error","message":"Error: Old password is incorrect","timestamp":"2023-12-05T07:22:01.048Z"}
{"level":"error","message":"Stack trace: Error: Old password is incorrect\n    at E:\\Schema draft\\controllers\\auth\\profile.js:22:25","timestamp":"2023-12-05T07:22:01.048Z"}
{"level":"error","message":"Error: Internal Server Error","timestamp":"2023-12-05T08:24:37.238Z"}
{"level":"error","message":"Error: Internal Server Error","timestamp":"2023-12-05T08:24:37.243Z"}
{"level":"error","message":"Stack trace: Error: Internal Server Error\n    at E:\\Schema draft\\controllers\\category\\category.js:27:10\n    at process.processTicksAndRejections (node:internal/process/task_queues:95:5)","timestamp":"2023-12-05T08:24:37.243Z"}
{"level":"error","message":"Error: Internal Server Error","timestamp":"2023-12-05T08:26:41.647Z"}
{"level":"error","message":"Error: Internal Server Error","timestamp":"2023-12-05T08:26:41.648Z"}
{"level":"error","message":"Stack trace: Error: Internal Server Error\n    at E:\\Schema draft\\controllers\\category\\category.js:68:10\n    at process.processTicksAndRejections (node:internal/process/task_queues:95:5)","timestamp":"2023-12-05T08:26:41.649Z"}
{"level":"error","message":"Error: Login first to handle this resource","timestamp":"2023-12-05T08:41:12.957Z"}
{"level":"error","message":"Error: Login first to handle this resource","timestamp":"2023-12-05T08:41:12.970Z"}
{"level":"error","message":"Stack trace: Error: Login first to handle this resource\n    at E:\\Schema draft\\middlewares\\authenticate.js:10:21\n    at E:\\Schema draft\\middlewares\\catchAsyncError.js:2:25\n    at Layer.handle [as handle_request] (E:\\Schema draft\\node_modules\\express\\lib\\router\\layer.js:95:5)\n    at next (E:\\Schema draft\\node_modules\\express\\lib\\router\\route.js:144:13)\n    at Route.dispatch (E:\\Schema draft\\node_modules\\express\\lib\\router\\route.js:114:3)\n    at Layer.handle [as handle_request] (E:\\Schema draft\\node_modules\\express\\lib\\router\\layer.js:95:5)\n    at E:\\Schema draft\\node_modules\\express\\lib\\router\\index.js:284:15\n    at Function.process_params (E:\\Schema draft\\node_modules\\express\\lib\\router\\index.js:346:12)\n    at next (E:\\Schema draft\\node_modules\\express\\lib\\router\\index.js:280:10)\n    at Function.handle (E:\\Schema draft\\node_modules\\express\\lib\\router\\index.js:175:3)","timestamp":"2023-12-05T08:41:12.971Z"}
{"level":"error","message":"Error: Internal Server Error","timestamp":"2023-12-05T08:41:48.000Z"}
{"level":"error","message":"Error: Internal Server Error","timestamp":"2023-12-05T08:41:48.001Z"}
{"level":"error","message":"Stack trace: Error: Internal Server Error\n    at E:\\Schema draft\\controllers\\category\\category.js:68:10\n    at process.processTicksAndRejections (node:internal/process/task_queues:95:5)","timestamp":"2023-12-05T08:41:48.002Z"}
{"level":"error","message":"Error: ENOENT: no such file or directory, stat 'E:\\frontend\\build\\index.html'","timestamp":"2023-12-05T09:42:28.255Z"}
{"level":"error","message":"Stack trace: Error: ENOENT: no such file or directory, stat 'E:\\frontend\\build\\index.html'","timestamp":"2023-12-05T09:42:28.260Z"}
{"level":"error","message":"Error: ENOENT: no such file or directory, stat 'E:\\frontend\\build\\index.html'","timestamp":"2023-12-05T09:42:28.263Z"}
{"level":"error","message":"Stack trace: Error: ENOENT: no such file or directory, stat 'E:\\frontend\\build\\index.html'","timestamp":"2023-12-05T09:42:28.264Z"}
{"level":"error","message":"Error: ENOENT: no such file or directory, stat 'E:\\frontend\\build\\index.html'","timestamp":"2023-12-05T09:43:22.049Z"}
{"level":"error","message":"Stack trace: Error: ENOENT: no such file or directory, stat 'E:\\frontend\\build\\index.html'","timestamp":"2023-12-05T09:43:22.051Z"}
{"level":"error","message":"Error: ENOENT: no such file or directory, stat 'E:\\frontend\\build\\index.html'","timestamp":"2023-12-05T09:43:22.054Z"}
{"level":"error","message":"Stack trace: Error: ENOENT: no such file or directory, stat 'E:\\frontend\\build\\index.html'","timestamp":"2023-12-05T09:43:22.055Z"}
{"level":"error","message":"Error: ENOENT: no such file or directory, stat 'E:\\frontend\\build\\index.html'","timestamp":"2023-12-05T09:43:22.427Z"}
{"level":"error","message":"Stack trace: Error: ENOENT: no such file or directory, stat 'E:\\frontend\\build\\index.html'","timestamp":"2023-12-05T09:43:22.428Z"}
{"level":"error","message":"Error: Menu validation failed: mealTypeCategory: `Appitizer` is not a valid enum value for path `mealTypeCategory`.","timestamp":"2023-12-05T09:49:32.721Z"}
{"level":"error","message":"Error: Menu validation failed: mealTypeCategory: `Appitizer` is not a valid enum value for path `mealTypeCategory`.","timestamp":"2023-12-05T09:49:32.722Z"}
{"level":"error","message":"Stack trace: Error: Menu validation failed: mealTypeCategory: `Appitizer` is not a valid enum value for path `mealTypeCategory`.\n    at E:\\Schema draft\\controllers\\menu\\createMenu.js:30:14\n    at process.processTicksAndRejections (node:internal/process/task_queues:95:5)","timestamp":"2023-12-05T09:49:32.722Z"}
{"level":"error","message":"Error: Login first to handle this resource","timestamp":"2023-12-05T10:53:20.182Z"}
{"level":"error","message":"Error: Login first to handle this resource","timestamp":"2023-12-05T10:53:20.200Z"}
{"level":"error","message":"Stack trace: Error: Login first to handle this resource\n    at E:\\Schema draft\\middlewares\\authenticate.js:10:21\n    at E:\\Schema draft\\middlewares\\catchAsyncError.js:2:25\n    at Layer.handle [as handle_request] (E:\\Schema draft\\node_modules\\express\\lib\\router\\layer.js:95:5)\n    at next (E:\\Schema draft\\node_modules\\express\\lib\\router\\route.js:144:13)\n    at Route.dispatch (E:\\Schema draft\\node_modules\\express\\lib\\router\\route.js:114:3)\n    at Layer.handle [as handle_request] (E:\\Schema draft\\node_modules\\express\\lib\\router\\layer.js:95:5)\n    at E:\\Schema draft\\node_modules\\express\\lib\\router\\index.js:284:15\n    at Function.process_params (E:\\Schema draft\\node_modules\\express\\lib\\router\\index.js:346:12)\n    at next (E:\\Schema draft\\node_modules\\express\\lib\\router\\index.js:280:10)\n    at Function.handle (E:\\Schema draft\\node_modules\\express\\lib\\router\\index.js:175:3)","timestamp":"2023-12-05T10:53:20.201Z"}
{"level":"error","message":"Error: No menus found","timestamp":"2023-12-05T10:54:44.386Z"}
{"level":"error","message":"Error: No menus found","timestamp":"2023-12-05T10:54:44.390Z"}
{"level":"error","message":"Stack trace: Error: No menus found\n    at E:\\Schema draft\\controllers\\menu\\getMenus.js:27:34\n    at process.processTicksAndRejections (node:internal/process/task_queues:95:5)","timestamp":"2023-12-05T10:54:44.397Z"}
{"level":"error","message":"Error: Cannot set headers after they are sent to the client","timestamp":"2023-12-05T10:54:44.410Z"}
{"level":"error","message":"Error: No menus found","timestamp":"2023-12-05T10:54:47.541Z"}
{"level":"error","message":"Error: No menus found","timestamp":"2023-12-05T10:54:47.544Z"}
{"level":"error","message":"Stack trace: Error: No menus found\n    at E:\\Schema draft\\controllers\\menu\\getMenus.js:27:34\n    at process.processTicksAndRejections (node:internal/process/task_queues:95:5)","timestamp":"2023-12-05T10:54:47.544Z"}
{"level":"error","message":"Error: Cannot set headers after they are sent to the client","timestamp":"2023-12-05T10:54:47.546Z"}
{"level":"error","message":"Error: No menus found","timestamp":"2023-12-05T10:54:47.608Z"}
{"level":"error","message":"Error: No menus found","timestamp":"2023-12-05T10:54:47.609Z"}
{"level":"error","message":"Stack trace: Error: No menus found\n    at E:\\Schema draft\\controllers\\menu\\getMenus.js:27:34\n    at process.processTicksAndRejections (node:internal/process/task_queues:95:5)","timestamp":"2023-12-05T10:54:47.609Z"}
{"level":"error","message":"Error: Cannot set headers after they are sent to the client","timestamp":"2023-12-05T10:54:47.611Z"}
{"level":"error","message":"Error: Old password is incorrect","timestamp":"2023-12-05T10:55:05.321Z"}
{"level":"error","message":"Error: Old password is incorrect","timestamp":"2023-12-05T10:55:05.322Z"}
{"level":"error","message":"Stack trace: Error: Old password is incorrect\n    at E:\\Schema draft\\controllers\\auth\\profile.js:22:25","timestamp":"2023-12-05T10:55:05.322Z"}
{"level":"error","message":"Error: ENOENT: no such file or directory, stat 'E:\\frontend\\build\\index.html'","timestamp":"2023-12-05T13:18:32.681Z"}
{"level":"error","message":"Stack trace: Error: ENOENT: no such file or directory, stat 'E:\\frontend\\build\\index.html'","timestamp":"2023-12-05T13:18:32.698Z"}
{"level":"error","message":"Error: No menus found","timestamp":"2023-12-05T13:18:47.457Z"}
{"level":"error","message":"Error: No menus found","timestamp":"2023-12-05T13:18:47.459Z"}
{"level":"error","message":"Stack trace: Error: No menus found\n    at E:\\Schema draft\\controllers\\menu\\getMenus.js:27:34\n    at process.processTicksAndRejections (node:internal/process/task_queues:95:5)","timestamp":"2023-12-05T13:18:47.460Z"}
{"level":"error","message":"Error: Cannot set headers after they are sent to the client","timestamp":"2023-12-05T13:18:47.466Z"}
{"level":"error","message":"Error: ENOENT: no such file or directory, stat 'E:\\frontend\\build\\index.html'","timestamp":"2023-12-05T13:18:47.533Z"}
{"level":"error","message":"Stack trace: Error: ENOENT: no such file or directory, stat 'E:\\frontend\\build\\index.html'","timestamp":"2023-12-05T13:18:47.534Z"}
{"level":"error","message":"Error: No menus found","timestamp":"2023-12-05T13:19:10.832Z"}
{"level":"error","message":"Error: No menus found","timestamp":"2023-12-05T13:19:10.834Z"}
{"level":"error","message":"Stack trace: Error: No menus found\n    at E:\\Schema draft\\controllers\\menu\\getMenus.js:27:34\n    at process.processTicksAndRejections (node:internal/process/task_queues:95:5)","timestamp":"2023-12-05T13:19:10.835Z"}
{"level":"error","message":"Error: Cannot set headers after they are sent to the client","timestamp":"2023-12-05T13:19:10.837Z"}
{"level":"error","message":"Error: ENOENT: no such file or directory, stat 'E:\\frontend\\build\\index.html'","timestamp":"2023-12-05T13:19:11.017Z"}
{"level":"error","message":"Stack trace: Error: ENOENT: no such file or directory, stat 'E:\\frontend\\build\\index.html'","timestamp":"2023-12-05T13:19:11.018Z"}
{"level":"error","message":"Error: No menus found","timestamp":"2023-12-05T13:19:14.377Z"}
{"level":"error","message":"Error: No menus found","timestamp":"2023-12-05T13:19:14.378Z"}
{"level":"error","message":"Stack trace: Error: No menus found\n    at E:\\Schema draft\\controllers\\menu\\getMenus.js:27:34\n    at process.processTicksAndRejections (node:internal/process/task_queues:95:5)","timestamp":"2023-12-05T13:19:14.379Z"}
{"level":"error","message":"Error: Cannot set headers after they are sent to the client","timestamp":"2023-12-05T13:19:14.382Z"}
{"level":"error","message":"Error: ENOENT: no such file or directory, stat 'E:\\frontend\\build\\index.html'","timestamp":"2023-12-05T13:19:22.575Z"}
{"level":"error","message":"Stack trace: Error: ENOENT: no such file or directory, stat 'E:\\frontend\\build\\index.html'","timestamp":"2023-12-05T13:19:22.577Z"}
{"level":"error","message":"Error: No menus found","timestamp":"2023-12-05T13:19:32.511Z"}
{"level":"error","message":"Error: No menus found","timestamp":"2023-12-05T13:19:32.512Z"}
{"level":"error","message":"Stack trace: Error: No menus found\n    at E:\\Schema draft\\controllers\\menu\\getMenus.js:27:34\n    at process.processTicksAndRejections (node:internal/process/task_queues:95:5)","timestamp":"2023-12-05T13:19:32.512Z"}
{"level":"error","message":"Error: Cannot set headers after they are sent to the client","timestamp":"2023-12-05T13:19:32.515Z"}
{"level":"error","message":"Error: ENOENT: no such file or directory, stat 'E:\\frontend\\build\\index.html'","timestamp":"2023-12-05T13:19:32.585Z"}
{"level":"error","message":"Stack trace: Error: ENOENT: no such file or directory, stat 'E:\\frontend\\build\\index.html'","timestamp":"2023-12-05T13:19:32.585Z"}
{"level":"error","message":"Error: No menus found","timestamp":"2023-12-05T13:19:35.034Z"}
{"level":"error","message":"Error: No menus found","timestamp":"2023-12-05T13:19:35.035Z"}
{"level":"error","message":"Stack trace: Error: No menus found\n    at E:\\Schema draft\\controllers\\menu\\getMenus.js:27:34\n    at process.processTicksAndRejections (node:internal/process/task_queues:95:5)","timestamp":"2023-12-05T13:19:35.036Z"}
{"level":"error","message":"Error: Cannot set headers after they are sent to the client","timestamp":"2023-12-05T13:19:35.039Z"}
{"level":"error","message":"Error: No menus found","timestamp":"2023-12-05T13:19:36.852Z"}
{"level":"error","message":"Error: No menus found","timestamp":"2023-12-05T13:19:36.853Z"}
{"level":"error","message":"Stack trace: Error: No menus found\n    at E:\\Schema draft\\controllers\\menu\\getMenus.js:27:34\n    at process.processTicksAndRejections (node:internal/process/task_queues:95:5)","timestamp":"2023-12-05T13:19:36.854Z"}
{"level":"error","message":"Error: Cannot set headers after they are sent to the client","timestamp":"2023-12-05T13:19:36.856Z"}
{"level":"error","message":"Error: ENOENT: no such file or directory, stat 'E:\\frontend\\build\\index.html'","timestamp":"2023-12-05T13:26:46.098Z"}
{"level":"error","message":"Stack trace: Error: ENOENT: no such file or directory, stat 'E:\\frontend\\build\\index.html'","timestamp":"2023-12-05T13:26:46.098Z"}
{"level":"error","message":"Error: ENOENT: no such file or directory, stat 'E:\\frontend\\build\\index.html'","timestamp":"2023-12-05T13:29:27.871Z"}
{"level":"error","message":"Stack trace: Error: ENOENT: no such file or directory, stat 'E:\\frontend\\build\\index.html'","timestamp":"2023-12-05T13:29:27.871Z"}
{"level":"error","message":"Error: ENOENT: no such file or directory, stat 'E:\\frontend\\build\\index.html'","timestamp":"2023-12-05T13:29:32.547Z"}
{"level":"error","message":"Stack trace: Error: ENOENT: no such file or directory, stat 'E:\\frontend\\build\\index.html'","timestamp":"2023-12-05T13:29:32.548Z"}
{"level":"error","message":"Error: ENOENT: no such file or directory, stat 'E:\\frontend\\build\\index.html'","timestamp":"2023-12-05T13:29:36.305Z"}
{"level":"error","message":"Stack trace: Error: ENOENT: no such file or directory, stat 'E:\\frontend\\build\\index.html'","timestamp":"2023-12-05T13:29:36.308Z"}
{"level":"error","message":"Error: ENOENT: no such file or directory, stat 'E:\\frontend\\build\\index.html'","timestamp":"2023-12-05T13:34:10.346Z"}
{"level":"error","message":"Stack trace: Error: ENOENT: no such file or directory, stat 'E:\\frontend\\build\\index.html'","timestamp":"2023-12-05T13:34:10.348Z"}
{"level":"error","message":"Error: ENOENT: no such file or directory, stat 'E:\\frontend\\build\\index.html'","timestamp":"2023-12-05T13:34:15.224Z"}
{"level":"error","message":"Stack trace: Error: ENOENT: no such file or directory, stat 'E:\\frontend\\build\\index.html'","timestamp":"2023-12-05T13:34:15.225Z"}
{"level":"error","message":"Error: ENOENT: no such file or directory, stat 'E:\\frontend\\build\\index.html'","timestamp":"2023-12-05T13:34:22.833Z"}
{"level":"error","message":"Stack trace: Error: ENOENT: no such file or directory, stat 'E:\\frontend\\build\\index.html'","timestamp":"2023-12-05T13:34:22.835Z"}
{"level":"error","message":"Error: ENOENT: no such file or directory, stat 'E:\\frontend\\build\\index.html'","timestamp":"2023-12-05T13:34:27.665Z"}
{"level":"error","message":"Stack trace: Error: ENOENT: no such file or directory, stat 'E:\\frontend\\build\\index.html'","timestamp":"2023-12-05T13:34:27.667Z"}
{"level":"error","message":"Error: ENOENT: no such file or directory, stat 'E:\\frontend\\build\\index.html'","timestamp":"2023-12-05T13:35:14.174Z"}
{"level":"error","message":"Stack trace: Error: ENOENT: no such file or directory, stat 'E:\\frontend\\build\\index.html'","timestamp":"2023-12-05T13:35:14.174Z"}
{"level":"error","message":"Error: ENOENT: no such file or directory, stat 'E:\\frontend\\build\\index.html'","timestamp":"2023-12-05T13:35:21.189Z"}
{"level":"error","message":"Stack trace: Error: ENOENT: no such file or directory, stat 'E:\\frontend\\build\\index.html'","timestamp":"2023-12-05T13:35:21.189Z"}
{"level":"error","message":"Error: ENOENT: no such file or directory, stat 'E:\\frontend\\build\\index.html'","timestamp":"2023-12-05T13:35:33.287Z"}
{"level":"error","message":"Stack trace: Error: ENOENT: no such file or directory, stat 'E:\\frontend\\build\\index.html'","timestamp":"2023-12-05T13:35:33.287Z"}
{"level":"error","message":"Error: ENOENT: no such file or directory, stat 'E:\\frontend\\build\\index.html'","timestamp":"2023-12-05T13:36:22.679Z"}
{"level":"error","message":"Stack trace: Error: ENOENT: no such file or directory, stat 'E:\\frontend\\build\\index.html'","timestamp":"2023-12-05T13:36:22.679Z"}
{"level":"error","message":"Error: ENOENT: no such file or directory, stat 'E:\\frontend\\build\\index.html'","timestamp":"2023-12-05T13:36:23.024Z"}
{"level":"error","message":"Stack trace: Error: ENOENT: no such file or directory, stat 'E:\\frontend\\build\\index.html'","timestamp":"2023-12-05T13:36:23.025Z"}
{"level":"error","message":"Error: ENOENT: no such file or directory, stat 'E:\\frontend\\build\\index.html'","timestamp":"2023-12-05T13:36:23.435Z"}
{"level":"error","message":"Stack trace: Error: ENOENT: no such file or directory, stat 'E:\\frontend\\build\\index.html'","timestamp":"2023-12-05T13:36:23.436Z"}
{"level":"error","message":"Error: ENOENT: no such file or directory, stat 'E:\\frontend\\build\\index.html'","timestamp":"2023-12-05T13:36:23.535Z"}
{"level":"error","message":"Stack trace: Error: ENOENT: no such file or directory, stat 'E:\\frontend\\build\\index.html'","timestamp":"2023-12-05T13:36:23.536Z"}
{"level":"error","message":"Error: ENOENT: no such file or directory, stat 'E:\\frontend\\build\\index.html'","timestamp":"2023-12-05T13:36:24.021Z"}
{"level":"error","message":"Stack trace: Error: ENOENT: no such file or directory, stat 'E:\\frontend\\build\\index.html'","timestamp":"2023-12-05T13:36:24.022Z"}
{"level":"error","message":"Error: ENOENT: no such file or directory, stat 'E:\\frontend\\build\\index.html'","timestamp":"2023-12-05T13:39:04.140Z"}
{"level":"error","message":"Stack trace: Error: ENOENT: no such file or directory, stat 'E:\\frontend\\build\\index.html'","timestamp":"2023-12-05T13:39:04.141Z"}
{"level":"error","message":"Error: ENOENT: no such file or directory, stat 'E:\\frontend\\build\\index.html'","timestamp":"2023-12-05T13:39:07.134Z"}
{"level":"error","message":"Stack trace: Error: ENOENT: no such file or directory, stat 'E:\\frontend\\build\\index.html'","timestamp":"2023-12-05T13:39:07.134Z"}
{"level":"error","message":"Error: ENOENT: no such file or directory, stat 'E:\\frontend\\build\\index.html'","timestamp":"2023-12-05T13:39:17.880Z"}
{"level":"error","message":"Stack trace: Error: ENOENT: no such file or directory, stat 'E:\\frontend\\build\\index.html'","timestamp":"2023-12-05T13:39:17.881Z"}
{"level":"error","message":"Error: ENOENT: no such file or directory, stat 'E:\\frontend\\build\\index.html'","timestamp":"2023-12-05T13:39:39.145Z"}
{"level":"error","message":"Stack trace: Error: ENOENT: no such file or directory, stat 'E:\\frontend\\build\\index.html'","timestamp":"2023-12-05T13:39:39.146Z"}
{"level":"error","message":"Error: ENOENT: no such file or directory, stat 'E:\\frontend\\build\\index.html'","timestamp":"2023-12-05T13:39:47.875Z"}
{"level":"error","message":"Stack trace: Error: ENOENT: no such file or directory, stat 'E:\\frontend\\build\\index.html'","timestamp":"2023-12-05T13:39:47.876Z"}
{"level":"error","message":"Error: ENOENT: no such file or directory, stat 'E:\\frontend\\build\\index.html'","timestamp":"2023-12-05T13:39:57.590Z"}
{"level":"error","message":"Stack trace: Error: ENOENT: no such file or directory, stat 'E:\\frontend\\build\\index.html'","timestamp":"2023-12-05T13:39:57.590Z"}
{"level":"error","message":"Error: No menus found","timestamp":"2023-12-05T13:40:05.475Z"}
{"level":"error","message":"Error: No menus found","timestamp":"2023-12-05T13:40:05.476Z"}
{"level":"error","message":"Stack trace: Error: No menus found\n    at E:\\Schema draft\\controllers\\menu\\getMenus.js:27:34\n    at process.processTicksAndRejections (node:internal/process/task_queues:95:5)","timestamp":"2023-12-05T13:40:05.477Z"}
{"level":"error","message":"Error: Cannot set headers after they are sent to the client","timestamp":"2023-12-05T13:40:05.480Z"}
{"level":"error","message":"Error: ENOENT: no such file or directory, stat 'E:\\frontend\\build\\index.html'","timestamp":"2023-12-05T13:40:05.546Z"}
{"level":"error","message":"Stack trace: Error: ENOENT: no such file or directory, stat 'E:\\frontend\\build\\index.html'","timestamp":"2023-12-05T13:40:05.547Z"}
{"level":"error","message":"Error: No menus found","timestamp":"2023-12-05T13:40:13.583Z"}
{"level":"error","message":"Error: No menus found","timestamp":"2023-12-05T13:40:13.585Z"}
{"level":"error","message":"Stack trace: Error: No menus found\n    at E:\\Schema draft\\controllers\\menu\\getMenus.js:27:34\n    at process.processTicksAndRejections (node:internal/process/task_queues:95:5)","timestamp":"2023-12-05T13:40:13.586Z"}
{"level":"error","message":"Error: Cannot set headers after they are sent to the client","timestamp":"2023-12-05T13:40:13.588Z"}
{"level":"error","message":"Error: ENOENT: no such file or directory, stat 'E:\\frontend\\build\\index.html'","timestamp":"2023-12-05T13:40:13.630Z"}
{"level":"error","message":"Stack trace: Error: ENOENT: no such file or directory, stat 'E:\\frontend\\build\\index.html'","timestamp":"2023-12-05T13:40:13.630Z"}
{"level":"error","message":"Error: ENOENT: no such file or directory, stat 'E:\\frontend\\build\\index.html'","timestamp":"2023-12-05T13:40:21.911Z"}
{"level":"error","message":"Stack trace: Error: ENOENT: no such file or directory, stat 'E:\\frontend\\build\\index.html'","timestamp":"2023-12-05T13:40:21.913Z"}
{"level":"error","message":"Error: No menus found","timestamp":"2023-12-05T13:42:22.913Z"}
{"level":"error","message":"Error: No menus found","timestamp":"2023-12-05T13:42:22.914Z"}
{"level":"error","message":"Stack trace: Error: No menus found\n    at E:\\Schema draft\\controllers\\menu\\getMenus.js:27:34\n    at process.processTicksAndRejections (node:internal/process/task_queues:95:5)","timestamp":"2023-12-05T13:42:22.915Z"}
{"level":"error","message":"Error: Cannot set headers after they are sent to the client","timestamp":"2023-12-05T13:42:22.917Z"}
{"level":"error","message":"Error: ENOENT: no such file or directory, stat 'E:\\frontend\\build\\index.html'","timestamp":"2023-12-05T13:42:22.980Z"}
{"level":"error","message":"Stack trace: Error: ENOENT: no such file or directory, stat 'E:\\frontend\\build\\index.html'","timestamp":"2023-12-05T13:42:22.981Z"}
{"level":"error","message":"Error: ENOENT: no such file or directory, stat 'E:\\frontend\\build\\index.html'","timestamp":"2023-12-05T13:48:45.242Z"}
{"level":"error","message":"Stack trace: Error: ENOENT: no such file or directory, stat 'E:\\frontend\\build\\index.html'","timestamp":"2023-12-05T13:48:45.243Z"}
{"level":"error","message":"Error: ENOENT: no such file or directory, stat 'E:\\frontend\\build\\index.html'","timestamp":"2023-12-05T13:52:43.117Z"}
{"level":"error","message":"Stack trace: Error: ENOENT: no such file or directory, stat 'E:\\frontend\\build\\index.html'","timestamp":"2023-12-05T13:52:43.118Z"}
{"level":"error","message":"Error: ENOENT: no such file or directory, stat 'E:\\frontend\\build\\index.html'","timestamp":"2023-12-05T13:56:47.117Z"}
{"level":"error","message":"Stack trace: Error: ENOENT: no such file or directory, stat 'E:\\frontend\\build\\index.html'","timestamp":"2023-12-05T13:56:47.118Z"}
{"level":"error","message":"Error: No menus found","timestamp":"2023-12-05T13:57:00.937Z"}
{"level":"error","message":"Error: No menus found","timestamp":"2023-12-05T13:57:00.938Z"}
{"level":"error","message":"Stack trace: Error: No menus found\n    at E:\\Schema draft\\controllers\\menu\\getMenus.js:27:34\n    at process.processTicksAndRejections (node:internal/process/task_queues:95:5)","timestamp":"2023-12-05T13:57:00.939Z"}
{"level":"error","message":"Error: Cannot set headers after they are sent to the client","timestamp":"2023-12-05T13:57:00.941Z"}
{"level":"error","message":"Error: No menus found","timestamp":"2023-12-05T13:57:08.759Z"}
{"level":"error","message":"Error: No menus found","timestamp":"2023-12-05T13:57:08.760Z"}
{"level":"error","message":"Stack trace: Error: No menus found\n    at E:\\Schema draft\\controllers\\menu\\getMenus.js:27:34\n    at process.processTicksAndRejections (node:internal/process/task_queues:95:5)","timestamp":"2023-12-05T13:57:08.761Z"}
{"level":"error","message":"Error: Cannot set headers after they are sent to the client","timestamp":"2023-12-05T13:57:08.763Z"}
{"level":"error","message":"Error: ENOENT: no such file or directory, stat 'E:\\frontend\\build\\index.html'","timestamp":"2023-12-05T13:57:08.808Z"}
{"level":"error","message":"Stack trace: Error: ENOENT: no such file or directory, stat 'E:\\frontend\\build\\index.html'","timestamp":"2023-12-05T13:57:08.809Z"}
{"level":"error","message":"Error: No menus found","timestamp":"2023-12-05T13:57:11.512Z"}
{"level":"error","message":"Error: No menus found","timestamp":"2023-12-05T13:57:11.513Z"}
{"level":"error","message":"Stack trace: Error: No menus found\n    at E:\\Schema draft\\controllers\\menu\\getMenus.js:27:34\n    at process.processTicksAndRejections (node:internal/process/task_queues:95:5)","timestamp":"2023-12-05T13:57:11.514Z"}
{"level":"error","message":"Error: Cannot set headers after they are sent to the client","timestamp":"2023-12-05T13:57:11.516Z"}
{"level":"error","message":"Error: No menus found","timestamp":"2023-12-05T13:57:13.644Z"}
{"level":"error","message":"Error: No menus found","timestamp":"2023-12-05T13:57:13.646Z"}
{"level":"error","message":"Stack trace: Error: No menus found\n    at E:\\Schema draft\\controllers\\menu\\getMenus.js:27:34\n    at process.processTicksAndRejections (node:internal/process/task_queues:95:5)","timestamp":"2023-12-05T13:57:13.647Z"}
{"level":"error","message":"Error: Cannot set headers after they are sent to the client","timestamp":"2023-12-05T13:57:13.650Z"}
{"level":"error","message":"Error: ENOENT: no such file or directory, stat 'E:\\frontend\\build\\index.html'","timestamp":"2023-12-05T13:58:06.490Z"}
{"level":"error","message":"Stack trace: Error: ENOENT: no such file or directory, stat 'E:\\frontend\\build\\index.html'","timestamp":"2023-12-05T13:58:06.490Z"}
{"level":"error","message":"Error: ENOENT: no such file or directory, stat 'E:\\frontend\\build\\index.html'","timestamp":"2023-12-05T13:58:15.838Z"}
{"level":"error","message":"Stack trace: Error: ENOENT: no such file or directory, stat 'E:\\frontend\\build\\index.html'","timestamp":"2023-12-05T13:58:15.838Z"}
{"level":"error","message":"Error: ENOENT: no such file or directory, stat 'E:\\frontend\\build\\index.html'","timestamp":"2023-12-05T13:58:19.709Z"}
{"level":"error","message":"Stack trace: Error: ENOENT: no such file or directory, stat 'E:\\frontend\\build\\index.html'","timestamp":"2023-12-05T13:58:19.711Z"}
{"level":"error","message":"Error: ENOENT: no such file or directory, stat 'E:\\frontend\\build\\index.html'","timestamp":"2023-12-05T13:58:25.255Z"}
{"level":"error","message":"Stack trace: Error: ENOENT: no such file or directory, stat 'E:\\frontend\\build\\index.html'","timestamp":"2023-12-05T13:58:25.257Z"}
{"level":"error","message":"Error: No menus found","timestamp":"2023-12-05T13:59:05.873Z"}
{"level":"error","message":"Error: No menus found","timestamp":"2023-12-05T13:59:05.874Z"}
{"level":"error","message":"Stack trace: Error: No menus found\n    at E:\\Schema draft\\controllers\\menu\\getMenus.js:27:34\n    at process.processTicksAndRejections (node:internal/process/task_queues:95:5)","timestamp":"2023-12-05T13:59:05.875Z"}
{"level":"error","message":"Error: Cannot set headers after they are sent to the client","timestamp":"2023-12-05T13:59:05.877Z"}
{"level":"error","message":"Error: No menus found","timestamp":"2023-12-05T13:59:10.418Z"}
{"level":"error","message":"Error: No menus found","timestamp":"2023-12-05T13:59:10.420Z"}
{"level":"error","message":"Stack trace: Error: No menus found\n    at E:\\Schema draft\\controllers\\menu\\getMenus.js:27:34\n    at process.processTicksAndRejections (node:internal/process/task_queues:95:5)","timestamp":"2023-12-05T13:59:10.421Z"}
{"level":"error","message":"Error: Cannot set headers after they are sent to the client","timestamp":"2023-12-05T13:59:10.423Z"}
{"level":"error","message":"Error: ENOENT: no such file or directory, stat 'E:\\frontend\\build\\index.html'","timestamp":"2023-12-05T13:59:18.068Z"}
{"level":"error","message":"Stack trace: Error: ENOENT: no such file or directory, stat 'E:\\frontend\\build\\index.html'","timestamp":"2023-12-05T13:59:18.069Z"}
{"level":"error","message":"Error: ENOENT: no such file or directory, stat 'E:\\frontend\\build\\index.html'","timestamp":"2023-12-05T13:59:30.524Z"}
{"level":"error","message":"Stack trace: Error: ENOENT: no such file or directory, stat 'E:\\frontend\\build\\index.html'","timestamp":"2023-12-05T13:59:30.525Z"}
{"level":"error","message":"Error: ENOENT: no such file or directory, stat 'E:\\frontend\\build\\index.html'","timestamp":"2023-12-05T13:59:41.740Z"}
{"level":"error","message":"Stack trace: Error: ENOENT: no such file or directory, stat 'E:\\frontend\\build\\index.html'","timestamp":"2023-12-05T13:59:41.740Z"}
{"level":"error","message":"Error: No menus found","timestamp":"2023-12-05T13:59:49.631Z"}
{"level":"error","message":"Error: No menus found","timestamp":"2023-12-05T13:59:49.632Z"}
{"level":"error","message":"Stack trace: Error: No menus found\n    at E:\\Schema draft\\controllers\\menu\\getMenus.js:27:34\n    at process.processTicksAndRejections (node:internal/process/task_queues:95:5)","timestamp":"2023-12-05T13:59:49.633Z"}
{"level":"error","message":"Error: Cannot set headers after they are sent to the client","timestamp":"2023-12-05T13:59:49.635Z"}
{"level":"error","message":"Error: ENOENT: no such file or directory, stat 'E:\\frontend\\build\\index.html'","timestamp":"2023-12-05T13:59:49.992Z"}
{"level":"error","message":"Stack trace: Error: ENOENT: no such file or directory, stat 'E:\\frontend\\build\\index.html'","timestamp":"2023-12-05T13:59:49.993Z"}
{"level":"error","message":"Error: No menus found","timestamp":"2023-12-05T13:59:57.600Z"}
{"level":"error","message":"Error: No menus found","timestamp":"2023-12-05T13:59:57.601Z"}
{"level":"error","message":"Stack trace: Error: No menus found\n    at E:\\Schema draft\\controllers\\menu\\getMenus.js:27:34\n    at process.processTicksAndRejections (node:internal/process/task_queues:95:5)","timestamp":"2023-12-05T13:59:57.602Z"}
{"level":"error","message":"Error: Cannot set headers after they are sent to the client","timestamp":"2023-12-05T13:59:57.605Z"}
{"level":"error","message":"Error: ENOENT: no such file or directory, stat 'E:\\frontend\\build\\index.html'","timestamp":"2023-12-05T13:59:57.657Z"}
{"level":"error","message":"Stack trace: Error: ENOENT: no such file or directory, stat 'E:\\frontend\\build\\index.html'","timestamp":"2023-12-05T13:59:57.659Z"}
{"level":"error","message":"Error: No menus found","timestamp":"2023-12-05T14:00:03.018Z"}
{"level":"error","message":"Error: No menus found","timestamp":"2023-12-05T14:00:03.020Z"}
{"level":"error","message":"Stack trace: Error: No menus found\n    at E:\\Schema draft\\controllers\\menu\\getMenus.js:27:34\n    at process.processTicksAndRejections (node:internal/process/task_queues:95:5)","timestamp":"2023-12-05T14:00:03.020Z"}
{"level":"error","message":"Error: Cannot set headers after they are sent to the client","timestamp":"2023-12-05T14:00:03.023Z"}
{"level":"error","message":"Error: ENOENT: no such file or directory, stat 'E:\\frontend\\build\\index.html'","timestamp":"2023-12-05T14:00:03.396Z"}
{"level":"error","message":"Stack trace: Error: ENOENT: no such file or directory, stat 'E:\\frontend\\build\\index.html'","timestamp":"2023-12-05T14:00:03.397Z"}
{"level":"error","message":"Error: ENOENT: no such file or directory, stat 'E:\\frontend\\build\\index.html'","timestamp":"2023-12-05T14:18:44.520Z"}
{"level":"error","message":"Stack trace: Error: ENOENT: no such file or directory, stat 'E:\\frontend\\build\\index.html'","timestamp":"2023-12-05T14:18:44.532Z"}
{"level":"error","message":"Error: No menus found","timestamp":"2023-12-05T14:19:14.051Z"}
{"level":"error","message":"Error: No menus found","timestamp":"2023-12-05T14:19:14.052Z"}
{"level":"error","message":"Stack trace: Error: No menus found\n    at E:\\Schema draft\\controllers\\menu\\getMenus.js:27:34\n    at process.processTicksAndRejections (node:internal/process/task_queues:95:5)","timestamp":"2023-12-05T14:19:14.053Z"}
{"level":"error","message":"Error: Cannot set headers after they are sent to the client","timestamp":"2023-12-05T14:19:14.056Z"}
{"level":"error","message":"Error: ENOENT: no such file or directory, stat 'E:\\frontend\\build\\index.html'","timestamp":"2023-12-05T14:19:14.447Z"}
{"level":"error","message":"Stack trace: Error: ENOENT: no such file or directory, stat 'E:\\frontend\\build\\index.html'","timestamp":"2023-12-05T14:19:14.448Z"}
{"level":"error","message":"Error: No menus found","timestamp":"2023-12-05T14:19:17.506Z"}
{"level":"error","message":"Error: No menus found","timestamp":"2023-12-05T14:19:17.507Z"}
{"level":"error","message":"Stack trace: Error: No menus found\n    at E:\\Schema draft\\controllers\\menu\\getMenus.js:27:34\n    at process.processTicksAndRejections (node:internal/process/task_queues:95:5)","timestamp":"2023-12-05T14:19:17.508Z"}
{"level":"error","message":"Error: Cannot set headers after they are sent to the client","timestamp":"2023-12-05T14:19:17.510Z"}
{"level":"error","message":"Error: ENOENT: no such file or directory, stat 'E:\\frontend\\build\\index.html'","timestamp":"2023-12-05T14:19:33.308Z"}
{"level":"error","message":"Stack trace: Error: ENOENT: no such file or directory, stat 'E:\\frontend\\build\\index.html'","timestamp":"2023-12-05T14:19:33.309Z"}
{"level":"error","message":"Error: No menus found","timestamp":"2023-12-05T14:21:07.059Z"}
{"level":"error","message":"Error: No menus found","timestamp":"2023-12-05T14:21:07.059Z"}
{"level":"error","message":"Stack trace: Error: No menus found\n    at E:\\Schema draft\\controllers\\menu\\getMenus.js:27:34\n    at process.processTicksAndRejections (node:internal/process/task_queues:95:5)","timestamp":"2023-12-05T14:21:07.060Z"}
{"level":"error","message":"Error: Cannot set headers after they are sent to the client","timestamp":"2023-12-05T14:21:07.062Z"}
{"level":"error","message":"Error: No menus found","timestamp":"2023-12-05T14:21:07.099Z"}
{"level":"error","message":"Error: No menus found","timestamp":"2023-12-05T14:21:07.099Z"}
{"level":"error","message":"Stack trace: Error: No menus found\n    at E:\\Schema draft\\controllers\\menu\\getMenus.js:27:34\n    at process.processTicksAndRejections (node:internal/process/task_queues:95:5)","timestamp":"2023-12-05T14:21:07.100Z"}
{"level":"error","message":"Error: Cannot set headers after they are sent to the client","timestamp":"2023-12-05T14:21:07.102Z"}
{"level":"error","message":"Error: No menus found","timestamp":"2023-12-05T14:21:18.076Z"}
{"level":"error","message":"Error: No menus found","timestamp":"2023-12-05T14:21:18.077Z"}
{"level":"error","message":"Stack trace: Error: No menus found\n    at E:\\Schema draft\\controllers\\menu\\getMenus.js:27:34\n    at process.processTicksAndRejections (node:internal/process/task_queues:95:5)","timestamp":"2023-12-05T14:21:18.077Z"}
{"level":"error","message":"Error: Cannot set headers after they are sent to the client","timestamp":"2023-12-05T14:21:18.079Z"}
{"level":"error","message":"Error: No menus found","timestamp":"2023-12-05T14:21:25.052Z"}
{"level":"error","message":"Error: No menus found","timestamp":"2023-12-05T14:21:25.053Z"}
{"level":"error","message":"Stack trace: Error: No menus found\n    at E:\\Schema draft\\controllers\\menu\\getMenus.js:27:34\n    at process.processTicksAndRejections (node:internal/process/task_queues:95:5)","timestamp":"2023-12-05T14:21:25.054Z"}
{"level":"error","message":"Error: Cannot set headers after they are sent to the client","timestamp":"2023-12-05T14:21:25.057Z"}
{"level":"error","message":"Error: No menus found","timestamp":"2023-12-05T14:21:25.132Z"}
{"level":"error","message":"Error: No menus found","timestamp":"2023-12-05T14:21:25.133Z"}
{"level":"error","message":"Stack trace: Error: No menus found\n    at E:\\Schema draft\\controllers\\menu\\getMenus.js:27:34\n    at process.processTicksAndRejections (node:internal/process/task_queues:95:5)","timestamp":"2023-12-05T14:21:25.134Z"}
{"level":"error","message":"Error: Cannot set headers after they are sent to the client","timestamp":"2023-12-05T14:21:25.137Z"}
{"level":"error","message":"Error: No menus found","timestamp":"2023-12-05T14:21:28.483Z"}
{"level":"error","message":"Error: No menus found","timestamp":"2023-12-05T14:21:28.484Z"}
{"level":"error","message":"Stack trace: Error: No menus found\n    at E:\\Schema draft\\controllers\\menu\\getMenus.js:27:34\n    at process.processTicksAndRejections (node:internal/process/task_queues:95:5)","timestamp":"2023-12-05T14:21:28.485Z"}
{"level":"error","message":"Error: Cannot set headers after they are sent to the client","timestamp":"2023-12-05T14:21:28.488Z"}
{"level":"error","message":"Error: No menus found","timestamp":"2023-12-05T14:21:28.539Z"}
{"level":"error","message":"Error: No menus found","timestamp":"2023-12-05T14:21:28.540Z"}
{"level":"error","message":"Stack trace: Error: No menus found\n    at E:\\Schema draft\\controllers\\menu\\getMenus.js:27:34\n    at process.processTicksAndRejections (node:internal/process/task_queues:95:5)","timestamp":"2023-12-05T14:21:28.542Z"}
{"level":"error","message":"Error: Cannot set headers after they are sent to the client","timestamp":"2023-12-05T14:21:28.544Z"}
{"level":"error","message":"Error: No menus found","timestamp":"2023-12-05T14:21:31.130Z"}
{"level":"error","message":"Error: No menus found","timestamp":"2023-12-05T14:21:31.131Z"}
{"level":"error","message":"Stack trace: Error: No menus found\n    at E:\\Schema draft\\controllers\\menu\\getMenus.js:27:34\n    at process.processTicksAndRejections (node:internal/process/task_queues:95:5)","timestamp":"2023-12-05T14:21:31.132Z"}
{"level":"error","message":"Error: Cannot set headers after they are sent to the client","timestamp":"2023-12-05T14:21:31.134Z"}
{"level":"error","message":"Error: No menus found","timestamp":"2023-12-05T14:21:31.156Z"}
{"level":"error","message":"Error: No menus found","timestamp":"2023-12-05T14:21:31.158Z"}
{"level":"error","message":"Stack trace: Error: No menus found\n    at E:\\Schema draft\\controllers\\menu\\getMenus.js:27:34\n    at process.processTicksAndRejections (node:internal/process/task_queues:95:5)","timestamp":"2023-12-05T14:21:31.160Z"}
{"level":"error","message":"Error: Cannot set headers after they are sent to the client","timestamp":"2023-12-05T14:21:31.162Z"}
{"level":"error","message":"Error: No menus found","timestamp":"2023-12-05T14:21:33.246Z"}
{"level":"error","message":"Error: No menus found","timestamp":"2023-12-05T14:21:33.247Z"}
{"level":"error","message":"Stack trace: Error: No menus found\n    at E:\\Schema draft\\controllers\\menu\\getMenus.js:27:34\n    at process.processTicksAndRejections (node:internal/process/task_queues:95:5)","timestamp":"2023-12-05T14:21:33.247Z"}
{"level":"error","message":"Error: Cannot set headers after they are sent to the client","timestamp":"2023-12-05T14:21:33.249Z"}
{"level":"error","message":"Error: No menus found","timestamp":"2023-12-05T14:21:33.274Z"}
{"level":"error","message":"Error: No menus found","timestamp":"2023-12-05T14:21:33.276Z"}
{"level":"error","message":"Stack trace: Error: No menus found\n    at E:\\Schema draft\\controllers\\menu\\getMenus.js:27:34\n    at process.processTicksAndRejections (node:internal/process/task_queues:95:5)","timestamp":"2023-12-05T14:21:33.277Z"}
{"level":"error","message":"Error: Cannot set headers after they are sent to the client","timestamp":"2023-12-05T14:21:33.279Z"}
{"level":"error","message":"Error: No menus found","timestamp":"2023-12-05T14:21:44.022Z"}
{"level":"error","message":"Error: No menus found","timestamp":"2023-12-05T14:21:44.024Z"}
{"level":"error","message":"Stack trace: Error: No menus found\n    at E:\\Schema draft\\controllers\\menu\\getMenus.js:27:34\n    at process.processTicksAndRejections (node:internal/process/task_queues:95:5)","timestamp":"2023-12-05T14:21:44.025Z"}
{"level":"error","message":"Error: Cannot set headers after they are sent to the client","timestamp":"2023-12-05T14:21:44.028Z"}
{"level":"error","message":"Error: No menus found","timestamp":"2023-12-05T14:21:48.122Z"}
{"level":"error","message":"Error: No menus found","timestamp":"2023-12-05T14:21:48.122Z"}
{"level":"error","message":"Stack trace: Error: No menus found\n    at E:\\Schema draft\\controllers\\menu\\getMenus.js:27:34\n    at process.processTicksAndRejections (node:internal/process/task_queues:95:5)","timestamp":"2023-12-05T14:21:48.123Z"}
{"level":"error","message":"Error: Cannot set headers after they are sent to the client","timestamp":"2023-12-05T14:21:48.127Z"}
{"level":"error","message":"Error: No menus found","timestamp":"2023-12-05T14:21:48.164Z"}
{"level":"error","message":"Error: No menus found","timestamp":"2023-12-05T14:21:48.165Z"}
{"level":"error","message":"Stack trace: Error: No menus found\n    at E:\\Schema draft\\controllers\\menu\\getMenus.js:27:34\n    at process.processTicksAndRejections (node:internal/process/task_queues:95:5)","timestamp":"2023-12-05T14:21:48.166Z"}
{"level":"error","message":"Error: Cannot set headers after they are sent to the client","timestamp":"2023-12-05T14:21:48.167Z"}
{"level":"error","message":"Error: ENOENT: no such file or directory, stat 'E:\\frontend\\build\\index.html'","timestamp":"2023-12-05T14:22:01.810Z"}
{"level":"error","message":"Stack trace: Error: ENOENT: no such file or directory, stat 'E:\\frontend\\build\\index.html'","timestamp":"2023-12-05T14:22:01.811Z"}
{"level":"error","message":"Error: ENOENT: no such file or directory, stat 'E:\\frontend\\build\\index.html'","timestamp":"2023-12-05T14:26:37.111Z"}
{"level":"error","message":"Stack trace: Error: ENOENT: no such file or directory, stat 'E:\\frontend\\build\\index.html'","timestamp":"2023-12-05T14:26:37.112Z"}
{"level":"error","message":"Error: No menus found","timestamp":"2023-12-05T14:26:53.321Z"}
{"level":"error","message":"Error: No menus found","timestamp":"2023-12-05T14:26:53.322Z"}
{"level":"error","message":"Stack trace: Error: No menus found\n    at E:\\Schema draft\\controllers\\menu\\getMenus.js:27:34\n    at process.processTicksAndRejections (node:internal/process/task_queues:95:5)","timestamp":"2023-12-05T14:26:53.323Z"}
{"level":"error","message":"Error: Cannot set headers after they are sent to the client","timestamp":"2023-12-05T14:26:53.325Z"}
{"level":"error","message":"Error: ENOENT: no such file or directory, stat 'E:\\frontend\\build\\index.html'","timestamp":"2023-12-05T14:26:53.712Z"}
{"level":"error","message":"Stack trace: Error: ENOENT: no such file or directory, stat 'E:\\frontend\\build\\index.html'","timestamp":"2023-12-05T14:26:53.714Z"}
{"level":"error","message":"Error: ENOENT: no such file or directory, stat 'E:\\frontend\\build\\index.html'","timestamp":"2023-12-05T14:27:43.478Z"}
{"level":"error","message":"Stack trace: Error: ENOENT: no such file or directory, stat 'E:\\frontend\\build\\index.html'","timestamp":"2023-12-05T14:27:43.479Z"}
