{"level":"error","message":"Error: Login first to handle this resource","timestamp":"2023-12-15T06:36:51.913Z"}
{"level":"error","message":"Error: Login first to handle this resource","timestamp":"2023-12-15T06:36:51.919Z"}
{"level":"error","message":"Stack trace: Error: Login first to handle this resource\n    at E:\\Schema draft\\middlewares\\authenticate.js:10:21\n    at E:\\Schema draft\\middlewares\\catchAsyncError.js:2:25\n    at Layer.handle [as handle_request] (E:\\Schema draft\\node_modules\\express\\lib\\router\\layer.js:95:5)\n    at next (E:\\Schema draft\\node_modules\\express\\lib\\router\\route.js:144:13)\n    at Route.dispatch (E:\\Schema draft\\node_modules\\express\\lib\\router\\route.js:114:3)\n    at Layer.handle [as handle_request] (E:\\Schema draft\\node_modules\\express\\lib\\router\\layer.js:95:5)\n    at E:\\Schema draft\\node_modules\\express\\lib\\router\\index.js:284:15\n    at Function.process_params (E:\\Schema draft\\node_modules\\express\\lib\\router\\index.js:346:12)\n    at next (E:\\Schema draft\\node_modules\\express\\lib\\router\\index.js:280:10)\n    at Function.handle (E:\\Schema draft\\node_modules\\express\\lib\\router\\index.js:175:3)","timestamp":"2023-12-15T06:36:51.920Z"}
{"level":"error","message":"Error: ENOENT: no such file or directory, stat 'E:\\frontend\\build\\index.html'","timestamp":"2023-12-15T07:48:57.095Z"}
{"level":"error","message":"Stack trace: Error: ENOENT: no such file or directory, stat 'E:\\frontend\\build\\index.html'","timestamp":"2023-12-15T07:48:57.100Z"}
{"level":"error","message":"Error: paymentStatus is not defined","timestamp":"2023-12-15T08:02:22.898Z"}
{"level":"error","message":"Error: paymentStatus is not defined","timestamp":"2023-12-15T08:02:22.910Z"}
{"level":"error","message":"Stack trace: Error: paymentStatus is not defined\n    at exports.newOrder (E:\\Schema draft\\controllers\\order\\order.js:55:14)\n    at Layer.handle [as handle_request] (E:\\Schema draft\\node_modules\\express\\lib\\router\\layer.js:95:5)\n    at next (E:\\Schema draft\\node_modules\\express\\lib\\router\\route.js:144:13)\n    at Route.dispatch (E:\\Schema draft\\node_modules\\express\\lib\\router\\route.js:114:3)\n    at Layer.handle [as handle_request] (E:\\Schema draft\\node_modules\\express\\lib\\router\\layer.js:95:5)\n    at E:\\Schema draft\\node_modules\\express\\lib\\router\\index.js:284:15\n    at Function.process_params (E:\\Schema draft\\node_modules\\express\\lib\\router\\index.js:346:12)\n    at next (E:\\Schema draft\\node_modules\\express\\lib\\router\\index.js:280:10)\n    at Function.handle (E:\\Schema draft\\node_modules\\express\\lib\\router\\index.js:175:3)\n    at router (E:\\Schema draft\\node_modules\\express\\lib\\router\\index.js:47:12)","timestamp":"2023-12-15T08:02:22.920Z"}
{"level":"error","message":"Error: paymentStatus is not defined","timestamp":"2023-12-15T08:05:59.964Z"}
{"level":"error","message":"Error: paymentStatus is not defined","timestamp":"2023-12-15T08:05:59.965Z"}
{"level":"error","message":"Stack trace: Error: paymentStatus is not defined\n    at exports.newOrder (E:\\Schema draft\\controllers\\order\\order.js:55:14)\n    at Layer.handle [as handle_request] (E:\\Schema draft\\node_modules\\express\\lib\\router\\layer.js:95:5)\n    at next (E:\\Schema draft\\node_modules\\express\\lib\\router\\route.js:144:13)\n    at Route.dispatch (E:\\Schema draft\\node_modules\\express\\lib\\router\\route.js:114:3)\n    at Layer.handle [as handle_request] (E:\\Schema draft\\node_modules\\express\\lib\\router\\layer.js:95:5)\n    at E:\\Schema draft\\node_modules\\express\\lib\\router\\index.js:284:15\n    at Function.process_params (E:\\Schema draft\\node_modules\\express\\lib\\router\\index.js:346:12)\n    at next (E:\\Schema draft\\node_modules\\express\\lib\\router\\index.js:280:10)\n    at Function.handle (E:\\Schema draft\\node_modules\\express\\lib\\router\\index.js:175:3)\n    at router (E:\\Schema draft\\node_modules\\express\\lib\\router\\index.js:47:12)","timestamp":"2023-12-15T08:05:59.965Z"}
{"level":"error","message":"Error: paymentStatus is not defined","timestamp":"2023-12-15T08:09:23.189Z"}
{"level":"error","message":"Error: paymentStatus is not defined","timestamp":"2023-12-15T08:09:23.191Z"}
{"level":"error","message":"Stack trace: Error: paymentStatus is not defined\n    at exports.newOrder (E:\\Schema draft\\controllers\\order\\order.js:55:14)\n    at Layer.handle [as handle_request] (E:\\Schema draft\\node_modules\\express\\lib\\router\\layer.js:95:5)\n    at next (E:\\Schema draft\\node_modules\\express\\lib\\router\\route.js:144:13)\n    at Route.dispatch (E:\\Schema draft\\node_modules\\express\\lib\\router\\route.js:114:3)\n    at Layer.handle [as handle_request] (E:\\Schema draft\\node_modules\\express\\lib\\router\\layer.js:95:5)\n    at E:\\Schema draft\\node_modules\\express\\lib\\router\\index.js:284:15\n    at Function.process_params (E:\\Schema draft\\node_modules\\express\\lib\\router\\index.js:346:12)\n    at next (E:\\Schema draft\\node_modules\\express\\lib\\router\\index.js:280:10)\n    at Function.handle (E:\\Schema draft\\node_modules\\express\\lib\\router\\index.js:175:3)\n    at router (E:\\Schema draft\\node_modules\\express\\lib\\router\\index.js:47:12)","timestamp":"2023-12-15T08:09:23.192Z"}
{"level":"error","message":"Error: paymentStatus is not defined","timestamp":"2023-12-15T08:09:37.042Z"}
{"level":"error","message":"Error: paymentStatus is not defined","timestamp":"2023-12-15T08:09:37.044Z"}
{"level":"error","message":"Stack trace: Error: paymentStatus is not defined\n    at exports.newOrder (E:\\Schema draft\\controllers\\order\\order.js:55:14)\n    at Layer.handle [as handle_request] (E:\\Schema draft\\node_modules\\express\\lib\\router\\layer.js:95:5)\n    at next (E:\\Schema draft\\node_modules\\express\\lib\\router\\route.js:144:13)\n    at Route.dispatch (E:\\Schema draft\\node_modules\\express\\lib\\router\\route.js:114:3)\n    at Layer.handle [as handle_request] (E:\\Schema draft\\node_modules\\express\\lib\\router\\layer.js:95:5)\n    at E:\\Schema draft\\node_modules\\express\\lib\\router\\index.js:284:15\n    at Function.process_params (E:\\Schema draft\\node_modules\\express\\lib\\router\\index.js:346:12)\n    at next (E:\\Schema draft\\node_modules\\express\\lib\\router\\index.js:280:10)\n    at Function.handle (E:\\Schema draft\\node_modules\\express\\lib\\router\\index.js:175:3)\n    at router (E:\\Schema draft\\node_modules\\express\\lib\\router\\index.js:47:12)","timestamp":"2023-12-15T08:09:37.044Z"}
{"level":"error","message":"Error: paymentStatus is not defined","timestamp":"2023-12-15T08:09:52.052Z"}
{"level":"error","message":"Error: paymentStatus is not defined","timestamp":"2023-12-15T08:09:52.053Z"}
{"level":"error","message":"Stack trace: Error: paymentStatus is not defined\n    at exports.newOrder (E:\\Schema draft\\controllers\\order\\order.js:55:14)\n    at Layer.handle [as handle_request] (E:\\Schema draft\\node_modules\\express\\lib\\router\\layer.js:95:5)\n    at next (E:\\Schema draft\\node_modules\\express\\lib\\router\\route.js:144:13)\n    at Route.dispatch (E:\\Schema draft\\node_modules\\express\\lib\\router\\route.js:114:3)\n    at Layer.handle [as handle_request] (E:\\Schema draft\\node_modules\\express\\lib\\router\\layer.js:95:5)\n    at E:\\Schema draft\\node_modules\\express\\lib\\router\\index.js:284:15\n    at Function.process_params (E:\\Schema draft\\node_modules\\express\\lib\\router\\index.js:346:12)\n    at next (E:\\Schema draft\\node_modules\\express\\lib\\router\\index.js:280:10)\n    at Function.handle (E:\\Schema draft\\node_modules\\express\\lib\\router\\index.js:175:3)\n    at router (E:\\Schema draft\\node_modules\\express\\lib\\router\\index.js:47:12)","timestamp":"2023-12-15T08:09:52.054Z"}
{"level":"error","message":"Error: paymentStatus is not defined","timestamp":"2023-12-15T08:10:38.060Z"}
{"level":"error","message":"Error: paymentStatus is not defined","timestamp":"2023-12-15T08:10:38.060Z"}
{"level":"error","message":"Stack trace: Error: paymentStatus is not defined\n    at exports.newOrder (E:\\Schema draft\\controllers\\order\\order.js:55:14)\n    at Layer.handle [as handle_request] (E:\\Schema draft\\node_modules\\express\\lib\\router\\layer.js:95:5)\n    at next (E:\\Schema draft\\node_modules\\express\\lib\\router\\route.js:144:13)\n    at Route.dispatch (E:\\Schema draft\\node_modules\\express\\lib\\router\\route.js:114:3)\n    at Layer.handle [as handle_request] (E:\\Schema draft\\node_modules\\express\\lib\\router\\layer.js:95:5)\n    at E:\\Schema draft\\node_modules\\express\\lib\\router\\index.js:284:15\n    at Function.process_params (E:\\Schema draft\\node_modules\\express\\lib\\router\\index.js:346:12)\n    at next (E:\\Schema draft\\node_modules\\express\\lib\\router\\index.js:280:10)\n    at Function.handle (E:\\Schema draft\\node_modules\\express\\lib\\router\\index.js:175:3)\n    at router (E:\\Schema draft\\node_modules\\express\\lib\\router\\index.js:47:12)","timestamp":"2023-12-15T08:10:38.061Z"}
{"level":"error","message":"Error: paymentStatus is not defined","timestamp":"2023-12-15T08:10:43.058Z"}
{"level":"error","message":"Error: paymentStatus is not defined","timestamp":"2023-12-15T08:10:43.059Z"}
{"level":"error","message":"Stack trace: Error: paymentStatus is not defined\n    at exports.newOrder (E:\\Schema draft\\controllers\\order\\order.js:55:14)\n    at Layer.handle [as handle_request] (E:\\Schema draft\\node_modules\\express\\lib\\router\\layer.js:95:5)\n    at next (E:\\Schema draft\\node_modules\\express\\lib\\router\\route.js:144:13)\n    at Route.dispatch (E:\\Schema draft\\node_modules\\express\\lib\\router\\route.js:114:3)\n    at Layer.handle [as handle_request] (E:\\Schema draft\\node_modules\\express\\lib\\router\\layer.js:95:5)\n    at E:\\Schema draft\\node_modules\\express\\lib\\router\\index.js:284:15\n    at Function.process_params (E:\\Schema draft\\node_modules\\express\\lib\\router\\index.js:346:12)\n    at next (E:\\Schema draft\\node_modules\\express\\lib\\router\\index.js:280:10)\n    at Function.handle (E:\\Schema draft\\node_modules\\express\\lib\\router\\index.js:175:3)\n    at router (E:\\Schema draft\\node_modules\\express\\lib\\router\\index.js:47:12)","timestamp":"2023-12-15T08:10:43.060Z"}
{"level":"error","message":"Error: paymentStatus is not defined","timestamp":"2023-12-15T08:10:51.048Z"}
{"level":"error","message":"Error: paymentStatus is not defined","timestamp":"2023-12-15T08:10:51.049Z"}
{"level":"error","message":"Stack trace: Error: paymentStatus is not defined\n    at exports.newOrder (E:\\Schema draft\\controllers\\order\\order.js:55:14)\n    at Layer.handle [as handle_request] (E:\\Schema draft\\node_modules\\express\\lib\\router\\layer.js:95:5)\n    at next (E:\\Schema draft\\node_modules\\express\\lib\\router\\route.js:144:13)\n    at Route.dispatch (E:\\Schema draft\\node_modules\\express\\lib\\router\\route.js:114:3)\n    at Layer.handle [as handle_request] (E:\\Schema draft\\node_modules\\express\\lib\\router\\layer.js:95:5)\n    at E:\\Schema draft\\node_modules\\express\\lib\\router\\index.js:284:15\n    at Function.process_params (E:\\Schema draft\\node_modules\\express\\lib\\router\\index.js:346:12)\n    at next (E:\\Schema draft\\node_modules\\express\\lib\\router\\index.js:280:10)\n    at Function.handle (E:\\Schema draft\\node_modules\\express\\lib\\router\\index.js:175:3)\n    at router (E:\\Schema draft\\node_modules\\express\\lib\\router\\index.js:47:12)","timestamp":"2023-12-15T08:10:51.050Z"}
{"level":"error","message":"Error: paymentStatus is not defined","timestamp":"2023-12-15T08:11:17.216Z"}
{"level":"error","message":"Error: paymentStatus is not defined","timestamp":"2023-12-15T08:11:17.216Z"}
{"level":"error","message":"Stack trace: Error: paymentStatus is not defined\n    at exports.newOrder (E:\\Schema draft\\controllers\\order\\order.js:55:14)\n    at Layer.handle [as handle_request] (E:\\Schema draft\\node_modules\\express\\lib\\router\\layer.js:95:5)\n    at next (E:\\Schema draft\\node_modules\\express\\lib\\router\\route.js:144:13)\n    at Route.dispatch (E:\\Schema draft\\node_modules\\express\\lib\\router\\route.js:114:3)\n    at Layer.handle [as handle_request] (E:\\Schema draft\\node_modules\\express\\lib\\router\\layer.js:95:5)\n    at E:\\Schema draft\\node_modules\\express\\lib\\router\\index.js:284:15\n    at Function.process_params (E:\\Schema draft\\node_modules\\express\\lib\\router\\index.js:346:12)\n    at next (E:\\Schema draft\\node_modules\\express\\lib\\router\\index.js:280:10)\n    at Function.handle (E:\\Schema draft\\node_modules\\express\\lib\\router\\index.js:175:3)\n    at router (E:\\Schema draft\\node_modules\\express\\lib\\router\\index.js:47:12)","timestamp":"2023-12-15T08:11:17.217Z"}
{"level":"error","message":"Error: paymentStatus is not defined","timestamp":"2023-12-15T08:11:22.047Z"}
{"level":"error","message":"Error: paymentStatus is not defined","timestamp":"2023-12-15T08:11:22.048Z"}
{"level":"error","message":"Stack trace: Error: paymentStatus is not defined\n    at exports.newOrder (E:\\Schema draft\\controllers\\order\\order.js:55:14)\n    at Layer.handle [as handle_request] (E:\\Schema draft\\node_modules\\express\\lib\\router\\layer.js:95:5)\n    at next (E:\\Schema draft\\node_modules\\express\\lib\\router\\route.js:144:13)\n    at Route.dispatch (E:\\Schema draft\\node_modules\\express\\lib\\router\\route.js:114:3)\n    at Layer.handle [as handle_request] (E:\\Schema draft\\node_modules\\express\\lib\\router\\layer.js:95:5)\n    at E:\\Schema draft\\node_modules\\express\\lib\\router\\index.js:284:15\n    at Function.process_params (E:\\Schema draft\\node_modules\\express\\lib\\router\\index.js:346:12)\n    at next (E:\\Schema draft\\node_modules\\express\\lib\\router\\index.js:280:10)\n    at Function.handle (E:\\Schema draft\\node_modules\\express\\lib\\router\\index.js:175:3)\n    at router (E:\\Schema draft\\node_modules\\express\\lib\\router\\index.js:47:12)","timestamp":"2023-12-15T08:11:22.048Z"}
{"level":"error","message":"Error: paymentStatus is not defined","timestamp":"2023-12-15T08:12:00.256Z"}
{"level":"error","message":"Error: paymentStatus is not defined","timestamp":"2023-12-15T08:12:00.257Z"}
{"level":"error","message":"Stack trace: Error: paymentStatus is not defined\n    at exports.newOrder (E:\\Schema draft\\controllers\\order\\order.js:55:14)\n    at Layer.handle [as handle_request] (E:\\Schema draft\\node_modules\\express\\lib\\router\\layer.js:95:5)\n    at next (E:\\Schema draft\\node_modules\\express\\lib\\router\\route.js:144:13)\n    at Route.dispatch (E:\\Schema draft\\node_modules\\express\\lib\\router\\route.js:114:3)\n    at Layer.handle [as handle_request] (E:\\Schema draft\\node_modules\\express\\lib\\router\\layer.js:95:5)\n    at E:\\Schema draft\\node_modules\\express\\lib\\router\\index.js:284:15\n    at Function.process_params (E:\\Schema draft\\node_modules\\express\\lib\\router\\index.js:346:12)\n    at next (E:\\Schema draft\\node_modules\\express\\lib\\router\\index.js:280:10)\n    at Function.handle (E:\\Schema draft\\node_modules\\express\\lib\\router\\index.js:175:3)\n    at router (E:\\Schema draft\\node_modules\\express\\lib\\router\\index.js:47:12)","timestamp":"2023-12-15T08:12:00.257Z"}
{"level":"error","message":"Error: paymentStatus is not defined","timestamp":"2023-12-15T08:12:14.072Z"}
{"level":"error","message":"Error: paymentStatus is not defined","timestamp":"2023-12-15T08:12:14.073Z"}
{"level":"error","message":"Stack trace: Error: paymentStatus is not defined\n    at exports.newOrder (E:\\Schema draft\\controllers\\order\\order.js:55:14)\n    at Layer.handle [as handle_request] (E:\\Schema draft\\node_modules\\express\\lib\\router\\layer.js:95:5)\n    at next (E:\\Schema draft\\node_modules\\express\\lib\\router\\route.js:144:13)\n    at Route.dispatch (E:\\Schema draft\\node_modules\\express\\lib\\router\\route.js:114:3)\n    at Layer.handle [as handle_request] (E:\\Schema draft\\node_modules\\express\\lib\\router\\layer.js:95:5)\n    at E:\\Schema draft\\node_modules\\express\\lib\\router\\index.js:284:15\n    at Function.process_params (E:\\Schema draft\\node_modules\\express\\lib\\router\\index.js:346:12)\n    at next (E:\\Schema draft\\node_modules\\express\\lib\\router\\index.js:280:10)\n    at Function.handle (E:\\Schema draft\\node_modules\\express\\lib\\router\\index.js:175:3)\n    at router (E:\\Schema draft\\node_modules\\express\\lib\\router\\index.js:47:12)","timestamp":"2023-12-15T08:12:14.074Z"}
{"level":"error","message":"Error: paymentStatus is not defined","timestamp":"2023-12-15T08:12:16.052Z"}
{"level":"error","message":"Error: paymentStatus is not defined","timestamp":"2023-12-15T08:12:16.053Z"}
{"level":"error","message":"Stack trace: Error: paymentStatus is not defined\n    at exports.newOrder (E:\\Schema draft\\controllers\\order\\order.js:55:14)\n    at Layer.handle [as handle_request] (E:\\Schema draft\\node_modules\\express\\lib\\router\\layer.js:95:5)\n    at next (E:\\Schema draft\\node_modules\\express\\lib\\router\\route.js:144:13)\n    at Route.dispatch (E:\\Schema draft\\node_modules\\express\\lib\\router\\route.js:114:3)\n    at Layer.handle [as handle_request] (E:\\Schema draft\\node_modules\\express\\lib\\router\\layer.js:95:5)\n    at E:\\Schema draft\\node_modules\\express\\lib\\router\\index.js:284:15\n    at Function.process_params (E:\\Schema draft\\node_modules\\express\\lib\\router\\index.js:346:12)\n    at next (E:\\Schema draft\\node_modules\\express\\lib\\router\\index.js:280:10)\n    at Function.handle (E:\\Schema draft\\node_modules\\express\\lib\\router\\index.js:175:3)\n    at router (E:\\Schema draft\\node_modules\\express\\lib\\router\\index.js:47:12)","timestamp":"2023-12-15T08:12:16.054Z"}
{"level":"error","message":"Error: paymentStatus is not defined","timestamp":"2023-12-15T08:12:48.055Z"}
{"level":"error","message":"Error: paymentStatus is not defined","timestamp":"2023-12-15T08:12:48.056Z"}
{"level":"error","message":"Stack trace: Error: paymentStatus is not defined\n    at exports.newOrder (E:\\Schema draft\\controllers\\order\\order.js:55:14)\n    at Layer.handle [as handle_request] (E:\\Schema draft\\node_modules\\express\\lib\\router\\layer.js:95:5)\n    at next (E:\\Schema draft\\node_modules\\express\\lib\\router\\route.js:144:13)\n    at Route.dispatch (E:\\Schema draft\\node_modules\\express\\lib\\router\\route.js:114:3)\n    at Layer.handle [as handle_request] (E:\\Schema draft\\node_modules\\express\\lib\\router\\layer.js:95:5)\n    at E:\\Schema draft\\node_modules\\express\\lib\\router\\index.js:284:15\n    at Function.process_params (E:\\Schema draft\\node_modules\\express\\lib\\router\\index.js:346:12)\n    at next (E:\\Schema draft\\node_modules\\express\\lib\\router\\index.js:280:10)\n    at Function.handle (E:\\Schema draft\\node_modules\\express\\lib\\router\\index.js:175:3)\n    at router (E:\\Schema draft\\node_modules\\express\\lib\\router\\index.js:47:12)","timestamp":"2023-12-15T08:12:48.056Z"}
{"level":"error","message":"Error: ENOENT: no such file or directory, stat 'E:\\frontend\\build\\index.html'","timestamp":"2023-12-15T08:24:01.022Z"}
{"level":"error","message":"Stack trace: Error: ENOENT: no such file or directory, stat 'E:\\frontend\\build\\index.html'","timestamp":"2023-12-15T08:24:01.030Z"}
{"level":"error","message":"Error: Login first to handle this resource","timestamp":"2023-12-15T08:26:52.079Z"}
{"level":"error","message":"Error: Login first to handle this resource","timestamp":"2023-12-15T08:26:52.090Z"}
{"level":"error","message":"Stack trace: Error: Login first to handle this resource\n    at E:\\Schema draft\\middlewares\\authenticate.js:10:21\n    at E:\\Schema draft\\middlewares\\catchAsyncError.js:2:25\n    at Layer.handle [as handle_request] (E:\\Schema draft\\node_modules\\express\\lib\\router\\layer.js:95:5)\n    at next (E:\\Schema draft\\node_modules\\express\\lib\\router\\route.js:144:13)\n    at Route.dispatch (E:\\Schema draft\\node_modules\\express\\lib\\router\\route.js:114:3)\n    at Layer.handle [as handle_request] (E:\\Schema draft\\node_modules\\express\\lib\\router\\layer.js:95:5)\n    at E:\\Schema draft\\node_modules\\express\\lib\\router\\index.js:284:15\n    at Function.process_params (E:\\Schema draft\\node_modules\\express\\lib\\router\\index.js:346:12)\n    at next (E:\\Schema draft\\node_modules\\express\\lib\\router\\index.js:280:10)\n    at Function.handle (E:\\Schema draft\\node_modules\\express\\lib\\router\\index.js:175:3)","timestamp":"2023-12-15T08:26:52.092Z"}
{"level":"error","message":"Error: ENOENT: no such file or directory, stat 'E:\\frontend\\build\\index.html'","timestamp":"2023-12-15T08:28:27.336Z"}
{"level":"error","message":"Stack trace: Error: ENOENT: no such file or directory, stat 'E:\\frontend\\build\\index.html'","timestamp":"2023-12-15T08:28:27.338Z"}
{"level":"error","message":"Error: ENOENT: no such file or directory, stat 'E:\\frontend\\build\\index.html'","timestamp":"2023-12-15T08:28:43.435Z"}
{"level":"error","message":"Stack trace: Error: ENOENT: no such file or directory, stat 'E:\\frontend\\build\\index.html'","timestamp":"2023-12-15T08:28:43.437Z"}
{"level":"error","message":"Error: No menus found","timestamp":"2023-12-15T08:28:51.051Z"}
{"level":"error","message":"Error: No menus found","timestamp":"2023-12-15T08:28:51.053Z"}
{"level":"error","message":"Stack trace: Error: No menus found\n    at E:\\Schema draft\\controllers\\menu\\getMenus.js:27:34\n    at process.processTicksAndRejections (node:internal/process/task_queues:95:5)","timestamp":"2023-12-15T08:28:51.055Z"}
{"level":"error","message":"Error: Cannot set headers after they are sent to the client","timestamp":"2023-12-15T08:28:51.060Z"}
{"level":"error","message":"Error: No menus found","timestamp":"2023-12-15T08:28:51.232Z"}
{"level":"error","message":"Error: No menus found","timestamp":"2023-12-15T08:28:51.233Z"}
{"level":"error","message":"Stack trace: Error: No menus found\n    at E:\\Schema draft\\controllers\\menu\\getMenus.js:27:34\n    at process.processTicksAndRejections (node:internal/process/task_queues:95:5)","timestamp":"2023-12-15T08:28:51.235Z"}
{"level":"error","message":"Error: Cannot set headers after they are sent to the client","timestamp":"2023-12-15T08:28:51.237Z"}
{"level":"error","message":"Error: No menus found","timestamp":"2023-12-15T08:28:52.481Z"}
{"level":"error","message":"Error: No menus found","timestamp":"2023-12-15T08:28:52.482Z"}
{"level":"error","message":"Stack trace: Error: No menus found\n    at E:\\Schema draft\\controllers\\menu\\getMenus.js:27:34\n    at process.processTicksAndRejections (node:internal/process/task_queues:95:5)","timestamp":"2023-12-15T08:28:52.485Z"}
{"level":"error","message":"Error: Cannot set headers after they are sent to the client","timestamp":"2023-12-15T08:28:52.488Z"}
{"level":"error","message":"Error: ENOENT: no such file or directory, stat 'E:\\frontend\\build\\index.html'","timestamp":"2023-12-15T08:28:56.068Z"}
{"level":"error","message":"Stack trace: Error: ENOENT: no such file or directory, stat 'E:\\frontend\\build\\index.html'","timestamp":"2023-12-15T08:28:56.069Z"}
{"level":"error","message":"Error: ENOENT: no such file or directory, stat 'E:\\frontend\\build\\index.html'","timestamp":"2023-12-15T08:28:59.114Z"}
{"level":"error","message":"Stack trace: Error: ENOENT: no such file or directory, stat 'E:\\frontend\\build\\index.html'","timestamp":"2023-12-15T08:28:59.114Z"}
{"level":"error","message":"Error: No menus found","timestamp":"2023-12-15T08:29:07.243Z"}
{"level":"error","message":"Error: No menus found","timestamp":"2023-12-15T08:29:07.245Z"}
{"level":"error","message":"Stack trace: Error: No menus found\n    at E:\\Schema draft\\controllers\\menu\\getMenus.js:27:34\n    at process.processTicksAndRejections (node:internal/process/task_queues:95:5)","timestamp":"2023-12-15T08:29:07.246Z"}
{"level":"error","message":"Error: Cannot set headers after they are sent to the client","timestamp":"2023-12-15T08:29:07.248Z"}
{"level":"error","message":"Error: No menus found","timestamp":"2023-12-15T08:29:19.179Z"}
{"level":"error","message":"Error: No menus found","timestamp":"2023-12-15T08:29:19.180Z"}
{"level":"error","message":"Stack trace: Error: No menus found\n    at E:\\Schema draft\\controllers\\menu\\getMenus.js:27:34\n    at process.processTicksAndRejections (node:internal/process/task_queues:95:5)","timestamp":"2023-12-15T08:29:19.181Z"}
{"level":"error","message":"Error: Cannot set headers after they are sent to the client","timestamp":"2023-12-15T08:29:19.184Z"}
{"level":"error","message":"Error: No menus found","timestamp":"2023-12-15T08:29:20.458Z"}
{"level":"error","message":"Error: No menus found","timestamp":"2023-12-15T08:29:20.460Z"}
{"level":"error","message":"Stack trace: Error: No menus found\n    at E:\\Schema draft\\controllers\\menu\\getMenus.js:27:34\n    at process.processTicksAndRejections (node:internal/process/task_queues:95:5)","timestamp":"2023-12-15T08:29:20.461Z"}
{"level":"error","message":"Error: Cannot set headers after they are sent to the client","timestamp":"2023-12-15T08:29:20.463Z"}
{"level":"error","message":"Error: ENOENT: no such file or directory, stat 'E:\\frontend\\build\\index.html'","timestamp":"2023-12-15T09:12:02.219Z"}
{"level":"error","message":"Stack trace: Error: ENOENT: no such file or directory, stat 'E:\\frontend\\build\\index.html'","timestamp":"2023-12-15T09:12:02.222Z"}
{"level":"error","message":"Error: ENOENT: no such file or directory, stat 'E:\\frontend\\build\\index.html'","timestamp":"2023-12-15T09:21:47.879Z"}
{"level":"error","message":"Stack trace: Error: ENOENT: no such file or directory, stat 'E:\\frontend\\build\\index.html'","timestamp":"2023-12-15T09:21:47.885Z"}
{"level":"error","message":"Error: Cart not found","timestamp":"2023-12-15T09:28:51.036Z"}
{"level":"error","message":"Error: Cart not found","timestamp":"2023-12-15T09:28:51.138Z"}
{"level":"error","message":"Stack trace: Error: Cart not found\n    at E:\\Schema draft\\controllers\\cart\\getCartItems.js:40:25\n    at process.processTicksAndRejections (node:internal/process/task_queues:95:5)","timestamp":"2023-12-15T09:28:51.139Z"}
{"level":"error","message":"Error: ENOENT: no such file or directory, stat 'E:\\frontend\\build\\index.html'","timestamp":"2023-12-15T09:28:55.447Z"}
{"level":"error","message":"Stack trace: Error: ENOENT: no such file or directory, stat 'E:\\frontend\\build\\index.html'","timestamp":"2023-12-15T09:28:55.448Z"}
{"level":"error","message":"Error: Cart not found","timestamp":"2023-12-15T09:29:10.566Z"}
{"level":"error","message":"Error: Cart not found","timestamp":"2023-12-15T09:29:10.567Z"}
{"level":"error","message":"Stack trace: Error: Cart not found\n    at E:\\Schema draft\\controllers\\cart\\getCartItems.js:40:25\n    at process.processTicksAndRejections (node:internal/process/task_queues:95:5)","timestamp":"2023-12-15T09:29:10.569Z"}
{"level":"error","message":"Error: ENOENT: no such file or directory, stat 'E:\\frontend\\build\\index.html'","timestamp":"2023-12-15T09:29:32.315Z"}
{"level":"error","message":"Stack trace: Error: ENOENT: no such file or directory, stat 'E:\\frontend\\build\\index.html'","timestamp":"2023-12-15T09:29:32.316Z"}
{"level":"error","message":"Error: Cart not found","timestamp":"2023-12-15T09:29:33.437Z"}
{"level":"error","message":"Error: Cart not found","timestamp":"2023-12-15T09:29:33.437Z"}
{"level":"error","message":"Stack trace: Error: Cart not found\n    at E:\\Schema draft\\controllers\\cart\\getCartItems.js:40:25\n    at process.processTicksAndRejections (node:internal/process/task_queues:95:5)","timestamp":"2023-12-15T09:29:33.438Z"}
{"level":"error","message":"Error: Cart not found","timestamp":"2023-12-15T09:31:19.038Z"}
{"level":"error","message":"Error: Cart not found","timestamp":"2023-12-15T09:31:19.039Z"}
{"level":"error","message":"Stack trace: Error: Cart not found\n    at E:\\Schema draft\\controllers\\cart\\getCartItems.js:40:25\n    at process.processTicksAndRejections (node:internal/process/task_queues:95:5)","timestamp":"2023-12-15T09:31:19.039Z"}
{"level":"error","message":"Error: Cart not found","timestamp":"2023-12-15T09:34:31.045Z"}
{"level":"error","message":"Error: Cart not found","timestamp":"2023-12-15T09:34:31.046Z"}
{"level":"error","message":"Stack trace: Error: Cart not found\n    at E:\\Schema draft\\controllers\\cart\\getCartItems.js:40:25\n    at process.processTicksAndRejections (node:internal/process/task_queues:95:5)","timestamp":"2023-12-15T09:34:31.047Z"}
{"level":"error","message":"Error: ENOENT: no such file or directory, stat 'E:\\frontend\\build\\index.html'","timestamp":"2023-12-15T10:24:10.874Z"}
{"level":"error","message":"Stack trace: Error: ENOENT: no such file or directory, stat 'E:\\frontend\\build\\index.html'","timestamp":"2023-12-15T10:24:10.880Z"}
{"level":"error","message":"Error: ENOENT: no such file or directory, stat 'E:\\frontend\\build\\index.html'","timestamp":"2023-12-15T10:25:47.751Z"}
{"level":"error","message":"Stack trace: Error: ENOENT: no such file or directory, stat 'E:\\frontend\\build\\index.html'","timestamp":"2023-12-15T10:25:47.752Z"}
{"level":"error","message":"Error: ENOENT: no such file or directory, stat 'E:\\frontend\\build\\index.html'","timestamp":"2023-12-15T10:26:00.283Z"}
{"level":"error","message":"Stack trace: Error: ENOENT: no such file or directory, stat 'E:\\frontend\\build\\index.html'","timestamp":"2023-12-15T10:26:00.284Z"}
{"level":"error","message":"Error: ENOENT: no such file or directory, stat 'E:\\frontend\\build\\index.html'","timestamp":"2023-12-15T10:31:53.908Z"}
{"level":"error","message":"Stack trace: Error: ENOENT: no such file or directory, stat 'E:\\frontend\\build\\index.html'","timestamp":"2023-12-15T10:31:53.909Z"}
{"level":"error","message":"Error: ENOENT: no such file or directory, stat 'E:\\frontend\\build\\index.html'","timestamp":"2023-12-15T10:36:19.119Z"}
{"level":"error","message":"Stack trace: Error: ENOENT: no such file or directory, stat 'E:\\frontend\\build\\index.html'","timestamp":"2023-12-15T10:36:19.121Z"}
{"level":"error","message":"Error: ENOENT: no such file or directory, stat 'E:\\frontend\\build\\index.html'","timestamp":"2023-12-15T10:36:41.453Z"}
{"level":"error","message":"Stack trace: Error: ENOENT: no such file or directory, stat 'E:\\frontend\\build\\index.html'","timestamp":"2023-12-15T10:36:41.454Z"}
{"level":"error","message":"Error: ENOENT: no such file or directory, stat 'E:\\frontend\\build\\index.html'","timestamp":"2023-12-15T10:36:51.031Z"}
{"level":"error","message":"Stack trace: Error: ENOENT: no such file or directory, stat 'E:\\frontend\\build\\index.html'","timestamp":"2023-12-15T10:36:51.031Z"}
{"level":"error","message":"Error: ENOENT: no such file or directory, stat 'E:\\frontend\\build\\index.html'","timestamp":"2023-12-15T10:43:01.117Z"}
{"level":"error","message":"Stack trace: Error: ENOENT: no such file or directory, stat 'E:\\frontend\\build\\index.html'","timestamp":"2023-12-15T10:43:01.118Z"}
{"level":"error","message":"Error: ENOENT: no such file or directory, stat 'E:\\frontend\\build\\index.html'","timestamp":"2023-12-15T10:44:33.162Z"}
{"level":"error","message":"Stack trace: Error: ENOENT: no such file or directory, stat 'E:\\frontend\\build\\index.html'","timestamp":"2023-12-15T10:44:33.163Z"}
{"level":"error","message":"Error: No menus found","timestamp":"2023-12-15T10:45:46.129Z"}
{"level":"error","message":"Error: No menus found","timestamp":"2023-12-15T10:45:46.130Z"}
{"level":"error","message":"Stack trace: Error: No menus found\n    at E:\\Schema draft\\controllers\\menu\\getMenus.js:27:34\n    at process.processTicksAndRejections (node:internal/process/task_queues:95:5)","timestamp":"2023-12-15T10:45:46.131Z"}
{"level":"error","message":"Error: Cannot set headers after they are sent to the client","timestamp":"2023-12-15T10:45:46.135Z"}
{"level":"error","message":"Error: ENOENT: no such file or directory, stat 'E:\\frontend\\build\\index.html'","timestamp":"2023-12-15T10:45:46.497Z"}
{"level":"error","message":"Stack trace: Error: ENOENT: no such file or directory, stat 'E:\\frontend\\build\\index.html'","timestamp":"2023-12-15T10:45:46.498Z"}
{"level":"error","message":"Error: ENOENT: no such file or directory, stat 'E:\\frontend\\build\\index.html'","timestamp":"2023-12-15T10:55:18.900Z"}
{"level":"error","message":"Stack trace: Error: ENOENT: no such file or directory, stat 'E:\\frontend\\build\\index.html'","timestamp":"2023-12-15T10:55:18.901Z"}
{"level":"error","message":"Error: ENOENT: no such file or directory, stat 'E:\\frontend\\build\\index.html'","timestamp":"2023-12-15T10:55:23.122Z"}
{"level":"error","message":"Stack trace: Error: ENOENT: no such file or directory, stat 'E:\\frontend\\build\\index.html'","timestamp":"2023-12-15T10:55:23.124Z"}
{"level":"error","message":"Error: ENOENT: no such file or directory, stat 'E:\\frontend\\build\\index.html'","timestamp":"2023-12-15T10:55:35.804Z"}
{"level":"error","message":"Stack trace: Error: ENOENT: no such file or directory, stat 'E:\\frontend\\build\\index.html'","timestamp":"2023-12-15T10:55:35.805Z"}
{"level":"error","message":"Error: ENOENT: no such file or directory, stat 'E:\\frontend\\build\\index.html'","timestamp":"2023-12-15T10:57:42.766Z"}
{"level":"error","message":"Stack trace: Error: ENOENT: no such file or directory, stat 'E:\\frontend\\build\\index.html'","timestamp":"2023-12-15T10:57:42.767Z"}
{"level":"error","message":"Error: ENOENT: no such file or directory, stat 'E:\\frontend\\build\\index.html'","timestamp":"2023-12-15T10:59:51.895Z"}
{"level":"error","message":"Stack trace: Error: ENOENT: no such file or directory, stat 'E:\\frontend\\build\\index.html'","timestamp":"2023-12-15T10:59:51.897Z"}
{"level":"error","message":"Error: ENOENT: no such file or directory, stat 'E:\\frontend\\build\\index.html'","timestamp":"2023-12-15T10:59:55.370Z"}
{"level":"error","message":"Stack trace: Error: ENOENT: no such file or directory, stat 'E:\\frontend\\build\\index.html'","timestamp":"2023-12-15T10:59:55.371Z"}
{"level":"error","message":"Error: ENOENT: no such file or directory, stat 'E:\\frontend\\build\\index.html'","timestamp":"2023-12-15T11:00:40.051Z"}
{"level":"error","message":"Stack trace: Error: ENOENT: no such file or directory, stat 'E:\\frontend\\build\\index.html'","timestamp":"2023-12-15T11:00:40.052Z"}
{"level":"error","message":"Error: ENOENT: no such file or directory, stat 'E:\\frontend\\build\\index.html'","timestamp":"2023-12-15T11:04:42.862Z"}
{"level":"error","message":"Stack trace: Error: ENOENT: no such file or directory, stat 'E:\\frontend\\build\\index.html'","timestamp":"2023-12-15T11:04:42.865Z"}
{"level":"error","message":"Error: ENOENT: no such file or directory, stat 'E:\\frontend\\build\\index.html'","timestamp":"2023-12-15T11:18:37.476Z"}
{"level":"error","message":"Stack trace: Error: ENOENT: no such file or directory, stat 'E:\\frontend\\build\\index.html'","timestamp":"2023-12-15T11:18:37.483Z"}
{"level":"error","message":"Error: ENOENT: no such file or directory, stat 'E:\\frontend\\build\\index.html'","timestamp":"2023-12-15T12:07:28.878Z"}
{"level":"error","message":"Stack trace: Error: ENOENT: no such file or directory, stat 'E:\\frontend\\build\\index.html'","timestamp":"2023-12-15T12:07:28.882Z"}
{"level":"error","message":"Error: ENOENT: no such file or directory, stat 'E:\\frontend\\build\\index.html'","timestamp":"2023-12-15T15:57:30.380Z"}
{"level":"error","message":"Stack trace: Error: ENOENT: no such file or directory, stat 'E:\\frontend\\build\\index.html'","timestamp":"2023-12-15T15:57:30.396Z"}
{"level":"error","message":"Error: ENOENT: no such file or directory, stat 'E:\\frontend\\build\\index.html'","timestamp":"2023-12-15T15:59:04.130Z"}
{"level":"error","message":"Stack trace: Error: ENOENT: no such file or directory, stat 'E:\\frontend\\build\\index.html'","timestamp":"2023-12-15T15:59:04.131Z"}
{"level":"error","message":"Error: ENOENT: no such file or directory, stat 'E:\\frontend\\build\\index.html'","timestamp":"2023-12-15T15:59:38.060Z"}
{"level":"error","message":"Stack trace: Error: ENOENT: no such file or directory, stat 'E:\\frontend\\build\\index.html'","timestamp":"2023-12-15T15:59:38.061Z"}
