{"level":"error","message":"Error: Invalid email or password","timestamp":"2023-11-06T17:26:06.794Z"}
{"level":"error","message":"Error: Internal Server Error","timestamp":"2023-11-06T17:26:06.801Z"}
{"level":"error","message":"Error: Internal Server Error","timestamp":"2023-11-06T17:26:06.805Z"}
{"level":"error","message":"Stack trace: Error: Internal Server Error\n    at E:\\Schema draft\\controllers\\auth\\login.js:42:14","timestamp":"2023-11-06T17:26:06.807Z"}
{"level":"error","message":"Error: Invalid email or password","timestamp":"2023-11-06T17:28:12.968Z"}
{"level":"error","message":"Error: Internal Server Error","timestamp":"2023-11-06T17:28:12.970Z"}
{"level":"error","message":"Error: Internal Server Error","timestamp":"2023-11-06T17:28:12.974Z"}
{"level":"error","message":"Stack trace: Error: Internal Server Error\n    at E:\\Schema draft\\controllers\\auth\\login.js:42:14","timestamp":"2023-11-06T17:28:12.975Z"}
{"level":"error","message":"Error: Invalid email or password","timestamp":"2023-11-06T17:28:22.164Z"}
{"level":"error","message":"Error: Internal Server Error","timestamp":"2023-11-06T17:28:22.166Z"}
{"level":"error","message":"Error: Internal Server Error","timestamp":"2023-11-06T17:28:22.168Z"}
{"level":"error","message":"Stack trace: Error: Internal Server Error\n    at E:\\Schema draft\\controllers\\auth\\login.js:42:14","timestamp":"2023-11-06T17:28:22.169Z"}
{"level":"error","message":"Error: Invalid email or password","timestamp":"2023-11-06T17:28:30.342Z"}
{"level":"error","message":"Error: Internal Server Error","timestamp":"2023-11-06T17:28:30.344Z"}
{"level":"error","message":"Error: Internal Server Error","timestamp":"2023-11-06T17:28:30.346Z"}
{"level":"error","message":"Stack trace: Error: Internal Server Error\n    at E:\\Schema draft\\controllers\\auth\\login.js:42:14","timestamp":"2023-11-06T17:28:30.347Z"}
{"level":"error","message":"Error: Invalid password","timestamp":"2023-11-06T17:31:09.243Z"}
{"level":"error","message":"Error: Invalid password","timestamp":"2023-11-06T17:31:09.250Z"}
{"level":"error","message":"Stack trace: Error: Invalid password\n    at E:\\Schema draft\\controllers\\auth\\login.js:75:23","timestamp":"2023-11-06T17:31:09.253Z"}
{"level":"error","message":"Error: Invalid email","timestamp":"2023-11-06T17:31:19.123Z"}
{"level":"error","message":"Error: Invalid email","timestamp":"2023-11-06T17:31:19.125Z"}
{"level":"error","message":"Stack trace: Error: Invalid email\n    at E:\\Schema draft\\controllers\\auth\\login.js:71:23\n    at process.processTicksAndRejections (node:internal/process/task_queues:95:5)","timestamp":"2023-11-06T17:31:19.125Z"}
{"level":"error","message":"Error: Invalid email","timestamp":"2023-11-06T17:31:51.250Z"}
{"level":"error","message":"Error: Invalid email","timestamp":"2023-11-06T17:31:51.264Z"}
{"level":"error","message":"Stack trace: Error: Invalid email\n    at E:\\Schema draft\\controllers\\auth\\login.js:33:23\n    at process.processTicksAndRejections (node:internal/process/task_queues:95:5)","timestamp":"2023-11-06T17:31:51.273Z"}
{"level":"error","message":"Error: Invalid email","timestamp":"2023-11-06T17:37:57.626Z"}
{"level":"error","message":"Error: Invalid email","timestamp":"2023-11-06T17:37:57.637Z"}
{"level":"error","message":"Stack trace: Error: Invalid email\n    at E:\\Schema draft\\controllers\\auth\\login.js:33:23\n    at process.processTicksAndRejections (node:internal/process/task_queues:95:5)","timestamp":"2023-11-06T17:37:57.639Z"}
