{"level":"error","message":"Error: ENOENT: no such file or directory, stat 'E:\\frontend\\build\\index.html'","timestamp":"2024-01-05T04:50:08.925Z"}
{"level":"error","message":"Stack trace: Error: ENOENT: no such file or directory, stat 'E:\\frontend\\build\\index.html'","timestamp":"2024-01-05T04:50:09.290Z"}
{"level":"error","message":"Error: ENOENT: no such file or directory, stat 'E:\\frontend\\build\\index.html'","timestamp":"2024-01-05T04:52:31.190Z"}
{"level":"error","message":"Stack trace: Error: ENOENT: no such file or directory, stat 'E:\\frontend\\build\\index.html'","timestamp":"2024-01-05T04:52:31.191Z"}
{"level":"error","message":"Error: ENOENT: no such file or directory, stat 'E:\\frontend\\build\\index.html'","timestamp":"2024-01-05T04:52:36.114Z"}
{"level":"error","message":"Stack trace: Error: ENOENT: no such file or directory, stat 'E:\\frontend\\build\\index.html'","timestamp":"2024-01-05T04:52:36.115Z"}
{"level":"error","message":"Error: Internal Server Error","timestamp":"2024-01-05T04:57:21.613Z"}
{"level":"error","message":"Error: Internal Server Error","timestamp":"2024-01-05T04:57:21.614Z"}
{"level":"error","message":"Stack trace: Error: Internal Server Error\n    at E:\\Schema draft\\controllers\\address\\createAddress.js:81:10\n    at process.processTicksAndRejections (node:internal/process/task_queues:95:5)","timestamp":"2024-01-05T04:57:21.614Z"}
{"level":"error","message":"Error: Internal Server Error","timestamp":"2024-01-05T04:57:24.164Z"}
{"level":"error","message":"Error: Internal Server Error","timestamp":"2024-01-05T04:57:24.166Z"}
{"level":"error","message":"Stack trace: Error: Internal Server Error\n    at E:\\Schema draft\\controllers\\address\\createAddress.js:81:10\n    at process.processTicksAndRejections (node:internal/process/task_queues:95:5)","timestamp":"2024-01-05T04:57:24.167Z"}
{"level":"error","message":"Error: Internal Server Error","timestamp":"2024-01-05T04:57:25.281Z"}
{"level":"error","message":"Error: Internal Server Error","timestamp":"2024-01-05T04:57:25.282Z"}
{"level":"error","message":"Stack trace: Error: Internal Server Error\n    at E:\\Schema draft\\controllers\\address\\createAddress.js:81:10\n    at process.processTicksAndRejections (node:internal/process/task_queues:95:5)","timestamp":"2024-01-05T04:57:25.283Z"}
{"level":"error","message":"Error: Internal Server Error","timestamp":"2024-01-05T04:57:27.164Z"}
{"level":"error","message":"Error: Internal Server Error","timestamp":"2024-01-05T04:57:27.165Z"}
{"level":"error","message":"Stack trace: Error: Internal Server Error\n    at E:\\Schema draft\\controllers\\address\\createAddress.js:81:10\n    at process.processTicksAndRejections (node:internal/process/task_queues:95:5)","timestamp":"2024-01-05T04:57:27.166Z"}
{"level":"error","message":"Error: Internal Server Error","timestamp":"2024-01-05T05:15:44.294Z"}
{"level":"error","message":"Error: Internal Server Error","timestamp":"2024-01-05T05:15:44.304Z"}
{"level":"error","message":"Stack trace: Error: Internal Server Error\n    at E:\\Schema draft\\controllers\\address\\createAddress.js:81:10\n    at process.processTicksAndRejections (node:internal/process/task_queues:95:5)","timestamp":"2024-01-05T05:15:44.305Z"}
{"level":"error","message":"Error: Internal Server Error","timestamp":"2024-01-05T05:15:45.737Z"}
{"level":"error","message":"Error: Internal Server Error","timestamp":"2024-01-05T05:15:45.740Z"}
{"level":"error","message":"Stack trace: Error: Internal Server Error\n    at E:\\Schema draft\\controllers\\address\\createAddress.js:81:10\n    at process.processTicksAndRejections (node:internal/process/task_queues:95:5)","timestamp":"2024-01-05T05:15:45.742Z"}
{"level":"error","message":"Error: Internal Server Error","timestamp":"2024-01-05T05:37:21.111Z"}
{"level":"error","message":"Error: Internal Server Error","timestamp":"2024-01-05T05:37:21.112Z"}
{"level":"error","message":"Stack trace: Error: Internal Server Error\n    at E:\\Schema draft\\controllers\\address\\createAddress.js:81:10\n    at process.processTicksAndRejections (node:internal/process/task_queues:95:5)","timestamp":"2024-01-05T05:37:21.112Z"}
{"level":"error","message":"Error: Internal Server Error","timestamp":"2024-01-05T05:37:23.831Z"}
{"level":"error","message":"Error: Internal Server Error","timestamp":"2024-01-05T05:37:23.832Z"}
{"level":"error","message":"Stack trace: Error: Internal Server Error\n    at E:\\Schema draft\\controllers\\address\\createAddress.js:81:10\n    at process.processTicksAndRejections (node:internal/process/task_queues:95:5)","timestamp":"2024-01-05T05:37:23.833Z"}
{"level":"error","message":"Error: Internal Server Error","timestamp":"2024-01-05T05:37:31.433Z"}
{"level":"error","message":"Error: Internal Server Error","timestamp":"2024-01-05T05:37:31.434Z"}
{"level":"error","message":"Stack trace: Error: Internal Server Error\n    at E:\\Schema draft\\controllers\\address\\createAddress.js:81:10\n    at process.processTicksAndRejections (node:internal/process/task_queues:95:5)","timestamp":"2024-01-05T05:37:31.434Z"}
{"level":"error","message":"Error: Internal Server Error","timestamp":"2024-01-05T05:37:38.093Z"}
{"level":"error","message":"Error: Internal Server Error","timestamp":"2024-01-05T05:37:38.093Z"}
{"level":"error","message":"Stack trace: Error: Internal Server Error\n    at E:\\Schema draft\\controllers\\address\\createAddress.js:81:10\n    at process.processTicksAndRejections (node:internal/process/task_queues:95:5)","timestamp":"2024-01-05T05:37:38.094Z"}
{"level":"error","message":"Error: No menus found","timestamp":"2024-01-05T06:52:20.639Z"}
{"level":"error","message":"Error: No menus found","timestamp":"2024-01-05T06:52:20.649Z"}
{"level":"error","message":"Stack trace: Error: No menus found\n    at E:\\Schema draft\\controllers\\menu\\getMenus.js:66:30\n    at process.processTicksAndRejections (node:internal/process/task_queues:95:5)","timestamp":"2024-01-05T06:52:20.650Z"}
{"level":"error","message":"Error: Login first to handle this resource","timestamp":"2024-01-05T07:20:40.876Z"}
{"level":"error","message":"Error: Login first to handle this resource","timestamp":"2024-01-05T07:20:40.886Z"}
{"level":"error","message":"Stack trace: Error: Login first to handle this resource\n    at E:\\Schema draft\\middlewares\\authenticate.js:10:21\n    at E:\\Schema draft\\middlewares\\catchAsyncError.js:2:25\n    at Layer.handle [as handle_request] (E:\\Schema draft\\node_modules\\express\\lib\\router\\layer.js:95:5)\n    at next (E:\\Schema draft\\node_modules\\express\\lib\\router\\route.js:144:13)\n    at Route.dispatch (E:\\Schema draft\\node_modules\\express\\lib\\router\\route.js:114:3)\n    at Layer.handle [as handle_request] (E:\\Schema draft\\node_modules\\express\\lib\\router\\layer.js:95:5)\n    at E:\\Schema draft\\node_modules\\express\\lib\\router\\index.js:284:15\n    at Function.process_params (E:\\Schema draft\\node_modules\\express\\lib\\router\\index.js:346:12)\n    at next (E:\\Schema draft\\node_modules\\express\\lib\\router\\index.js:280:10)\n    at Function.handle (E:\\Schema draft\\node_modules\\express\\lib\\router\\index.js:175:3)","timestamp":"2024-01-05T07:20:40.887Z"}
{"level":"error","message":"Error: Internal Server Error","timestamp":"2024-01-05T07:20:51.217Z"}
{"level":"error","message":"Error: Internal Server Error","timestamp":"2024-01-05T07:20:51.218Z"}
{"level":"error","message":"Stack trace: Error: Internal Server Error\n    at E:\\Schema draft\\controllers\\address\\createAddress.js:81:10\n    at process.processTicksAndRejections (node:internal/process/task_queues:95:5)","timestamp":"2024-01-05T07:20:51.219Z"}
{"level":"error","message":"Error: Login first to handle this resource","timestamp":"2024-01-05T07:25:27.965Z"}
{"level":"error","message":"Error: Login first to handle this resource","timestamp":"2024-01-05T07:25:27.968Z"}
{"level":"error","message":"Stack trace: Error: Login first to handle this resource\n    at E:\\Schema draft\\middlewares\\authenticate.js:10:21\n    at E:\\Schema draft\\middlewares\\catchAsyncError.js:2:25\n    at Layer.handle [as handle_request] (E:\\Schema draft\\node_modules\\express\\lib\\router\\layer.js:95:5)\n    at next (E:\\Schema draft\\node_modules\\express\\lib\\router\\route.js:144:13)\n    at Route.dispatch (E:\\Schema draft\\node_modules\\express\\lib\\router\\route.js:114:3)\n    at Layer.handle [as handle_request] (E:\\Schema draft\\node_modules\\express\\lib\\router\\layer.js:95:5)\n    at E:\\Schema draft\\node_modules\\express\\lib\\router\\index.js:284:15\n    at Function.process_params (E:\\Schema draft\\node_modules\\express\\lib\\router\\index.js:346:12)\n    at next (E:\\Schema draft\\node_modules\\express\\lib\\router\\index.js:280:10)\n    at Function.handle (E:\\Schema draft\\node_modules\\express\\lib\\router\\index.js:175:3)","timestamp":"2024-01-05T07:25:27.970Z"}
{"level":"error","message":"Error: Login first to handle this resource","timestamp":"2024-01-05T07:25:32.093Z"}
{"level":"error","message":"Error: Login first to handle this resource","timestamp":"2024-01-05T07:25:32.094Z"}
{"level":"error","message":"Stack trace: Error: Login first to handle this resource\n    at E:\\Schema draft\\middlewares\\authenticate.js:10:21\n    at E:\\Schema draft\\middlewares\\catchAsyncError.js:2:25\n    at Layer.handle [as handle_request] (E:\\Schema draft\\node_modules\\express\\lib\\router\\layer.js:95:5)\n    at next (E:\\Schema draft\\node_modules\\express\\lib\\router\\route.js:144:13)\n    at Route.dispatch (E:\\Schema draft\\node_modules\\express\\lib\\router\\route.js:114:3)\n    at Layer.handle [as handle_request] (E:\\Schema draft\\node_modules\\express\\lib\\router\\layer.js:95:5)\n    at E:\\Schema draft\\node_modules\\express\\lib\\router\\index.js:284:15\n    at Function.process_params (E:\\Schema draft\\node_modules\\express\\lib\\router\\index.js:346:12)\n    at next (E:\\Schema draft\\node_modules\\express\\lib\\router\\index.js:280:10)\n    at Function.handle (E:\\Schema draft\\node_modules\\express\\lib\\router\\index.js:175:3)","timestamp":"2024-01-05T07:25:32.095Z"}
{"level":"error","message":"Error: Internal Server Error","timestamp":"2024-01-05T07:26:06.200Z"}
{"level":"error","message":"Error: Internal Server Error","timestamp":"2024-01-05T07:26:06.201Z"}
{"level":"error","message":"Stack trace: Error: Internal Server Error\n    at E:\\Schema draft\\controllers\\address\\createAddress.js:81:10\n    at process.processTicksAndRejections (node:internal/process/task_queues:95:5)","timestamp":"2024-01-05T07:26:06.202Z"}
{"level":"error","message":"Error: Internal Server Error","timestamp":"2024-01-05T07:26:13.442Z"}
{"level":"error","message":"Error: Internal Server Error","timestamp":"2024-01-05T07:26:13.443Z"}
{"level":"error","message":"Stack trace: Error: Internal Server Error\n    at E:\\Schema draft\\controllers\\address\\createAddress.js:81:10\n    at process.processTicksAndRejections (node:internal/process/task_queues:95:5)","timestamp":"2024-01-05T07:26:13.444Z"}
{"level":"error","message":"Error: Login first to handle this resource","timestamp":"2024-01-05T07:26:53.650Z"}
{"level":"error","message":"Error: Login first to handle this resource","timestamp":"2024-01-05T07:26:53.651Z"}
{"level":"error","message":"Stack trace: Error: Login first to handle this resource\n    at E:\\Schema draft\\middlewares\\authenticate.js:10:21\n    at E:\\Schema draft\\middlewares\\catchAsyncError.js:2:25\n    at Layer.handle [as handle_request] (E:\\Schema draft\\node_modules\\express\\lib\\router\\layer.js:95:5)\n    at next (E:\\Schema draft\\node_modules\\express\\lib\\router\\route.js:144:13)\n    at Route.dispatch (E:\\Schema draft\\node_modules\\express\\lib\\router\\route.js:114:3)\n    at Layer.handle [as handle_request] (E:\\Schema draft\\node_modules\\express\\lib\\router\\layer.js:95:5)\n    at E:\\Schema draft\\node_modules\\express\\lib\\router\\index.js:284:15\n    at Function.process_params (E:\\Schema draft\\node_modules\\express\\lib\\router\\index.js:346:12)\n    at next (E:\\Schema draft\\node_modules\\express\\lib\\router\\index.js:280:10)\n    at Function.handle (E:\\Schema draft\\node_modules\\express\\lib\\router\\index.js:175:3)","timestamp":"2024-01-05T07:26:53.651Z"}
{"level":"error","message":"Error: Internal Server Error","timestamp":"2024-01-05T07:27:05.314Z"}
{"level":"error","message":"Error: Internal Server Error","timestamp":"2024-01-05T07:27:05.316Z"}
{"level":"error","message":"Stack trace: Error: Internal Server Error\n    at E:\\Schema draft\\controllers\\address\\createAddress.js:81:10\n    at process.processTicksAndRejections (node:internal/process/task_queues:95:5)","timestamp":"2024-01-05T07:27:05.317Z"}
{"level":"error","message":"Error: Internal Server Error","timestamp":"2024-01-05T07:29:14.944Z"}
{"level":"error","message":"Error: Internal Server Error","timestamp":"2024-01-05T07:29:14.945Z"}
{"level":"error","message":"Stack trace: Error: Internal Server Error\n    at E:\\Schema draft\\controllers\\address\\createAddress.js:81:10\n    at process.processTicksAndRejections (node:internal/process/task_queues:95:5)","timestamp":"2024-01-05T07:29:14.946Z"}
{"level":"error","message":"Error: Internal Server Error","timestamp":"2024-01-05T07:31:08.041Z"}
{"level":"error","message":"Error: Internal Server Error","timestamp":"2024-01-05T07:31:08.042Z"}
{"level":"error","message":"Stack trace: Error: Internal Server Error\n    at E:\\Schema draft\\controllers\\address\\createAddress.js:81:10\n    at process.processTicksAndRejections (node:internal/process/task_queues:95:5)","timestamp":"2024-01-05T07:31:08.042Z"}
{"level":"error","message":"Error: Internal Server Error","timestamp":"2024-01-05T07:31:35.801Z"}
{"level":"error","message":"Error: Internal Server Error","timestamp":"2024-01-05T07:31:35.802Z"}
{"level":"error","message":"Stack trace: Error: Internal Server Error\n    at E:\\Schema draft\\controllers\\address\\createAddress.js:81:10\n    at process.processTicksAndRejections (node:internal/process/task_queues:95:5)","timestamp":"2024-01-05T07:31:35.803Z"}
{"level":"error","message":"Error: Internal Server Error","timestamp":"2024-01-05T07:31:52.868Z"}
{"level":"error","message":"Error: Internal Server Error","timestamp":"2024-01-05T07:31:52.869Z"}
{"level":"error","message":"Stack trace: Error: Internal Server Error\n    at E:\\Schema draft\\controllers\\address\\createAddress.js:81:10\n    at process.processTicksAndRejections (node:internal/process/task_queues:95:5)","timestamp":"2024-01-05T07:31:52.870Z"}
{"level":"error","message":"Error: Internal Server Error","timestamp":"2024-01-05T08:00:03.217Z"}
{"level":"error","message":"Error: Internal Server Error","timestamp":"2024-01-05T08:00:03.219Z"}
{"level":"error","message":"Stack trace: Error: Internal Server Error\n    at E:\\Schema draft\\controllers\\address\\createAddress.js:81:10\n    at process.processTicksAndRejections (node:internal/process/task_queues:95:5)","timestamp":"2024-01-05T08:00:03.219Z"}
{"level":"error","message":"Error: Internal Server Error","timestamp":"2024-01-05T08:09:42.313Z"}
{"level":"error","message":"Error: Internal Server Error","timestamp":"2024-01-05T08:09:42.314Z"}
{"level":"error","message":"Stack trace: Error: Internal Server Error\n    at E:\\Schema draft\\controllers\\address\\createAddress.js:81:10\n    at process.processTicksAndRejections (node:internal/process/task_queues:95:5)","timestamp":"2024-01-05T08:09:42.315Z"}
{"level":"error","message":"Error: Internal Server Error","timestamp":"2024-01-05T08:09:45.406Z"}
{"level":"error","message":"Error: Internal Server Error","timestamp":"2024-01-05T08:09:45.407Z"}
{"level":"error","message":"Stack trace: Error: Internal Server Error\n    at E:\\Schema draft\\controllers\\address\\createAddress.js:81:10\n    at process.processTicksAndRejections (node:internal/process/task_queues:95:5)","timestamp":"2024-01-05T08:09:45.408Z"}
{"level":"error","message":"Error: Internal Server Error","timestamp":"2024-01-05T08:10:06.040Z"}
{"level":"error","message":"Error: Internal Server Error","timestamp":"2024-01-05T08:10:06.041Z"}
{"level":"error","message":"Stack trace: Error: Internal Server Error\n    at E:\\Schema draft\\controllers\\address\\createAddress.js:81:10\n    at process.processTicksAndRejections (node:internal/process/task_queues:95:5)","timestamp":"2024-01-05T08:10:06.042Z"}
{"level":"error","message":"Error: Internal Server Error","timestamp":"2024-01-05T08:15:10.798Z"}
{"level":"error","message":"Error: Internal Server Error","timestamp":"2024-01-05T08:15:10.800Z"}
{"level":"error","message":"Stack trace: Error: Internal Server Error\n    at E:\\Schema draft\\controllers\\address\\createAddress.js:81:10\n    at process.processTicksAndRejections (node:internal/process/task_queues:95:5)","timestamp":"2024-01-05T08:15:10.800Z"}
{"level":"error","message":"Error: Internal Server Error","timestamp":"2024-01-05T08:15:13.781Z"}
{"level":"error","message":"Error: Internal Server Error","timestamp":"2024-01-05T08:15:13.782Z"}
{"level":"error","message":"Stack trace: Error: Internal Server Error\n    at E:\\Schema draft\\controllers\\address\\createAddress.js:81:10\n    at process.processTicksAndRejections (node:internal/process/task_queues:95:5)","timestamp":"2024-01-05T08:15:13.783Z"}
{"level":"error","message":"Error: Internal Server Error","timestamp":"2024-01-05T08:17:38.495Z"}
{"level":"error","message":"Error: Internal Server Error","timestamp":"2024-01-05T08:17:38.497Z"}
{"level":"error","message":"Stack trace: Error: Internal Server Error\n    at E:\\Schema draft\\controllers\\address\\createAddress.js:81:10\n    at process.processTicksAndRejections (node:internal/process/task_queues:95:5)","timestamp":"2024-01-05T08:17:38.500Z"}
{"level":"error","message":"Error: Internal Server Error","timestamp":"2024-01-05T08:20:03.629Z"}
{"level":"error","message":"Error: Internal Server Error","timestamp":"2024-01-05T08:20:03.630Z"}
{"level":"error","message":"Stack trace: Error: Internal Server Error\n    at E:\\Schema draft\\controllers\\address\\createAddress.js:81:10\n    at process.processTicksAndRejections (node:internal/process/task_queues:95:5)","timestamp":"2024-01-05T08:20:03.631Z"}
{"level":"error","message":"Error: Internal Server Error","timestamp":"2024-01-05T08:20:05.247Z"}
{"level":"error","message":"Error: Internal Server Error","timestamp":"2024-01-05T08:20:05.248Z"}
{"level":"error","message":"Stack trace: Error: Internal Server Error\n    at E:\\Schema draft\\controllers\\address\\createAddress.js:81:10\n    at process.processTicksAndRejections (node:internal/process/task_queues:95:5)","timestamp":"2024-01-05T08:20:05.249Z"}
{"level":"error","message":"Error: Internal Server Error","timestamp":"2024-01-05T08:20:06.507Z"}
{"level":"error","message":"Error: Internal Server Error","timestamp":"2024-01-05T08:20:06.508Z"}
{"level":"error","message":"Stack trace: Error: Internal Server Error\n    at E:\\Schema draft\\controllers\\address\\createAddress.js:81:10\n    at process.processTicksAndRejections (node:internal/process/task_queues:95:5)","timestamp":"2024-01-05T08:20:06.509Z"}
{"level":"error","message":"Error: Internal Server Error","timestamp":"2024-01-05T08:20:34.796Z"}
{"level":"error","message":"Error: Internal Server Error","timestamp":"2024-01-05T08:20:34.797Z"}
{"level":"error","message":"Stack trace: Error: Internal Server Error\n    at E:\\Schema draft\\controllers\\address\\createAddress.js:81:10\n    at process.processTicksAndRejections (node:internal/process/task_queues:95:5)","timestamp":"2024-01-05T08:20:34.798Z"}
{"level":"error","message":"Error: ENOENT: no such file or directory, stat 'E:\\frontend\\build\\index.html'","timestamp":"2024-01-05T09:52:42.654Z"}
{"level":"error","message":"Stack trace: Error: ENOENT: no such file or directory, stat 'E:\\frontend\\build\\index.html'","timestamp":"2024-01-05T09:52:42.655Z"}
{"level":"error","message":"Error: ENOENT: no such file or directory, stat 'E:\\frontend\\build\\index.html'","timestamp":"2024-01-05T09:53:51.644Z"}
{"level":"error","message":"Stack trace: Error: ENOENT: no such file or directory, stat 'E:\\frontend\\build\\index.html'","timestamp":"2024-01-05T09:53:51.645Z"}
{"level":"error","message":"Error: Phone number is already registered","timestamp":"2024-01-05T10:06:16.639Z"}
{"level":"error","message":"Error: Phone number is already registered","timestamp":"2024-01-05T10:06:16.640Z"}
{"level":"error","message":"Stack trace: Error: Phone number is already registered\n    at E:\\Schema draft\\controllers\\auth\\register.js:84:17\n    at process.processTicksAndRejections (node:internal/process/task_queues:95:5)","timestamp":"2024-01-05T10:06:16.989Z"}
{"level":"error","message":"Error: Internal Server Error","timestamp":"2024-01-05T10:06:26.871Z"}
{"level":"error","message":"Error: Internal Server Error","timestamp":"2024-01-05T10:06:26.872Z"}
{"level":"error","message":"Stack trace: Error: Internal Server Error\n    at E:\\Schema draft\\controllers\\auth\\register.js:129:14\n    at process.processTicksAndRejections (node:internal/process/task_queues:95:5)","timestamp":"2024-01-05T10:06:26.872Z"}
{"level":"error","message":"Error: Cannot read properties of null (reading 'id')","timestamp":"2024-01-05T10:22:29.826Z"}
{"level":"error","message":"Stack trace: TypeError: Cannot read properties of null (reading 'id')\n    at E:\\Schema draft\\controllers\\auth\\login.js:114:47\n    at E:\\Schema draft\\middlewares\\catchAsyncError.js:2:25\n    at Layer.handle [as handle_request] (E:\\Schema draft\\node_modules\\express\\lib\\router\\layer.js:95:5)\n    at next (E:\\Schema draft\\node_modules\\express\\lib\\router\\route.js:144:13)\n    at E:\\Schema draft\\middlewares\\authenticate.js:16:5\n    at process.processTicksAndRejections (node:internal/process/task_queues:95:5)","timestamp":"2024-01-05T10:22:29.836Z"}
{"level":"error","message":"Error: Cannot read properties of null (reading 'id')","timestamp":"2024-01-05T10:22:52.268Z"}
{"level":"error","message":"Stack trace: TypeError: Cannot read properties of null (reading 'id')\n    at E:\\Schema draft\\controllers\\auth\\login.js:114:47\n    at E:\\Schema draft\\middlewares\\catchAsyncError.js:2:25\n    at Layer.handle [as handle_request] (E:\\Schema draft\\node_modules\\express\\lib\\router\\layer.js:95:5)\n    at next (E:\\Schema draft\\node_modules\\express\\lib\\router\\route.js:144:13)\n    at E:\\Schema draft\\middlewares\\authenticate.js:16:5\n    at process.processTicksAndRejections (node:internal/process/task_queues:95:5)","timestamp":"2024-01-05T10:22:52.269Z"}
{"level":"error","message":"Error: Cannot read properties of null (reading 'id')","timestamp":"2024-01-05T10:23:39.037Z"}
{"level":"error","message":"Stack trace: TypeError: Cannot read properties of null (reading 'id')\n    at E:\\Schema draft\\controllers\\auth\\login.js:114:47\n    at E:\\Schema draft\\middlewares\\catchAsyncError.js:2:25\n    at Layer.handle [as handle_request] (E:\\Schema draft\\node_modules\\express\\lib\\router\\layer.js:95:5)\n    at next (E:\\Schema draft\\node_modules\\express\\lib\\router\\route.js:144:13)\n    at E:\\Schema draft\\middlewares\\authenticate.js:16:5\n    at process.processTicksAndRejections (node:internal/process/task_queues:95:5)","timestamp":"2024-01-05T10:23:39.038Z"}
{"level":"error","message":"Error: Cannot read properties of null (reading 'id')","timestamp":"2024-01-05T10:23:53.965Z"}
{"level":"error","message":"Stack trace: TypeError: Cannot read properties of null (reading 'id')\n    at E:\\Schema draft\\controllers\\auth\\login.js:114:47\n    at E:\\Schema draft\\middlewares\\catchAsyncError.js:2:25\n    at Layer.handle [as handle_request] (E:\\Schema draft\\node_modules\\express\\lib\\router\\layer.js:95:5)\n    at next (E:\\Schema draft\\node_modules\\express\\lib\\router\\route.js:144:13)\n    at E:\\Schema draft\\middlewares\\authenticate.js:16:5\n    at process.processTicksAndRejections (node:internal/process/task_queues:95:5)","timestamp":"2024-01-05T10:23:53.966Z"}
{"level":"error","message":"Error: Cannot read properties of null (reading 'id')","timestamp":"2024-01-05T10:26:16.135Z"}
{"level":"error","message":"Stack trace: TypeError: Cannot read properties of null (reading 'id')\n    at E:\\Schema draft\\controllers\\auth\\login.js:114:47\n    at E:\\Schema draft\\middlewares\\catchAsyncError.js:2:25\n    at Layer.handle [as handle_request] (E:\\Schema draft\\node_modules\\express\\lib\\router\\layer.js:95:5)\n    at next (E:\\Schema draft\\node_modules\\express\\lib\\router\\route.js:144:13)\n    at E:\\Schema draft\\middlewares\\authenticate.js:16:5\n    at process.processTicksAndRejections (node:internal/process/task_queues:95:5)","timestamp":"2024-01-05T10:26:16.137Z"}
{"level":"error","message":"Error: Cannot read properties of null (reading 'id')","timestamp":"2024-01-05T10:27:53.729Z"}
{"level":"error","message":"Stack trace: TypeError: Cannot read properties of null (reading 'id')\n    at E:\\Schema draft\\controllers\\auth\\login.js:114:47\n    at E:\\Schema draft\\middlewares\\catchAsyncError.js:2:25\n    at Layer.handle [as handle_request] (E:\\Schema draft\\node_modules\\express\\lib\\router\\layer.js:95:5)\n    at next (E:\\Schema draft\\node_modules\\express\\lib\\router\\route.js:144:13)\n    at E:\\Schema draft\\middlewares\\authenticate.js:16:5\n    at process.processTicksAndRejections (node:internal/process/task_queues:95:5)","timestamp":"2024-01-05T10:27:53.731Z"}
{"level":"error","message":"Error: Cannot read properties of null (reading 'id')","timestamp":"2024-01-05T10:28:30.562Z"}
{"level":"error","message":"Stack trace: TypeError: Cannot read properties of null (reading 'id')\n    at E:\\Schema draft\\controllers\\auth\\login.js:114:47\n    at E:\\Schema draft\\middlewares\\catchAsyncError.js:2:25\n    at Layer.handle [as handle_request] (E:\\Schema draft\\node_modules\\express\\lib\\router\\layer.js:95:5)\n    at next (E:\\Schema draft\\node_modules\\express\\lib\\router\\route.js:144:13)\n    at E:\\Schema draft\\middlewares\\authenticate.js:16:5\n    at process.processTicksAndRejections (node:internal/process/task_queues:95:5)","timestamp":"2024-01-05T10:28:30.566Z"}
{"level":"error","message":"Error: Cannot read properties of null (reading 'id')","timestamp":"2024-01-05T10:30:07.938Z"}
{"level":"error","message":"Stack trace: TypeError: Cannot read properties of null (reading 'id')\n    at E:\\Schema draft\\controllers\\auth\\login.js:114:47\n    at E:\\Schema draft\\middlewares\\catchAsyncError.js:2:25\n    at Layer.handle [as handle_request] (E:\\Schema draft\\node_modules\\express\\lib\\router\\layer.js:95:5)\n    at next (E:\\Schema draft\\node_modules\\express\\lib\\router\\route.js:144:13)\n    at E:\\Schema draft\\middlewares\\authenticate.js:16:5\n    at process.processTicksAndRejections (node:internal/process/task_queues:95:5)","timestamp":"2024-01-05T10:30:07.939Z"}
{"level":"error","message":"Error: Cannot read properties of null (reading 'id')","timestamp":"2024-01-05T10:30:24.242Z"}
{"level":"error","message":"Stack trace: TypeError: Cannot read properties of null (reading 'id')\n    at E:\\Schema draft\\controllers\\auth\\login.js:114:47\n    at E:\\Schema draft\\middlewares\\catchAsyncError.js:2:25\n    at Layer.handle [as handle_request] (E:\\Schema draft\\node_modules\\express\\lib\\router\\layer.js:95:5)\n    at next (E:\\Schema draft\\node_modules\\express\\lib\\router\\route.js:144:13)\n    at E:\\Schema draft\\middlewares\\authenticate.js:16:5\n    at process.processTicksAndRejections (node:internal/process/task_queues:95:5)","timestamp":"2024-01-05T10:30:24.243Z"}
{"level":"error","message":"Error: Cannot read properties of null (reading 'id')","timestamp":"2024-01-05T10:31:04.290Z"}
{"level":"error","message":"Stack trace: TypeError: Cannot read properties of null (reading 'id')\n    at E:\\Schema draft\\controllers\\auth\\login.js:114:47\n    at E:\\Schema draft\\middlewares\\catchAsyncError.js:2:25\n    at Layer.handle [as handle_request] (E:\\Schema draft\\node_modules\\express\\lib\\router\\layer.js:95:5)\n    at next (E:\\Schema draft\\node_modules\\express\\lib\\router\\route.js:144:13)\n    at E:\\Schema draft\\middlewares\\authenticate.js:16:5\n    at process.processTicksAndRejections (node:internal/process/task_queues:95:5)","timestamp":"2024-01-05T10:31:04.293Z"}
{"level":"error","message":"Error: Cannot read properties of null (reading 'id')","timestamp":"2024-01-05T11:13:36.797Z"}
{"level":"error","message":"Stack trace: TypeError: Cannot read properties of null (reading 'id')\n    at E:\\Schema draft\\controllers\\auth\\login.js:114:47\n    at E:\\Schema draft\\middlewares\\catchAsyncError.js:2:25\n    at Layer.handle [as handle_request] (E:\\Schema draft\\node_modules\\express\\lib\\router\\layer.js:95:5)\n    at next (E:\\Schema draft\\node_modules\\express\\lib\\router\\route.js:144:13)\n    at E:\\Schema draft\\middlewares\\authenticate.js:16:5\n    at process.processTicksAndRejections (node:internal/process/task_queues:95:5)","timestamp":"2024-01-05T11:13:36.799Z"}
{"level":"error","message":"Error: Cannot read properties of null (reading 'id')","timestamp":"2024-01-05T11:13:54.812Z"}
{"level":"error","message":"Stack trace: TypeError: Cannot read properties of null (reading 'id')\n    at E:\\Schema draft\\controllers\\auth\\login.js:114:47\n    at E:\\Schema draft\\middlewares\\catchAsyncError.js:2:25\n    at Layer.handle [as handle_request] (E:\\Schema draft\\node_modules\\express\\lib\\router\\layer.js:95:5)\n    at next (E:\\Schema draft\\node_modules\\express\\lib\\router\\route.js:144:13)\n    at E:\\Schema draft\\middlewares\\authenticate.js:16:5\n    at process.processTicksAndRejections (node:internal/process/task_queues:95:5)","timestamp":"2024-01-05T11:13:54.813Z"}
{"level":"error","message":"Error: Cannot read properties of null (reading 'id')","timestamp":"2024-01-05T11:13:58.872Z"}
{"level":"error","message":"Stack trace: TypeError: Cannot read properties of null (reading 'id')\n    at E:\\Schema draft\\controllers\\auth\\login.js:114:47\n    at E:\\Schema draft\\middlewares\\catchAsyncError.js:2:25\n    at Layer.handle [as handle_request] (E:\\Schema draft\\node_modules\\express\\lib\\router\\layer.js:95:5)\n    at next (E:\\Schema draft\\node_modules\\express\\lib\\router\\route.js:144:13)\n    at E:\\Schema draft\\middlewares\\authenticate.js:16:5\n    at process.processTicksAndRejections (node:internal/process/task_queues:95:5)","timestamp":"2024-01-05T11:13:58.872Z"}
{"level":"error","message":"Error: ENOENT: no such file or directory, stat 'E:\\frontend\\build\\index.html'","timestamp":"2024-01-05T11:13:58.879Z"}
{"level":"error","message":"Stack trace: Error: ENOENT: no such file or directory, stat 'E:\\frontend\\build\\index.html'","timestamp":"2024-01-05T11:13:58.881Z"}
{"level":"error","message":"Error: ENOENT: no such file or directory, stat 'E:\\frontend\\build\\index.html'","timestamp":"2024-01-05T11:14:11.453Z"}
{"level":"error","message":"Stack trace: Error: ENOENT: no such file or directory, stat 'E:\\frontend\\build\\index.html'","timestamp":"2024-01-05T11:14:11.457Z"}
{"level":"error","message":"Error: Cannot read properties of null (reading 'id')","timestamp":"2024-01-05T11:14:11.669Z"}
{"level":"error","message":"Stack trace: TypeError: Cannot read properties of null (reading 'id')\n    at E:\\Schema draft\\controllers\\auth\\login.js:114:47\n    at E:\\Schema draft\\middlewares\\catchAsyncError.js:2:25\n    at Layer.handle [as handle_request] (E:\\Schema draft\\node_modules\\express\\lib\\router\\layer.js:95:5)\n    at next (E:\\Schema draft\\node_modules\\express\\lib\\router\\route.js:144:13)\n    at E:\\Schema draft\\middlewares\\authenticate.js:16:5\n    at process.processTicksAndRejections (node:internal/process/task_queues:95:5)","timestamp":"2024-01-05T11:14:11.671Z"}
{"level":"error","message":"Error: Cannot read properties of null (reading 'id')","timestamp":"2024-01-05T11:14:11.994Z"}
{"level":"error","message":"Stack trace: TypeError: Cannot read properties of null (reading 'id')\n    at E:\\Schema draft\\controllers\\auth\\login.js:114:47\n    at E:\\Schema draft\\middlewares\\catchAsyncError.js:2:25\n    at Layer.handle [as handle_request] (E:\\Schema draft\\node_modules\\express\\lib\\router\\layer.js:95:5)\n    at next (E:\\Schema draft\\node_modules\\express\\lib\\router\\route.js:144:13)\n    at E:\\Schema draft\\middlewares\\authenticate.js:16:5\n    at process.processTicksAndRejections (node:internal/process/task_queues:95:5)","timestamp":"2024-01-05T11:14:12.007Z"}
{"level":"error","message":"Error: Cannot read properties of null (reading 'id')","timestamp":"2024-01-05T11:15:19.816Z"}
{"level":"error","message":"Stack trace: TypeError: Cannot read properties of null (reading 'id')\n    at E:\\Schema draft\\controllers\\auth\\login.js:114:47\n    at E:\\Schema draft\\middlewares\\catchAsyncError.js:2:25\n    at Layer.handle [as handle_request] (E:\\Schema draft\\node_modules\\express\\lib\\router\\layer.js:95:5)\n    at next (E:\\Schema draft\\node_modules\\express\\lib\\router\\route.js:144:13)\n    at E:\\Schema draft\\middlewares\\authenticate.js:16:5\n    at process.processTicksAndRejections (node:internal/process/task_queues:95:5)","timestamp":"2024-01-05T11:15:19.817Z"}
{"level":"error","message":"Error: Cannot read properties of null (reading 'id')","timestamp":"2024-01-05T11:15:40.285Z"}
{"level":"error","message":"Stack trace: TypeError: Cannot read properties of null (reading 'id')\n    at E:\\Schema draft\\controllers\\auth\\login.js:114:47\n    at E:\\Schema draft\\middlewares\\catchAsyncError.js:2:25\n    at Layer.handle [as handle_request] (E:\\Schema draft\\node_modules\\express\\lib\\router\\layer.js:95:5)\n    at next (E:\\Schema draft\\node_modules\\express\\lib\\router\\route.js:144:13)\n    at E:\\Schema draft\\middlewares\\authenticate.js:16:5\n    at process.processTicksAndRejections (node:internal/process/task_queues:95:5)","timestamp":"2024-01-05T11:15:40.286Z"}
{"level":"error","message":"Error: Cannot read properties of null (reading 'id')","timestamp":"2024-01-05T11:16:35.852Z"}
{"level":"error","message":"Stack trace: TypeError: Cannot read properties of null (reading 'id')\n    at E:\\Schema draft\\controllers\\auth\\login.js:114:47\n    at E:\\Schema draft\\middlewares\\catchAsyncError.js:2:25\n    at Layer.handle [as handle_request] (E:\\Schema draft\\node_modules\\express\\lib\\router\\layer.js:95:5)\n    at next (E:\\Schema draft\\node_modules\\express\\lib\\router\\route.js:144:13)\n    at E:\\Schema draft\\middlewares\\authenticate.js:16:5\n    at process.processTicksAndRejections (node:internal/process/task_queues:95:5)","timestamp":"2024-01-05T11:16:35.854Z"}
{"level":"error","message":"Error: Cannot read properties of null (reading 'id')","timestamp":"2024-01-05T11:16:36.205Z"}
{"level":"error","message":"Stack trace: TypeError: Cannot read properties of null (reading 'id')\n    at E:\\Schema draft\\controllers\\auth\\login.js:114:47\n    at E:\\Schema draft\\middlewares\\catchAsyncError.js:2:25\n    at Layer.handle [as handle_request] (E:\\Schema draft\\node_modules\\express\\lib\\router\\layer.js:95:5)\n    at next (E:\\Schema draft\\node_modules\\express\\lib\\router\\route.js:144:13)\n    at E:\\Schema draft\\middlewares\\authenticate.js:16:5\n    at process.processTicksAndRejections (node:internal/process/task_queues:95:5)","timestamp":"2024-01-05T11:16:36.219Z"}
{"level":"error","message":"Error: Cannot read properties of null (reading '_id')","timestamp":"2024-01-05T11:22:37.333Z"}
{"level":"error","message":"Stack trace: TypeError: Cannot read properties of null (reading '_id')\n    at E:\\Schema draft\\controllers\\auth\\login.js:114:47\n    at E:\\Schema draft\\middlewares\\catchAsyncError.js:2:25\n    at Layer.handle [as handle_request] (E:\\Schema draft\\node_modules\\express\\lib\\router\\layer.js:95:5)\n    at next (E:\\Schema draft\\node_modules\\express\\lib\\router\\route.js:144:13)\n    at E:\\Schema draft\\middlewares\\authenticate.js:16:5\n    at process.processTicksAndRejections (node:internal/process/task_queues:95:5)","timestamp":"2024-01-05T11:22:37.340Z"}
{"level":"error","message":"Error: Cannot read properties of null (reading 'id')","timestamp":"2024-01-05T11:24:28.574Z"}
{"level":"error","message":"Stack trace: TypeError: Cannot read properties of null (reading 'id')\n    at E:\\Schema draft\\controllers\\auth\\login.js:114:47\n    at E:\\Schema draft\\middlewares\\catchAsyncError.js:2:25\n    at Layer.handle [as handle_request] (E:\\Schema draft\\node_modules\\express\\lib\\router\\layer.js:95:5)\n    at next (E:\\Schema draft\\node_modules\\express\\lib\\router\\route.js:144:13)\n    at E:\\Schema draft\\middlewares\\authenticate.js:16:5\n    at process.processTicksAndRejections (node:internal/process/task_queues:95:5)","timestamp":"2024-01-05T11:24:28.579Z"}
{"level":"error","message":"Error: Login first to handle this resource","timestamp":"2024-01-05T11:29:24.062Z"}
{"level":"error","message":"Error: Login first to handle this resource","timestamp":"2024-01-05T11:29:24.067Z"}
{"level":"error","message":"Stack trace: Error: Login first to handle this resource\n    at E:\\Schema draft\\middlewares\\authenticate.js:10:21\n    at E:\\Schema draft\\middlewares\\catchAsyncError.js:2:25\n    at Layer.handle [as handle_request] (E:\\Schema draft\\node_modules\\express\\lib\\router\\layer.js:95:5)\n    at next (E:\\Schema draft\\node_modules\\express\\lib\\router\\route.js:144:13)\n    at Route.dispatch (E:\\Schema draft\\node_modules\\express\\lib\\router\\route.js:114:3)\n    at Layer.handle [as handle_request] (E:\\Schema draft\\node_modules\\express\\lib\\router\\layer.js:95:5)\n    at E:\\Schema draft\\node_modules\\express\\lib\\router\\index.js:284:15\n    at Function.process_params (E:\\Schema draft\\node_modules\\express\\lib\\router\\index.js:346:12)\n    at next (E:\\Schema draft\\node_modules\\express\\lib\\router\\index.js:280:10)\n    at Function.handle (E:\\Schema draft\\node_modules\\express\\lib\\router\\index.js:175:3)","timestamp":"2024-01-05T11:29:24.069Z"}
{"level":"error","message":"Error: No menus found","timestamp":"2024-01-05T12:05:27.056Z"}
{"level":"error","message":"Error: No menus found","timestamp":"2024-01-05T12:05:27.058Z"}
{"level":"error","message":"Stack trace: Error: No menus found\n    at E:\\Schema draft\\controllers\\menu\\getMenus.js:66:30\n    at process.processTicksAndRejections (node:internal/process/task_queues:95:5)","timestamp":"2024-01-05T12:05:27.059Z"}
{"level":"error","message":"Error: Internal Server Error","timestamp":"2024-01-05T12:06:14.801Z"}
{"level":"error","message":"Error: Internal Server Error","timestamp":"2024-01-05T12:06:14.801Z"}
{"level":"error","message":"Stack trace: Error: Internal Server Error\n    at E:\\Schema draft\\controllers\\address\\createAddress.js:81:10\n    at process.processTicksAndRejections (node:internal/process/task_queues:95:5)","timestamp":"2024-01-05T12:06:14.803Z"}
{"level":"error","message":"Error: Internal Server Error","timestamp":"2024-01-05T12:14:04.343Z"}
{"level":"error","message":"Error: Internal Server Error","timestamp":"2024-01-05T12:14:04.344Z"}
{"level":"error","message":"Stack trace: Error: Internal Server Error\n    at E:\\Schema draft\\controllers\\address\\createAddress.js:81:10\n    at process.processTicksAndRejections (node:internal/process/task_queues:95:5)","timestamp":"2024-01-05T12:14:04.345Z"}
{"level":"error","message":"Error: Internal Server Error","timestamp":"2024-01-05T12:42:20.289Z"}
{"level":"error","message":"Error: Internal Server Error","timestamp":"2024-01-05T12:42:20.290Z"}
{"level":"error","message":"Stack trace: Error: Internal Server Error\n    at E:\\Schema draft\\controllers\\address\\createAddress.js:81:10\n    at process.processTicksAndRejections (node:internal/process/task_queues:95:5)","timestamp":"2024-01-05T12:42:20.291Z"}
{"level":"error","message":"Error: Internal Server Error","timestamp":"2024-01-05T12:42:25.540Z"}
{"level":"error","message":"Error: Internal Server Error","timestamp":"2024-01-05T12:42:25.541Z"}
{"level":"error","message":"Stack trace: Error: Internal Server Error\n    at E:\\Schema draft\\controllers\\address\\createAddress.js:81:10\n    at process.processTicksAndRejections (node:internal/process/task_queues:95:5)","timestamp":"2024-01-05T12:42:25.542Z"}
{"level":"error","message":"Error: Internal Server Error","timestamp":"2024-01-05T12:42:28.180Z"}
{"level":"error","message":"Error: Internal Server Error","timestamp":"2024-01-05T12:42:28.182Z"}
{"level":"error","message":"Stack trace: Error: Internal Server Error\n    at E:\\Schema draft\\controllers\\address\\createAddress.js:81:10\n    at process.processTicksAndRejections (node:internal/process/task_queues:95:5)","timestamp":"2024-01-05T12:42:28.184Z"}
{"level":"error","message":"Error: Internal Server Error","timestamp":"2024-01-05T12:42:34.667Z"}
{"level":"error","message":"Error: Internal Server Error","timestamp":"2024-01-05T12:42:34.668Z"}
{"level":"error","message":"Stack trace: Error: Internal Server Error\n    at E:\\Schema draft\\controllers\\address\\createAddress.js:81:10\n    at process.processTicksAndRejections (node:internal/process/task_queues:95:5)","timestamp":"2024-01-05T12:42:34.669Z"}
{"level":"error","message":"Error: Internal Server Error","timestamp":"2024-01-05T12:42:37.456Z"}
{"level":"error","message":"Error: Internal Server Error","timestamp":"2024-01-05T12:42:37.457Z"}
{"level":"error","message":"Stack trace: Error: Internal Server Error\n    at E:\\Schema draft\\controllers\\address\\createAddress.js:81:10\n    at process.processTicksAndRejections (node:internal/process/task_queues:95:5)","timestamp":"2024-01-05T12:42:37.460Z"}
{"level":"error","message":"Error: Internal Server Error","timestamp":"2024-01-05T12:42:42.344Z"}
{"level":"error","message":"Error: Internal Server Error","timestamp":"2024-01-05T12:42:42.346Z"}
{"level":"error","message":"Stack trace: Error: Internal Server Error\n    at E:\\Schema draft\\controllers\\address\\createAddress.js:81:10\n    at process.processTicksAndRejections (node:internal/process/task_queues:95:5)","timestamp":"2024-01-05T12:42:42.348Z"}
{"level":"error","message":"Error: Internal Server Error","timestamp":"2024-01-05T12:53:20.990Z"}
{"level":"error","message":"Error: Internal Server Error","timestamp":"2024-01-05T12:53:20.990Z"}
{"level":"error","message":"Stack trace: Error: Internal Server Error\n    at E:\\Schema draft\\controllers\\address\\createAddress.js:81:10\n    at process.processTicksAndRejections (node:internal/process/task_queues:95:5)","timestamp":"2024-01-05T12:53:20.991Z"}
{"level":"error","message":"Error: Internal Server Error","timestamp":"2024-01-05T13:00:55.585Z"}
{"level":"error","message":"Error: Internal Server Error","timestamp":"2024-01-05T13:00:55.586Z"}
{"level":"error","message":"Stack trace: Error: Internal Server Error\n    at E:\\Schema draft\\controllers\\address\\createAddress.js:81:10\n    at process.processTicksAndRejections (node:internal/process/task_queues:95:5)","timestamp":"2024-01-05T13:00:55.587Z"}
{"level":"error","message":"Error: Internal Server Error","timestamp":"2024-01-05T13:04:56.358Z"}
{"level":"error","message":"Error: Internal Server Error","timestamp":"2024-01-05T13:04:56.359Z"}
{"level":"error","message":"Stack trace: Error: Internal Server Error\n    at E:\\Schema draft\\controllers\\address\\createAddress.js:81:10\n    at process.processTicksAndRejections (node:internal/process/task_queues:95:5)","timestamp":"2024-01-05T13:04:56.359Z"}
{"level":"error","message":"Error: Internal Server Error","timestamp":"2024-01-05T13:07:38.215Z"}
{"level":"error","message":"Error: Internal Server Error","timestamp":"2024-01-05T13:07:38.216Z"}
{"level":"error","message":"Stack trace: Error: Internal Server Error\n    at E:\\Schema draft\\controllers\\address\\createAddress.js:81:10\n    at process.processTicksAndRejections (node:internal/process/task_queues:95:5)","timestamp":"2024-01-05T13:07:38.216Z"}
{"level":"error","message":"Error: Internal Server Error","timestamp":"2024-01-05T13:09:13.437Z"}
{"level":"error","message":"Error: Internal Server Error","timestamp":"2024-01-05T13:09:13.438Z"}
{"level":"error","message":"Stack trace: Error: Internal Server Error\n    at E:\\Schema draft\\controllers\\address\\createAddress.js:81:10\n    at process.processTicksAndRejections (node:internal/process/task_queues:95:5)","timestamp":"2024-01-05T13:09:13.438Z"}
{"level":"error","message":"Error: Internal Server Error","timestamp":"2024-01-05T13:09:23.210Z"}
{"level":"error","message":"Error: Internal Server Error","timestamp":"2024-01-05T13:09:23.212Z"}
{"level":"error","message":"Stack trace: Error: Internal Server Error\n    at E:\\Schema draft\\controllers\\address\\createAddress.js:81:10\n    at process.processTicksAndRejections (node:internal/process/task_queues:95:5)","timestamp":"2024-01-05T13:09:23.213Z"}
{"level":"error","message":"Error: Internal Server Error","timestamp":"2024-01-05T13:10:23.328Z"}
{"level":"error","message":"Error: Internal Server Error","timestamp":"2024-01-05T13:10:23.329Z"}
{"level":"error","message":"Stack trace: Error: Internal Server Error\n    at E:\\Schema draft\\controllers\\address\\createAddress.js:81:10\n    at process.processTicksAndRejections (node:internal/process/task_queues:95:5)","timestamp":"2024-01-05T13:10:23.329Z"}
{"level":"error","message":"Error: Internal Server Error","timestamp":"2024-01-05T13:10:28.778Z"}
{"level":"error","message":"Error: Internal Server Error","timestamp":"2024-01-05T13:10:28.779Z"}
{"level":"error","message":"Stack trace: Error: Internal Server Error\n    at E:\\Schema draft\\controllers\\address\\createAddress.js:81:10\n    at process.processTicksAndRejections (node:internal/process/task_queues:95:5)","timestamp":"2024-01-05T13:10:28.780Z"}
{"level":"error","message":"Error: Internal Server Error","timestamp":"2024-01-05T13:13:22.057Z"}
{"level":"error","message":"Error: Internal Server Error","timestamp":"2024-01-05T13:13:22.058Z"}
{"level":"error","message":"Stack trace: Error: Internal Server Error\n    at E:\\Schema draft\\controllers\\address\\createAddress.js:81:10\n    at process.processTicksAndRejections (node:internal/process/task_queues:95:5)","timestamp":"2024-01-05T13:13:22.058Z"}
{"level":"error","message":"Error: Internal Server Error","timestamp":"2024-01-05T13:13:24.855Z"}
{"level":"error","message":"Error: Internal Server Error","timestamp":"2024-01-05T13:13:24.856Z"}
{"level":"error","message":"Stack trace: Error: Internal Server Error\n    at E:\\Schema draft\\controllers\\address\\createAddress.js:81:10\n    at process.processTicksAndRejections (node:internal/process/task_queues:95:5)","timestamp":"2024-01-05T13:13:24.856Z"}
{"level":"error","message":"Error: Internal Server Error","timestamp":"2024-01-05T13:13:29.566Z"}
{"level":"error","message":"Error: Internal Server Error","timestamp":"2024-01-05T13:13:29.567Z"}
{"level":"error","message":"Stack trace: Error: Internal Server Error\n    at E:\\Schema draft\\controllers\\address\\createAddress.js:81:10\n    at process.processTicksAndRejections (node:internal/process/task_queues:95:5)","timestamp":"2024-01-05T13:13:29.567Z"}
{"level":"error","message":"Error: Internal Server Error","timestamp":"2024-01-05T13:14:36.133Z"}
{"level":"error","message":"Error: Internal Server Error","timestamp":"2024-01-05T13:14:36.134Z"}
{"level":"error","message":"Stack trace: Error: Internal Server Error\n    at E:\\Schema draft\\controllers\\address\\createAddress.js:81:10\n    at process.processTicksAndRejections (node:internal/process/task_queues:95:5)","timestamp":"2024-01-05T13:14:36.134Z"}
{"level":"error","message":"Error: Internal Server Error","timestamp":"2024-01-05T13:14:44.891Z"}
{"level":"error","message":"Error: Internal Server Error","timestamp":"2024-01-05T13:14:44.892Z"}
{"level":"error","message":"Stack trace: Error: Internal Server Error\n    at E:\\Schema draft\\controllers\\address\\createAddress.js:81:10\n    at process.processTicksAndRejections (node:internal/process/task_queues:95:5)","timestamp":"2024-01-05T13:14:44.892Z"}
{"level":"error","message":"Error: Internal Server Error","timestamp":"2024-01-05T13:14:55.106Z"}
{"level":"error","message":"Error: Internal Server Error","timestamp":"2024-01-05T13:14:55.108Z"}
{"level":"error","message":"Stack trace: Error: Internal Server Error\n    at E:\\Schema draft\\controllers\\address\\createAddress.js:81:10\n    at process.processTicksAndRejections (node:internal/process/task_queues:95:5)","timestamp":"2024-01-05T13:14:55.110Z"}
{"level":"error","message":"Error: Internal Server Error","timestamp":"2024-01-05T13:14:57.287Z"}
{"level":"error","message":"Error: Internal Server Error","timestamp":"2024-01-05T13:14:57.287Z"}
{"level":"error","message":"Stack trace: Error: Internal Server Error\n    at E:\\Schema draft\\controllers\\address\\createAddress.js:81:10\n    at process.processTicksAndRejections (node:internal/process/task_queues:95:5)","timestamp":"2024-01-05T13:14:57.288Z"}
{"level":"error","message":"Error: Internal Server Error","timestamp":"2024-01-05T13:15:42.796Z"}
{"level":"error","message":"Error: Internal Server Error","timestamp":"2024-01-05T13:15:42.796Z"}
{"level":"error","message":"Stack trace: Error: Internal Server Error\n    at E:\\Schema draft\\controllers\\address\\createAddress.js:81:10\n    at process.processTicksAndRejections (node:internal/process/task_queues:95:5)","timestamp":"2024-01-05T13:15:42.797Z"}
{"level":"error","message":"Error: Internal Server Error","timestamp":"2024-01-05T13:25:08.644Z"}
{"level":"error","message":"Error: Internal Server Error","timestamp":"2024-01-05T13:25:08.645Z"}
{"level":"error","message":"Stack trace: Error: Internal Server Error\n    at E:\\Schema draft\\controllers\\address\\createAddress.js:81:10\n    at process.processTicksAndRejections (node:internal/process/task_queues:95:5)","timestamp":"2024-01-05T13:25:08.646Z"}
{"level":"error","message":"Error: User not found","timestamp":"2024-01-05T13:46:06.372Z"}
{"level":"error","message":"Error: User not found","timestamp":"2024-01-05T13:46:06.376Z"}
{"level":"error","message":"Stack trace: Error: User not found\n    at E:\\Schema draft\\controllers\\auth\\forgotPassword.js:10:25\n    at process.processTicksAndRejections (node:internal/process/task_queues:95:5)","timestamp":"2024-01-05T13:46:06.377Z"}
{"level":"error","message":"Error: Login first to handle this resource","timestamp":"2024-01-05T13:46:12.652Z"}
{"level":"error","message":"Error: Login first to handle this resource","timestamp":"2024-01-05T13:46:12.652Z"}
{"level":"error","message":"Stack trace: Error: Login first to handle this resource\n    at E:\\Schema draft\\middlewares\\authenticate.js:10:21\n    at E:\\Schema draft\\middlewares\\catchAsyncError.js:2:25\n    at Layer.handle [as handle_request] (E:\\Schema draft\\node_modules\\express\\lib\\router\\layer.js:95:5)\n    at next (E:\\Schema draft\\node_modules\\express\\lib\\router\\route.js:144:13)\n    at Route.dispatch (E:\\Schema draft\\node_modules\\express\\lib\\router\\route.js:114:3)\n    at Layer.handle [as handle_request] (E:\\Schema draft\\node_modules\\express\\lib\\router\\layer.js:95:5)\n    at E:\\Schema draft\\node_modules\\express\\lib\\router\\index.js:284:15\n    at Function.process_params (E:\\Schema draft\\node_modules\\express\\lib\\router\\index.js:346:12)\n    at next (E:\\Schema draft\\node_modules\\express\\lib\\router\\index.js:280:10)\n    at Function.handle (E:\\Schema draft\\node_modules\\express\\lib\\router\\index.js:175:3)","timestamp":"2024-01-05T13:46:12.653Z"}
{"level":"error","message":"Error: Login first to handle this resource","timestamp":"2024-01-05T14:00:36.837Z"}
{"level":"error","message":"Error: Login first to handle this resource","timestamp":"2024-01-05T14:00:36.839Z"}
{"level":"error","message":"Stack trace: Error: Login first to handle this resource\n    at E:\\Schema draft\\middlewares\\authenticate.js:10:21\n    at E:\\Schema draft\\middlewares\\catchAsyncError.js:2:25\n    at Layer.handle [as handle_request] (E:\\Schema draft\\node_modules\\express\\lib\\router\\layer.js:95:5)\n    at next (E:\\Schema draft\\node_modules\\express\\lib\\router\\route.js:144:13)\n    at Route.dispatch (E:\\Schema draft\\node_modules\\express\\lib\\router\\route.js:114:3)\n    at Layer.handle [as handle_request] (E:\\Schema draft\\node_modules\\express\\lib\\router\\layer.js:95:5)\n    at E:\\Schema draft\\node_modules\\express\\lib\\router\\index.js:284:15\n    at Function.process_params (E:\\Schema draft\\node_modules\\express\\lib\\router\\index.js:346:12)\n    at next (E:\\Schema draft\\node_modules\\express\\lib\\router\\index.js:280:10)\n    at Function.handle (E:\\Schema draft\\node_modules\\express\\lib\\router\\index.js:175:3)","timestamp":"2024-01-05T14:00:36.840Z"}
{"level":"error","message":"Error: Login first to handle this resource","timestamp":"2024-01-05T14:03:21.094Z"}
{"level":"error","message":"Error: Login first to handle this resource","timestamp":"2024-01-05T14:03:21.100Z"}
{"level":"error","message":"Stack trace: Error: Login first to handle this resource\n    at E:\\Schema draft\\middlewares\\authenticate.js:10:21\n    at E:\\Schema draft\\middlewares\\catchAsyncError.js:2:25\n    at Layer.handle [as handle_request] (E:\\Schema draft\\node_modules\\express\\lib\\router\\layer.js:95:5)\n    at next (E:\\Schema draft\\node_modules\\express\\lib\\router\\route.js:144:13)\n    at Route.dispatch (E:\\Schema draft\\node_modules\\express\\lib\\router\\route.js:114:3)\n    at Layer.handle [as handle_request] (E:\\Schema draft\\node_modules\\express\\lib\\router\\layer.js:95:5)\n    at E:\\Schema draft\\node_modules\\express\\lib\\router\\index.js:284:15\n    at Function.process_params (E:\\Schema draft\\node_modules\\express\\lib\\router\\index.js:346:12)\n    at next (E:\\Schema draft\\node_modules\\express\\lib\\router\\index.js:280:10)\n    at Function.handle (E:\\Schema draft\\node_modules\\express\\lib\\router\\index.js:175:3)","timestamp":"2024-01-05T14:03:21.100Z"}
{"level":"error","message":"Error: Login first to handle this resource","timestamp":"2024-01-05T14:03:57.368Z"}
{"level":"error","message":"Error: Login first to handle this resource","timestamp":"2024-01-05T14:03:57.369Z"}
{"level":"error","message":"Stack trace: Error: Login first to handle this resource\n    at E:\\Schema draft\\middlewares\\authenticate.js:10:21\n    at E:\\Schema draft\\middlewares\\catchAsyncError.js:2:25\n    at Layer.handle [as handle_request] (E:\\Schema draft\\node_modules\\express\\lib\\router\\layer.js:95:5)\n    at next (E:\\Schema draft\\node_modules\\express\\lib\\router\\route.js:144:13)\n    at Route.dispatch (E:\\Schema draft\\node_modules\\express\\lib\\router\\route.js:114:3)\n    at Layer.handle [as handle_request] (E:\\Schema draft\\node_modules\\express\\lib\\router\\layer.js:95:5)\n    at E:\\Schema draft\\node_modules\\express\\lib\\router\\index.js:284:15\n    at Function.process_params (E:\\Schema draft\\node_modules\\express\\lib\\router\\index.js:346:12)\n    at next (E:\\Schema draft\\node_modules\\express\\lib\\router\\index.js:280:10)\n    at Function.handle (E:\\Schema draft\\node_modules\\express\\lib\\router\\index.js:175:3)","timestamp":"2024-01-05T14:03:57.369Z"}
{"level":"error","message":"Error: Login first to handle this resource","timestamp":"2024-01-05T14:05:17.896Z"}
{"level":"error","message":"Error: Login first to handle this resource","timestamp":"2024-01-05T14:05:17.897Z"}
{"level":"error","message":"Stack trace: Error: Login first to handle this resource\n    at E:\\Schema draft\\middlewares\\authenticate.js:10:21\n    at E:\\Schema draft\\middlewares\\catchAsyncError.js:2:25\n    at Layer.handle [as handle_request] (E:\\Schema draft\\node_modules\\express\\lib\\router\\layer.js:95:5)\n    at next (E:\\Schema draft\\node_modules\\express\\lib\\router\\route.js:144:13)\n    at Route.dispatch (E:\\Schema draft\\node_modules\\express\\lib\\router\\route.js:114:3)\n    at Layer.handle [as handle_request] (E:\\Schema draft\\node_modules\\express\\lib\\router\\layer.js:95:5)\n    at E:\\Schema draft\\node_modules\\express\\lib\\router\\index.js:284:15\n    at Function.process_params (E:\\Schema draft\\node_modules\\express\\lib\\router\\index.js:346:12)\n    at next (E:\\Schema draft\\node_modules\\express\\lib\\router\\index.js:280:10)\n    at Function.handle (E:\\Schema draft\\node_modules\\express\\lib\\router\\index.js:175:3)","timestamp":"2024-01-05T14:05:17.898Z"}
{"level":"error","message":"Error: Login first to handle this resource","timestamp":"2024-01-05T14:10:40.545Z"}
{"level":"error","message":"Error: Login first to handle this resource","timestamp":"2024-01-05T14:10:40.556Z"}
{"level":"error","message":"Stack trace: Error: Login first to handle this resource\n    at E:\\Schema draft\\middlewares\\authenticate.js:10:21\n    at E:\\Schema draft\\middlewares\\catchAsyncError.js:2:25\n    at Layer.handle [as handle_request] (E:\\Schema draft\\node_modules\\express\\lib\\router\\layer.js:95:5)\n    at next (E:\\Schema draft\\node_modules\\express\\lib\\router\\route.js:144:13)\n    at Route.dispatch (E:\\Schema draft\\node_modules\\express\\lib\\router\\route.js:114:3)\n    at Layer.handle [as handle_request] (E:\\Schema draft\\node_modules\\express\\lib\\router\\layer.js:95:5)\n    at E:\\Schema draft\\node_modules\\express\\lib\\router\\index.js:284:15\n    at Function.process_params (E:\\Schema draft\\node_modules\\express\\lib\\router\\index.js:346:12)\n    at next (E:\\Schema draft\\node_modules\\express\\lib\\router\\index.js:280:10)\n    at Function.handle (E:\\Schema draft\\node_modules\\express\\lib\\router\\index.js:175:3)","timestamp":"2024-01-05T14:10:40.556Z"}
