{"level":"error","message":"Error: Cast to date failed for value \"Invalid Date\" (type Date) at path \"createdAt\" for model \"Order\"","timestamp":"2023-12-26T08:23:18.018Z"}
{"level":"error","message":"Error: Cast to date failed for value \"Invalid Date\" (type Date) at path \"createdAt\" for model \"Order\"","timestamp":"2023-12-26T08:23:18.036Z"}
{"level":"error","message":"Stack trace: Error: Cast to date failed for value \"Invalid Date\" (type Date) at path \"createdAt\" for model \"Order\"\n    at E:\\Schema draft\\controllers\\order\\order.js:208:14\n    at process.processTicksAndRejections (node:internal/process/task_queues:95:5)","timestamp":"2023-12-26T08:23:18.062Z"}
{"level":"error","message":"Error: Cast to date failed for value \"Invalid Date\" (type Date) at path \"createdAt\" for model \"Order\"","timestamp":"2023-12-26T08:27:10.989Z"}
{"level":"error","message":"Error: Cast to date failed for value \"Invalid Date\" (type Date) at path \"createdAt\" for model \"Order\"","timestamp":"2023-12-26T08:27:11.095Z"}
{"level":"error","message":"Stack trace: Error: Cast to date failed for value \"Invalid Date\" (type Date) at path \"createdAt\" for model \"Order\"\n    at E:\\Schema draft\\controllers\\order\\order.js:208:14\n    at process.processTicksAndRejections (node:internal/process/task_queues:95:5)","timestamp":"2023-12-26T08:27:11.103Z"}
{"level":"error","message":"Error: Cast to date failed for value \"Invalid Date\" (type Date) at path \"createdAt\" for model \"Order\"","timestamp":"2023-12-26T08:27:15.569Z"}
{"level":"error","message":"Error: Cast to date failed for value \"Invalid Date\" (type Date) at path \"createdAt\" for model \"Order\"","timestamp":"2023-12-26T08:27:15.571Z"}
{"level":"error","message":"Stack trace: Error: Cast to date failed for value \"Invalid Date\" (type Date) at path \"createdAt\" for model \"Order\"\n    at E:\\Schema draft\\controllers\\order\\order.js:208:14\n    at process.processTicksAndRejections (node:internal/process/task_queues:95:5)","timestamp":"2023-12-26T08:27:15.573Z"}
{"level":"error","message":"Error: Cast to date failed for value \"Invalid Date\" (type Date) at path \"createdAt\" for model \"Order\"","timestamp":"2023-12-26T08:27:18.266Z"}
{"level":"error","message":"Error: Cast to date failed for value \"Invalid Date\" (type Date) at path \"createdAt\" for model \"Order\"","timestamp":"2023-12-26T08:27:18.270Z"}
{"level":"error","message":"Stack trace: Error: Cast to date failed for value \"Invalid Date\" (type Date) at path \"createdAt\" for model \"Order\"\n    at E:\\Schema draft\\controllers\\order\\order.js:208:14\n    at process.processTicksAndRejections (node:internal/process/task_queues:95:5)","timestamp":"2023-12-26T08:27:18.271Z"}
{"level":"error","message":"Error: Cast to date failed for value \"Invalid Date\" (type Date) at path \"createdAt\" for model \"Order\"","timestamp":"2023-12-26T08:27:41.359Z"}
{"level":"error","message":"Error: Cast to date failed for value \"Invalid Date\" (type Date) at path \"createdAt\" for model \"Order\"","timestamp":"2023-12-26T08:27:41.360Z"}
{"level":"error","message":"Stack trace: Error: Cast to date failed for value \"Invalid Date\" (type Date) at path \"createdAt\" for model \"Order\"\n    at E:\\Schema draft\\controllers\\order\\order.js:208:14\n    at process.processTicksAndRejections (node:internal/process/task_queues:95:5)","timestamp":"2023-12-26T08:27:41.361Z"}
{"level":"error","message":"Error: Cast to date failed for value \"Invalid Date\" (type Date) at path \"createdAt\" for model \"Order\"","timestamp":"2023-12-26T08:27:51.358Z"}
{"level":"error","message":"Error: Cast to date failed for value \"Invalid Date\" (type Date) at path \"createdAt\" for model \"Order\"","timestamp":"2023-12-26T08:27:51.359Z"}
{"level":"error","message":"Stack trace: Error: Cast to date failed for value \"Invalid Date\" (type Date) at path \"createdAt\" for model \"Order\"\n    at E:\\Schema draft\\controllers\\order\\order.js:208:14\n    at process.processTicksAndRejections (node:internal/process/task_queues:95:5)","timestamp":"2023-12-26T08:27:51.360Z"}
{"level":"error","message":"Error: Cast to date failed for value \"Invalid Date\" (type Date) at path \"createdAt\" for model \"Order\"","timestamp":"2023-12-26T08:28:08.796Z"}
{"level":"error","message":"Error: Cast to date failed for value \"Invalid Date\" (type Date) at path \"createdAt\" for model \"Order\"","timestamp":"2023-12-26T08:28:08.801Z"}
{"level":"error","message":"Stack trace: Error: Cast to date failed for value \"Invalid Date\" (type Date) at path \"createdAt\" for model \"Order\"\n    at E:\\Schema draft\\controllers\\order\\order.js:208:14\n    at process.processTicksAndRejections (node:internal/process/task_queues:95:5)","timestamp":"2023-12-26T08:28:08.802Z"}
{"level":"error","message":"Error: Cast to date failed for value \"Invalid Date\" (type Date) at path \"createdAt\" for model \"Order\"","timestamp":"2023-12-26T08:28:14.353Z"}
{"level":"error","message":"Error: Cast to date failed for value \"Invalid Date\" (type Date) at path \"createdAt\" for model \"Order\"","timestamp":"2023-12-26T08:28:14.354Z"}
{"level":"error","message":"Stack trace: Error: Cast to date failed for value \"Invalid Date\" (type Date) at path \"createdAt\" for model \"Order\"\n    at E:\\Schema draft\\controllers\\order\\order.js:208:14\n    at process.processTicksAndRejections (node:internal/process/task_queues:95:5)","timestamp":"2023-12-26T08:28:14.356Z"}
{"level":"error","message":"Error: Cast to date failed for value \"Invalid Date\" (type Date) at path \"createdAt\" for model \"Order\"","timestamp":"2023-12-26T09:26:22.463Z"}
{"level":"error","message":"Error: Cast to date failed for value \"Invalid Date\" (type Date) at path \"createdAt\" for model \"Order\"","timestamp":"2023-12-26T09:26:22.470Z"}
{"level":"error","message":"Stack trace: Error: Cast to date failed for value \"Invalid Date\" (type Date) at path \"createdAt\" for model \"Order\"\n    at E:\\Schema draft\\controllers\\order\\order.js:207:14\n    at process.processTicksAndRejections (node:internal/process/task_queues:95:5)","timestamp":"2023-12-26T09:26:22.472Z"}
{"level":"error","message":"Error: ENOENT: no such file or directory, stat 'E:\\frontend\\build\\index.html'","timestamp":"2023-12-26T10:21:09.367Z"}
{"level":"error","message":"Stack trace: Error: ENOENT: no such file or directory, stat 'E:\\frontend\\build\\index.html'","timestamp":"2023-12-26T10:21:09.370Z"}
{"level":"error","message":"Error: ENOENT: no such file or directory, stat 'E:\\frontend\\build\\index.html'","timestamp":"2023-12-26T10:38:40.446Z"}
{"level":"error","message":"Stack trace: Error: ENOENT: no such file or directory, stat 'E:\\frontend\\build\\index.html'","timestamp":"2023-12-26T10:38:40.449Z"}
{"level":"error","message":"Error: orderHistory is not defined","timestamp":"2023-12-26T10:39:06.861Z"}
{"level":"error","message":"Stack trace: ReferenceError: orderHistory is not defined\n    at E:\\Schema draft\\controllers\\order\\order.js:209:28\n    at E:\\Schema draft\\middlewares\\catchAsyncError.js:2:25\n    at Layer.handle [as handle_request] (E:\\Schema draft\\node_modules\\express\\lib\\router\\layer.js:95:5)\n    at next (E:\\Schema draft\\node_modules\\express\\lib\\router\\route.js:144:13)\n    at Route.dispatch (E:\\Schema draft\\node_modules\\express\\lib\\router\\route.js:114:3)\n    at Layer.handle [as handle_request] (E:\\Schema draft\\node_modules\\express\\lib\\router\\layer.js:95:5)\n    at E:\\Schema draft\\node_modules\\express\\lib\\router\\index.js:284:15\n    at Function.process_params (E:\\Schema draft\\node_modules\\express\\lib\\router\\index.js:346:12)\n    at next (E:\\Schema draft\\node_modules\\express\\lib\\router\\index.js:280:10)\n    at Function.handle (E:\\Schema draft\\node_modules\\express\\lib\\router\\index.js:175:3)","timestamp":"2023-12-26T10:39:06.863Z"}
{"level":"error","message":"Error: Order.filter is not a function","timestamp":"2023-12-26T10:39:55.827Z"}
{"level":"error","message":"Stack trace: TypeError: Order.filter is not a function\n    at E:\\Schema draft\\controllers\\order\\order.js:209:34\n    at E:\\Schema draft\\middlewares\\catchAsyncError.js:2:25\n    at Layer.handle [as handle_request] (E:\\Schema draft\\node_modules\\express\\lib\\router\\layer.js:95:5)\n    at next (E:\\Schema draft\\node_modules\\express\\lib\\router\\route.js:144:13)\n    at Route.dispatch (E:\\Schema draft\\node_modules\\express\\lib\\router\\route.js:114:3)\n    at Layer.handle [as handle_request] (E:\\Schema draft\\node_modules\\express\\lib\\router\\layer.js:95:5)\n    at E:\\Schema draft\\node_modules\\express\\lib\\router\\index.js:284:15\n    at Function.process_params (E:\\Schema draft\\node_modules\\express\\lib\\router\\index.js:346:12)\n    at next (E:\\Schema draft\\node_modules\\express\\lib\\router\\index.js:280:10)\n    at Function.handle (E:\\Schema draft\\node_modules\\express\\lib\\router\\index.js:175:3)","timestamp":"2023-12-26T10:39:55.830Z"}
{"level":"error","message":"Error: Model.find() no longer accepts a callback","timestamp":"2023-12-26T10:40:15.768Z"}
{"level":"error","message":"Stack trace: MongooseError: Model.find() no longer accepts a callback\n    at Function.find (E:\\Schema draft\\node_modules\\mongoose\\lib\\model.js:2100:11)\n    at E:\\Schema draft\\controllers\\order\\order.js:209:34\n    at E:\\Schema draft\\middlewares\\catchAsyncError.js:2:25\n    at Layer.handle [as handle_request] (E:\\Schema draft\\node_modules\\express\\lib\\router\\layer.js:95:5)\n    at next (E:\\Schema draft\\node_modules\\express\\lib\\router\\route.js:144:13)\n    at Route.dispatch (E:\\Schema draft\\node_modules\\express\\lib\\router\\route.js:114:3)\n    at Layer.handle [as handle_request] (E:\\Schema draft\\node_modules\\express\\lib\\router\\layer.js:95:5)\n    at E:\\Schema draft\\node_modules\\express\\lib\\router\\index.js:284:15\n    at Function.process_params (E:\\Schema draft\\node_modules\\express\\lib\\router\\index.js:346:12)\n    at next (E:\\Schema draft\\node_modules\\express\\lib\\router\\index.js:280:10)","timestamp":"2023-12-26T10:40:15.772Z"}
