{"level":"error","message":"Error: Internal Server Error","timestamp":"2023-12-09T19:01:14.268Z"}
{"level":"error","message":"Error: Internal Server Error","timestamp":"2023-12-09T19:01:14.273Z"}
{"level":"error","message":"Stack trace: Error: Internal Server Error\n    at E:\\Schema draft\\controllers\\auth\\register.js:60:14\n    at process.processTicksAndRejections (node:internal/process/task_queues:95:5)","timestamp":"2023-12-09T19:01:14.274Z"}
{"level":"error","message":"Error: Internal Server Error","timestamp":"2023-12-09T19:02:46.220Z"}
{"level":"error","message":"Error: Internal Server Error","timestamp":"2023-12-09T19:02:46.222Z"}
{"level":"error","message":"Stack trace: Error: Internal Server Error\n    at E:\\Schema draft\\controllers\\auth\\register.js:60:14\n    at process.processTicksAndRejections (node:internal/process/task_queues:95:5)","timestamp":"2023-12-09T19:02:46.223Z"}
{"level":"error","message":"Error: Internal Server Error","timestamp":"2023-12-09T19:03:07.888Z"}
{"level":"error","message":"Error: Internal Server Error","timestamp":"2023-12-09T19:03:07.892Z"}
{"level":"error","message":"Stack trace: Error: Internal Server Error\n    at E:\\Schema draft\\controllers\\auth\\register.js:60:14\n    at process.processTicksAndRejections (node:internal/process/task_queues:95:5)","timestamp":"2023-12-09T19:03:07.893Z"}
{"level":"error","message":"Error: Internal Server Error","timestamp":"2023-12-09T19:05:01.689Z"}
{"level":"error","message":"Error: Internal Server Error","timestamp":"2023-12-09T19:05:01.692Z"}
{"level":"error","message":"Stack trace: Error: Internal Server Error\n    at E:\\Schema draft\\controllers\\auth\\register.js:60:14\n    at process.processTicksAndRejections (node:internal/process/task_queues:95:5)","timestamp":"2023-12-09T19:05:01.693Z"}
{"level":"error","message":"Error: Internal Server Error","timestamp":"2023-12-09T19:06:53.894Z"}
{"level":"error","message":"Error: Internal Server Error","timestamp":"2023-12-09T19:06:53.897Z"}
{"level":"error","message":"Stack trace: Error: Internal Server Error\n    at E:\\Schema draft\\controllers\\auth\\register.js:104:14\n    at process.processTicksAndRejections (node:internal/process/task_queues:95:5)","timestamp":"2023-12-09T19:06:53.897Z"}
{"level":"error","message":"Error: Email address is already registered","timestamp":"2023-12-09T19:12:35.489Z"}
{"level":"error","message":"Error: Email address is already registered","timestamp":"2023-12-09T19:12:35.493Z"}
{"level":"error","message":"Stack trace: Error: Email address is already registered\n    at E:\\Schema draft\\controllers\\auth\\register.js:69:25\n    at process.processTicksAndRejections (node:internal/process/task_queues:95:5)","timestamp":"2023-12-09T19:12:35.494Z"}
{"level":"error","message":"Error: ENOENT: no such file or directory, stat 'E:\\frontend\\build\\index.html'","timestamp":"2023-12-09T19:21:25.169Z"}
{"level":"error","message":"Stack trace: Error: ENOENT: no such file or directory, stat 'E:\\frontend\\build\\index.html'","timestamp":"2023-12-09T19:21:25.173Z"}
{"level":"error","message":"Error: Internal Server Error","timestamp":"2023-12-09T19:34:19.435Z"}
{"level":"error","message":"Error: Internal Server Error","timestamp":"2023-12-09T19:34:19.441Z"}
{"level":"error","message":"Stack trace: Error: Internal Server Error\n    at E:\\Schema draft\\controllers\\auth\\register.js:124:14\n    at process.processTicksAndRejections (node:internal/process/task_queues:95:5)","timestamp":"2023-12-09T19:34:19.444Z"}
{"level":"error","message":"Error: Internal Server Error","timestamp":"2023-12-09T19:34:29.601Z"}
{"level":"error","message":"Error: Internal Server Error","timestamp":"2023-12-09T19:34:29.604Z"}
{"level":"error","message":"Stack trace: Error: Internal Server Error\n    at E:\\Schema draft\\controllers\\auth\\register.js:124:14\n    at process.processTicksAndRejections (node:internal/process/task_queues:95:5)","timestamp":"2023-12-09T19:34:29.605Z"}
{"level":"error","message":"Error: Internal Server Error","timestamp":"2023-12-09T19:36:45.721Z"}
{"level":"error","message":"Error: Internal Server Error","timestamp":"2023-12-09T19:36:45.724Z"}
{"level":"error","message":"Stack trace: Error: Internal Server Error\n    at E:\\Schema draft\\controllers\\auth\\register.js:124:14\n    at process.processTicksAndRejections (node:internal/process/task_queues:95:5)","timestamp":"2023-12-09T19:36:45.725Z"}
{"level":"error","message":"Error: Internal Server Error","timestamp":"2023-12-09T19:37:07.060Z"}
{"level":"error","message":"Error: Internal Server Error","timestamp":"2023-12-09T19:37:07.063Z"}
{"level":"error","message":"Stack trace: Error: Internal Server Error\n    at E:\\Schema draft\\controllers\\auth\\register.js:124:14\n    at process.processTicksAndRejections (node:internal/process/task_queues:95:5)","timestamp":"2023-12-09T19:37:07.064Z"}
{"level":"error","message":"Error: ENOENT: no such file or directory, stat 'E:\\frontend\\build\\index.html'","timestamp":"2023-12-09T19:52:44.118Z"}
{"level":"error","message":"Stack trace: Error: ENOENT: no such file or directory, stat 'E:\\frontend\\build\\index.html'","timestamp":"2023-12-09T19:52:44.124Z"}
{"level":"error","message":"Error: ENOENT: no such file or directory, stat 'E:\\frontend\\build\\index.html'","timestamp":"2023-12-09T19:52:44.487Z"}
{"level":"error","message":"Stack trace: Error: ENOENT: no such file or directory, stat 'E:\\frontend\\build\\index.html'","timestamp":"2023-12-09T19:52:44.488Z"}
{"level":"error","message":"Error: Cannot read properties of null (reading 'id')","timestamp":"2023-12-09T20:11:35.277Z"}
{"level":"error","message":"Stack trace: TypeError: Cannot read properties of null (reading 'id')\n    at E:\\Schema draft\\controllers\\auth\\login.js:110:47\n    at E:\\Schema draft\\middlewares\\catchAsyncError.js:2:25\n    at Layer.handle [as handle_request] (E:\\Schema draft\\node_modules\\express\\lib\\router\\layer.js:95:5)\n    at next (E:\\Schema draft\\node_modules\\express\\lib\\router\\route.js:144:13)\n    at E:\\Schema draft\\middlewares\\authenticate.js:16:5\n    at process.processTicksAndRejections (node:internal/process/task_queues:95:5)","timestamp":"2023-12-09T20:11:35.288Z"}
{"level":"error","message":"Error: Internal Server Error","timestamp":"2023-12-09T20:12:49.927Z"}
{"level":"error","message":"Error: Internal Server Error","timestamp":"2023-12-09T20:12:49.928Z"}
{"level":"error","message":"Stack trace: Error: Internal Server Error\n    at E:\\Schema draft\\controllers\\auth\\register.js:128:14\n    at process.processTicksAndRejections (node:internal/process/task_queues:95:5)","timestamp":"2023-12-09T20:12:49.929Z"}
{"level":"error","message":"Error: Login first to handle this resource","timestamp":"2023-12-10T14:23:13.269Z"}
{"level":"error","message":"Error: Login first to handle this resource","timestamp":"2023-12-10T14:23:13.272Z"}
{"level":"error","message":"Stack trace: Error: Login first to handle this resource\n    at E:\\Schema draft\\middlewares\\authenticate.js:10:21\n    at E:\\Schema draft\\middlewares\\catchAsyncError.js:2:25\n    at Layer.handle [as handle_request] (E:\\Schema draft\\node_modules\\express\\lib\\router\\layer.js:95:5)\n    at next (E:\\Schema draft\\node_modules\\express\\lib\\router\\route.js:144:13)\n    at Route.dispatch (E:\\Schema draft\\node_modules\\express\\lib\\router\\route.js:114:3)\n    at Layer.handle [as handle_request] (E:\\Schema draft\\node_modules\\express\\lib\\router\\layer.js:95:5)\n    at E:\\Schema draft\\node_modules\\express\\lib\\router\\index.js:284:15\n    at Function.process_params (E:\\Schema draft\\node_modules\\express\\lib\\router\\index.js:346:12)\n    at next (E:\\Schema draft\\node_modules\\express\\lib\\router\\index.js:280:10)\n    at Function.handle (E:\\Schema draft\\node_modules\\express\\lib\\router\\index.js:175:3)","timestamp":"2023-12-10T14:23:13.273Z"}
{"level":"error","message":"Error: Login first to handle this resource","timestamp":"2023-12-10T15:00:57.048Z"}
{"level":"error","message":"Error: Login first to handle this resource","timestamp":"2023-12-10T15:00:57.050Z"}
{"level":"error","message":"Stack trace: Error: Login first to handle this resource\n    at E:\\Schema draft\\middlewares\\authenticate.js:10:21\n    at E:\\Schema draft\\middlewares\\catchAsyncError.js:2:25\n    at Layer.handle [as handle_request] (E:\\Schema draft\\node_modules\\express\\lib\\router\\layer.js:95:5)\n    at next (E:\\Schema draft\\node_modules\\express\\lib\\router\\route.js:144:13)\n    at Route.dispatch (E:\\Schema draft\\node_modules\\express\\lib\\router\\route.js:114:3)\n    at Layer.handle [as handle_request] (E:\\Schema draft\\node_modules\\express\\lib\\router\\layer.js:95:5)\n    at E:\\Schema draft\\node_modules\\express\\lib\\router\\index.js:284:15\n    at Function.process_params (E:\\Schema draft\\node_modules\\express\\lib\\router\\index.js:346:12)\n    at next (E:\\Schema draft\\node_modules\\express\\lib\\router\\index.js:280:10)\n    at Function.handle (E:\\Schema draft\\node_modules\\express\\lib\\router\\index.js:175:3)","timestamp":"2023-12-10T15:00:57.051Z"}
{"level":"error","message":"Error: Login first to handle this resource","timestamp":"2023-12-10T15:01:01.105Z"}
{"level":"error","message":"Error: Login first to handle this resource","timestamp":"2023-12-10T15:01:01.105Z"}
{"level":"error","message":"Stack trace: Error: Login first to handle this resource\n    at E:\\Schema draft\\middlewares\\authenticate.js:10:21\n    at E:\\Schema draft\\middlewares\\catchAsyncError.js:2:25\n    at Layer.handle [as handle_request] (E:\\Schema draft\\node_modules\\express\\lib\\router\\layer.js:95:5)\n    at next (E:\\Schema draft\\node_modules\\express\\lib\\router\\route.js:144:13)\n    at Route.dispatch (E:\\Schema draft\\node_modules\\express\\lib\\router\\route.js:114:3)\n    at Layer.handle [as handle_request] (E:\\Schema draft\\node_modules\\express\\lib\\router\\layer.js:95:5)\n    at E:\\Schema draft\\node_modules\\express\\lib\\router\\index.js:284:15\n    at Function.process_params (E:\\Schema draft\\node_modules\\express\\lib\\router\\index.js:346:12)\n    at next (E:\\Schema draft\\node_modules\\express\\lib\\router\\index.js:280:10)\n    at Function.handle (E:\\Schema draft\\node_modules\\express\\lib\\router\\index.js:175:3)","timestamp":"2023-12-10T15:01:01.106Z"}
{"level":"error","message":"Error: Login first to handle this resource","timestamp":"2023-12-10T15:02:25.653Z"}
{"level":"error","message":"Error: Login first to handle this resource","timestamp":"2023-12-10T15:02:25.718Z"}
{"level":"error","message":"Stack trace: Error: Login first to handle this resource\n    at E:\\Schema draft\\middlewares\\authenticate.js:10:21\n    at E:\\Schema draft\\middlewares\\catchAsyncError.js:2:25\n    at Layer.handle [as handle_request] (E:\\Schema draft\\node_modules\\express\\lib\\router\\layer.js:95:5)\n    at next (E:\\Schema draft\\node_modules\\express\\lib\\router\\route.js:144:13)\n    at Route.dispatch (E:\\Schema draft\\node_modules\\express\\lib\\router\\route.js:114:3)\n    at Layer.handle [as handle_request] (E:\\Schema draft\\node_modules\\express\\lib\\router\\layer.js:95:5)\n    at E:\\Schema draft\\node_modules\\express\\lib\\router\\index.js:284:15\n    at Function.process_params (E:\\Schema draft\\node_modules\\express\\lib\\router\\index.js:346:12)\n    at next (E:\\Schema draft\\node_modules\\express\\lib\\router\\index.js:280:10)\n    at Function.handle (E:\\Schema draft\\node_modules\\express\\lib\\router\\index.js:175:3)","timestamp":"2023-12-10T15:02:25.719Z"}
{"level":"error","message":"Error: Login first to handle this resource","timestamp":"2023-12-10T15:02:34.997Z"}
{"level":"error","message":"Error: Login first to handle this resource","timestamp":"2023-12-10T15:02:35.030Z"}
{"level":"error","message":"Stack trace: Error: Login first to handle this resource\n    at E:\\Schema draft\\middlewares\\authenticate.js:10:21\n    at E:\\Schema draft\\middlewares\\catchAsyncError.js:2:25\n    at Layer.handle [as handle_request] (E:\\Schema draft\\node_modules\\express\\lib\\router\\layer.js:95:5)\n    at next (E:\\Schema draft\\node_modules\\express\\lib\\router\\route.js:144:13)\n    at Route.dispatch (E:\\Schema draft\\node_modules\\express\\lib\\router\\route.js:114:3)\n    at Layer.handle [as handle_request] (E:\\Schema draft\\node_modules\\express\\lib\\router\\layer.js:95:5)\n    at E:\\Schema draft\\node_modules\\express\\lib\\router\\index.js:284:15\n    at Function.process_params (E:\\Schema draft\\node_modules\\express\\lib\\router\\index.js:346:12)\n    at next (E:\\Schema draft\\node_modules\\express\\lib\\router\\index.js:280:10)\n    at Function.handle (E:\\Schema draft\\node_modules\\express\\lib\\router\\index.js:175:3)","timestamp":"2023-12-10T15:02:35.032Z"}
{"level":"error","message":"Error: Login first to handle this resource","timestamp":"2023-12-10T15:03:13.076Z"}
{"level":"error","message":"Error: Login first to handle this resource","timestamp":"2023-12-10T15:03:13.076Z"}
{"level":"error","message":"Stack trace: Error: Login first to handle this resource\n    at E:\\Schema draft\\middlewares\\authenticate.js:10:21\n    at E:\\Schema draft\\middlewares\\catchAsyncError.js:2:25\n    at Layer.handle [as handle_request] (E:\\Schema draft\\node_modules\\express\\lib\\router\\layer.js:95:5)\n    at next (E:\\Schema draft\\node_modules\\express\\lib\\router\\route.js:144:13)\n    at Route.dispatch (E:\\Schema draft\\node_modules\\express\\lib\\router\\route.js:114:3)\n    at Layer.handle [as handle_request] (E:\\Schema draft\\node_modules\\express\\lib\\router\\layer.js:95:5)\n    at E:\\Schema draft\\node_modules\\express\\lib\\router\\index.js:284:15\n    at Function.process_params (E:\\Schema draft\\node_modules\\express\\lib\\router\\index.js:346:12)\n    at next (E:\\Schema draft\\node_modules\\express\\lib\\router\\index.js:280:10)\n    at Function.handle (E:\\Schema draft\\node_modules\\express\\lib\\router\\index.js:175:3)","timestamp":"2023-12-10T15:03:13.077Z"}
{"level":"error","message":"Error: Login first to handle this resource","timestamp":"2023-12-10T15:03:13.095Z"}
{"level":"error","message":"Error: Login first to handle this resource","timestamp":"2023-12-10T15:03:13.097Z"}
{"level":"error","message":"Stack trace: Error: Login first to handle this resource\n    at E:\\Schema draft\\middlewares\\authenticate.js:10:21\n    at E:\\Schema draft\\middlewares\\catchAsyncError.js:2:25\n    at Layer.handle [as handle_request] (E:\\Schema draft\\node_modules\\express\\lib\\router\\layer.js:95:5)\n    at next (E:\\Schema draft\\node_modules\\express\\lib\\router\\route.js:144:13)\n    at Route.dispatch (E:\\Schema draft\\node_modules\\express\\lib\\router\\route.js:114:3)\n    at Layer.handle [as handle_request] (E:\\Schema draft\\node_modules\\express\\lib\\router\\layer.js:95:5)\n    at E:\\Schema draft\\node_modules\\express\\lib\\router\\index.js:284:15\n    at Function.process_params (E:\\Schema draft\\node_modules\\express\\lib\\router\\index.js:346:12)\n    at next (E:\\Schema draft\\node_modules\\express\\lib\\router\\index.js:280:10)\n    at Function.handle (E:\\Schema draft\\node_modules\\express\\lib\\router\\index.js:175:3)","timestamp":"2023-12-10T15:03:13.098Z"}
{"level":"error","message":"Error: Login first to handle this resource","timestamp":"2023-12-10T15:03:20.018Z"}
{"level":"error","message":"Error: Login first to handle this resource","timestamp":"2023-12-10T15:03:20.019Z"}
{"level":"error","message":"Stack trace: Error: Login first to handle this resource\n    at E:\\Schema draft\\middlewares\\authenticate.js:10:21\n    at E:\\Schema draft\\middlewares\\catchAsyncError.js:2:25\n    at Layer.handle [as handle_request] (E:\\Schema draft\\node_modules\\express\\lib\\router\\layer.js:95:5)\n    at next (E:\\Schema draft\\node_modules\\express\\lib\\router\\route.js:144:13)\n    at Route.dispatch (E:\\Schema draft\\node_modules\\express\\lib\\router\\route.js:114:3)\n    at Layer.handle [as handle_request] (E:\\Schema draft\\node_modules\\express\\lib\\router\\layer.js:95:5)\n    at E:\\Schema draft\\node_modules\\express\\lib\\router\\index.js:284:15\n    at Function.process_params (E:\\Schema draft\\node_modules\\express\\lib\\router\\index.js:346:12)\n    at next (E:\\Schema draft\\node_modules\\express\\lib\\router\\index.js:280:10)\n    at Function.handle (E:\\Schema draft\\node_modules\\express\\lib\\router\\index.js:175:3)","timestamp":"2023-12-10T15:03:20.020Z"}
{"level":"error","message":"Error: Login first to handle this resource","timestamp":"2023-12-10T15:03:20.023Z"}
{"level":"error","message":"Error: Login first to handle this resource","timestamp":"2023-12-10T15:03:20.023Z"}
{"level":"error","message":"Stack trace: Error: Login first to handle this resource\n    at E:\\Schema draft\\middlewares\\authenticate.js:10:21\n    at E:\\Schema draft\\middlewares\\catchAsyncError.js:2:25\n    at Layer.handle [as handle_request] (E:\\Schema draft\\node_modules\\express\\lib\\router\\layer.js:95:5)\n    at next (E:\\Schema draft\\node_modules\\express\\lib\\router\\route.js:144:13)\n    at Route.dispatch (E:\\Schema draft\\node_modules\\express\\lib\\router\\route.js:114:3)\n    at Layer.handle [as handle_request] (E:\\Schema draft\\node_modules\\express\\lib\\router\\layer.js:95:5)\n    at E:\\Schema draft\\node_modules\\express\\lib\\router\\index.js:284:15\n    at Function.process_params (E:\\Schema draft\\node_modules\\express\\lib\\router\\index.js:346:12)\n    at next (E:\\Schema draft\\node_modules\\express\\lib\\router\\index.js:280:10)\n    at Function.handle (E:\\Schema draft\\node_modules\\express\\lib\\router\\index.js:175:3)","timestamp":"2023-12-10T15:03:20.024Z"}
{"level":"error","message":"Error: Login first to handle this resource","timestamp":"2023-12-10T15:07:50.012Z"}
{"level":"error","message":"Error: Login first to handle this resource","timestamp":"2023-12-10T15:07:50.012Z"}
{"level":"error","message":"Stack trace: Error: Login first to handle this resource\n    at E:\\Schema draft\\middlewares\\authenticate.js:10:21\n    at E:\\Schema draft\\middlewares\\catchAsyncError.js:2:25\n    at Layer.handle [as handle_request] (E:\\Schema draft\\node_modules\\express\\lib\\router\\layer.js:95:5)\n    at next (E:\\Schema draft\\node_modules\\express\\lib\\router\\route.js:144:13)\n    at Route.dispatch (E:\\Schema draft\\node_modules\\express\\lib\\router\\route.js:114:3)\n    at Layer.handle [as handle_request] (E:\\Schema draft\\node_modules\\express\\lib\\router\\layer.js:95:5)\n    at E:\\Schema draft\\node_modules\\express\\lib\\router\\index.js:284:15\n    at Function.process_params (E:\\Schema draft\\node_modules\\express\\lib\\router\\index.js:346:12)\n    at next (E:\\Schema draft\\node_modules\\express\\lib\\router\\index.js:280:10)\n    at Function.handle (E:\\Schema draft\\node_modules\\express\\lib\\router\\index.js:175:3)","timestamp":"2023-12-10T15:07:50.013Z"}
{"level":"error","message":"Error: Login first to handle this resource","timestamp":"2023-12-10T15:07:50.048Z"}
{"level":"error","message":"Error: Login first to handle this resource","timestamp":"2023-12-10T15:07:50.049Z"}
{"level":"error","message":"Stack trace: Error: Login first to handle this resource\n    at E:\\Schema draft\\middlewares\\authenticate.js:10:21\n    at E:\\Schema draft\\middlewares\\catchAsyncError.js:2:25\n    at Layer.handle [as handle_request] (E:\\Schema draft\\node_modules\\express\\lib\\router\\layer.js:95:5)\n    at next (E:\\Schema draft\\node_modules\\express\\lib\\router\\route.js:144:13)\n    at Route.dispatch (E:\\Schema draft\\node_modules\\express\\lib\\router\\route.js:114:3)\n    at Layer.handle [as handle_request] (E:\\Schema draft\\node_modules\\express\\lib\\router\\layer.js:95:5)\n    at E:\\Schema draft\\node_modules\\express\\lib\\router\\index.js:284:15\n    at Function.process_params (E:\\Schema draft\\node_modules\\express\\lib\\router\\index.js:346:12)\n    at next (E:\\Schema draft\\node_modules\\express\\lib\\router\\index.js:280:10)\n    at Function.handle (E:\\Schema draft\\node_modules\\express\\lib\\router\\index.js:175:3)","timestamp":"2023-12-10T15:07:50.050Z"}
{"level":"error","message":"Error: ENOENT: no such file or directory, stat 'E:\\frontend\\build\\index.html'","timestamp":"2023-12-10T15:13:32.033Z"}
{"level":"error","message":"Stack trace: Error: ENOENT: no such file or directory, stat 'E:\\frontend\\build\\index.html'","timestamp":"2023-12-10T15:13:32.034Z"}
{"level":"error","message":"Error: ENOENT: no such file or directory, stat 'E:\\frontend\\build\\index.html'","timestamp":"2023-12-10T15:13:40.952Z"}
{"level":"error","message":"Stack trace: Error: ENOENT: no such file or directory, stat 'E:\\frontend\\build\\index.html'","timestamp":"2023-12-10T15:13:40.953Z"}
{"level":"error","message":"Error: ENOENT: no such file or directory, stat 'E:\\frontend\\build\\index.html'","timestamp":"2023-12-10T15:13:47.311Z"}
{"level":"error","message":"Stack trace: Error: ENOENT: no such file or directory, stat 'E:\\frontend\\build\\index.html'","timestamp":"2023-12-10T15:13:47.312Z"}
{"level":"error","message":"Error: ENOENT: no such file or directory, stat 'E:\\frontend\\build\\index.html'","timestamp":"2023-12-10T15:14:08.835Z"}
{"level":"error","message":"Stack trace: Error: ENOENT: no such file or directory, stat 'E:\\frontend\\build\\index.html'","timestamp":"2023-12-10T15:14:08.836Z"}
{"level":"error","message":"Error: Cannot read properties of null (reading 'id')","timestamp":"2023-12-10T15:14:08.857Z"}
{"level":"error","message":"Stack trace: TypeError: Cannot read properties of null (reading 'id')\n    at E:\\Schema draft\\controllers\\auth\\login.js:110:47\n    at E:\\Schema draft\\middlewares\\catchAsyncError.js:2:25\n    at Layer.handle [as handle_request] (E:\\Schema draft\\node_modules\\express\\lib\\router\\layer.js:95:5)\n    at next (E:\\Schema draft\\node_modules\\express\\lib\\router\\route.js:144:13)\n    at E:\\Schema draft\\middlewares\\authenticate.js:16:5\n    at process.processTicksAndRejections (node:internal/process/task_queues:95:5)","timestamp":"2023-12-10T15:14:08.857Z"}
{"level":"error","message":"Error: ENOENT: no such file or directory, stat 'E:\\frontend\\build\\index.html'","timestamp":"2023-12-10T15:15:13.219Z"}
{"level":"error","message":"Stack trace: Error: ENOENT: no such file or directory, stat 'E:\\frontend\\build\\index.html'","timestamp":"2023-12-10T15:15:13.220Z"}
{"level":"error","message":"Error: Login first to handle this resource","timestamp":"2023-12-10T15:16:54.569Z"}
{"level":"error","message":"Error: Login first to handle this resource","timestamp":"2023-12-10T15:16:54.575Z"}
{"level":"error","message":"Stack trace: Error: Login first to handle this resource\n    at E:\\Schema draft\\middlewares\\authenticate.js:10:21\n    at E:\\Schema draft\\middlewares\\catchAsyncError.js:2:25\n    at Layer.handle [as handle_request] (E:\\Schema draft\\node_modules\\express\\lib\\router\\layer.js:95:5)\n    at next (E:\\Schema draft\\node_modules\\express\\lib\\router\\route.js:144:13)\n    at Route.dispatch (E:\\Schema draft\\node_modules\\express\\lib\\router\\route.js:114:3)\n    at Layer.handle [as handle_request] (E:\\Schema draft\\node_modules\\express\\lib\\router\\layer.js:95:5)\n    at E:\\Schema draft\\node_modules\\express\\lib\\router\\index.js:284:15\n    at Function.process_params (E:\\Schema draft\\node_modules\\express\\lib\\router\\index.js:346:12)\n    at next (E:\\Schema draft\\node_modules\\express\\lib\\router\\index.js:280:10)\n    at Function.handle (E:\\Schema draft\\node_modules\\express\\lib\\router\\index.js:175:3)","timestamp":"2023-12-10T15:16:54.576Z"}
{"level":"error","message":"Error: ENOENT: no such file or directory, stat 'E:\\frontend\\build\\index.html'","timestamp":"2023-12-10T15:17:24.312Z"}
{"level":"error","message":"Stack trace: Error: ENOENT: no such file or directory, stat 'E:\\frontend\\build\\index.html'","timestamp":"2023-12-10T15:17:24.313Z"}
{"level":"error","message":"Error: Login first to handle this resource","timestamp":"2023-12-10T15:17:25.115Z"}
{"level":"error","message":"Error: Login first to handle this resource","timestamp":"2023-12-10T15:17:25.116Z"}
{"level":"error","message":"Stack trace: Error: Login first to handle this resource\n    at E:\\Schema draft\\middlewares\\authenticate.js:10:21\n    at E:\\Schema draft\\middlewares\\catchAsyncError.js:2:25\n    at Layer.handle [as handle_request] (E:\\Schema draft\\node_modules\\express\\lib\\router\\layer.js:95:5)\n    at next (E:\\Schema draft\\node_modules\\express\\lib\\router\\route.js:144:13)\n    at Route.dispatch (E:\\Schema draft\\node_modules\\express\\lib\\router\\route.js:114:3)\n    at Layer.handle [as handle_request] (E:\\Schema draft\\node_modules\\express\\lib\\router\\layer.js:95:5)\n    at E:\\Schema draft\\node_modules\\express\\lib\\router\\index.js:284:15\n    at Function.process_params (E:\\Schema draft\\node_modules\\express\\lib\\router\\index.js:346:12)\n    at next (E:\\Schema draft\\node_modules\\express\\lib\\router\\index.js:280:10)\n    at Function.handle (E:\\Schema draft\\node_modules\\express\\lib\\router\\index.js:175:3)","timestamp":"2023-12-10T15:17:25.117Z"}
{"level":"error","message":"Error: ENOENT: no such file or directory, stat 'E:\\frontend\\build\\index.html'","timestamp":"2023-12-10T15:19:43.906Z"}
{"level":"error","message":"Stack trace: Error: ENOENT: no such file or directory, stat 'E:\\frontend\\build\\index.html'","timestamp":"2023-12-10T15:19:43.907Z"}
{"level":"error","message":"Error: ENOENT: no such file or directory, stat 'E:\\frontend\\build\\index.html'","timestamp":"2023-12-10T15:19:44.117Z"}
{"level":"error","message":"Stack trace: Error: ENOENT: no such file or directory, stat 'E:\\frontend\\build\\index.html'","timestamp":"2023-12-10T15:19:44.119Z"}
{"level":"error","message":"Error: ENOENT: no such file or directory, stat 'E:\\frontend\\build\\index.html'","timestamp":"2023-12-10T15:19:47.033Z"}
{"level":"error","message":"Stack trace: Error: ENOENT: no such file or directory, stat 'E:\\frontend\\build\\index.html'","timestamp":"2023-12-10T15:19:47.035Z"}
{"level":"error","message":"Error: ENOENT: no such file or directory, stat 'E:\\frontend\\build\\index.html'","timestamp":"2023-12-10T15:20:11.056Z"}
{"level":"error","message":"Stack trace: Error: ENOENT: no such file or directory, stat 'E:\\frontend\\build\\index.html'","timestamp":"2023-12-10T15:20:11.057Z"}
{"level":"error","message":"Error: ENOENT: no such file or directory, stat 'E:\\frontend\\build\\index.html'","timestamp":"2023-12-10T15:20:50.026Z"}
{"level":"error","message":"Stack trace: Error: ENOENT: no such file or directory, stat 'E:\\frontend\\build\\index.html'","timestamp":"2023-12-10T15:20:50.029Z"}
{"level":"error","message":"Error: Login first to handle this resource","timestamp":"2023-12-10T15:21:07.018Z"}
{"level":"error","message":"Error: Login first to handle this resource","timestamp":"2023-12-10T15:21:07.019Z"}
{"level":"error","message":"Stack trace: Error: Login first to handle this resource\n    at E:\\Schema draft\\middlewares\\authenticate.js:10:21\n    at E:\\Schema draft\\middlewares\\catchAsyncError.js:2:25\n    at Layer.handle [as handle_request] (E:\\Schema draft\\node_modules\\express\\lib\\router\\layer.js:95:5)\n    at next (E:\\Schema draft\\node_modules\\express\\lib\\router\\route.js:144:13)\n    at Route.dispatch (E:\\Schema draft\\node_modules\\express\\lib\\router\\route.js:114:3)\n    at Layer.handle [as handle_request] (E:\\Schema draft\\node_modules\\express\\lib\\router\\layer.js:95:5)\n    at E:\\Schema draft\\node_modules\\express\\lib\\router\\index.js:284:15\n    at Function.process_params (E:\\Schema draft\\node_modules\\express\\lib\\router\\index.js:346:12)\n    at next (E:\\Schema draft\\node_modules\\express\\lib\\router\\index.js:280:10)\n    at Function.handle (E:\\Schema draft\\node_modules\\express\\lib\\router\\index.js:175:3)","timestamp":"2023-12-10T15:21:07.020Z"}
{"level":"error","message":"Error: Cannot read properties of null (reading 'id')","timestamp":"2023-12-10T15:22:15.752Z"}
{"level":"error","message":"Stack trace: TypeError: Cannot read properties of null (reading 'id')\n    at E:\\Schema draft\\controllers\\auth\\login.js:110:47\n    at E:\\Schema draft\\middlewares\\catchAsyncError.js:2:25\n    at Layer.handle [as handle_request] (E:\\Schema draft\\node_modules\\express\\lib\\router\\layer.js:95:5)\n    at next (E:\\Schema draft\\node_modules\\express\\lib\\router\\route.js:144:13)\n    at E:\\Schema draft\\middlewares\\authenticate.js:16:5\n    at process.processTicksAndRejections (node:internal/process/task_queues:95:5)","timestamp":"2023-12-10T15:22:15.757Z"}
{"level":"error","message":"Error: ENOENT: no such file or directory, stat 'E:\\frontend\\build\\index.html'","timestamp":"2023-12-10T15:22:35.873Z"}
{"level":"error","message":"Stack trace: Error: ENOENT: no such file or directory, stat 'E:\\frontend\\build\\index.html'","timestamp":"2023-12-10T15:22:35.874Z"}
