{"level":"error","message":"Error: ENOENT: no such file or directory, stat 'E:\\frontend\\build\\index.html'","timestamp":"2023-12-20T05:23:11.305Z"}
{"level":"error","message":"Stack trace: Error: ENOENT: no such file or directory, stat 'E:\\frontend\\build\\index.html'","timestamp":"2023-12-20T05:23:11.308Z"}
{"level":"error","message":"Error: Validation failed: role: `` is not a valid enum value for path `role`.","timestamp":"2023-12-20T05:31:46.163Z"}
{"level":"error","message":"Error: Validation failed: role: `` is not a valid enum value for path `role`.","timestamp":"2023-12-20T05:31:46.164Z"}
{"level":"error","message":"Stack trace: Error: Validation failed: role: `` is not a valid enum value for path `role`.\n    at E:\\Schema draft\\controllers\\admin\\index.js:47:14\n    at process.processTicksAndRejections (node:internal/process/task_queues:95:5)","timestamp":"2023-12-20T05:31:46.166Z"}
{"level":"error","message":"Error: Validation failed: role: `` is not a valid enum value for path `role`.","timestamp":"2023-12-20T05:31:48.246Z"}
{"level":"error","message":"Error: Validation failed: role: `` is not a valid enum value for path `role`.","timestamp":"2023-12-20T05:31:48.247Z"}
{"level":"error","message":"Stack trace: Error: Validation failed: role: `` is not a valid enum value for path `role`.\n    at E:\\Schema draft\\controllers\\admin\\index.js:47:14\n    at process.processTicksAndRejections (node:internal/process/task_queues:95:5)","timestamp":"2023-12-20T05:31:48.248Z"}
{"level":"error","message":"Error: Internal Server Error","timestamp":"2023-12-20T05:32:17.241Z"}
{"level":"error","message":"Error: Internal Server Error","timestamp":"2023-12-20T05:32:17.242Z"}
{"level":"error","message":"Stack trace: Error: Internal Server Error\n    at E:\\Schema draft\\controllers\\auth\\profile.js:14:14\n    at process.processTicksAndRejections (node:internal/process/task_queues:95:5)","timestamp":"2023-12-20T05:32:17.244Z"}
{"level":"error","message":"Error: Login first to handle this resource","timestamp":"2023-12-20T05:32:47.392Z"}
{"level":"error","message":"Error: Login first to handle this resource","timestamp":"2023-12-20T05:32:47.392Z"}
{"level":"error","message":"Stack trace: Error: Login first to handle this resource\n    at E:\\Schema draft\\middlewares\\authenticate.js:10:21\n    at E:\\Schema draft\\middlewares\\catchAsyncError.js:2:25\n    at Layer.handle [as handle_request] (E:\\Schema draft\\node_modules\\express\\lib\\router\\layer.js:95:5)\n    at next (E:\\Schema draft\\node_modules\\express\\lib\\router\\route.js:144:13)\n    at Route.dispatch (E:\\Schema draft\\node_modules\\express\\lib\\router\\route.js:114:3)\n    at Layer.handle [as handle_request] (E:\\Schema draft\\node_modules\\express\\lib\\router\\layer.js:95:5)\n    at E:\\Schema draft\\node_modules\\express\\lib\\router\\index.js:284:15\n    at Function.process_params (E:\\Schema draft\\node_modules\\express\\lib\\router\\index.js:346:12)\n    at next (E:\\Schema draft\\node_modules\\express\\lib\\router\\index.js:280:10)\n    at Function.handle (E:\\Schema draft\\node_modules\\express\\lib\\router\\index.js:175:3)","timestamp":"2023-12-20T05:32:47.393Z"}
{"level":"error","message":"Error: ENOENT: no such file or directory, stat 'E:\\frontend\\build\\index.html'","timestamp":"2023-12-20T05:35:41.942Z"}
{"level":"error","message":"Stack trace: Error: ENOENT: no such file or directory, stat 'E:\\frontend\\build\\index.html'","timestamp":"2023-12-20T05:35:41.945Z"}
{"level":"error","message":"Error: Internal Server Error","timestamp":"2023-12-20T08:55:56.867Z"}
{"level":"error","message":"Error: Internal Server Error","timestamp":"2023-12-20T08:55:57.251Z"}
{"level":"error","message":"Stack trace: Error: Internal Server Error\n    at E:\\Schema draft\\controllers\\address\\createAddress.js:81:10\n    at process.processTicksAndRejections (node:internal/process/task_queues:95:5)","timestamp":"2023-12-20T08:55:57.253Z"}
{"level":"error","message":"Error: Internal Server Error","timestamp":"2023-12-20T09:41:47.349Z"}
{"level":"error","message":"Error: Internal Server Error","timestamp":"2023-12-20T09:41:47.358Z"}
{"level":"error","message":"Stack trace: Error: Internal Server Error\n    at E:\\Schema draft\\controllers\\address\\createAddress.js:81:10\n    at process.processTicksAndRejections (node:internal/process/task_queues:95:5)","timestamp":"2023-12-20T09:41:47.360Z"}
{"level":"error","message":"Error: Internal Server Error","timestamp":"2023-12-20T09:42:34.588Z"}
{"level":"error","message":"Error: Internal Server Error","timestamp":"2023-12-20T09:42:34.589Z"}
{"level":"error","message":"Stack trace: Error: Internal Server Error\n    at E:\\Schema draft\\controllers\\address\\createAddress.js:81:10\n    at process.processTicksAndRejections (node:internal/process/task_queues:95:5)","timestamp":"2023-12-20T09:42:34.591Z"}
{"level":"error","message":"Error: Internal Server Error","timestamp":"2023-12-20T09:43:46.576Z"}
{"level":"error","message":"Error: Internal Server Error","timestamp":"2023-12-20T09:43:46.577Z"}
{"level":"error","message":"Stack trace: Error: Internal Server Error\n    at E:\\Schema draft\\controllers\\address\\createAddress.js:81:10\n    at process.processTicksAndRejections (node:internal/process/task_queues:95:5)","timestamp":"2023-12-20T09:43:46.578Z"}
{"level":"error","message":"Error: Internal Server Error","timestamp":"2023-12-20T09:44:34.360Z"}
{"level":"error","message":"Error: Internal Server Error","timestamp":"2023-12-20T09:44:34.362Z"}
{"level":"error","message":"Stack trace: Error: Internal Server Error\n    at E:\\Schema draft\\controllers\\address\\createAddress.js:81:10\n    at process.processTicksAndRejections (node:internal/process/task_queues:95:5)","timestamp":"2023-12-20T09:44:34.363Z"}
{"level":"error","message":"Error: Internal Server Error","timestamp":"2023-12-20T09:44:54.575Z"}
{"level":"error","message":"Error: Internal Server Error","timestamp":"2023-12-20T09:44:54.575Z"}
{"level":"error","message":"Stack trace: Error: Internal Server Error\n    at E:\\Schema draft\\controllers\\address\\createAddress.js:81:10\n    at process.processTicksAndRejections (node:internal/process/task_queues:95:5)","timestamp":"2023-12-20T09:44:54.576Z"}
{"level":"error","message":"Error: Internal Server Error","timestamp":"2023-12-20T09:46:11.915Z"}
{"level":"error","message":"Error: Internal Server Error","timestamp":"2023-12-20T09:46:11.915Z"}
{"level":"error","message":"Stack trace: Error: Internal Server Error\n    at E:\\Schema draft\\controllers\\address\\createAddress.js:81:10\n    at process.processTicksAndRejections (node:internal/process/task_queues:95:5)","timestamp":"2023-12-20T09:46:11.916Z"}
{"level":"error","message":"Error: Internal Server Error","timestamp":"2023-12-20T09:48:57.852Z"}
{"level":"error","message":"Error: Internal Server Error","timestamp":"2023-12-20T09:48:57.854Z"}
{"level":"error","message":"Stack trace: Error: Internal Server Error\n    at E:\\Schema draft\\controllers\\address\\createAddress.js:81:10\n    at process.processTicksAndRejections (node:internal/process/task_queues:95:5)","timestamp":"2023-12-20T09:48:57.854Z"}
{"level":"error","message":"Error: Internal Server Error","timestamp":"2023-12-20T09:49:16.744Z"}
{"level":"error","message":"Error: Internal Server Error","timestamp":"2023-12-20T09:49:16.753Z"}
{"level":"error","message":"Stack trace: Error: Internal Server Error\n    at E:\\Schema draft\\controllers\\address\\createAddress.js:81:10\n    at process.processTicksAndRejections (node:internal/process/task_queues:95:5)","timestamp":"2023-12-20T09:49:16.754Z"}
{"level":"error","message":"Error: Internal Server Error","timestamp":"2023-12-20T09:55:25.354Z"}
{"level":"error","message":"Error: Internal Server Error","timestamp":"2023-12-20T09:55:25.356Z"}
{"level":"error","message":"Stack trace: Error: Internal Server Error\n    at E:\\Schema draft\\controllers\\address\\createAddress.js:81:10\n    at process.processTicksAndRejections (node:internal/process/task_queues:95:5)","timestamp":"2023-12-20T09:55:25.358Z"}
{"level":"error","message":"Error: No menus found","timestamp":"2023-12-20T14:21:24.981Z"}
{"level":"error","message":"Error: No menus found","timestamp":"2023-12-20T14:21:25.373Z"}
{"level":"error","message":"Stack trace: Error: No menus found\n    at E:\\Schema draft\\controllers\\menu\\getMenus.js:27:34\n    at process.processTicksAndRejections (node:internal/process/task_queues:95:5)","timestamp":"2023-12-20T14:21:25.375Z"}
{"level":"error","message":"Error: Cannot set headers after they are sent to the client","timestamp":"2023-12-20T14:21:25.377Z"}
{"level":"error","message":"Error: ENOENT: no such file or directory, stat 'E:\\frontend\\build\\index.html'","timestamp":"2023-12-20T14:21:35.084Z"}
{"level":"error","message":"Stack trace: Error: ENOENT: no such file or directory, stat 'E:\\frontend\\build\\index.html'","timestamp":"2023-12-20T14:21:35.085Z"}
