{"level":"error","message":"Error: Invalid password","timestamp":"2023-11-06T18:36:20.566Z"}
{"level":"error","message":"Error: Invalid password","timestamp":"2023-11-06T18:36:20.569Z"}
{"level":"error","message":"Stack trace: Error: Invalid password\n    at E:\\Schema draft\\controllers\\auth\\login.js:37:23","timestamp":"2023-11-06T18:36:20.570Z"}
{"level":"error","message":"Error: Invalid password","timestamp":"2023-11-06T18:36:23.641Z"}
{"level":"error","message":"Error: Invalid password","timestamp":"2023-11-06T18:36:23.642Z"}
{"level":"error","message":"Stack trace: Error: Invalid password\n    at E:\\Schema draft\\controllers\\auth\\login.js:37:23","timestamp":"2023-11-06T18:36:23.643Z"}
{"level":"error","message":"Error: Invalid password","timestamp":"2023-11-06T18:36:25.160Z"}
{"level":"error","message":"Error: Invalid password","timestamp":"2023-11-06T18:36:25.160Z"}
{"level":"error","message":"Stack trace: Error: Invalid password\n    at E:\\Schema draft\\controllers\\auth\\login.js:37:23","timestamp":"2023-11-06T18:36:25.161Z"}
{"level":"error","message":"Error: Invalid password","timestamp":"2023-11-06T18:36:26.243Z"}
{"level":"error","message":"Error: Invalid password","timestamp":"2023-11-06T18:36:26.244Z"}
{"level":"error","message":"Stack trace: Error: Invalid password\n    at E:\\Schema draft\\controllers\\auth\\login.js:37:23","timestamp":"2023-11-06T18:36:26.245Z"}
{"level":"error","message":"Error: Invalid password","timestamp":"2023-11-06T18:36:27.655Z"}
{"level":"error","message":"Error: Invalid password","timestamp":"2023-11-06T18:36:27.656Z"}
{"level":"error","message":"Stack trace: Error: Invalid password\n    at E:\\Schema draft\\controllers\\auth\\login.js:37:23","timestamp":"2023-11-06T18:36:27.656Z"}
{"level":"error","message":"Error: Invalid password","timestamp":"2023-11-06T18:39:44.231Z"}
{"level":"error","message":"Error: Invalid password","timestamp":"2023-11-06T18:39:44.231Z"}
{"level":"error","message":"Stack trace: Error: Invalid password\n    at E:\\Schema draft\\controllers\\auth\\login.js:37:23","timestamp":"2023-11-06T18:39:44.232Z"}
{"level":"error","message":"Error: Invalid password","timestamp":"2023-11-06T18:39:45.882Z"}
{"level":"error","message":"Error: Invalid password","timestamp":"2023-11-06T18:39:45.883Z"}
{"level":"error","message":"Stack trace: Error: Invalid password\n    at E:\\Schema draft\\controllers\\auth\\login.js:37:23","timestamp":"2023-11-06T18:39:45.883Z"}
{"level":"error","message":"Error: Invalid password","timestamp":"2023-11-06T18:39:46.840Z"}
{"level":"error","message":"Error: Invalid password","timestamp":"2023-11-06T18:39:46.840Z"}
{"level":"error","message":"Stack trace: Error: Invalid password\n    at E:\\Schema draft\\controllers\\auth\\login.js:37:23","timestamp":"2023-11-06T18:39:46.841Z"}
{"level":"error","message":"Error: Invalid password","timestamp":"2023-11-06T18:40:11.012Z"}
{"level":"error","message":"Error: Invalid password","timestamp":"2023-11-06T18:40:11.013Z"}
{"level":"error","message":"Stack trace: Error: Invalid password\n    at E:\\Schema draft\\controllers\\auth\\login.js:37:23","timestamp":"2023-11-06T18:40:11.013Z"}
{"level":"error","message":"Error: Invalid password","timestamp":"2023-11-06T18:40:53.535Z"}
{"level":"error","message":"Error: Invalid password","timestamp":"2023-11-06T18:40:53.536Z"}
{"level":"error","message":"Stack trace: Error: Invalid password\n    at E:\\Schema draft\\controllers\\auth\\login.js:37:23","timestamp":"2023-11-06T18:40:53.536Z"}
{"level":"error","message":"Error: Invalid email","timestamp":"2023-11-06T18:41:01.154Z"}
{"level":"error","message":"Error: Invalid email","timestamp":"2023-11-06T18:41:01.154Z"}
{"level":"error","message":"Stack trace: Error: Invalid email\n    at E:\\Schema draft\\controllers\\auth\\login.js:33:23\n    at process.processTicksAndRejections (node:internal/process/task_queues:95:5)","timestamp":"2023-11-06T18:41:01.155Z"}
{"level":"error","message":"Error: Invalid password","timestamp":"2023-11-06T18:42:15.231Z"}
{"level":"error","message":"Error: Invalid password","timestamp":"2023-11-06T18:42:15.232Z"}
{"level":"error","message":"Stack trace: Error: Invalid password\n    at E:\\Schema draft\\controllers\\auth\\login.js:37:23","timestamp":"2023-11-06T18:42:15.233Z"}
{"level":"error","message":"Error: Invalid password","timestamp":"2023-11-06T18:42:29.231Z"}
{"level":"error","message":"Error: Invalid password","timestamp":"2023-11-06T18:42:29.232Z"}
{"level":"error","message":"Stack trace: Error: Invalid password\n    at E:\\Schema draft\\controllers\\auth\\login.js:37:23","timestamp":"2023-11-06T18:42:29.233Z"}
{"level":"error","message":"Error: Invalid password","timestamp":"2023-11-06T18:42:40.093Z"}
{"level":"error","message":"Error: Invalid password","timestamp":"2023-11-06T18:42:40.093Z"}
{"level":"error","message":"Stack trace: Error: Invalid password\n    at E:\\Schema draft\\controllers\\auth\\login.js:37:23","timestamp":"2023-11-06T18:42:40.094Z"}
{"level":"error","message":"Error: Invalid password","timestamp":"2023-11-06T18:42:52.120Z"}
{"level":"error","message":"Error: Invalid password","timestamp":"2023-11-06T18:42:52.120Z"}
{"level":"error","message":"Stack trace: Error: Invalid password\n    at E:\\Schema draft\\controllers\\auth\\login.js:37:23","timestamp":"2023-11-06T18:42:52.121Z"}
{"level":"error","message":"Error: Invalid password","timestamp":"2023-11-06T18:42:54.149Z"}
{"level":"error","message":"Error: Invalid password","timestamp":"2023-11-06T18:42:54.149Z"}
{"level":"error","message":"Stack trace: Error: Invalid password\n    at E:\\Schema draft\\controllers\\auth\\login.js:37:23","timestamp":"2023-11-06T18:42:54.150Z"}
{"level":"error","message":"Error: Invalid password","timestamp":"2023-11-06T18:42:54.822Z"}
{"level":"error","message":"Error: Invalid password","timestamp":"2023-11-06T18:42:54.823Z"}
{"level":"error","message":"Stack trace: Error: Invalid password\n    at E:\\Schema draft\\controllers\\auth\\login.js:37:23","timestamp":"2023-11-06T18:42:54.824Z"}
{"level":"error","message":"Error: Invalid password","timestamp":"2023-11-06T18:42:55.307Z"}
{"level":"error","message":"Error: Invalid password","timestamp":"2023-11-06T18:42:55.309Z"}
{"level":"error","message":"Stack trace: Error: Invalid password\n    at E:\\Schema draft\\controllers\\auth\\login.js:37:23","timestamp":"2023-11-06T18:42:55.310Z"}
{"level":"error","message":"Error: Invalid password","timestamp":"2023-11-06T18:44:03.531Z"}
{"level":"error","message":"Error: Invalid password","timestamp":"2023-11-06T18:44:03.532Z"}
{"level":"error","message":"Stack trace: Error: Invalid password\n    at E:\\Schema draft\\controllers\\auth\\login.js:37:23","timestamp":"2023-11-06T18:44:03.532Z"}
{"level":"error","message":"Error: Invalid password","timestamp":"2023-11-06T18:44:10.783Z"}
{"level":"error","message":"Error: Invalid password","timestamp":"2023-11-06T18:44:10.784Z"}
{"level":"error","message":"Stack trace: Error: Invalid password\n    at E:\\Schema draft\\controllers\\auth\\login.js:37:23","timestamp":"2023-11-06T18:44:10.784Z"}
{"level":"error","message":"Error: Internal Server Error","timestamp":"2023-11-06T21:30:40.817Z"}
{"level":"error","message":"Error: Internal Server Error","timestamp":"2023-11-06T21:30:40.828Z"}
{"level":"error","message":"Stack trace: Error: Internal Server Error\n    at E:\\Schema draft\\controllers\\auth\\register.js:40:14\n    at process.processTicksAndRejections (node:internal/process/task_queues:95:5)","timestamp":"2023-11-06T21:30:40.830Z"}
{"level":"error","message":"Error: Internal Server Error","timestamp":"2023-11-06T21:31:54.343Z"}
{"level":"error","message":"Error: Internal Server Error","timestamp":"2023-11-06T21:31:54.346Z"}
{"level":"error","message":"Stack trace: Error: Internal Server Error\n    at E:\\Schema draft\\controllers\\auth\\register.js:40:14\n    at process.processTicksAndRejections (node:internal/process/task_queues:95:5)","timestamp":"2023-11-06T21:31:54.348Z"}
{"level":"error","message":"Error: Internal Server Error","timestamp":"2023-11-06T21:34:15.344Z"}
{"level":"error","message":"Error: Internal Server Error","timestamp":"2023-11-06T21:34:15.345Z"}
{"level":"error","message":"Stack trace: Error: Internal Server Error\n    at E:\\Schema draft\\controllers\\auth\\register.js:40:14\n    at process.processTicksAndRejections (node:internal/process/task_queues:95:5)","timestamp":"2023-11-06T21:34:15.345Z"}
{"level":"error","message":"Error: Internal Server Error","timestamp":"2023-11-06T21:35:41.767Z"}
{"level":"error","message":"Error: Internal Server Error","timestamp":"2023-11-06T21:35:41.771Z"}
{"level":"error","message":"Stack trace: Error: Internal Server Error\n    at E:\\Schema draft\\controllers\\auth\\register.js:40:14\n    at process.processTicksAndRejections (node:internal/process/task_queues:95:5)","timestamp":"2023-11-06T21:35:41.772Z"}
{"level":"error","message":"Error: Unexpected token \" in JSON at position 0","timestamp":"2023-11-06T21:36:16.861Z"}
{"level":"error","message":"Stack trace: SyntaxError: Unexpected token \" in JSON at position 0\n    at JSON.parse (<anonymous>)\n    at createStrictSyntaxError (E:\\Schema draft\\node_modules\\express\\node_modules\\body-parser\\lib\\types\\json.js:160:10)\n    at parse (E:\\Schema draft\\node_modules\\express\\node_modules\\body-parser\\lib\\types\\json.js:83:15)\n    at E:\\Schema draft\\node_modules\\express\\node_modules\\body-parser\\lib\\read.js:128:18\n    at AsyncResource.runInAsyncScope (node:async_hooks:203:9)\n    at invokeCallback (E:\\Schema draft\\node_modules\\express\\node_modules\\raw-body\\index.js:231:16)\n    at done (E:\\Schema draft\\node_modules\\express\\node_modules\\raw-body\\index.js:220:7)\n    at IncomingMessage.onEnd (E:\\Schema draft\\node_modules\\express\\node_modules\\raw-body\\index.js:280:7)\n    at IncomingMessage.emit (node:events:513:28)\n    at endReadableNT (node:internal/streams/readable:1359:12)","timestamp":"2023-11-06T21:36:16.865Z"}
{"level":"error","message":"Error: Unexpected token \" in JSON at position 0","timestamp":"2023-11-06T21:37:58.558Z"}
{"level":"error","message":"Stack trace: SyntaxError: Unexpected token \" in JSON at position 0\n    at JSON.parse (<anonymous>)\n    at createStrictSyntaxError (E:\\Schema draft\\node_modules\\express\\node_modules\\body-parser\\lib\\types\\json.js:160:10)\n    at parse (E:\\Schema draft\\node_modules\\express\\node_modules\\body-parser\\lib\\types\\json.js:83:15)\n    at E:\\Schema draft\\node_modules\\express\\node_modules\\body-parser\\lib\\read.js:128:18\n    at AsyncResource.runInAsyncScope (node:async_hooks:203:9)\n    at invokeCallback (E:\\Schema draft\\node_modules\\express\\node_modules\\raw-body\\index.js:231:16)\n    at done (E:\\Schema draft\\node_modules\\express\\node_modules\\raw-body\\index.js:220:7)\n    at IncomingMessage.onEnd (E:\\Schema draft\\node_modules\\express\\node_modules\\raw-body\\index.js:280:7)\n    at IncomingMessage.emit (node:events:513:28)\n    at endReadableNT (node:internal/streams/readable:1359:12)","timestamp":"2023-11-06T21:37:58.559Z"}
{"level":"error","message":"Error: Unexpected token \" in JSON at position 0","timestamp":"2023-11-06T21:40:17.675Z"}
{"level":"error","message":"Stack trace: SyntaxError: Unexpected token \" in JSON at position 0\n    at JSON.parse (<anonymous>)\n    at createStrictSyntaxError (E:\\Schema draft\\node_modules\\express\\node_modules\\body-parser\\lib\\types\\json.js:160:10)\n    at parse (E:\\Schema draft\\node_modules\\express\\node_modules\\body-parser\\lib\\types\\json.js:83:15)\n    at E:\\Schema draft\\node_modules\\express\\node_modules\\body-parser\\lib\\read.js:128:18\n    at AsyncResource.runInAsyncScope (node:async_hooks:203:9)\n    at invokeCallback (E:\\Schema draft\\node_modules\\express\\node_modules\\raw-body\\index.js:231:16)\n    at done (E:\\Schema draft\\node_modules\\express\\node_modules\\raw-body\\index.js:220:7)\n    at IncomingMessage.onEnd (E:\\Schema draft\\node_modules\\express\\node_modules\\raw-body\\index.js:280:7)\n    at IncomingMessage.emit (node:events:513:28)\n    at endReadableNT (node:internal/streams/readable:1359:12)","timestamp":"2023-11-06T21:40:17.676Z"}
{"level":"error","message":"Error: Unexpected token \" in JSON at position 0","timestamp":"2023-11-06T21:42:24.804Z"}
{"level":"error","message":"Stack trace: SyntaxError: Unexpected token \" in JSON at position 0\n    at JSON.parse (<anonymous>)\n    at createStrictSyntaxError (E:\\Schema draft\\node_modules\\express\\node_modules\\body-parser\\lib\\types\\json.js:160:10)\n    at parse (E:\\Schema draft\\node_modules\\express\\node_modules\\body-parser\\lib\\types\\json.js:83:15)\n    at E:\\Schema draft\\node_modules\\express\\node_modules\\body-parser\\lib\\read.js:128:18\n    at AsyncResource.runInAsyncScope (node:async_hooks:203:9)\n    at invokeCallback (E:\\Schema draft\\node_modules\\express\\node_modules\\raw-body\\index.js:231:16)\n    at done (E:\\Schema draft\\node_modules\\express\\node_modules\\raw-body\\index.js:220:7)\n    at IncomingMessage.onEnd (E:\\Schema draft\\node_modules\\express\\node_modules\\raw-body\\index.js:280:7)\n    at IncomingMessage.emit (node:events:513:28)\n    at endReadableNT (node:internal/streams/readable:1359:12)","timestamp":"2023-11-06T21:42:24.809Z"}
{"level":"error","message":"Error: Unexpected token \" in JSON at position 0","timestamp":"2023-11-06T21:44:24.933Z"}
{"level":"error","message":"Stack trace: SyntaxError: Unexpected token \" in JSON at position 0\n    at JSON.parse (<anonymous>)\n    at createStrictSyntaxError (E:\\Schema draft\\node_modules\\express\\node_modules\\body-parser\\lib\\types\\json.js:160:10)\n    at parse (E:\\Schema draft\\node_modules\\express\\node_modules\\body-parser\\lib\\types\\json.js:83:15)\n    at E:\\Schema draft\\node_modules\\express\\node_modules\\body-parser\\lib\\read.js:128:18\n    at AsyncResource.runInAsyncScope (node:async_hooks:203:9)\n    at invokeCallback (E:\\Schema draft\\node_modules\\express\\node_modules\\raw-body\\index.js:231:16)\n    at done (E:\\Schema draft\\node_modules\\express\\node_modules\\raw-body\\index.js:220:7)\n    at IncomingMessage.onEnd (E:\\Schema draft\\node_modules\\express\\node_modules\\raw-body\\index.js:280:7)\n    at IncomingMessage.emit (node:events:513:28)\n    at endReadableNT (node:internal/streams/readable:1359:12)","timestamp":"2023-11-06T21:44:24.935Z"}
{"level":"error","message":"Error: Unexpected token \" in JSON at position 0","timestamp":"2023-11-06T21:48:12.658Z"}
{"level":"error","message":"Stack trace: SyntaxError: Unexpected token \" in JSON at position 0\n    at JSON.parse (<anonymous>)\n    at createStrictSyntaxError (E:\\Schema draft\\node_modules\\express\\node_modules\\body-parser\\lib\\types\\json.js:160:10)\n    at parse (E:\\Schema draft\\node_modules\\express\\node_modules\\body-parser\\lib\\types\\json.js:83:15)\n    at E:\\Schema draft\\node_modules\\express\\node_modules\\body-parser\\lib\\read.js:128:18\n    at AsyncResource.runInAsyncScope (node:async_hooks:203:9)\n    at invokeCallback (E:\\Schema draft\\node_modules\\express\\node_modules\\raw-body\\index.js:231:16)\n    at done (E:\\Schema draft\\node_modules\\express\\node_modules\\raw-body\\index.js:220:7)\n    at IncomingMessage.onEnd (E:\\Schema draft\\node_modules\\express\\node_modules\\raw-body\\index.js:280:7)\n    at IncomingMessage.emit (node:events:513:28)\n    at endReadableNT (node:internal/streams/readable:1359:12)","timestamp":"2023-11-06T21:48:12.666Z"}
{"level":"error","message":"Error: Unexpected token \" in JSON at position 0","timestamp":"2023-11-06T21:48:56.721Z"}
{"level":"error","message":"Stack trace: SyntaxError: Unexpected token \" in JSON at position 0\n    at JSON.parse (<anonymous>)\n    at createStrictSyntaxError (E:\\Schema draft\\node_modules\\express\\node_modules\\body-parser\\lib\\types\\json.js:160:10)\n    at parse (E:\\Schema draft\\node_modules\\express\\node_modules\\body-parser\\lib\\types\\json.js:83:15)\n    at E:\\Schema draft\\node_modules\\express\\node_modules\\body-parser\\lib\\read.js:128:18\n    at AsyncResource.runInAsyncScope (node:async_hooks:203:9)\n    at invokeCallback (E:\\Schema draft\\node_modules\\express\\node_modules\\raw-body\\index.js:231:16)\n    at done (E:\\Schema draft\\node_modules\\express\\node_modules\\raw-body\\index.js:220:7)\n    at IncomingMessage.onEnd (E:\\Schema draft\\node_modules\\express\\node_modules\\raw-body\\index.js:280:7)\n    at IncomingMessage.emit (node:events:513:28)\n    at endReadableNT (node:internal/streams/readable:1359:12)","timestamp":"2023-11-06T21:48:56.723Z"}
{"level":"error","message":"Error: Unexpected token \" in JSON at position 0","timestamp":"2023-11-06T21:50:31.041Z"}
{"level":"error","message":"Stack trace: SyntaxError: Unexpected token \" in JSON at position 0\n    at JSON.parse (<anonymous>)\n    at createStrictSyntaxError (E:\\Schema draft\\node_modules\\express\\node_modules\\body-parser\\lib\\types\\json.js:160:10)\n    at parse (E:\\Schema draft\\node_modules\\express\\node_modules\\body-parser\\lib\\types\\json.js:83:15)\n    at E:\\Schema draft\\node_modules\\express\\node_modules\\body-parser\\lib\\read.js:128:18\n    at AsyncResource.runInAsyncScope (node:async_hooks:203:9)\n    at invokeCallback (E:\\Schema draft\\node_modules\\express\\node_modules\\raw-body\\index.js:231:16)\n    at done (E:\\Schema draft\\node_modules\\express\\node_modules\\raw-body\\index.js:220:7)\n    at IncomingMessage.onEnd (E:\\Schema draft\\node_modules\\express\\node_modules\\raw-body\\index.js:280:7)\n    at IncomingMessage.emit (node:events:513:28)\n    at endReadableNT (node:internal/streams/readable:1359:12)","timestamp":"2023-11-06T21:50:31.043Z"}
{"level":"error","message":"Error: Unexpected token \" in JSON at position 0","timestamp":"2023-11-06T21:51:03.156Z"}
{"level":"error","message":"Stack trace: SyntaxError: Unexpected token \" in JSON at position 0\n    at JSON.parse (<anonymous>)\n    at createStrictSyntaxError (E:\\Schema draft\\node_modules\\express\\node_modules\\body-parser\\lib\\types\\json.js:160:10)\n    at parse (E:\\Schema draft\\node_modules\\express\\node_modules\\body-parser\\lib\\types\\json.js:83:15)\n    at E:\\Schema draft\\node_modules\\express\\node_modules\\body-parser\\lib\\read.js:128:18\n    at AsyncResource.runInAsyncScope (node:async_hooks:203:9)\n    at invokeCallback (E:\\Schema draft\\node_modules\\express\\node_modules\\raw-body\\index.js:231:16)\n    at done (E:\\Schema draft\\node_modules\\express\\node_modules\\raw-body\\index.js:220:7)\n    at IncomingMessage.onEnd (E:\\Schema draft\\node_modules\\express\\node_modules\\raw-body\\index.js:280:7)\n    at IncomingMessage.emit (node:events:513:28)\n    at endReadableNT (node:internal/streams/readable:1359:12)","timestamp":"2023-11-06T21:51:03.159Z"}
{"level":"error","message":"Error: Unexpected token \" in JSON at position 0","timestamp":"2023-11-06T21:51:05.071Z"}
{"level":"error","message":"Stack trace: SyntaxError: Unexpected token \" in JSON at position 0\n    at JSON.parse (<anonymous>)\n    at createStrictSyntaxError (E:\\Schema draft\\node_modules\\express\\node_modules\\body-parser\\lib\\types\\json.js:160:10)\n    at parse (E:\\Schema draft\\node_modules\\express\\node_modules\\body-parser\\lib\\types\\json.js:83:15)\n    at E:\\Schema draft\\node_modules\\express\\node_modules\\body-parser\\lib\\read.js:128:18\n    at AsyncResource.runInAsyncScope (node:async_hooks:203:9)\n    at invokeCallback (E:\\Schema draft\\node_modules\\express\\node_modules\\raw-body\\index.js:231:16)\n    at done (E:\\Schema draft\\node_modules\\express\\node_modules\\raw-body\\index.js:220:7)\n    at IncomingMessage.onEnd (E:\\Schema draft\\node_modules\\express\\node_modules\\raw-body\\index.js:280:7)\n    at IncomingMessage.emit (node:events:513:28)\n    at endReadableNT (node:internal/streams/readable:1359:12)","timestamp":"2023-11-06T21:51:05.074Z"}
{"level":"error","message":"Error: Unexpected token \" in JSON at position 0","timestamp":"2023-11-06T21:53:52.490Z"}
{"level":"error","message":"Stack trace: SyntaxError: Unexpected token \" in JSON at position 0\n    at JSON.parse (<anonymous>)\n    at createStrictSyntaxError (E:\\Schema draft\\node_modules\\express\\node_modules\\body-parser\\lib\\types\\json.js:160:10)\n    at parse (E:\\Schema draft\\node_modules\\express\\node_modules\\body-parser\\lib\\types\\json.js:83:15)\n    at E:\\Schema draft\\node_modules\\express\\node_modules\\body-parser\\lib\\read.js:128:18\n    at AsyncResource.runInAsyncScope (node:async_hooks:203:9)\n    at invokeCallback (E:\\Schema draft\\node_modules\\express\\node_modules\\raw-body\\index.js:231:16)\n    at done (E:\\Schema draft\\node_modules\\express\\node_modules\\raw-body\\index.js:220:7)\n    at IncomingMessage.onEnd (E:\\Schema draft\\node_modules\\express\\node_modules\\raw-body\\index.js:280:7)\n    at IncomingMessage.emit (node:events:513:28)\n    at endReadableNT (node:internal/streams/readable:1359:12)","timestamp":"2023-11-06T21:53:52.492Z"}
{"level":"error","message":"Error: Unexpected token \" in JSON at position 0","timestamp":"2023-11-06T21:58:38.995Z"}
{"level":"error","message":"Stack trace: SyntaxError: Unexpected token \" in JSON at position 0\n    at JSON.parse (<anonymous>)\n    at createStrictSyntaxError (E:\\Schema draft\\node_modules\\express\\node_modules\\body-parser\\lib\\types\\json.js:160:10)\n    at parse (E:\\Schema draft\\node_modules\\express\\node_modules\\body-parser\\lib\\types\\json.js:83:15)\n    at E:\\Schema draft\\node_modules\\express\\node_modules\\body-parser\\lib\\read.js:128:18\n    at AsyncResource.runInAsyncScope (node:async_hooks:203:9)\n    at invokeCallback (E:\\Schema draft\\node_modules\\express\\node_modules\\raw-body\\index.js:231:16)\n    at done (E:\\Schema draft\\node_modules\\express\\node_modules\\raw-body\\index.js:220:7)\n    at IncomingMessage.onEnd (E:\\Schema draft\\node_modules\\express\\node_modules\\raw-body\\index.js:280:7)\n    at IncomingMessage.emit (node:events:513:28)\n    at endReadableNT (node:internal/streams/readable:1359:12)","timestamp":"2023-11-06T21:58:39.006Z"}
{"level":"error","message":"Error: Unexpected token \" in JSON at position 0","timestamp":"2023-11-06T21:59:05.364Z"}
{"level":"error","message":"Stack trace: SyntaxError: Unexpected token \" in JSON at position 0\n    at JSON.parse (<anonymous>)\n    at createStrictSyntaxError (E:\\Schema draft\\node_modules\\express\\node_modules\\body-parser\\lib\\types\\json.js:160:10)\n    at parse (E:\\Schema draft\\node_modules\\express\\node_modules\\body-parser\\lib\\types\\json.js:83:15)\n    at E:\\Schema draft\\node_modules\\express\\node_modules\\body-parser\\lib\\read.js:128:18\n    at AsyncResource.runInAsyncScope (node:async_hooks:203:9)\n    at invokeCallback (E:\\Schema draft\\node_modules\\express\\node_modules\\raw-body\\index.js:231:16)\n    at done (E:\\Schema draft\\node_modules\\express\\node_modules\\raw-body\\index.js:220:7)\n    at IncomingMessage.onEnd (E:\\Schema draft\\node_modules\\express\\node_modules\\raw-body\\index.js:280:7)\n    at IncomingMessage.emit (node:events:513:28)\n    at endReadableNT (node:internal/streams/readable:1359:12)","timestamp":"2023-11-06T21:59:05.366Z"}
{"level":"error","message":"Error: Unexpected token \" in JSON at position 0","timestamp":"2023-11-06T22:00:56.945Z"}
{"level":"error","message":"Stack trace: SyntaxError: Unexpected token \" in JSON at position 0\n    at JSON.parse (<anonymous>)\n    at createStrictSyntaxError (E:\\Schema draft\\node_modules\\express\\node_modules\\body-parser\\lib\\types\\json.js:160:10)\n    at parse (E:\\Schema draft\\node_modules\\express\\node_modules\\body-parser\\lib\\types\\json.js:83:15)\n    at E:\\Schema draft\\node_modules\\express\\node_modules\\body-parser\\lib\\read.js:128:18\n    at AsyncResource.runInAsyncScope (node:async_hooks:203:9)\n    at invokeCallback (E:\\Schema draft\\node_modules\\express\\node_modules\\raw-body\\index.js:231:16)\n    at done (E:\\Schema draft\\node_modules\\express\\node_modules\\raw-body\\index.js:220:7)\n    at IncomingMessage.onEnd (E:\\Schema draft\\node_modules\\express\\node_modules\\raw-body\\index.js:280:7)\n    at IncomingMessage.emit (node:events:513:28)\n    at endReadableNT (node:internal/streams/readable:1359:12)","timestamp":"2023-11-06T22:00:56.948Z"}
{"level":"error","message":"Error: Unexpected token \" in JSON at position 0","timestamp":"2023-11-06T22:02:24.339Z"}
{"level":"error","message":"Stack trace: SyntaxError: Unexpected token \" in JSON at position 0\n    at JSON.parse (<anonymous>)\n    at createStrictSyntaxError (E:\\Schema draft\\node_modules\\express\\node_modules\\body-parser\\lib\\types\\json.js:160:10)\n    at parse (E:\\Schema draft\\node_modules\\express\\node_modules\\body-parser\\lib\\types\\json.js:83:15)\n    at E:\\Schema draft\\node_modules\\express\\node_modules\\body-parser\\lib\\read.js:128:18\n    at AsyncResource.runInAsyncScope (node:async_hooks:203:9)\n    at invokeCallback (E:\\Schema draft\\node_modules\\express\\node_modules\\raw-body\\index.js:231:16)\n    at done (E:\\Schema draft\\node_modules\\express\\node_modules\\raw-body\\index.js:220:7)\n    at IncomingMessage.onEnd (E:\\Schema draft\\node_modules\\express\\node_modules\\raw-body\\index.js:280:7)\n    at IncomingMessage.emit (node:events:513:28)\n    at endReadableNT (node:internal/streams/readable:1359:12)","timestamp":"2023-11-06T22:02:24.341Z"}
{"level":"error","message":"Error: Unexpected token \" in JSON at position 0","timestamp":"2023-11-06T22:06:30.236Z"}
{"level":"error","message":"Stack trace: SyntaxError: Unexpected token \" in JSON at position 0\n    at JSON.parse (<anonymous>)\n    at createStrictSyntaxError (E:\\Schema draft\\node_modules\\express\\node_modules\\body-parser\\lib\\types\\json.js:160:10)\n    at parse (E:\\Schema draft\\node_modules\\express\\node_modules\\body-parser\\lib\\types\\json.js:83:15)\n    at E:\\Schema draft\\node_modules\\express\\node_modules\\body-parser\\lib\\read.js:128:18\n    at AsyncResource.runInAsyncScope (node:async_hooks:203:9)\n    at invokeCallback (E:\\Schema draft\\node_modules\\express\\node_modules\\raw-body\\index.js:231:16)\n    at done (E:\\Schema draft\\node_modules\\express\\node_modules\\raw-body\\index.js:220:7)\n    at IncomingMessage.onEnd (E:\\Schema draft\\node_modules\\express\\node_modules\\raw-body\\index.js:280:7)\n    at IncomingMessage.emit (node:events:513:28)\n    at endReadableNT (node:internal/streams/readable:1359:12)","timestamp":"2023-11-06T22:06:30.242Z"}
{"level":"error","message":"Error: Please enter email","timestamp":"2023-11-06T22:07:31.055Z"}
{"level":"error","message":"Error: Internal Server Error","timestamp":"2023-11-06T22:07:31.056Z"}
{"level":"error","message":"Error: Internal Server Error","timestamp":"2023-11-06T22:07:31.058Z"}
{"level":"error","message":"Stack trace: Error: Internal Server Error\n    at E:\\Schema draft\\controllers\\auth\\login.js:104:14\n    at E:\\Schema draft\\middlewares\\catchAsyncError.js:2:25\n    at Layer.handle [as handle_request] (E:\\Schema draft\\node_modules\\express\\lib\\router\\layer.js:95:5)\n    at next (E:\\Schema draft\\node_modules\\express\\lib\\router\\route.js:144:13)\n    at Route.dispatch (E:\\Schema draft\\node_modules\\express\\lib\\router\\route.js:114:3)\n    at Layer.handle [as handle_request] (E:\\Schema draft\\node_modules\\express\\lib\\router\\layer.js:95:5)\n    at E:\\Schema draft\\node_modules\\express\\lib\\router\\index.js:284:15\n    at Function.process_params (E:\\Schema draft\\node_modules\\express\\lib\\router\\index.js:346:12)\n    at next (E:\\Schema draft\\node_modules\\express\\lib\\router\\index.js:280:10)\n    at Function.handle (E:\\Schema draft\\node_modules\\express\\lib\\router\\index.js:175:3)","timestamp":"2023-11-06T22:07:31.061Z"}
{"level":"error","message":"Error: Please provide email","timestamp":"2023-11-06T22:19:24.613Z"}
{"level":"error","message":"Error: Please provide email","timestamp":"2023-11-06T22:19:24.621Z"}
{"level":"error","message":"Stack trace: Error: Please provide email\n    at E:\\Schema draft\\controllers\\auth\\login.js:13:19\n    at E:\\Schema draft\\middlewares\\catchAsyncError.js:2:25\n    at Layer.handle [as handle_request] (E:\\Schema draft\\node_modules\\express\\lib\\router\\layer.js:95:5)\n    at next (E:\\Schema draft\\node_modules\\express\\lib\\router\\route.js:144:13)\n    at Route.dispatch (E:\\Schema draft\\node_modules\\express\\lib\\router\\route.js:114:3)\n    at Layer.handle [as handle_request] (E:\\Schema draft\\node_modules\\express\\lib\\router\\layer.js:95:5)\n    at E:\\Schema draft\\node_modules\\express\\lib\\router\\index.js:284:15\n    at Function.process_params (E:\\Schema draft\\node_modules\\express\\lib\\router\\index.js:346:12)\n    at next (E:\\Schema draft\\node_modules\\express\\lib\\router\\index.js:280:10)\n    at Function.handle (E:\\Schema draft\\node_modules\\express\\lib\\router\\index.js:175:3)","timestamp":"2023-11-06T22:19:24.622Z"}
{"level":"error","message":"Error: Unexpected token \" in JSON at position 0","timestamp":"2023-11-06T22:20:03.754Z"}
{"level":"error","message":"Stack trace: SyntaxError: Unexpected token \" in JSON at position 0\n    at JSON.parse (<anonymous>)\n    at createStrictSyntaxError (E:\\Schema draft\\node_modules\\express\\node_modules\\body-parser\\lib\\types\\json.js:160:10)\n    at parse (E:\\Schema draft\\node_modules\\express\\node_modules\\body-parser\\lib\\types\\json.js:83:15)\n    at E:\\Schema draft\\node_modules\\express\\node_modules\\body-parser\\lib\\read.js:128:18\n    at AsyncResource.runInAsyncScope (node:async_hooks:203:9)\n    at invokeCallback (E:\\Schema draft\\node_modules\\express\\node_modules\\raw-body\\index.js:231:16)\n    at done (E:\\Schema draft\\node_modules\\express\\node_modules\\raw-body\\index.js:220:7)\n    at IncomingMessage.onEnd (E:\\Schema draft\\node_modules\\express\\node_modules\\raw-body\\index.js:280:7)\n    at IncomingMessage.emit (node:events:513:28)\n    at endReadableNT (node:internal/streams/readable:1359:12)","timestamp":"2023-11-06T22:20:03.755Z"}
{"level":"error","message":"Error: Please provide email","timestamp":"2023-11-06T22:21:09.708Z"}
{"level":"error","message":"Error: Please provide email","timestamp":"2023-11-06T22:21:09.710Z"}
{"level":"error","message":"Stack trace: Error: Please provide email\n    at E:\\Schema draft\\controllers\\auth\\login.js:13:19\n    at E:\\Schema draft\\middlewares\\catchAsyncError.js:2:25\n    at Layer.handle [as handle_request] (E:\\Schema draft\\node_modules\\express\\lib\\router\\layer.js:95:5)\n    at next (E:\\Schema draft\\node_modules\\express\\lib\\router\\route.js:144:13)\n    at Route.dispatch (E:\\Schema draft\\node_modules\\express\\lib\\router\\route.js:114:3)\n    at Layer.handle [as handle_request] (E:\\Schema draft\\node_modules\\express\\lib\\router\\layer.js:95:5)\n    at E:\\Schema draft\\node_modules\\express\\lib\\router\\index.js:284:15\n    at Function.process_params (E:\\Schema draft\\node_modules\\express\\lib\\router\\index.js:346:12)\n    at next (E:\\Schema draft\\node_modules\\express\\lib\\router\\index.js:280:10)\n    at Function.handle (E:\\Schema draft\\node_modules\\express\\lib\\router\\index.js:175:3)","timestamp":"2023-11-06T22:21:09.711Z"}
{"level":"error","message":"Error: Please provide email","timestamp":"2023-11-06T22:27:41.272Z"}
{"level":"error","message":"Error: Please provide email","timestamp":"2023-11-06T22:27:41.276Z"}
{"level":"error","message":"Stack trace: Error: Please provide email\n    at E:\\Schema draft\\controllers\\auth\\login.js:13:19\n    at E:\\Schema draft\\middlewares\\catchAsyncError.js:2:25\n    at Layer.handle [as handle_request] (E:\\Schema draft\\node_modules\\express\\lib\\router\\layer.js:95:5)\n    at next (E:\\Schema draft\\node_modules\\express\\lib\\router\\route.js:144:13)\n    at Route.dispatch (E:\\Schema draft\\node_modules\\express\\lib\\router\\route.js:114:3)\n    at Layer.handle [as handle_request] (E:\\Schema draft\\node_modules\\express\\lib\\router\\layer.js:95:5)\n    at E:\\Schema draft\\node_modules\\express\\lib\\router\\index.js:284:15\n    at Function.process_params (E:\\Schema draft\\node_modules\\express\\lib\\router\\index.js:346:12)\n    at next (E:\\Schema draft\\node_modules\\express\\lib\\router\\index.js:280:10)\n    at Function.handle (E:\\Schema draft\\node_modules\\express\\lib\\router\\index.js:175:3)","timestamp":"2023-11-06T22:27:41.278Z"}
{"level":"error","message":"Error: Please enter email","timestamp":"2023-11-06T22:31:05.070Z"}
{"level":"error","message":"Error: Internal Server Error","timestamp":"2023-11-06T22:31:05.071Z"}
{"level":"error","message":"Error: Internal Server Error","timestamp":"2023-11-06T22:31:05.072Z"}
{"level":"error","message":"Stack trace: Error: Internal Server Error\n    at E:\\Schema draft\\controllers\\auth\\login.js:104:14\n    at E:\\Schema draft\\middlewares\\catchAsyncError.js:2:25\n    at Layer.handle [as handle_request] (E:\\Schema draft\\node_modules\\express\\lib\\router\\layer.js:95:5)\n    at next (E:\\Schema draft\\node_modules\\express\\lib\\router\\route.js:144:13)\n    at Route.dispatch (E:\\Schema draft\\node_modules\\express\\lib\\router\\route.js:114:3)\n    at Layer.handle [as handle_request] (E:\\Schema draft\\node_modules\\express\\lib\\router\\layer.js:95:5)\n    at E:\\Schema draft\\node_modules\\express\\lib\\router\\index.js:284:15\n    at Function.process_params (E:\\Schema draft\\node_modules\\express\\lib\\router\\index.js:346:12)\n    at next (E:\\Schema draft\\node_modules\\express\\lib\\router\\index.js:280:10)\n    at Function.handle (E:\\Schema draft\\node_modules\\express\\lib\\router\\index.js:175:3)","timestamp":"2023-11-06T22:31:05.074Z"}
{"level":"error","message":"Error: Please provide email","timestamp":"2023-11-06T22:37:37.813Z"}
{"level":"error","message":"Error: Please provide email","timestamp":"2023-11-06T22:37:37.818Z"}
{"level":"error","message":"Stack trace: Error: Please provide email\n    at E:\\Schema draft\\controllers\\auth\\login.js:13:19\n    at E:\\Schema draft\\middlewares\\catchAsyncError.js:2:25\n    at Layer.handle [as handle_request] (E:\\Schema draft\\node_modules\\express\\lib\\router\\layer.js:95:5)\n    at next (E:\\Schema draft\\node_modules\\express\\lib\\router\\route.js:144:13)\n    at Route.dispatch (E:\\Schema draft\\node_modules\\express\\lib\\router\\route.js:114:3)\n    at Layer.handle [as handle_request] (E:\\Schema draft\\node_modules\\express\\lib\\router\\layer.js:95:5)\n    at E:\\Schema draft\\node_modules\\express\\lib\\router\\index.js:284:15\n    at Function.process_params (E:\\Schema draft\\node_modules\\express\\lib\\router\\index.js:346:12)\n    at next (E:\\Schema draft\\node_modules\\express\\lib\\router\\index.js:280:10)\n    at Function.handle (E:\\Schema draft\\node_modules\\express\\lib\\router\\index.js:175:3)","timestamp":"2023-11-06T22:37:37.820Z"}
{"level":"error","message":"Error: Please provide email","timestamp":"2023-11-06T22:43:14.988Z"}
{"level":"error","message":"Error: Please provide email","timestamp":"2023-11-06T22:43:14.994Z"}
{"level":"error","message":"Stack trace: Error: Please provide email\n    at E:\\Schema draft\\controllers\\auth\\login.js:13:19\n    at E:\\Schema draft\\middlewares\\catchAsyncError.js:2:25\n    at Layer.handle [as handle_request] (E:\\Schema draft\\node_modules\\express\\lib\\router\\layer.js:95:5)\n    at next (E:\\Schema draft\\node_modules\\express\\lib\\router\\route.js:144:13)\n    at Route.dispatch (E:\\Schema draft\\node_modules\\express\\lib\\router\\route.js:114:3)\n    at Layer.handle [as handle_request] (E:\\Schema draft\\node_modules\\express\\lib\\router\\layer.js:95:5)\n    at E:\\Schema draft\\node_modules\\express\\lib\\router\\index.js:284:15\n    at Function.process_params (E:\\Schema draft\\node_modules\\express\\lib\\router\\index.js:346:12)\n    at next (E:\\Schema draft\\node_modules\\express\\lib\\router\\index.js:280:10)\n    at Function.handle (E:\\Schema draft\\node_modules\\express\\lib\\router\\index.js:175:3)","timestamp":"2023-11-06T22:43:14.995Z"}
{"level":"error","message":"Error: Please provide email","timestamp":"2023-11-06T22:49:40.676Z"}
{"level":"error","message":"Error: Please provide email","timestamp":"2023-11-06T22:49:40.682Z"}
{"level":"error","message":"Stack trace: Error: Please provide email\n    at E:\\Schema draft\\controllers\\auth\\login.js:13:19\n    at E:\\Schema draft\\middlewares\\catchAsyncError.js:2:25\n    at Layer.handle [as handle_request] (E:\\Schema draft\\node_modules\\express\\lib\\router\\layer.js:95:5)\n    at next (E:\\Schema draft\\node_modules\\express\\lib\\router\\route.js:144:13)\n    at Route.dispatch (E:\\Schema draft\\node_modules\\express\\lib\\router\\route.js:114:3)\n    at Layer.handle [as handle_request] (E:\\Schema draft\\node_modules\\express\\lib\\router\\layer.js:95:5)\n    at E:\\Schema draft\\node_modules\\express\\lib\\router\\index.js:284:15\n    at Function.process_params (E:\\Schema draft\\node_modules\\express\\lib\\router\\index.js:346:12)\n    at next (E:\\Schema draft\\node_modules\\express\\lib\\router\\index.js:280:10)\n    at Function.handle (E:\\Schema draft\\node_modules\\express\\lib\\router\\index.js:175:3)","timestamp":"2023-11-06T22:49:40.683Z"}
{"level":"error","message":"Error: Please provide email","timestamp":"2023-11-06T22:59:32.106Z"}
{"level":"error","message":"Error: Please provide email","timestamp":"2023-11-06T22:59:32.107Z"}
{"level":"error","message":"Stack trace: Error: Please provide email\n    at E:\\Schema draft\\controllers\\auth\\login.js:13:19\n    at E:\\Schema draft\\middlewares\\catchAsyncError.js:2:25\n    at Layer.handle [as handle_request] (E:\\Schema draft\\node_modules\\express\\lib\\router\\layer.js:95:5)\n    at next (E:\\Schema draft\\node_modules\\express\\lib\\router\\route.js:144:13)\n    at Route.dispatch (E:\\Schema draft\\node_modules\\express\\lib\\router\\route.js:114:3)\n    at Layer.handle [as handle_request] (E:\\Schema draft\\node_modules\\express\\lib\\router\\layer.js:95:5)\n    at E:\\Schema draft\\node_modules\\express\\lib\\router\\index.js:284:15\n    at Function.process_params (E:\\Schema draft\\node_modules\\express\\lib\\router\\index.js:346:12)\n    at next (E:\\Schema draft\\node_modules\\express\\lib\\router\\index.js:280:10)\n    at Function.handle (E:\\Schema draft\\node_modules\\express\\lib\\router\\index.js:175:3)","timestamp":"2023-11-06T22:59:32.110Z"}
{"level":"error","message":"Error: Internal Server Error","timestamp":"2023-11-06T23:04:43.269Z"}
{"level":"error","message":"Error: Internal Server Error","timestamp":"2023-11-06T23:04:43.285Z"}
{"level":"error","message":"Stack trace: Error: Internal Server Error\n    at E:\\Schema draft\\controllers\\auth\\login.js:104:14\n    at process.processTicksAndRejections (node:internal/process/task_queues:95:5)","timestamp":"2023-11-06T23:04:43.288Z"}
{"level":"error","message":"Error: Please provide email","timestamp":"2023-11-06T23:05:49.806Z"}
{"level":"error","message":"Error: Please provide email","timestamp":"2023-11-06T23:05:49.809Z"}
{"level":"error","message":"Stack trace: Error: Please provide email\n    at E:\\Schema draft\\controllers\\auth\\login.js:13:19\n    at E:\\Schema draft\\middlewares\\catchAsyncError.js:2:25\n    at Layer.handle [as handle_request] (E:\\Schema draft\\node_modules\\express\\lib\\router\\layer.js:95:5)\n    at next (E:\\Schema draft\\node_modules\\express\\lib\\router\\route.js:144:13)\n    at Route.dispatch (E:\\Schema draft\\node_modules\\express\\lib\\router\\route.js:114:3)\n    at Layer.handle [as handle_request] (E:\\Schema draft\\node_modules\\express\\lib\\router\\layer.js:95:5)\n    at E:\\Schema draft\\node_modules\\express\\lib\\router\\index.js:284:15\n    at Function.process_params (E:\\Schema draft\\node_modules\\express\\lib\\router\\index.js:346:12)\n    at next (E:\\Schema draft\\node_modules\\express\\lib\\router\\index.js:280:10)\n    at Function.handle (E:\\Schema draft\\node_modules\\express\\lib\\router\\index.js:175:3)","timestamp":"2023-11-06T23:05:49.810Z"}
{"level":"error","message":"Error: Internal Server Error","timestamp":"2023-11-06T23:08:44.025Z"}
{"level":"error","message":"Error: Internal Server Error","timestamp":"2023-11-06T23:08:44.042Z"}
{"level":"error","message":"Stack trace: Error: Internal Server Error\n    at E:\\Schema draft\\controllers\\auth\\login.js:104:14\n    at process.processTicksAndRejections (node:internal/process/task_queues:95:5)","timestamp":"2023-11-06T23:08:44.043Z"}
{"level":"error","message":"Error: Internal Server Error","timestamp":"2023-11-06T23:10:33.887Z"}
{"level":"error","message":"Error: Internal Server Error","timestamp":"2023-11-06T23:10:33.888Z"}
{"level":"error","message":"Stack trace: Error: Internal Server Error\n    at E:\\Schema draft\\controllers\\auth\\login.js:104:14\n    at process.processTicksAndRejections (node:internal/process/task_queues:95:5)","timestamp":"2023-11-06T23:10:33.888Z"}
{"level":"error","message":"Error: Internal Server Error","timestamp":"2023-11-06T23:11:36.958Z"}
{"level":"error","message":"Error: Internal Server Error","timestamp":"2023-11-06T23:11:36.965Z"}
{"level":"error","message":"Stack trace: Error: Internal Server Error\n    at E:\\Schema draft\\controllers\\auth\\login.js:104:14\n    at process.processTicksAndRejections (node:internal/process/task_queues:95:5)","timestamp":"2023-11-06T23:11:36.967Z"}
{"level":"error","message":"Error: Please provide email","timestamp":"2023-11-06T23:13:40.242Z"}
{"level":"error","message":"Error: Please provide email","timestamp":"2023-11-06T23:13:40.247Z"}
{"level":"error","message":"Stack trace: Error: Please provide email\n    at E:\\Schema draft\\controllers\\auth\\login.js:13:19\n    at E:\\Schema draft\\middlewares\\catchAsyncError.js:2:25\n    at Layer.handle [as handle_request] (E:\\Schema draft\\node_modules\\express\\lib\\router\\layer.js:95:5)\n    at next (E:\\Schema draft\\node_modules\\express\\lib\\router\\route.js:144:13)\n    at Route.dispatch (E:\\Schema draft\\node_modules\\express\\lib\\router\\route.js:114:3)\n    at Layer.handle [as handle_request] (E:\\Schema draft\\node_modules\\express\\lib\\router\\layer.js:95:5)\n    at E:\\Schema draft\\node_modules\\express\\lib\\router\\index.js:284:15\n    at Function.process_params (E:\\Schema draft\\node_modules\\express\\lib\\router\\index.js:346:12)\n    at next (E:\\Schema draft\\node_modules\\express\\lib\\router\\index.js:280:10)\n    at Function.handle (E:\\Schema draft\\node_modules\\express\\lib\\router\\index.js:175:3)","timestamp":"2023-11-06T23:13:40.249Z"}
{"level":"error","message":"Error: Please provide email","timestamp":"2023-11-06T23:13:59.961Z"}
{"level":"error","message":"Error: Please provide email","timestamp":"2023-11-06T23:13:59.963Z"}
{"level":"error","message":"Stack trace: Error: Please provide email\n    at E:\\Schema draft\\controllers\\auth\\login.js:13:19\n    at E:\\Schema draft\\middlewares\\catchAsyncError.js:2:25\n    at Layer.handle [as handle_request] (E:\\Schema draft\\node_modules\\express\\lib\\router\\layer.js:95:5)\n    at next (E:\\Schema draft\\node_modules\\express\\lib\\router\\route.js:144:13)\n    at Route.dispatch (E:\\Schema draft\\node_modules\\express\\lib\\router\\route.js:114:3)\n    at Layer.handle [as handle_request] (E:\\Schema draft\\node_modules\\express\\lib\\router\\layer.js:95:5)\n    at E:\\Schema draft\\node_modules\\express\\lib\\router\\index.js:284:15\n    at Function.process_params (E:\\Schema draft\\node_modules\\express\\lib\\router\\index.js:346:12)\n    at next (E:\\Schema draft\\node_modules\\express\\lib\\router\\index.js:280:10)\n    at Function.handle (E:\\Schema draft\\node_modules\\express\\lib\\router\\index.js:175:3)","timestamp":"2023-11-06T23:13:59.964Z"}
{"level":"error","message":"Error: Please provide email","timestamp":"2023-11-06T23:14:06.552Z"}
{"level":"error","message":"Error: Please provide email","timestamp":"2023-11-06T23:14:06.555Z"}
{"level":"error","message":"Stack trace: Error: Please provide email\n    at E:\\Schema draft\\controllers\\auth\\login.js:13:19\n    at E:\\Schema draft\\middlewares\\catchAsyncError.js:2:25\n    at Layer.handle [as handle_request] (E:\\Schema draft\\node_modules\\express\\lib\\router\\layer.js:95:5)\n    at next (E:\\Schema draft\\node_modules\\express\\lib\\router\\route.js:144:13)\n    at Route.dispatch (E:\\Schema draft\\node_modules\\express\\lib\\router\\route.js:114:3)\n    at Layer.handle [as handle_request] (E:\\Schema draft\\node_modules\\express\\lib\\router\\layer.js:95:5)\n    at E:\\Schema draft\\node_modules\\express\\lib\\router\\index.js:284:15\n    at Function.process_params (E:\\Schema draft\\node_modules\\express\\lib\\router\\index.js:346:12)\n    at next (E:\\Schema draft\\node_modules\\express\\lib\\router\\index.js:280:10)\n    at Function.handle (E:\\Schema draft\\node_modules\\express\\lib\\router\\index.js:175:3)","timestamp":"2023-11-06T23:14:06.555Z"}
{"level":"error","message":"Error: Please provide email","timestamp":"2023-11-06T23:14:09.887Z"}
{"level":"error","message":"Error: Please provide email","timestamp":"2023-11-06T23:14:09.898Z"}
{"level":"error","message":"Stack trace: Error: Please provide email\n    at E:\\Schema draft\\controllers\\auth\\login.js:13:19\n    at E:\\Schema draft\\middlewares\\catchAsyncError.js:2:25\n    at Layer.handle [as handle_request] (E:\\Schema draft\\node_modules\\express\\lib\\router\\layer.js:95:5)\n    at next (E:\\Schema draft\\node_modules\\express\\lib\\router\\route.js:144:13)\n    at Route.dispatch (E:\\Schema draft\\node_modules\\express\\lib\\router\\route.js:114:3)\n    at Layer.handle [as handle_request] (E:\\Schema draft\\node_modules\\express\\lib\\router\\layer.js:95:5)\n    at E:\\Schema draft\\node_modules\\express\\lib\\router\\index.js:284:15\n    at Function.process_params (E:\\Schema draft\\node_modules\\express\\lib\\router\\index.js:346:12)\n    at next (E:\\Schema draft\\node_modules\\express\\lib\\router\\index.js:280:10)\n    at Function.handle (E:\\Schema draft\\node_modules\\express\\lib\\router\\index.js:175:3)","timestamp":"2023-11-06T23:14:09.899Z"}
{"level":"error","message":"Error: Please provide email","timestamp":"2023-11-06T23:16:39.894Z"}
{"level":"error","message":"Error: Please provide email","timestamp":"2023-11-06T23:16:39.896Z"}
{"level":"error","message":"Stack trace: Error: Please provide email\n    at E:\\Schema draft\\controllers\\auth\\login.js:13:19\n    at E:\\Schema draft\\middlewares\\catchAsyncError.js:2:25\n    at Layer.handle [as handle_request] (E:\\Schema draft\\node_modules\\express\\lib\\router\\layer.js:95:5)\n    at next (E:\\Schema draft\\node_modules\\express\\lib\\router\\route.js:144:13)\n    at Route.dispatch (E:\\Schema draft\\node_modules\\express\\lib\\router\\route.js:114:3)\n    at Layer.handle [as handle_request] (E:\\Schema draft\\node_modules\\express\\lib\\router\\layer.js:95:5)\n    at E:\\Schema draft\\node_modules\\express\\lib\\router\\index.js:284:15\n    at Function.process_params (E:\\Schema draft\\node_modules\\express\\lib\\router\\index.js:346:12)\n    at next (E:\\Schema draft\\node_modules\\express\\lib\\router\\index.js:280:10)\n    at Function.handle (E:\\Schema draft\\node_modules\\express\\lib\\router\\index.js:175:3)","timestamp":"2023-11-06T23:16:39.899Z"}
{"level":"error","message":"Error: Please provide email","timestamp":"2023-11-06T23:16:44.191Z"}
{"level":"error","message":"Error: Please provide email","timestamp":"2023-11-06T23:16:44.195Z"}
{"level":"error","message":"Stack trace: Error: Please provide email\n    at E:\\Schema draft\\controllers\\auth\\login.js:13:19\n    at E:\\Schema draft\\middlewares\\catchAsyncError.js:2:25\n    at Layer.handle [as handle_request] (E:\\Schema draft\\node_modules\\express\\lib\\router\\layer.js:95:5)\n    at next (E:\\Schema draft\\node_modules\\express\\lib\\router\\route.js:144:13)\n    at Route.dispatch (E:\\Schema draft\\node_modules\\express\\lib\\router\\route.js:114:3)\n    at Layer.handle [as handle_request] (E:\\Schema draft\\node_modules\\express\\lib\\router\\layer.js:95:5)\n    at E:\\Schema draft\\node_modules\\express\\lib\\router\\index.js:284:15\n    at Function.process_params (E:\\Schema draft\\node_modules\\express\\lib\\router\\index.js:346:12)\n    at next (E:\\Schema draft\\node_modules\\express\\lib\\router\\index.js:280:10)\n    at Function.handle (E:\\Schema draft\\node_modules\\express\\lib\\router\\index.js:175:3)","timestamp":"2023-11-06T23:16:44.196Z"}
{"level":"error","message":"Error: Please provide email","timestamp":"2023-11-06T23:27:00.151Z"}
{"level":"error","message":"Error: Please provide email","timestamp":"2023-11-06T23:27:00.154Z"}
{"level":"error","message":"Stack trace: Error: Please provide email\n    at E:\\Schema draft\\controllers\\auth\\login.js:13:19\n    at E:\\Schema draft\\middlewares\\catchAsyncError.js:2:25\n    at Layer.handle [as handle_request] (E:\\Schema draft\\node_modules\\express\\lib\\router\\layer.js:95:5)\n    at next (E:\\Schema draft\\node_modules\\express\\lib\\router\\route.js:144:13)\n    at Route.dispatch (E:\\Schema draft\\node_modules\\express\\lib\\router\\route.js:114:3)\n    at Layer.handle [as handle_request] (E:\\Schema draft\\node_modules\\express\\lib\\router\\layer.js:95:5)\n    at E:\\Schema draft\\node_modules\\express\\lib\\router\\index.js:284:15\n    at Function.process_params (E:\\Schema draft\\node_modules\\express\\lib\\router\\index.js:346:12)\n    at next (E:\\Schema draft\\node_modules\\express\\lib\\router\\index.js:280:10)\n    at Function.handle (E:\\Schema draft\\node_modules\\express\\lib\\router\\index.js:175:3)","timestamp":"2023-11-06T23:27:00.155Z"}
{"level":"error","message":"Error: Please provide email","timestamp":"2023-11-06T23:31:19.320Z"}
{"level":"error","message":"Error: Please provide email","timestamp":"2023-11-06T23:31:19.321Z"}
{"level":"error","message":"Stack trace: Error: Please provide email\n    at E:\\Schema draft\\controllers\\auth\\login.js:13:19\n    at E:\\Schema draft\\middlewares\\catchAsyncError.js:2:25\n    at Layer.handle [as handle_request] (E:\\Schema draft\\node_modules\\express\\lib\\router\\layer.js:95:5)\n    at next (E:\\Schema draft\\node_modules\\express\\lib\\router\\route.js:144:13)\n    at Route.dispatch (E:\\Schema draft\\node_modules\\express\\lib\\router\\route.js:114:3)\n    at Layer.handle [as handle_request] (E:\\Schema draft\\node_modules\\express\\lib\\router\\layer.js:95:5)\n    at E:\\Schema draft\\node_modules\\express\\lib\\router\\index.js:284:15\n    at Function.process_params (E:\\Schema draft\\node_modules\\express\\lib\\router\\index.js:346:12)\n    at next (E:\\Schema draft\\node_modules\\express\\lib\\router\\index.js:280:10)\n    at Function.handle (E:\\Schema draft\\node_modules\\express\\lib\\router\\index.js:175:3)","timestamp":"2023-11-06T23:31:19.322Z"}
{"level":"error","message":"Error: Please provide email","timestamp":"2023-11-06T23:38:23.367Z"}
{"level":"error","message":"Error: Please provide email","timestamp":"2023-11-06T23:38:23.368Z"}
{"level":"error","message":"Stack trace: Error: Please provide email\n    at E:\\Schema draft\\controllers\\auth\\login.js:13:19\n    at E:\\Schema draft\\middlewares\\catchAsyncError.js:2:25\n    at Layer.handle [as handle_request] (E:\\Schema draft\\node_modules\\express\\lib\\router\\layer.js:95:5)\n    at next (E:\\Schema draft\\node_modules\\express\\lib\\router\\route.js:144:13)\n    at Route.dispatch (E:\\Schema draft\\node_modules\\express\\lib\\router\\route.js:114:3)\n    at Layer.handle [as handle_request] (E:\\Schema draft\\node_modules\\express\\lib\\router\\layer.js:95:5)\n    at E:\\Schema draft\\node_modules\\express\\lib\\router\\index.js:284:15\n    at Function.process_params (E:\\Schema draft\\node_modules\\express\\lib\\router\\index.js:346:12)\n    at next (E:\\Schema draft\\node_modules\\express\\lib\\router\\index.js:280:10)\n    at Function.handle (E:\\Schema draft\\node_modules\\express\\lib\\router\\index.js:175:3)","timestamp":"2023-11-06T23:38:23.369Z"}
{"level":"error","message":"Error: email is not defined","timestamp":"2023-11-06T23:43:10.055Z"}
{"level":"error","message":"Stack trace: ReferenceError: email is not defined\n    at E:\\Schema draft\\controllers\\auth\\login.js:12:9\n    at E:\\Schema draft\\middlewares\\catchAsyncError.js:2:25\n    at Layer.handle [as handle_request] (E:\\Schema draft\\node_modules\\express\\lib\\router\\layer.js:95:5)\n    at next (E:\\Schema draft\\node_modules\\express\\lib\\router\\route.js:144:13)\n    at Route.dispatch (E:\\Schema draft\\node_modules\\express\\lib\\router\\route.js:114:3)\n    at Layer.handle [as handle_request] (E:\\Schema draft\\node_modules\\express\\lib\\router\\layer.js:95:5)\n    at E:\\Schema draft\\node_modules\\express\\lib\\router\\index.js:284:15\n    at Function.process_params (E:\\Schema draft\\node_modules\\express\\lib\\router\\index.js:346:12)\n    at next (E:\\Schema draft\\node_modules\\express\\lib\\router\\index.js:280:10)\n    at Function.handle (E:\\Schema draft\\node_modules\\express\\lib\\router\\index.js:175:3)","timestamp":"2023-11-06T23:43:10.062Z"}
{"level":"error","message":"Error: Please provide email","timestamp":"2023-11-06T23:44:44.615Z"}
{"level":"error","message":"Error: Please provide email","timestamp":"2023-11-06T23:44:44.624Z"}
{"level":"error","message":"Stack trace: Error: Please provide email\n    at E:\\Schema draft\\controllers\\auth\\login.js:14:19\n    at E:\\Schema draft\\middlewares\\catchAsyncError.js:2:25\n    at Layer.handle [as handle_request] (E:\\Schema draft\\node_modules\\express\\lib\\router\\layer.js:95:5)\n    at next (E:\\Schema draft\\node_modules\\express\\lib\\router\\route.js:144:13)\n    at Route.dispatch (E:\\Schema draft\\node_modules\\express\\lib\\router\\route.js:114:3)\n    at Layer.handle [as handle_request] (E:\\Schema draft\\node_modules\\express\\lib\\router\\layer.js:95:5)\n    at E:\\Schema draft\\node_modules\\express\\lib\\router\\index.js:284:15\n    at Function.process_params (E:\\Schema draft\\node_modules\\express\\lib\\router\\index.js:346:12)\n    at next (E:\\Schema draft\\node_modules\\express\\lib\\router\\index.js:280:10)\n    at Function.handle (E:\\Schema draft\\node_modules\\express\\lib\\router\\index.js:175:3)","timestamp":"2023-11-06T23:44:44.627Z"}
{"level":"error","message":"Error: Internal Server Error","timestamp":"2023-11-06T23:49:59.703Z"}
{"level":"error","message":"Error: Internal Server Error","timestamp":"2023-11-06T23:49:59.707Z"}
{"level":"error","message":"Stack trace: Error: Internal Server Error\n    at E:\\Schema draft\\controllers\\auth\\login.js:97:14\n    at process.processTicksAndRejections (node:internal/process/task_queues:95:5)","timestamp":"2023-11-06T23:49:59.708Z"}
{"level":"error","message":"Error: Internal Server Error","timestamp":"2023-11-06T23:51:11.015Z"}
{"level":"error","message":"Error: Internal Server Error","timestamp":"2023-11-06T23:51:11.016Z"}
{"level":"error","message":"Stack trace: Error: Internal Server Error\n    at E:\\Schema draft\\controllers\\auth\\login.js:97:14\n    at process.processTicksAndRejections (node:internal/process/task_queues:95:5)","timestamp":"2023-11-06T23:51:11.017Z"}
{"level":"error","message":"Error: Please provide email","timestamp":"2023-11-06T23:53:09.465Z"}
{"level":"error","message":"Error: Please provide email","timestamp":"2023-11-06T23:53:09.471Z"}
{"level":"error","message":"Stack trace: Error: Please provide email\n    at E:\\Schema draft\\controllers\\auth\\login.js:14:19\n    at E:\\Schema draft\\middlewares\\catchAsyncError.js:2:25\n    at Layer.handle [as handle_request] (E:\\Schema draft\\node_modules\\express\\lib\\router\\layer.js:95:5)\n    at next (E:\\Schema draft\\node_modules\\express\\lib\\router\\route.js:144:13)\n    at Route.dispatch (E:\\Schema draft\\node_modules\\express\\lib\\router\\route.js:114:3)\n    at Layer.handle [as handle_request] (E:\\Schema draft\\node_modules\\express\\lib\\router\\layer.js:95:5)\n    at E:\\Schema draft\\node_modules\\express\\lib\\router\\index.js:284:15\n    at Function.process_params (E:\\Schema draft\\node_modules\\express\\lib\\router\\index.js:346:12)\n    at next (E:\\Schema draft\\node_modules\\express\\lib\\router\\index.js:280:10)\n    at Function.handle (E:\\Schema draft\\node_modules\\express\\lib\\router\\index.js:175:3)","timestamp":"2023-11-06T23:53:09.472Z"}
{"level":"error","message":"Error: Please provide email","timestamp":"2023-11-06T23:54:55.993Z"}
{"level":"error","message":"Error: Please provide email","timestamp":"2023-11-06T23:54:55.996Z"}
{"level":"error","message":"Stack trace: Error: Please provide email\n    at E:\\Schema draft\\controllers\\auth\\login.js:14:19\n    at E:\\Schema draft\\middlewares\\catchAsyncError.js:2:25\n    at Layer.handle [as handle_request] (E:\\Schema draft\\node_modules\\express\\lib\\router\\layer.js:95:5)\n    at next (E:\\Schema draft\\node_modules\\express\\lib\\router\\route.js:144:13)\n    at Route.dispatch (E:\\Schema draft\\node_modules\\express\\lib\\router\\route.js:114:3)\n    at Layer.handle [as handle_request] (E:\\Schema draft\\node_modules\\express\\lib\\router\\layer.js:95:5)\n    at E:\\Schema draft\\node_modules\\express\\lib\\router\\index.js:284:15\n    at Function.process_params (E:\\Schema draft\\node_modules\\express\\lib\\router\\index.js:346:12)\n    at next (E:\\Schema draft\\node_modules\\express\\lib\\router\\index.js:280:10)\n    at Function.handle (E:\\Schema draft\\node_modules\\express\\lib\\router\\index.js:175:3)","timestamp":"2023-11-06T23:54:55.998Z"}
{"level":"error","message":"Error: Please provide email","timestamp":"2023-11-06T23:56:35.596Z"}
{"level":"error","message":"Error: Please provide email","timestamp":"2023-11-06T23:56:35.604Z"}
{"level":"error","message":"Stack trace: Error: Please provide email\n    at E:\\Schema draft\\controllers\\auth\\login.js:14:19\n    at E:\\Schema draft\\middlewares\\catchAsyncError.js:2:25\n    at Layer.handle [as handle_request] (E:\\Schema draft\\node_modules\\express\\lib\\router\\layer.js:95:5)\n    at next (E:\\Schema draft\\node_modules\\express\\lib\\router\\route.js:144:13)\n    at Route.dispatch (E:\\Schema draft\\node_modules\\express\\lib\\router\\route.js:114:3)\n    at Layer.handle [as handle_request] (E:\\Schema draft\\node_modules\\express\\lib\\router\\layer.js:95:5)\n    at E:\\Schema draft\\node_modules\\express\\lib\\router\\index.js:284:15\n    at Function.process_params (E:\\Schema draft\\node_modules\\express\\lib\\router\\index.js:346:12)\n    at next (E:\\Schema draft\\node_modules\\express\\lib\\router\\index.js:280:10)\n    at Function.handle (E:\\Schema draft\\node_modules\\express\\lib\\router\\index.js:175:3)","timestamp":"2023-11-06T23:56:35.605Z"}
{"level":"error","message":"Error: Please provide email","timestamp":"2023-11-06T23:58:39.366Z"}
{"level":"error","message":"Error: Please provide email","timestamp":"2023-11-06T23:58:39.368Z"}
{"level":"error","message":"Stack trace: Error: Please provide email\n    at E:\\Schema draft\\controllers\\auth\\login.js:14:19\n    at E:\\Schema draft\\middlewares\\catchAsyncError.js:2:25\n    at Layer.handle [as handle_request] (E:\\Schema draft\\node_modules\\express\\lib\\router\\layer.js:95:5)\n    at next (E:\\Schema draft\\node_modules\\express\\lib\\router\\route.js:144:13)\n    at Route.dispatch (E:\\Schema draft\\node_modules\\express\\lib\\router\\route.js:114:3)\n    at Layer.handle [as handle_request] (E:\\Schema draft\\node_modules\\express\\lib\\router\\layer.js:95:5)\n    at E:\\Schema draft\\node_modules\\express\\lib\\router\\index.js:284:15\n    at Function.process_params (E:\\Schema draft\\node_modules\\express\\lib\\router\\index.js:346:12)\n    at next (E:\\Schema draft\\node_modules\\express\\lib\\router\\index.js:280:10)\n    at Function.handle (E:\\Schema draft\\node_modules\\express\\lib\\router\\index.js:175:3)","timestamp":"2023-11-06T23:58:39.369Z"}
{"level":"error","message":"Error: Please provide email","timestamp":"2023-11-07T09:18:04.039Z"}
{"level":"error","message":"Error: Please provide email","timestamp":"2023-11-07T09:18:04.067Z"}
{"level":"error","message":"Stack trace: Error: Please provide email\n    at E:\\Schema draft\\controllers\\auth\\login.js:14:19\n    at E:\\Schema draft\\middlewares\\catchAsyncError.js:2:25\n    at Layer.handle [as handle_request] (E:\\Schema draft\\node_modules\\express\\lib\\router\\layer.js:95:5)\n    at next (E:\\Schema draft\\node_modules\\express\\lib\\router\\route.js:144:13)\n    at Route.dispatch (E:\\Schema draft\\node_modules\\express\\lib\\router\\route.js:114:3)\n    at Layer.handle [as handle_request] (E:\\Schema draft\\node_modules\\express\\lib\\router\\layer.js:95:5)\n    at E:\\Schema draft\\node_modules\\express\\lib\\router\\index.js:284:15\n    at Function.process_params (E:\\Schema draft\\node_modules\\express\\lib\\router\\index.js:346:12)\n    at next (E:\\Schema draft\\node_modules\\express\\lib\\router\\index.js:280:10)\n    at Function.handle (E:\\Schema draft\\node_modules\\express\\lib\\router\\index.js:175:3)","timestamp":"2023-11-07T09:18:04.072Z"}
{"level":"error","message":"Error: Invalid password","timestamp":"2023-11-07T09:20:30.890Z"}
{"level":"error","message":"Error: Invalid password","timestamp":"2023-11-07T09:20:30.892Z"}
{"level":"error","message":"Stack trace: Error: Invalid password\n    at E:\\Schema draft\\controllers\\auth\\login.js:38:23","timestamp":"2023-11-07T09:20:30.893Z"}
{"level":"error","message":"Error: Invalid password","timestamp":"2023-11-07T09:22:27.025Z"}
{"level":"error","message":"Error: Invalid password","timestamp":"2023-11-07T09:22:27.027Z"}
{"level":"error","message":"Stack trace: Error: Invalid password\n    at E:\\Schema draft\\controllers\\auth\\login.js:38:23","timestamp":"2023-11-07T09:22:27.028Z"}
{"level":"error","message":"Error: Invalid password","timestamp":"2023-11-07T09:23:46.520Z"}
{"level":"error","message":"Error: Invalid password","timestamp":"2023-11-07T09:23:46.533Z"}
{"level":"error","message":"Stack trace: Error: Invalid password\n    at E:\\Schema draft\\controllers\\auth\\login.js:37:23","timestamp":"2023-11-07T09:23:46.536Z"}
{"level":"error","message":"Error: Invalid password","timestamp":"2023-11-07T09:24:18.049Z"}
{"level":"error","message":"Error: Invalid password","timestamp":"2023-11-07T09:24:18.052Z"}
{"level":"error","message":"Stack trace: Error: Invalid password\n    at E:\\Schema draft\\controllers\\auth\\login.js:37:23","timestamp":"2023-11-07T09:24:18.054Z"}
{"level":"error","message":"Error: Invalid email or password","timestamp":"2023-11-07T09:26:49.636Z"}
{"level":"error","message":"Error: Internal Server Error","timestamp":"2023-11-07T09:26:49.641Z"}
{"level":"error","message":"Error: Internal Server Error","timestamp":"2023-11-07T09:26:49.643Z"}
{"level":"error","message":"Stack trace: Error: Internal Server Error\n    at E:\\Schema draft\\controllers\\auth\\login.js:42:14","timestamp":"2023-11-07T09:26:49.644Z"}
{"level":"error","message":"Error: Please provide email","timestamp":"2023-11-07T09:33:20.779Z"}
{"level":"error","message":"Error: Internal Server Error","timestamp":"2023-11-07T09:33:20.782Z"}
{"level":"error","message":"Error: Internal Server Error","timestamp":"2023-11-07T09:33:20.785Z"}
{"level":"error","message":"Stack trace: Error: Internal Server Error\n    at E:\\Schema draft\\controllers\\auth\\login.js:42:14\n    at E:\\Schema draft\\middlewares\\catchAsyncError.js:2:25\n    at Layer.handle [as handle_request] (E:\\Schema draft\\node_modules\\express\\lib\\router\\layer.js:95:5)\n    at next (E:\\Schema draft\\node_modules\\express\\lib\\router\\route.js:144:13)\n    at Route.dispatch (E:\\Schema draft\\node_modules\\express\\lib\\router\\route.js:114:3)\n    at Layer.handle [as handle_request] (E:\\Schema draft\\node_modules\\express\\lib\\router\\layer.js:95:5)\n    at E:\\Schema draft\\node_modules\\express\\lib\\router\\index.js:284:15\n    at Function.process_params (E:\\Schema draft\\node_modules\\express\\lib\\router\\index.js:346:12)\n    at next (E:\\Schema draft\\node_modules\\express\\lib\\router\\index.js:280:10)\n    at Function.handle (E:\\Schema draft\\node_modules\\express\\lib\\router\\index.js:175:3)","timestamp":"2023-11-07T09:33:20.786Z"}
{"level":"error","message":"Error: Please provide email","timestamp":"2023-11-07T09:36:25.375Z"}
{"level":"error","message":"Error: Please provide email","timestamp":"2023-11-07T09:39:09.446Z"}
{"level":"error","message":"Error: Invalid OTP","timestamp":"2023-11-07T09:43:19.756Z"}
{"level":"error","message":"Error: Invalid OTP","timestamp":"2023-11-07T09:43:59.305Z"}
{"level":"error","message":"Error: Invalid OTP","timestamp":"2023-11-07T09:45:15.969Z"}
{"level":"error","message":"Error: Please enter email","timestamp":"2023-11-07T09:56:07.534Z"}
{"level":"error","message":"Error: Internal Server Error","timestamp":"2023-11-07T09:56:07.550Z"}
{"level":"error","message":"Error: Internal Server Error","timestamp":"2023-11-07T09:56:07.556Z"}
{"level":"error","message":"Stack trace: Error: Internal Server Error\n    at E:\\Schema draft\\controllers\\auth\\login.js:104:14\n    at E:\\Schema draft\\middlewares\\catchAsyncError.js:2:25\n    at Layer.handle [as handle_request] (E:\\Schema draft\\node_modules\\express\\lib\\router\\layer.js:95:5)\n    at next (E:\\Schema draft\\node_modules\\express\\lib\\router\\route.js:144:13)\n    at Route.dispatch (E:\\Schema draft\\node_modules\\express\\lib\\router\\route.js:114:3)\n    at Layer.handle [as handle_request] (E:\\Schema draft\\node_modules\\express\\lib\\router\\layer.js:95:5)\n    at E:\\Schema draft\\node_modules\\express\\lib\\router\\index.js:284:15\n    at Function.process_params (E:\\Schema draft\\node_modules\\express\\lib\\router\\index.js:346:12)\n    at next (E:\\Schema draft\\node_modules\\express\\lib\\router\\index.js:280:10)\n    at Function.handle (E:\\Schema draft\\node_modules\\express\\lib\\router\\index.js:175:3)","timestamp":"2023-11-07T09:56:07.560Z"}
{"level":"error","message":"Error: Invalid OTP","timestamp":"2023-11-07T09:56:17.382Z"}
{"level":"error","message":"Error: Invalid OTP","timestamp":"2023-11-07T09:58:04.767Z"}
{"level":"error","message":"Error: Invalid email or password","timestamp":"2023-11-07T10:01:28.864Z"}
{"level":"error","message":"Error: Please enter email","timestamp":"2023-11-07T10:01:51.065Z"}
{"level":"error","message":"Error: Internal Server Error","timestamp":"2023-11-07T10:01:51.066Z"}
{"level":"error","message":"Error: Internal Server Error","timestamp":"2023-11-07T10:01:51.068Z"}
{"level":"error","message":"Stack trace: Error: Internal Server Error\n    at E:\\Schema draft\\controllers\\auth\\login.js:104:14\n    at E:\\Schema draft\\middlewares\\catchAsyncError.js:2:25\n    at Layer.handle [as handle_request] (E:\\Schema draft\\node_modules\\express\\lib\\router\\layer.js:95:5)\n    at next (E:\\Schema draft\\node_modules\\express\\lib\\router\\route.js:144:13)\n    at Route.dispatch (E:\\Schema draft\\node_modules\\express\\lib\\router\\route.js:114:3)\n    at Layer.handle [as handle_request] (E:\\Schema draft\\node_modules\\express\\lib\\router\\layer.js:95:5)\n    at E:\\Schema draft\\node_modules\\express\\lib\\router\\index.js:284:15\n    at Function.process_params (E:\\Schema draft\\node_modules\\express\\lib\\router\\index.js:346:12)\n    at next (E:\\Schema draft\\node_modules\\express\\lib\\router\\index.js:280:10)\n    at Function.handle (E:\\Schema draft\\node_modules\\express\\lib\\router\\index.js:175:3)","timestamp":"2023-11-07T10:01:51.071Z"}
{"level":"error","message":"Error: Invalid email or password","timestamp":"2023-11-07T10:02:27.287Z"}
{"level":"error","message":"Error: Invalid OTP","timestamp":"2023-11-07T10:05:02.872Z"}
{"level":"error","message":"Error: Invalid OTP","timestamp":"2023-11-07T10:05:20.837Z"}
{"level":"error","message":"Error: Invalid OTP","timestamp":"2023-11-07T10:06:13.549Z"}
{"level":"error","message":"Error: Please provide email","timestamp":"2023-11-07T10:06:29.479Z"}
{"level":"error","message":"Error: Please provide email","timestamp":"2023-11-07T10:06:29.486Z"}
{"level":"error","message":"Error: Invalid OTP","timestamp":"2023-11-07T10:06:46.093Z"}
{"level":"error","message":"Error: Invalid OTP","timestamp":"2023-11-07T10:06:50.162Z"}
{"level":"error","message":"Error: Invalid OTP","timestamp":"2023-11-07T10:07:09.367Z"}
{"level":"error","message":"Error: Please provide email","timestamp":"2023-11-07T10:07:22.063Z"}
{"level":"error","message":"Error: Please provide email","timestamp":"2023-11-07T10:07:22.094Z"}
{"level":"error","message":"Error: Unexpected token \" in JSON at position 0","timestamp":"2023-11-07T10:07:42.534Z"}
{"level":"error","message":"Stack trace: SyntaxError: Unexpected token \" in JSON at position 0\n    at JSON.parse (<anonymous>)\n    at createStrictSyntaxError (E:\\Schema draft\\node_modules\\express\\node_modules\\body-parser\\lib\\types\\json.js:160:10)\n    at parse (E:\\Schema draft\\node_modules\\express\\node_modules\\body-parser\\lib\\types\\json.js:83:15)\n    at E:\\Schema draft\\node_modules\\express\\node_modules\\body-parser\\lib\\read.js:128:18\n    at AsyncResource.runInAsyncScope (node:async_hooks:203:9)\n    at invokeCallback (E:\\Schema draft\\node_modules\\express\\node_modules\\raw-body\\index.js:231:16)\n    at done (E:\\Schema draft\\node_modules\\express\\node_modules\\raw-body\\index.js:220:7)\n    at IncomingMessage.onEnd (E:\\Schema draft\\node_modules\\express\\node_modules\\raw-body\\index.js:280:7)\n    at IncomingMessage.emit (node:events:513:28)\n    at endReadableNT (node:internal/streams/readable:1359:12)","timestamp":"2023-11-07T10:07:42.536Z"}
{"level":"error","message":"Error: Unexpected token \" in JSON at position 0","timestamp":"2023-11-07T10:09:21.132Z"}
{"level":"error","message":"Stack trace: SyntaxError: Unexpected token \" in JSON at position 0\n    at JSON.parse (<anonymous>)\n    at createStrictSyntaxError (E:\\Schema draft\\node_modules\\express\\node_modules\\body-parser\\lib\\types\\json.js:160:10)\n    at parse (E:\\Schema draft\\node_modules\\express\\node_modules\\body-parser\\lib\\types\\json.js:83:15)\n    at E:\\Schema draft\\node_modules\\express\\node_modules\\body-parser\\lib\\read.js:128:18\n    at AsyncResource.runInAsyncScope (node:async_hooks:203:9)\n    at invokeCallback (E:\\Schema draft\\node_modules\\express\\node_modules\\raw-body\\index.js:231:16)\n    at done (E:\\Schema draft\\node_modules\\express\\node_modules\\raw-body\\index.js:220:7)\n    at IncomingMessage.onEnd (E:\\Schema draft\\node_modules\\express\\node_modules\\raw-body\\index.js:280:7)\n    at IncomingMessage.emit (node:events:513:28)\n    at endReadableNT (node:internal/streams/readable:1359:12)","timestamp":"2023-11-07T10:09:21.137Z"}
{"level":"error","message":"Error: Unexpected token \" in JSON at position 0","timestamp":"2023-11-07T10:09:27.049Z"}
{"level":"error","message":"Stack trace: SyntaxError: Unexpected token \" in JSON at position 0\n    at JSON.parse (<anonymous>)\n    at createStrictSyntaxError (E:\\Schema draft\\node_modules\\express\\node_modules\\body-parser\\lib\\types\\json.js:160:10)\n    at parse (E:\\Schema draft\\node_modules\\express\\node_modules\\body-parser\\lib\\types\\json.js:83:15)\n    at E:\\Schema draft\\node_modules\\express\\node_modules\\body-parser\\lib\\read.js:128:18\n    at AsyncResource.runInAsyncScope (node:async_hooks:203:9)\n    at invokeCallback (E:\\Schema draft\\node_modules\\express\\node_modules\\raw-body\\index.js:231:16)\n    at done (E:\\Schema draft\\node_modules\\express\\node_modules\\raw-body\\index.js:220:7)\n    at IncomingMessage.onEnd (E:\\Schema draft\\node_modules\\express\\node_modules\\raw-body\\index.js:280:7)\n    at IncomingMessage.emit (node:events:513:28)\n    at endReadableNT (node:internal/streams/readable:1359:12)","timestamp":"2023-11-07T10:09:27.051Z"}
{"level":"error","message":"Error: Unexpected token \" in JSON at position 0","timestamp":"2023-11-07T10:13:18.054Z"}
{"level":"error","message":"Stack trace: SyntaxError: Unexpected token \" in JSON at position 0\n    at JSON.parse (<anonymous>)\n    at createStrictSyntaxError (E:\\Schema draft\\node_modules\\express\\node_modules\\body-parser\\lib\\types\\json.js:160:10)\n    at parse (E:\\Schema draft\\node_modules\\express\\node_modules\\body-parser\\lib\\types\\json.js:83:15)\n    at E:\\Schema draft\\node_modules\\express\\node_modules\\body-parser\\lib\\read.js:128:18\n    at AsyncResource.runInAsyncScope (node:async_hooks:203:9)\n    at invokeCallback (E:\\Schema draft\\node_modules\\express\\node_modules\\raw-body\\index.js:231:16)\n    at done (E:\\Schema draft\\node_modules\\express\\node_modules\\raw-body\\index.js:220:7)\n    at IncomingMessage.onEnd (E:\\Schema draft\\node_modules\\express\\node_modules\\raw-body\\index.js:280:7)\n    at IncomingMessage.emit (node:events:513:28)\n    at endReadableNT (node:internal/streams/readable:1359:12)","timestamp":"2023-11-07T10:13:18.065Z"}
{"level":"error","message":"Error: Unexpected token \" in JSON at position 0","timestamp":"2023-11-07T10:15:32.396Z"}
{"level":"error","message":"Stack trace: SyntaxError: Unexpected token \" in JSON at position 0\n    at JSON.parse (<anonymous>)\n    at createStrictSyntaxError (E:\\Schema draft\\node_modules\\express\\node_modules\\body-parser\\lib\\types\\json.js:160:10)\n    at parse (E:\\Schema draft\\node_modules\\express\\node_modules\\body-parser\\lib\\types\\json.js:83:15)\n    at E:\\Schema draft\\node_modules\\express\\node_modules\\body-parser\\lib\\read.js:128:18\n    at AsyncResource.runInAsyncScope (node:async_hooks:203:9)\n    at invokeCallback (E:\\Schema draft\\node_modules\\express\\node_modules\\raw-body\\index.js:231:16)\n    at done (E:\\Schema draft\\node_modules\\express\\node_modules\\raw-body\\index.js:220:7)\n    at IncomingMessage.onEnd (E:\\Schema draft\\node_modules\\express\\node_modules\\raw-body\\index.js:280:7)\n    at IncomingMessage.emit (node:events:513:28)\n    at endReadableNT (node:internal/streams/readable:1359:12)","timestamp":"2023-11-07T10:15:32.399Z"}
{"level":"error","message":"Error: ENOENT: no such file or directory, stat 'E:\\frontend\\build\\index.html'","timestamp":"2023-11-07T10:15:42.406Z"}
{"level":"error","message":"Stack trace: Error: ENOENT: no such file or directory, stat 'E:\\frontend\\build\\index.html'","timestamp":"2023-11-07T10:15:42.408Z"}
{"level":"error","message":"Error: ENOENT: no such file or directory, stat 'E:\\frontend\\build\\index.html'","timestamp":"2023-11-07T10:15:42.769Z"}
{"level":"error","message":"Stack trace: Error: ENOENT: no such file or directory, stat 'E:\\frontend\\build\\index.html'","timestamp":"2023-11-07T10:15:42.770Z"}
{"level":"error","message":"Error: Unexpected token \" in JSON at position 0","timestamp":"2023-11-07T10:17:56.141Z"}
{"level":"error","message":"Stack trace: SyntaxError: Unexpected token \" in JSON at position 0\n    at JSON.parse (<anonymous>)\n    at createStrictSyntaxError (E:\\Schema draft\\node_modules\\express\\node_modules\\body-parser\\lib\\types\\json.js:160:10)\n    at parse (E:\\Schema draft\\node_modules\\express\\node_modules\\body-parser\\lib\\types\\json.js:83:15)\n    at E:\\Schema draft\\node_modules\\express\\node_modules\\body-parser\\lib\\read.js:128:18\n    at AsyncResource.runInAsyncScope (node:async_hooks:203:9)\n    at invokeCallback (E:\\Schema draft\\node_modules\\express\\node_modules\\raw-body\\index.js:231:16)\n    at done (E:\\Schema draft\\node_modules\\express\\node_modules\\raw-body\\index.js:220:7)\n    at IncomingMessage.onEnd (E:\\Schema draft\\node_modules\\express\\node_modules\\raw-body\\index.js:280:7)\n    at IncomingMessage.emit (node:events:513:28)\n    at endReadableNT (node:internal/streams/readable:1359:12)","timestamp":"2023-11-07T10:17:56.147Z"}
{"level":"error","message":"Error: Unexpected token \" in JSON at position 0","timestamp":"2023-11-07T10:19:22.126Z"}
{"level":"error","message":"Stack trace: SyntaxError: Unexpected token \" in JSON at position 0\n    at JSON.parse (<anonymous>)\n    at createStrictSyntaxError (E:\\Schema draft\\node_modules\\express\\node_modules\\body-parser\\lib\\types\\json.js:160:10)\n    at parse (E:\\Schema draft\\node_modules\\express\\node_modules\\body-parser\\lib\\types\\json.js:83:15)\n    at E:\\Schema draft\\node_modules\\express\\node_modules\\body-parser\\lib\\read.js:128:18\n    at AsyncResource.runInAsyncScope (node:async_hooks:203:9)\n    at invokeCallback (E:\\Schema draft\\node_modules\\express\\node_modules\\raw-body\\index.js:231:16)\n    at done (E:\\Schema draft\\node_modules\\express\\node_modules\\raw-body\\index.js:220:7)\n    at IncomingMessage.onEnd (E:\\Schema draft\\node_modules\\express\\node_modules\\raw-body\\index.js:280:7)\n    at IncomingMessage.emit (node:events:513:28)\n    at endReadableNT (node:internal/streams/readable:1359:12)","timestamp":"2023-11-07T10:19:22.127Z"}
{"level":"error","message":"Error: Unexpected token \" in JSON at position 0","timestamp":"2023-11-07T10:19:47.422Z"}
{"level":"error","message":"Stack trace: SyntaxError: Unexpected token \" in JSON at position 0\n    at JSON.parse (<anonymous>)\n    at createStrictSyntaxError (E:\\Schema draft\\node_modules\\express\\node_modules\\body-parser\\lib\\types\\json.js:160:10)\n    at parse (E:\\Schema draft\\node_modules\\express\\node_modules\\body-parser\\lib\\types\\json.js:83:15)\n    at E:\\Schema draft\\node_modules\\express\\node_modules\\body-parser\\lib\\read.js:128:18\n    at AsyncResource.runInAsyncScope (node:async_hooks:203:9)\n    at invokeCallback (E:\\Schema draft\\node_modules\\express\\node_modules\\raw-body\\index.js:231:16)\n    at done (E:\\Schema draft\\node_modules\\express\\node_modules\\raw-body\\index.js:220:7)\n    at IncomingMessage.onEnd (E:\\Schema draft\\node_modules\\express\\node_modules\\raw-body\\index.js:280:7)\n    at IncomingMessage.emit (node:events:513:28)\n    at endReadableNT (node:internal/streams/readable:1359:12)","timestamp":"2023-11-07T10:19:47.425Z"}
{"level":"error","message":"Error: Unexpected token \" in JSON at position 0","timestamp":"2023-11-07T10:20:48.339Z"}
{"level":"error","message":"Stack trace: SyntaxError: Unexpected token \" in JSON at position 0\n    at JSON.parse (<anonymous>)\n    at createStrictSyntaxError (E:\\Schema draft\\node_modules\\express\\node_modules\\body-parser\\lib\\types\\json.js:160:10)\n    at parse (E:\\Schema draft\\node_modules\\express\\node_modules\\body-parser\\lib\\types\\json.js:83:15)\n    at E:\\Schema draft\\node_modules\\express\\node_modules\\body-parser\\lib\\read.js:128:18\n    at AsyncResource.runInAsyncScope (node:async_hooks:203:9)\n    at invokeCallback (E:\\Schema draft\\node_modules\\express\\node_modules\\raw-body\\index.js:231:16)\n    at done (E:\\Schema draft\\node_modules\\express\\node_modules\\raw-body\\index.js:220:7)\n    at IncomingMessage.onEnd (E:\\Schema draft\\node_modules\\express\\node_modules\\raw-body\\index.js:280:7)\n    at IncomingMessage.emit (node:events:513:28)\n    at endReadableNT (node:internal/streams/readable:1359:12)","timestamp":"2023-11-07T10:20:48.342Z"}
{"level":"error","message":"Error: Unexpected token \" in JSON at position 0","timestamp":"2023-11-07T10:23:26.225Z"}
{"level":"error","message":"Stack trace: SyntaxError: Unexpected token \" in JSON at position 0\n    at JSON.parse (<anonymous>)\n    at createStrictSyntaxError (E:\\Schema draft\\node_modules\\express\\node_modules\\body-parser\\lib\\types\\json.js:160:10)\n    at parse (E:\\Schema draft\\node_modules\\express\\node_modules\\body-parser\\lib\\types\\json.js:83:15)\n    at E:\\Schema draft\\node_modules\\express\\node_modules\\body-parser\\lib\\read.js:128:18\n    at AsyncResource.runInAsyncScope (node:async_hooks:203:9)\n    at invokeCallback (E:\\Schema draft\\node_modules\\express\\node_modules\\raw-body\\index.js:231:16)\n    at done (E:\\Schema draft\\node_modules\\express\\node_modules\\raw-body\\index.js:220:7)\n    at IncomingMessage.onEnd (E:\\Schema draft\\node_modules\\express\\node_modules\\raw-body\\index.js:280:7)\n    at IncomingMessage.emit (node:events:513:28)\n    at endReadableNT (node:internal/streams/readable:1359:12)","timestamp":"2023-11-07T10:23:26.227Z"}
{"level":"error","message":"Error: Unexpected token \" in JSON at position 0","timestamp":"2023-11-07T10:41:49.952Z"}
{"level":"error","message":"Stack trace: SyntaxError: Unexpected token \" in JSON at position 0\n    at JSON.parse (<anonymous>)\n    at createStrictSyntaxError (E:\\Schema draft\\node_modules\\express\\node_modules\\body-parser\\lib\\types\\json.js:160:10)\n    at parse (E:\\Schema draft\\node_modules\\express\\node_modules\\body-parser\\lib\\types\\json.js:83:15)\n    at E:\\Schema draft\\node_modules\\express\\node_modules\\body-parser\\lib\\read.js:128:18\n    at AsyncResource.runInAsyncScope (node:async_hooks:203:9)\n    at invokeCallback (E:\\Schema draft\\node_modules\\express\\node_modules\\raw-body\\index.js:231:16)\n    at done (E:\\Schema draft\\node_modules\\express\\node_modules\\raw-body\\index.js:220:7)\n    at IncomingMessage.onEnd (E:\\Schema draft\\node_modules\\express\\node_modules\\raw-body\\index.js:280:7)\n    at IncomingMessage.emit (node:events:513:28)\n    at endReadableNT (node:internal/streams/readable:1359:12)","timestamp":"2023-11-07T10:41:49.960Z"}
{"level":"error","message":"Error: Unexpected token \" in JSON at position 0","timestamp":"2023-11-07T10:47:49.387Z"}
{"level":"error","message":"Stack trace: SyntaxError: Unexpected token \" in JSON at position 0\n    at JSON.parse (<anonymous>)\n    at createStrictSyntaxError (E:\\Schema draft\\node_modules\\express\\node_modules\\body-parser\\lib\\types\\json.js:160:10)\n    at parse (E:\\Schema draft\\node_modules\\express\\node_modules\\body-parser\\lib\\types\\json.js:83:15)\n    at E:\\Schema draft\\node_modules\\express\\node_modules\\body-parser\\lib\\read.js:128:18\n    at AsyncResource.runInAsyncScope (node:async_hooks:203:9)\n    at invokeCallback (E:\\Schema draft\\node_modules\\express\\node_modules\\raw-body\\index.js:231:16)\n    at done (E:\\Schema draft\\node_modules\\express\\node_modules\\raw-body\\index.js:220:7)\n    at IncomingMessage.onEnd (E:\\Schema draft\\node_modules\\express\\node_modules\\raw-body\\index.js:280:7)\n    at IncomingMessage.emit (node:events:513:28)\n    at endReadableNT (node:internal/streams/readable:1359:12)","timestamp":"2023-11-07T10:47:49.392Z"}
{"level":"error","message":"Error: ENOENT: no such file or directory, stat 'E:\\frontend\\build\\index.html'","timestamp":"2023-11-07T10:49:19.441Z"}
{"level":"error","message":"Stack trace: Error: ENOENT: no such file or directory, stat 'E:\\frontend\\build\\index.html'","timestamp":"2023-11-07T10:49:19.442Z"}
{"level":"error","message":"Error: ENOENT: no such file or directory, stat 'E:\\frontend\\build\\index.html'","timestamp":"2023-11-07T10:49:19.778Z"}
{"level":"error","message":"Stack trace: Error: ENOENT: no such file or directory, stat 'E:\\frontend\\build\\index.html'","timestamp":"2023-11-07T10:49:19.779Z"}
{"level":"error","message":"Error: ENOENT: no such file or directory, stat 'E:\\frontend\\build\\index.html'","timestamp":"2023-11-07T10:52:20.930Z"}
{"level":"error","message":"Stack trace: Error: ENOENT: no such file or directory, stat 'E:\\frontend\\build\\index.html'","timestamp":"2023-11-07T10:52:20.931Z"}
{"level":"error","message":"Error: ENOENT: no such file or directory, stat 'E:\\frontend\\build\\index.html'","timestamp":"2023-11-07T10:56:39.377Z"}
{"level":"error","message":"Stack trace: Error: ENOENT: no such file or directory, stat 'E:\\frontend\\build\\index.html'","timestamp":"2023-11-07T10:56:39.385Z"}
{"level":"error","message":"Error: ENOENT: no such file or directory, stat 'E:\\frontend\\build\\index.html'","timestamp":"2023-11-07T10:58:00.131Z"}
{"level":"error","message":"Stack trace: Error: ENOENT: no such file or directory, stat 'E:\\frontend\\build\\index.html'","timestamp":"2023-11-07T10:58:00.134Z"}
{"level":"error","message":"Error: ENOENT: no such file or directory, stat 'E:\\frontend\\build\\index.html'","timestamp":"2023-11-07T10:58:59.388Z"}
{"level":"error","message":"Stack trace: Error: ENOENT: no such file or directory, stat 'E:\\frontend\\build\\index.html'","timestamp":"2023-11-07T10:58:59.390Z"}
{"level":"error","message":"Error: ENOENT: no such file or directory, stat 'E:\\frontend\\build\\index.html'","timestamp":"2023-11-07T11:06:00.285Z"}
{"level":"error","message":"Stack trace: Error: ENOENT: no such file or directory, stat 'E:\\frontend\\build\\index.html'","timestamp":"2023-11-07T11:06:00.286Z"}
{"level":"error","message":"Error: Password does not match","timestamp":"2023-11-07T12:22:47.210Z"}
{"level":"error","message":"Error: Password does not match","timestamp":"2023-11-07T12:22:47.217Z"}
{"level":"error","message":"Stack trace: Error: Password does not match\n    at E:\\Schema draft\\controllers\\auth\\resetPassword.js:24:25\n    at process.processTicksAndRejections (node:internal/process/task_queues:95:5)","timestamp":"2023-11-07T12:22:47.218Z"}
{"level":"error","message":"Error: Internal Server Error","timestamp":"2023-11-07T12:25:20.898Z"}
{"level":"error","message":"Error: Internal Server Error","timestamp":"2023-11-07T12:25:20.899Z"}
{"level":"error","message":"Stack trace: Error: Internal Server Error\n    at E:\\Schema draft\\controllers\\auth\\register.js:40:14\n    at process.processTicksAndRejections (node:internal/process/task_queues:95:5)","timestamp":"2023-11-07T12:25:20.900Z"}
{"level":"error","message":"Error: Internal Server Error","timestamp":"2023-11-07T12:33:04.213Z"}
{"level":"error","message":"Error: Internal Server Error","timestamp":"2023-11-07T12:33:04.219Z"}
{"level":"error","message":"Stack trace: Error: Internal Server Error\n    at E:\\Schema draft\\controllers\\auth\\register.js:40:14\n    at process.processTicksAndRejections (node:internal/process/task_queues:95:5)","timestamp":"2023-11-07T12:33:04.220Z"}
{"level":"error","message":"Error: Internal Server Error","timestamp":"2023-11-07T12:36:37.351Z"}
{"level":"error","message":"Error: Internal Server Error","timestamp":"2023-11-07T12:36:37.356Z"}
{"level":"error","message":"Stack trace: Error: Internal Server Error\n    at E:\\Schema draft\\controllers\\auth\\register.js:40:14\n    at process.processTicksAndRejections (node:internal/process/task_queues:95:5)","timestamp":"2023-11-07T12:36:37.357Z"}
{"level":"error","message":"Error: Internal Server Error","timestamp":"2023-11-07T12:37:50.029Z"}
{"level":"error","message":"Error: Internal Server Error","timestamp":"2023-11-07T12:37:50.033Z"}
{"level":"error","message":"Stack trace: Error: Internal Server Error\n    at E:\\Schema draft\\controllers\\auth\\register.js:40:14\n    at process.processTicksAndRejections (node:internal/process/task_queues:95:5)","timestamp":"2023-11-07T12:37:50.034Z"}
{"level":"error","message":"Error: Internal Server Error","timestamp":"2023-11-07T13:13:12.473Z"}
{"level":"error","message":"Error: Internal Server Error","timestamp":"2023-11-07T13:13:12.474Z"}
{"level":"error","message":"Stack trace: Error: Internal Server Error\n    at E:\\Schema draft\\controllers\\auth\\register.js:40:14\n    at process.processTicksAndRejections (node:internal/process/task_queues:95:5)","timestamp":"2023-11-07T13:13:12.475Z"}
{"level":"error","message":"Error: Internal Server Error","timestamp":"2023-11-07T13:18:27.114Z"}
{"level":"error","message":"Error: Internal Server Error","timestamp":"2023-11-07T13:18:27.118Z"}
{"level":"error","message":"Stack trace: Error: Internal Server Error\n    at E:\\Schema draft\\controllers\\auth\\register.js:40:14\n    at process.processTicksAndRejections (node:internal/process/task_queues:95:5)","timestamp":"2023-11-07T13:18:27.119Z"}
{"level":"error","message":"Error: Internal Server Error","timestamp":"2023-11-07T13:19:25.159Z"}
{"level":"error","message":"Error: Internal Server Error","timestamp":"2023-11-07T13:19:25.161Z"}
{"level":"error","message":"Stack trace: Error: Internal Server Error\n    at E:\\Schema draft\\controllers\\auth\\register.js:40:14\n    at process.processTicksAndRejections (node:internal/process/task_queues:95:5)","timestamp":"2023-11-07T13:19:25.163Z"}
{"level":"error","message":"Error: Internal Server Error","timestamp":"2023-11-07T13:21:44.639Z"}
{"level":"error","message":"Error: Internal Server Error","timestamp":"2023-11-07T13:21:44.640Z"}
{"level":"error","message":"Stack trace: Error: Internal Server Error\n    at E:\\Schema draft\\controllers\\auth\\register.js:40:14\n    at process.processTicksAndRejections (node:internal/process/task_queues:95:5)","timestamp":"2023-11-07T13:21:44.641Z"}
{"level":"error","message":"Error: Internal Server Error","timestamp":"2023-11-07T13:22:14.219Z"}
{"level":"error","message":"Error: Internal Server Error","timestamp":"2023-11-07T13:22:14.220Z"}
{"level":"error","message":"Stack trace: Error: Internal Server Error\n    at E:\\Schema draft\\controllers\\auth\\register.js:40:14\n    at process.processTicksAndRejections (node:internal/process/task_queues:95:5)","timestamp":"2023-11-07T13:22:14.220Z"}
{"level":"error","message":"Error: Internal Server Error","timestamp":"2023-11-07T13:26:14.633Z"}
{"level":"error","message":"Error: Internal Server Error","timestamp":"2023-11-07T13:26:14.634Z"}
{"level":"error","message":"Stack trace: Error: Internal Server Error\n    at E:\\Schema draft\\controllers\\auth\\register.js:40:14\n    at process.processTicksAndRejections (node:internal/process/task_queues:95:5)","timestamp":"2023-11-07T13:26:14.634Z"}
{"level":"error","message":"Error: Internal Server Error","timestamp":"2023-11-07T13:26:37.124Z"}
{"level":"error","message":"Error: Internal Server Error","timestamp":"2023-11-07T13:26:37.125Z"}
{"level":"error","message":"Stack trace: Error: Internal Server Error\n    at E:\\Schema draft\\controllers\\auth\\register.js:40:14\n    at process.processTicksAndRejections (node:internal/process/task_queues:95:5)","timestamp":"2023-11-07T13:26:37.125Z"}
{"level":"error","message":"Error: Email address is already registered","timestamp":"2023-11-07T13:29:25.822Z"}
{"level":"error","message":"Error: Email address is already registered","timestamp":"2023-11-07T13:29:25.827Z"}
{"level":"error","message":"Stack trace: Error: Email address is already registered\n    at E:\\Schema draft\\controllers\\auth\\register.js:20:25\n    at process.processTicksAndRejections (node:internal/process/task_queues:95:5)","timestamp":"2023-11-07T13:29:25.828Z"}
{"level":"error","message":"Error: Internal Server Error","timestamp":"2023-11-07T13:31:16.800Z"}
{"level":"error","message":"Error: Internal Server Error","timestamp":"2023-11-07T13:31:16.802Z"}
{"level":"error","message":"Stack trace: Error: Internal Server Error\n    at E:\\Schema draft\\controllers\\auth\\register.js:40:14\n    at process.processTicksAndRejections (node:internal/process/task_queues:95:5)","timestamp":"2023-11-07T13:31:16.802Z"}
{"level":"error","message":"Error: Internal Server Error","timestamp":"2023-11-07T13:31:42.476Z"}
{"level":"error","message":"Error: Internal Server Error","timestamp":"2023-11-07T13:31:42.477Z"}
{"level":"error","message":"Stack trace: Error: Internal Server Error\n    at E:\\Schema draft\\controllers\\auth\\register.js:40:14\n    at process.processTicksAndRejections (node:internal/process/task_queues:95:5)","timestamp":"2023-11-07T13:31:42.478Z"}
{"level":"error","message":"Error: Internal Server Error","timestamp":"2023-11-07T13:34:44.398Z"}
{"level":"error","message":"Error: Internal Server Error","timestamp":"2023-11-07T13:34:44.399Z"}
{"level":"error","message":"Stack trace: Error: Internal Server Error\n    at E:\\Schema draft\\controllers\\auth\\register.js:40:14\n    at process.processTicksAndRejections (node:internal/process/task_queues:95:5)","timestamp":"2023-11-07T13:34:44.400Z"}
{"level":"error","message":"Error: Internal Server Error","timestamp":"2023-11-07T13:35:07.579Z"}
{"level":"error","message":"Error: Internal Server Error","timestamp":"2023-11-07T13:35:07.581Z"}
{"level":"error","message":"Stack trace: Error: Internal Server Error\n    at E:\\Schema draft\\controllers\\auth\\register.js:40:14\n    at process.processTicksAndRejections (node:internal/process/task_queues:95:5)","timestamp":"2023-11-07T13:35:07.582Z"}
{"level":"error","message":"Error: Internal Server Error","timestamp":"2023-11-07T13:38:58.361Z"}
{"level":"error","message":"Error: Internal Server Error","timestamp":"2023-11-07T13:38:58.363Z"}
{"level":"error","message":"Stack trace: Error: Internal Server Error\n    at E:\\Schema draft\\controllers\\auth\\register.js:40:14\n    at process.processTicksAndRejections (node:internal/process/task_queues:95:5)","timestamp":"2023-11-07T13:38:58.364Z"}
{"level":"error","message":"Error: Internal Server Error","timestamp":"2023-11-07T13:39:25.075Z"}
{"level":"error","message":"Error: Internal Server Error","timestamp":"2023-11-07T13:39:25.076Z"}
{"level":"error","message":"Stack trace: Error: Internal Server Error\n    at E:\\Schema draft\\controllers\\auth\\register.js:40:14\n    at process.processTicksAndRejections (node:internal/process/task_queues:95:5)","timestamp":"2023-11-07T13:39:25.076Z"}
{"level":"error","message":"Error: Internal Server Error","timestamp":"2023-11-07T13:39:39.560Z"}
{"level":"error","message":"Error: Internal Server Error","timestamp":"2023-11-07T13:39:39.563Z"}
{"level":"error","message":"Stack trace: Error: Internal Server Error\n    at E:\\Schema draft\\controllers\\auth\\register.js:40:14\n    at process.processTicksAndRejections (node:internal/process/task_queues:95:5)","timestamp":"2023-11-07T13:39:39.564Z"}
