{"level":"error","message":"Error: Internal Server Error","timestamp":"2023-12-06T20:21:41.681Z"}
{"level":"error","message":"Error: Internal Server Error","timestamp":"2023-12-06T20:21:41.697Z"}
{"level":"error","message":"Stack trace: Error: Internal Server Error\n    at E:\\Schema draft\\controllers\\address\\createAddress.js:81:10\n    at process.processTicksAndRejections (node:internal/process/task_queues:95:5)","timestamp":"2023-12-06T20:21:41.699Z"}
{"level":"error","message":"Error: Login first to handle this resource","timestamp":"2023-12-07T10:19:42.145Z"}
{"level":"error","message":"Error: Login first to handle this resource","timestamp":"2023-12-07T10:19:42.151Z"}
{"level":"error","message":"Stack trace: Error: Login first to handle this resource\n    at E:\\Schema draft\\middlewares\\authenticate.js:10:21\n    at E:\\Schema draft\\middlewares\\catchAsyncError.js:2:25\n    at Layer.handle [as handle_request] (E:\\Schema draft\\node_modules\\express\\lib\\router\\layer.js:95:5)\n    at next (E:\\Schema draft\\node_modules\\express\\lib\\router\\route.js:144:13)\n    at Route.dispatch (E:\\Schema draft\\node_modules\\express\\lib\\router\\route.js:114:3)\n    at Layer.handle [as handle_request] (E:\\Schema draft\\node_modules\\express\\lib\\router\\layer.js:95:5)\n    at E:\\Schema draft\\node_modules\\express\\lib\\router\\index.js:284:15\n    at Function.process_params (E:\\Schema draft\\node_modules\\express\\lib\\router\\index.js:346:12)\n    at next (E:\\Schema draft\\node_modules\\express\\lib\\router\\index.js:280:10)\n    at Function.handle (E:\\Schema draft\\node_modules\\express\\lib\\router\\index.js:175:3)","timestamp":"2023-12-07T10:19:42.153Z"}
{"level":"error","message":"Error: Login first to handle this resource","timestamp":"2023-12-07T10:47:27.071Z"}
{"level":"error","message":"Error: Login first to handle this resource","timestamp":"2023-12-07T10:47:27.072Z"}
{"level":"error","message":"Stack trace: Error: Login first to handle this resource\n    at E:\\Schema draft\\middlewares\\authenticate.js:10:21\n    at E:\\Schema draft\\middlewares\\catchAsyncError.js:2:25\n    at Layer.handle [as handle_request] (E:\\Schema draft\\node_modules\\express\\lib\\router\\layer.js:95:5)\n    at next (E:\\Schema draft\\node_modules\\express\\lib\\router\\route.js:144:13)\n    at Route.dispatch (E:\\Schema draft\\node_modules\\express\\lib\\router\\route.js:114:3)\n    at Layer.handle [as handle_request] (E:\\Schema draft\\node_modules\\express\\lib\\router\\layer.js:95:5)\n    at E:\\Schema draft\\node_modules\\express\\lib\\router\\index.js:284:15\n    at Function.process_params (E:\\Schema draft\\node_modules\\express\\lib\\router\\index.js:346:12)\n    at next (E:\\Schema draft\\node_modules\\express\\lib\\router\\index.js:280:10)\n    at Function.handle (E:\\Schema draft\\node_modules\\express\\lib\\router\\index.js:175:3)","timestamp":"2023-12-07T10:47:27.073Z"}
{"level":"error","message":"Error: Login first to handle this resource","timestamp":"2023-12-07T10:47:31.029Z"}
{"level":"error","message":"Error: Login first to handle this resource","timestamp":"2023-12-07T10:47:31.030Z"}
{"level":"error","message":"Stack trace: Error: Login first to handle this resource\n    at E:\\Schema draft\\middlewares\\authenticate.js:10:21\n    at E:\\Schema draft\\middlewares\\catchAsyncError.js:2:25\n    at Layer.handle [as handle_request] (E:\\Schema draft\\node_modules\\express\\lib\\router\\layer.js:95:5)\n    at next (E:\\Schema draft\\node_modules\\express\\lib\\router\\route.js:144:13)\n    at Route.dispatch (E:\\Schema draft\\node_modules\\express\\lib\\router\\route.js:114:3)\n    at Layer.handle [as handle_request] (E:\\Schema draft\\node_modules\\express\\lib\\router\\layer.js:95:5)\n    at E:\\Schema draft\\node_modules\\express\\lib\\router\\index.js:284:15\n    at Function.process_params (E:\\Schema draft\\node_modules\\express\\lib\\router\\index.js:346:12)\n    at next (E:\\Schema draft\\node_modules\\express\\lib\\router\\index.js:280:10)\n    at Function.handle (E:\\Schema draft\\node_modules\\express\\lib\\router\\index.js:175:3)","timestamp":"2023-12-07T10:47:31.031Z"}
{"level":"error","message":"Error: Login first to handle this resource","timestamp":"2023-12-07T10:47:33.012Z"}
{"level":"error","message":"Error: Login first to handle this resource","timestamp":"2023-12-07T10:47:33.013Z"}
{"level":"error","message":"Stack trace: Error: Login first to handle this resource\n    at E:\\Schema draft\\middlewares\\authenticate.js:10:21\n    at E:\\Schema draft\\middlewares\\catchAsyncError.js:2:25\n    at Layer.handle [as handle_request] (E:\\Schema draft\\node_modules\\express\\lib\\router\\layer.js:95:5)\n    at next (E:\\Schema draft\\node_modules\\express\\lib\\router\\route.js:144:13)\n    at Route.dispatch (E:\\Schema draft\\node_modules\\express\\lib\\router\\route.js:114:3)\n    at Layer.handle [as handle_request] (E:\\Schema draft\\node_modules\\express\\lib\\router\\layer.js:95:5)\n    at E:\\Schema draft\\node_modules\\express\\lib\\router\\index.js:284:15\n    at Function.process_params (E:\\Schema draft\\node_modules\\express\\lib\\router\\index.js:346:12)\n    at next (E:\\Schema draft\\node_modules\\express\\lib\\router\\index.js:280:10)\n    at Function.handle (E:\\Schema draft\\node_modules\\express\\lib\\router\\index.js:175:3)","timestamp":"2023-12-07T10:47:33.014Z"}
{"level":"error","message":"Error: Login first to handle this resource","timestamp":"2023-12-07T10:47:44.019Z"}
{"level":"error","message":"Error: Login first to handle this resource","timestamp":"2023-12-07T10:47:44.020Z"}
{"level":"error","message":"Stack trace: Error: Login first to handle this resource\n    at E:\\Schema draft\\middlewares\\authenticate.js:10:21\n    at E:\\Schema draft\\middlewares\\catchAsyncError.js:2:25\n    at Layer.handle [as handle_request] (E:\\Schema draft\\node_modules\\express\\lib\\router\\layer.js:95:5)\n    at next (E:\\Schema draft\\node_modules\\express\\lib\\router\\route.js:144:13)\n    at Route.dispatch (E:\\Schema draft\\node_modules\\express\\lib\\router\\route.js:114:3)\n    at Layer.handle [as handle_request] (E:\\Schema draft\\node_modules\\express\\lib\\router\\layer.js:95:5)\n    at E:\\Schema draft\\node_modules\\express\\lib\\router\\index.js:284:15\n    at Function.process_params (E:\\Schema draft\\node_modules\\express\\lib\\router\\index.js:346:12)\n    at next (E:\\Schema draft\\node_modules\\express\\lib\\router\\index.js:280:10)\n    at Function.handle (E:\\Schema draft\\node_modules\\express\\lib\\router\\index.js:175:3)","timestamp":"2023-12-07T10:47:44.021Z"}
{"level":"error","message":"Error: Internal Server Error","timestamp":"2023-12-07T11:43:11.704Z"}
{"level":"error","message":"Error: Internal Server Error","timestamp":"2023-12-07T11:43:11.705Z"}
{"level":"error","message":"Stack trace: Error: Internal Server Error\n    at E:\\Schema draft\\controllers\\address\\createAddress.js:81:10\n    at process.processTicksAndRejections (node:internal/process/task_queues:95:5)","timestamp":"2023-12-07T11:43:11.706Z"}
{"level":"error","message":"Error: Internal Server Error","timestamp":"2023-12-07T15:09:40.366Z"}
{"level":"error","message":"Error: Internal Server Error","timestamp":"2023-12-07T15:09:40.367Z"}
{"level":"error","message":"Stack trace: Error: Internal Server Error\n    at E:\\Schema draft\\controllers\\address\\createAddress.js:81:10\n    at process.processTicksAndRejections (node:internal/process/task_queues:95:5)","timestamp":"2023-12-07T15:09:40.369Z"}
{"level":"error","message":"Error: Internal Server Error","timestamp":"2023-12-07T15:09:53.696Z"}
{"level":"error","message":"Error: Internal Server Error","timestamp":"2023-12-07T15:09:53.701Z"}
{"level":"error","message":"Stack trace: Error: Internal Server Error\n    at E:\\Schema draft\\controllers\\address\\createAddress.js:81:10\n    at process.processTicksAndRejections (node:internal/process/task_queues:95:5)","timestamp":"2023-12-07T15:09:53.706Z"}
{"level":"error","message":"Error: Internal Server Error","timestamp":"2023-12-07T15:12:03.132Z"}
{"level":"error","message":"Error: Internal Server Error","timestamp":"2023-12-07T15:12:03.133Z"}
{"level":"error","message":"Stack trace: Error: Internal Server Error\n    at E:\\Schema draft\\controllers\\address\\createAddress.js:81:10\n    at process.processTicksAndRejections (node:internal/process/task_queues:95:5)","timestamp":"2023-12-07T15:12:03.133Z"}
{"level":"error","message":"Error: Internal Server Error","timestamp":"2023-12-07T15:21:12.891Z"}
{"level":"error","message":"Error: Internal Server Error","timestamp":"2023-12-07T15:21:12.892Z"}
{"level":"error","message":"Stack trace: Error: Internal Server Error\n    at E:\\Schema draft\\controllers\\address\\createAddress.js:81:10\n    at process.processTicksAndRejections (node:internal/process/task_queues:95:5)","timestamp":"2023-12-07T15:21:12.892Z"}
{"level":"error","message":"Error: Internal Server Error","timestamp":"2023-12-07T15:21:31.488Z"}
{"level":"error","message":"Error: Internal Server Error","timestamp":"2023-12-07T15:21:31.489Z"}
{"level":"error","message":"Stack trace: Error: Internal Server Error\n    at E:\\Schema draft\\controllers\\address\\createAddress.js:81:10\n    at process.processTicksAndRejections (node:internal/process/task_queues:95:5)","timestamp":"2023-12-07T15:21:31.496Z"}
{"level":"error","message":"Error: Internal Server Error","timestamp":"2023-12-07T15:22:41.342Z"}
{"level":"error","message":"Error: Internal Server Error","timestamp":"2023-12-07T15:22:41.343Z"}
{"level":"error","message":"Stack trace: Error: Internal Server Error\n    at E:\\Schema draft\\controllers\\address\\createAddress.js:81:10\n    at process.processTicksAndRejections (node:internal/process/task_queues:95:5)","timestamp":"2023-12-07T15:22:41.343Z"}
{"level":"error","message":"Error: Internal Server Error","timestamp":"2023-12-07T15:27:00.924Z"}
{"level":"error","message":"Error: Internal Server Error","timestamp":"2023-12-07T15:27:00.925Z"}
{"level":"error","message":"Stack trace: Error: Internal Server Error\n    at E:\\Schema draft\\controllers\\address\\createAddress.js:81:10\n    at process.processTicksAndRejections (node:internal/process/task_queues:95:5)","timestamp":"2023-12-07T15:27:00.927Z"}
{"level":"error","message":"Error: Login first to handle this resource","timestamp":"2023-12-07T15:46:30.347Z"}
{"level":"error","message":"Error: Login first to handle this resource","timestamp":"2023-12-07T15:46:30.349Z"}
{"level":"error","message":"Stack trace: Error: Login first to handle this resource\n    at E:\\Schema draft\\middlewares\\authenticate.js:10:21\n    at E:\\Schema draft\\middlewares\\catchAsyncError.js:2:25\n    at Layer.handle [as handle_request] (E:\\Schema draft\\node_modules\\express\\lib\\router\\layer.js:95:5)\n    at next (E:\\Schema draft\\node_modules\\express\\lib\\router\\route.js:144:13)\n    at Route.dispatch (E:\\Schema draft\\node_modules\\express\\lib\\router\\route.js:114:3)\n    at Layer.handle [as handle_request] (E:\\Schema draft\\node_modules\\express\\lib\\router\\layer.js:95:5)\n    at E:\\Schema draft\\node_modules\\express\\lib\\router\\index.js:284:15\n    at Function.process_params (E:\\Schema draft\\node_modules\\express\\lib\\router\\index.js:346:12)\n    at next (E:\\Schema draft\\node_modules\\express\\lib\\router\\index.js:280:10)\n    at Function.handle (E:\\Schema draft\\node_modules\\express\\lib\\router\\index.js:175:3)","timestamp":"2023-12-07T15:46:30.350Z"}
{"level":"error","message":"Error: No menus found","timestamp":"2023-12-07T15:46:45.384Z"}
{"level":"error","message":"Error: No menus found","timestamp":"2023-12-07T15:46:45.385Z"}
{"level":"error","message":"Stack trace: Error: No menus found\n    at E:\\Schema draft\\controllers\\menu\\getMenus.js:27:34\n    at process.processTicksAndRejections (node:internal/process/task_queues:95:5)","timestamp":"2023-12-07T15:46:45.386Z"}
{"level":"error","message":"Error: Cannot set headers after they are sent to the client","timestamp":"2023-12-07T15:46:45.390Z"}
{"level":"error","message":"Error: ENOENT: no such file or directory, stat 'E:\\frontend\\build\\index.html'","timestamp":"2023-12-07T15:46:56.627Z"}
{"level":"error","message":"Stack trace: Error: ENOENT: no such file or directory, stat 'E:\\frontend\\build\\index.html'","timestamp":"2023-12-07T15:46:56.628Z"}
{"level":"error","message":"Error: ENOENT: no such file or directory, stat 'E:\\frontend\\build\\index.html'","timestamp":"2023-12-07T15:49:57.679Z"}
{"level":"error","message":"Stack trace: Error: ENOENT: no such file or directory, stat 'E:\\frontend\\build\\index.html'","timestamp":"2023-12-07T15:49:57.680Z"}
{"level":"error","message":"Error: ENOENT: no such file or directory, stat 'E:\\frontend\\build\\index.html'","timestamp":"2023-12-07T15:50:12.412Z"}
{"level":"error","message":"Stack trace: Error: ENOENT: no such file or directory, stat 'E:\\frontend\\build\\index.html'","timestamp":"2023-12-07T15:50:12.414Z"}
{"level":"error","message":"Error: ENOENT: no such file or directory, stat 'E:\\frontend\\build\\index.html'","timestamp":"2023-12-07T15:50:30.562Z"}
{"level":"error","message":"Stack trace: Error: ENOENT: no such file or directory, stat 'E:\\frontend\\build\\index.html'","timestamp":"2023-12-07T15:50:30.564Z"}
{"level":"error","message":"Error: ENOENT: no such file or directory, stat 'E:\\frontend\\build\\index.html'","timestamp":"2023-12-07T15:50:35.105Z"}
{"level":"error","message":"Stack trace: Error: ENOENT: no such file or directory, stat 'E:\\frontend\\build\\index.html'","timestamp":"2023-12-07T15:50:35.106Z"}
{"level":"error","message":"Error: ENOENT: no such file or directory, stat 'E:\\frontend\\build\\index.html'","timestamp":"2023-12-07T15:51:37.901Z"}
{"level":"error","message":"Stack trace: Error: ENOENT: no such file or directory, stat 'E:\\frontend\\build\\index.html'","timestamp":"2023-12-07T15:51:37.902Z"}
{"level":"error","message":"Error: No menus found","timestamp":"2023-12-07T15:51:44.786Z"}
{"level":"error","message":"Error: No menus found","timestamp":"2023-12-07T15:51:44.787Z"}
{"level":"error","message":"Stack trace: Error: No menus found\n    at E:\\Schema draft\\controllers\\menu\\getMenus.js:27:34\n    at process.processTicksAndRejections (node:internal/process/task_queues:95:5)","timestamp":"2023-12-07T15:51:44.788Z"}
{"level":"error","message":"Error: Cannot set headers after they are sent to the client","timestamp":"2023-12-07T15:51:44.791Z"}
{"level":"error","message":"Error: ENOENT: no such file or directory, stat 'E:\\frontend\\build\\index.html'","timestamp":"2023-12-07T15:51:44.891Z"}
{"level":"error","message":"Stack trace: Error: ENOENT: no such file or directory, stat 'E:\\frontend\\build\\index.html'","timestamp":"2023-12-07T15:51:44.892Z"}
