{"level":"error","message":"Error: Login first to handle this resource","timestamp":"2024-01-03T06:05:27.395Z"}
{"level":"error","message":"Error: Login first to handle this resource","timestamp":"2024-01-03T06:05:27.754Z"}
{"level":"error","message":"Stack trace: Error: Login first to handle this resource\n    at E:\\Schema draft\\middlewares\\authenticate.js:10:21\n    at E:\\Schema draft\\middlewares\\catchAsyncError.js:2:25\n    at Layer.handle [as handle_request] (E:\\Schema draft\\node_modules\\express\\lib\\router\\layer.js:95:5)\n    at next (E:\\Schema draft\\node_modules\\express\\lib\\router\\route.js:144:13)\n    at Route.dispatch (E:\\Schema draft\\node_modules\\express\\lib\\router\\route.js:114:3)\n    at Layer.handle [as handle_request] (E:\\Schema draft\\node_modules\\express\\lib\\router\\layer.js:95:5)\n    at E:\\Schema draft\\node_modules\\express\\lib\\router\\index.js:284:15\n    at Function.process_params (E:\\Schema draft\\node_modules\\express\\lib\\router\\index.js:346:12)\n    at next (E:\\Schema draft\\node_modules\\express\\lib\\router\\index.js:280:10)\n    at Function.handle (E:\\Schema draft\\node_modules\\express\\lib\\router\\index.js:175:3)","timestamp":"2024-01-03T06:05:27.757Z"}
{"level":"error","message":"Error: Login first to handle this resource","timestamp":"2024-01-03T06:08:25.081Z"}
{"level":"error","message":"Error: Login first to handle this resource","timestamp":"2024-01-03T06:08:25.083Z"}
{"level":"error","message":"Stack trace: Error: Login first to handle this resource\n    at E:\\Schema draft\\middlewares\\authenticate.js:10:21\n    at E:\\Schema draft\\middlewares\\catchAsyncError.js:2:25\n    at Layer.handle [as handle_request] (E:\\Schema draft\\node_modules\\express\\lib\\router\\layer.js:95:5)\n    at next (E:\\Schema draft\\node_modules\\express\\lib\\router\\route.js:144:13)\n    at Route.dispatch (E:\\Schema draft\\node_modules\\express\\lib\\router\\route.js:114:3)\n    at Layer.handle [as handle_request] (E:\\Schema draft\\node_modules\\express\\lib\\router\\layer.js:95:5)\n    at E:\\Schema draft\\node_modules\\express\\lib\\router\\index.js:284:15\n    at Function.process_params (E:\\Schema draft\\node_modules\\express\\lib\\router\\index.js:346:12)\n    at next (E:\\Schema draft\\node_modules\\express\\lib\\router\\index.js:280:10)\n    at Function.handle (E:\\Schema draft\\node_modules\\express\\lib\\router\\index.js:175:3)","timestamp":"2024-01-03T06:08:25.084Z"}
{"level":"error","message":"Error: ENOENT: no such file or directory, stat 'E:\\frontend\\build\\index.html'","timestamp":"2024-01-03T06:30:52.460Z"}
{"level":"error","message":"Stack trace: Error: ENOENT: no such file or directory, stat 'E:\\frontend\\build\\index.html'","timestamp":"2024-01-03T06:30:52.461Z"}
{"level":"error","message":"Error: ENOENT: no such file or directory, stat 'E:\\frontend\\build\\index.html'","timestamp":"2024-01-03T06:30:54.965Z"}
{"level":"error","message":"Stack trace: Error: ENOENT: no such file or directory, stat 'E:\\frontend\\build\\index.html'","timestamp":"2024-01-03T06:30:54.966Z"}
{"level":"error","message":"Error: Internal Server Error","timestamp":"2024-01-03T09:05:40.829Z"}
{"level":"error","message":"Error: Internal Server Error","timestamp":"2024-01-03T09:05:40.834Z"}
{"level":"error","message":"Stack trace: Error: Internal Server Error\n    at E:\\Schema draft\\controllers\\auth\\profile.js:14:14\n    at process.processTicksAndRejections (node:internal/process/task_queues:95:5)","timestamp":"2024-01-03T09:05:40.835Z"}
{"level":"error","message":"Error: ENOENT: no such file or directory, stat 'E:\\frontend\\build\\index.html'","timestamp":"2024-01-03T10:07:36.164Z"}
{"level":"error","message":"Stack trace: Error: ENOENT: no such file or directory, stat 'E:\\frontend\\build\\index.html'","timestamp":"2024-01-03T10:07:36.174Z"}
{"level":"error","message":"Error: ENOENT: no such file or directory, stat 'E:\\frontend\\build\\index.html'","timestamp":"2024-01-03T10:08:03.622Z"}
{"level":"error","message":"Stack trace: Error: ENOENT: no such file or directory, stat 'E:\\frontend\\build\\index.html'","timestamp":"2024-01-03T10:08:03.623Z"}
{"level":"error","message":"Error: ENOENT: no such file or directory, stat 'E:\\frontend\\build\\index.html'","timestamp":"2024-01-03T10:08:40.342Z"}
{"level":"error","message":"Stack trace: Error: ENOENT: no such file or directory, stat 'E:\\frontend\\build\\index.html'","timestamp":"2024-01-03T10:08:40.343Z"}
{"level":"error","message":"Error: ENOENT: no such file or directory, stat 'E:\\frontend\\build\\index.html'","timestamp":"2024-01-03T10:08:48.582Z"}
{"level":"error","message":"Stack trace: Error: ENOENT: no such file or directory, stat 'E:\\frontend\\build\\index.html'","timestamp":"2024-01-03T10:08:48.584Z"}
{"level":"error","message":"Error: Internal Server Error","timestamp":"2024-01-03T10:09:30.522Z"}
{"level":"error","message":"Error: Internal Server Error","timestamp":"2024-01-03T10:09:30.523Z"}
{"level":"error","message":"Stack trace: Error: Internal Server Error\n    at E:\\Schema draft\\controllers\\address\\createAddress.js:81:10\n    at process.processTicksAndRejections (node:internal/process/task_queues:95:5)","timestamp":"2024-01-03T10:09:30.523Z"}
{"level":"error","message":"Error: Internal Server Error","timestamp":"2024-01-03T10:09:38.160Z"}
{"level":"error","message":"Error: Internal Server Error","timestamp":"2024-01-03T10:09:38.161Z"}
{"level":"error","message":"Stack trace: Error: Internal Server Error\n    at E:\\Schema draft\\controllers\\address\\createAddress.js:81:10\n    at process.processTicksAndRejections (node:internal/process/task_queues:95:5)","timestamp":"2024-01-03T10:09:38.162Z"}
{"level":"error","message":"Error: ENOENT: no such file or directory, stat 'E:\\frontend\\build\\index.html'","timestamp":"2024-01-03T10:10:13.153Z"}
{"level":"error","message":"Stack trace: Error: ENOENT: no such file or directory, stat 'E:\\frontend\\build\\index.html'","timestamp":"2024-01-03T10:10:13.155Z"}
{"level":"error","message":"Error: YourModel is not defined","timestamp":"2024-01-03T12:11:25.010Z"}
{"level":"error","message":"Error: YourModel is not defined","timestamp":"2024-01-03T12:11:25.014Z"}
{"level":"error","message":"Stack trace: Error: YourModel is not defined\n    at E:\\Schema draft\\controllers\\menu\\getAdminMenus.js:21:14\n    at E:\\Schema draft\\middlewares\\catchAsyncError.js:2:25\n    at Layer.handle [as handle_request] (E:\\Schema draft\\node_modules\\express\\lib\\router\\layer.js:95:5)\n    at next (E:\\Schema draft\\node_modules\\express\\lib\\router\\route.js:144:13)\n    at Route.dispatch (E:\\Schema draft\\node_modules\\express\\lib\\router\\route.js:114:3)\n    at Layer.handle [as handle_request] (E:\\Schema draft\\node_modules\\express\\lib\\router\\layer.js:95:5)\n    at E:\\Schema draft\\node_modules\\express\\lib\\router\\index.js:284:15\n    at Function.process_params (E:\\Schema draft\\node_modules\\express\\lib\\router\\index.js:346:12)\n    at next (E:\\Schema draft\\node_modules\\express\\lib\\router\\index.js:280:10)\n    at Function.handle (E:\\Schema draft\\node_modules\\express\\lib\\router\\index.js:175:3)","timestamp":"2024-01-03T12:11:25.015Z"}
{"level":"error","message":"Error: YourModel is not defined","timestamp":"2024-01-03T12:11:44.497Z"}
{"level":"error","message":"Error: YourModel is not defined","timestamp":"2024-01-03T12:11:44.498Z"}
{"level":"error","message":"Stack trace: Error: YourModel is not defined\n    at E:\\Schema draft\\controllers\\menu\\getAdminMenus.js:21:14\n    at E:\\Schema draft\\middlewares\\catchAsyncError.js:2:25\n    at Layer.handle [as handle_request] (E:\\Schema draft\\node_modules\\express\\lib\\router\\layer.js:95:5)\n    at next (E:\\Schema draft\\node_modules\\express\\lib\\router\\route.js:144:13)\n    at Route.dispatch (E:\\Schema draft\\node_modules\\express\\lib\\router\\route.js:114:3)\n    at Layer.handle [as handle_request] (E:\\Schema draft\\node_modules\\express\\lib\\router\\layer.js:95:5)\n    at E:\\Schema draft\\node_modules\\express\\lib\\router\\index.js:284:15\n    at Function.process_params (E:\\Schema draft\\node_modules\\express\\lib\\router\\index.js:346:12)\n    at next (E:\\Schema draft\\node_modules\\express\\lib\\router\\index.js:280:10)\n    at Function.handle (E:\\Schema draft\\node_modules\\express\\lib\\router\\index.js:175:3)","timestamp":"2024-01-03T12:11:44.499Z"}
{"level":"error","message":"Error: No menus found","timestamp":"2024-01-03T12:48:59.424Z"}
{"level":"error","message":"Error: No menus found","timestamp":"2024-01-03T12:48:59.428Z"}
{"level":"error","message":"Stack trace: Error: No menus found\n    at E:\\Schema draft\\controllers\\menu\\getMenus.js:27:34\n    at process.processTicksAndRejections (node:internal/process/task_queues:95:5)","timestamp":"2024-01-03T12:48:59.430Z"}
{"level":"error","message":"Error: Cannot set headers after they are sent to the client","timestamp":"2024-01-03T12:48:59.433Z"}
{"level":"error","message":"Error: No menus found","timestamp":"2024-01-03T12:57:36.781Z"}
{"level":"error","message":"Error: No menus found","timestamp":"2024-01-03T12:57:36.785Z"}
{"level":"error","message":"Stack trace: Error: No menus found\n    at E:\\Schema draft\\controllers\\menu\\getMenus.js:61:34\n    at process.processTicksAndRejections (node:internal/process/task_queues:95:5)","timestamp":"2024-01-03T12:57:36.786Z"}
{"level":"error","message":"Error: Cannot set headers after they are sent to the client","timestamp":"2024-01-03T12:57:36.789Z"}
{"level":"error","message":"Error: No menus found","timestamp":"2024-01-03T12:57:42.753Z"}
{"level":"error","message":"Error: No menus found","timestamp":"2024-01-03T12:57:42.754Z"}
{"level":"error","message":"Stack trace: Error: No menus found\n    at E:\\Schema draft\\controllers\\menu\\getMenus.js:61:34\n    at process.processTicksAndRejections (node:internal/process/task_queues:95:5)","timestamp":"2024-01-03T12:57:42.754Z"}
{"level":"error","message":"Error: Cannot set headers after they are sent to the client","timestamp":"2024-01-03T12:57:42.757Z"}
{"level":"error","message":"Error: No menus found","timestamp":"2024-01-03T12:57:51.562Z"}
{"level":"error","message":"Error: No menus found","timestamp":"2024-01-03T12:57:51.563Z"}
{"level":"error","message":"Stack trace: Error: No menus found\n    at E:\\Schema draft\\controllers\\menu\\getMenus.js:61:34\n    at process.processTicksAndRejections (node:internal/process/task_queues:95:5)","timestamp":"2024-01-03T12:57:51.564Z"}
{"level":"error","message":"Error: Cannot set headers after they are sent to the client","timestamp":"2024-01-03T12:57:51.566Z"}
{"level":"error","message":"Error: No menus found","timestamp":"2024-01-03T12:58:00.772Z"}
{"level":"error","message":"Error: No menus found","timestamp":"2024-01-03T12:58:00.773Z"}
{"level":"error","message":"Stack trace: Error: No menus found\n    at E:\\Schema draft\\controllers\\menu\\getMenus.js:61:34\n    at process.processTicksAndRejections (node:internal/process/task_queues:95:5)","timestamp":"2024-01-03T12:58:00.774Z"}
{"level":"error","message":"Error: Cannot set headers after they are sent to the client","timestamp":"2024-01-03T12:58:00.776Z"}
{"level":"error","message":"Error: Query was already executed: Menu.countDocuments({ restaurantId: '1000010', pageSize: '7'...","timestamp":"2024-01-03T13:02:12.515Z"}
{"level":"error","message":"Error: Query was already executed: Menu.countDocuments({ restaurantId: '1000010', pageSize: '7'...","timestamp":"2024-01-03T13:02:12.520Z"}
{"level":"error","message":"Stack trace: Error: Query was already executed: Menu.countDocuments({ restaurantId: '1000010', pageSize: '7'...\n    at E:\\Schema draft\\controllers\\menu\\getMenus.js:69:14\n    at process.processTicksAndRejections (node:internal/process/task_queues:95:5)","timestamp":"2024-01-03T13:02:12.522Z"}
{"level":"error","message":"Error: Query was already executed: Menu.countDocuments({ restaurantId: '1000010', pageSize: '7'...","timestamp":"2024-01-03T13:03:12.940Z"}
{"level":"error","message":"Error: Query was already executed: Menu.countDocuments({ restaurantId: '1000010', pageSize: '7'...","timestamp":"2024-01-03T13:03:12.961Z"}
{"level":"error","message":"Stack trace: Error: Query was already executed: Menu.countDocuments({ restaurantId: '1000010', pageSize: '7'...\n    at E:\\Schema draft\\controllers\\menu\\getMenus.js:71:14\n    at process.processTicksAndRejections (node:internal/process/task_queues:95:5)","timestamp":"2024-01-03T13:03:12.962Z"}
{"level":"error","message":"Error: countQuery.countDocuments is not a function","timestamp":"2024-01-03T13:04:16.490Z"}
{"level":"error","message":"Error: countQuery.countDocuments is not a function","timestamp":"2024-01-03T13:04:16.498Z"}
{"level":"error","message":"Stack trace: Error: countQuery.countDocuments is not a function\n    at E:\\Schema draft\\controllers\\menu\\getMenus.js:75:14\n    at E:\\Schema draft\\middlewares\\catchAsyncError.js:2:25\n    at Layer.handle [as handle_request] (E:\\Schema draft\\node_modules\\express\\lib\\router\\layer.js:95:5)\n    at next (E:\\Schema draft\\node_modules\\express\\lib\\router\\route.js:144:13)\n    at Route.dispatch (E:\\Schema draft\\node_modules\\express\\lib\\router\\route.js:114:3)\n    at Layer.handle [as handle_request] (E:\\Schema draft\\node_modules\\express\\lib\\router\\layer.js:95:5)\n    at E:\\Schema draft\\node_modules\\express\\lib\\router\\index.js:284:15\n    at Function.process_params (E:\\Schema draft\\node_modules\\express\\lib\\router\\index.js:346:12)\n    at next (E:\\Schema draft\\node_modules\\express\\lib\\router\\index.js:280:10)\n    at Function.handle (E:\\Schema draft\\node_modules\\express\\lib\\router\\index.js:175:3)","timestamp":"2024-01-03T13:04:16.499Z"}
{"level":"error","message":"Error: No menus found","timestamp":"2024-01-03T13:05:04.997Z"}
{"level":"error","message":"Error: No menus found","timestamp":"2024-01-03T13:05:05.004Z"}
{"level":"error","message":"Stack trace: Error: No menus found\n    at E:\\Schema draft\\controllers\\menu\\getMenus.js:61:34\n    at process.processTicksAndRejections (node:internal/process/task_queues:95:5)","timestamp":"2024-01-03T13:05:05.005Z"}
{"level":"error","message":"Error: No menus found","timestamp":"2024-01-03T13:08:22.608Z"}
{"level":"error","message":"Error: No menus found","timestamp":"2024-01-03T13:08:22.620Z"}
{"level":"error","message":"Stack trace: Error: No menus found\n    at E:\\Schema draft\\controllers\\menu\\getMenus.js:64:34\n    at process.processTicksAndRejections (node:internal/process/task_queues:95:5)","timestamp":"2024-01-03T13:08:22.622Z"}
{"level":"error","message":"Error: No menus found","timestamp":"2024-01-03T13:11:06.770Z"}
{"level":"error","message":"Error: No menus found","timestamp":"2024-01-03T13:11:06.787Z"}
{"level":"error","message":"Stack trace: Error: No menus found\n    at E:\\Schema draft\\controllers\\menu\\getMenus.js:63:34\n    at process.processTicksAndRejections (node:internal/process/task_queues:95:5)","timestamp":"2024-01-03T13:11:06.788Z"}
{"level":"error","message":"Error: Cannot set headers after they are sent to the client","timestamp":"2024-01-03T13:11:06.792Z"}
{"level":"error","message":"Error: No menus found","timestamp":"2024-01-03T13:12:40.798Z"}
{"level":"error","message":"Error: No menus found","timestamp":"2024-01-03T13:12:40.805Z"}
{"level":"error","message":"Stack trace: Error: No menus found\n    at E:\\Schema draft\\controllers\\menu\\getMenus.js:63:34\n    at process.processTicksAndRejections (node:internal/process/task_queues:95:5)","timestamp":"2024-01-03T13:12:40.807Z"}
{"level":"error","message":"Error: No menus found","timestamp":"2024-01-03T13:21:54.489Z"}
{"level":"error","message":"Error: No menus found","timestamp":"2024-01-03T13:21:54.493Z"}
{"level":"error","message":"Stack trace: Error: No menus found\n    at E:\\Schema draft\\controllers\\menu\\getMenus.js:63:34\n    at process.processTicksAndRejections (node:internal/process/task_queues:95:5)","timestamp":"2024-01-03T13:21:54.494Z"}
{"level":"error","message":"Error: productsCount is not defined","timestamp":"2024-01-03T13:21:54.498Z"}
{"level":"error","message":"Error: productsCount is not defined","timestamp":"2024-01-03T13:22:13.846Z"}
{"level":"error","message":"Error: productsCount is not defined","timestamp":"2024-01-03T13:22:13.847Z"}
{"level":"error","message":"Stack trace: Error: productsCount is not defined\n    at E:\\Schema draft\\controllers\\menu\\getMenus.js:73:22\n    at process.processTicksAndRejections (node:internal/process/task_queues:95:5)","timestamp":"2024-01-03T13:22:13.848Z"}
{"level":"error","message":"Error: productsCount is not defined","timestamp":"2024-01-03T13:22:17.780Z"}
{"level":"error","message":"Error: productsCount is not defined","timestamp":"2024-01-03T13:22:17.781Z"}
{"level":"error","message":"Stack trace: Error: productsCount is not defined\n    at E:\\Schema draft\\controllers\\menu\\getMenus.js:73:22\n    at process.processTicksAndRejections (node:internal/process/task_queues:95:5)","timestamp":"2024-01-03T13:22:17.782Z"}
{"level":"error","message":"Error: productsCount is not defined","timestamp":"2024-01-03T13:22:25.757Z"}
{"level":"error","message":"Error: productsCount is not defined","timestamp":"2024-01-03T13:22:25.758Z"}
{"level":"error","message":"Stack trace: Error: productsCount is not defined\n    at E:\\Schema draft\\controllers\\menu\\getMenus.js:73:22\n    at process.processTicksAndRejections (node:internal/process/task_queues:95:5)","timestamp":"2024-01-03T13:22:25.759Z"}
{"level":"error","message":"Error: productsCount is not defined","timestamp":"2024-01-03T13:22:40.653Z"}
{"level":"error","message":"Error: productsCount is not defined","timestamp":"2024-01-03T13:22:40.654Z"}
{"level":"error","message":"Stack trace: Error: productsCount is not defined\n    at E:\\Schema draft\\controllers\\menu\\getMenus.js:73:22\n    at process.processTicksAndRejections (node:internal/process/task_queues:95:5)","timestamp":"2024-01-03T13:22:40.655Z"}
{"level":"error","message":"Error: productsCount is not defined","timestamp":"2024-01-03T13:22:45.343Z"}
{"level":"error","message":"Error: productsCount is not defined","timestamp":"2024-01-03T13:22:45.345Z"}
{"level":"error","message":"Stack trace: Error: productsCount is not defined\n    at E:\\Schema draft\\controllers\\menu\\getMenus.js:73:22\n    at process.processTicksAndRejections (node:internal/process/task_queues:95:5)","timestamp":"2024-01-03T13:22:45.346Z"}
{"level":"error","message":"Error: Cannot read properties of undefined (reading 'page')","timestamp":"2024-01-03T14:56:01.037Z"}
{"level":"error","message":"Error: Cannot read properties of undefined (reading 'page')","timestamp":"2024-01-03T14:56:01.041Z"}
{"level":"error","message":"Stack trace: Error: Cannot read properties of undefined (reading 'page')\n    at E:\\Schema draft\\controllers\\menu\\getMenus.js:74:19\n    at process.processTicksAndRejections (node:internal/process/task_queues:95:5)","timestamp":"2024-01-03T14:56:01.044Z"}
{"level":"error","message":"Error: Cannot read properties of undefined (reading 'page')","timestamp":"2024-01-03T14:57:16.451Z"}
{"level":"error","message":"Error: Cannot read properties of undefined (reading 'page')","timestamp":"2024-01-03T14:57:16.452Z"}
{"level":"error","message":"Stack trace: Error: Cannot read properties of undefined (reading 'page')\n    at E:\\Schema draft\\controllers\\menu\\getMenus.js:74:19\n    at process.processTicksAndRejections (node:internal/process/task_queues:95:5)","timestamp":"2024-01-03T14:57:16.453Z"}
{"level":"error","message":"Error: Cannot read properties of undefined (reading 'page')","timestamp":"2024-01-03T14:57:55.022Z"}
{"level":"error","message":"Error: Cannot read properties of undefined (reading 'page')","timestamp":"2024-01-03T14:57:55.023Z"}
{"level":"error","message":"Stack trace: Error: Cannot read properties of undefined (reading 'page')\n    at E:\\Schema draft\\controllers\\menu\\getMenus.js:74:19\n    at process.processTicksAndRejections (node:internal/process/task_queues:95:5)","timestamp":"2024-01-03T14:57:55.024Z"}
{"level":"error","message":"Error: Cannot read properties of undefined (reading 'page')","timestamp":"2024-01-03T14:58:00.678Z"}
{"level":"error","message":"Error: Cannot read properties of undefined (reading 'page')","timestamp":"2024-01-03T14:58:00.680Z"}
{"level":"error","message":"Stack trace: Error: Cannot read properties of undefined (reading 'page')\n    at E:\\Schema draft\\controllers\\menu\\getMenus.js:74:19\n    at process.processTicksAndRejections (node:internal/process/task_queues:95:5)","timestamp":"2024-01-03T14:58:00.685Z"}
{"level":"error","message":"Error: Cannot read properties of undefined (reading 'page')","timestamp":"2024-01-03T15:00:20.741Z"}
{"level":"error","message":"Error: Cannot read properties of undefined (reading 'page')","timestamp":"2024-01-03T15:00:20.742Z"}
{"level":"error","message":"Stack trace: Error: Cannot read properties of undefined (reading 'page')\n    at E:\\Schema draft\\controllers\\menu\\getMenus.js:74:19\n    at process.processTicksAndRejections (node:internal/process/task_queues:95:5)","timestamp":"2024-01-03T15:00:20.742Z"}
{"level":"error","message":"Error: Cannot read properties of undefined (reading 'page')","timestamp":"2024-01-03T15:01:09.699Z"}
{"level":"error","message":"Error: Cannot read properties of undefined (reading 'page')","timestamp":"2024-01-03T15:01:09.699Z"}
{"level":"error","message":"Stack trace: Error: Cannot read properties of undefined (reading 'page')\n    at E:\\Schema draft\\controllers\\menu\\getMenus.js:74:19\n    at process.processTicksAndRejections (node:internal/process/task_queues:95:5)","timestamp":"2024-01-03T15:01:09.700Z"}
{"level":"error","message":"Error: Cannot read properties of undefined (reading 'page')","timestamp":"2024-01-03T15:01:16.940Z"}
{"level":"error","message":"Error: Cannot read properties of undefined (reading 'page')","timestamp":"2024-01-03T15:01:16.941Z"}
{"level":"error","message":"Stack trace: Error: Cannot read properties of undefined (reading 'page')\n    at E:\\Schema draft\\controllers\\menu\\getMenus.js:74:19\n    at process.processTicksAndRejections (node:internal/process/task_queues:95:5)","timestamp":"2024-01-03T15:01:16.942Z"}
{"level":"error","message":"Error: Cannot read properties of undefined (reading 'page')","timestamp":"2024-01-03T15:06:25.720Z"}
{"level":"error","message":"Error: Cannot read properties of undefined (reading 'page')","timestamp":"2024-01-03T15:06:25.721Z"}
{"level":"error","message":"Stack trace: Error: Cannot read properties of undefined (reading 'page')\n    at E:\\Schema draft\\controllers\\menu\\getMenus.js:74:19\n    at process.processTicksAndRejections (node:internal/process/task_queues:95:5)","timestamp":"2024-01-03T15:06:25.722Z"}
{"level":"error","message":"Error: Cannot read properties of undefined (reading 'page')","timestamp":"2024-01-03T15:06:32.210Z"}
{"level":"error","message":"Error: Cannot read properties of undefined (reading 'page')","timestamp":"2024-01-03T15:06:32.212Z"}
{"level":"error","message":"Stack trace: Error: Cannot read properties of undefined (reading 'page')\n    at E:\\Schema draft\\controllers\\menu\\getMenus.js:74:19\n    at process.processTicksAndRejections (node:internal/process/task_queues:95:5)","timestamp":"2024-01-03T15:06:32.213Z"}
{"level":"error","message":"Error: No menus found","timestamp":"2024-01-03T15:28:13.624Z"}
{"level":"error","message":"Error: No menus found","timestamp":"2024-01-03T15:28:13.632Z"}
{"level":"error","message":"Stack trace: Error: No menus found\n    at E:\\Schema draft\\controllers\\menu\\getMenus.js:63:30\n    at process.processTicksAndRejections (node:internal/process/task_queues:95:5)","timestamp":"2024-01-03T15:28:13.633Z"}
{"level":"error","message":"Error: No menus found","timestamp":"2024-01-03T15:28:14.511Z"}
{"level":"error","message":"Error: No menus found","timestamp":"2024-01-03T15:28:14.512Z"}
{"level":"error","message":"Stack trace: Error: No menus found\n    at E:\\Schema draft\\controllers\\menu\\getMenus.js:63:30\n    at process.processTicksAndRejections (node:internal/process/task_queues:95:5)","timestamp":"2024-01-03T15:28:14.514Z"}
{"level":"error","message":"Error: No menus found","timestamp":"2024-01-03T15:28:17.399Z"}
{"level":"error","message":"Error: No menus found","timestamp":"2024-01-03T15:28:17.400Z"}
{"level":"error","message":"Stack trace: Error: No menus found\n    at E:\\Schema draft\\controllers\\menu\\getMenus.js:63:30\n    at process.processTicksAndRejections (node:internal/process/task_queues:95:5)","timestamp":"2024-01-03T15:28:17.401Z"}
{"level":"error","message":"Error: No menus found","timestamp":"2024-01-03T15:28:18.284Z"}
{"level":"error","message":"Error: No menus found","timestamp":"2024-01-03T15:28:18.285Z"}
{"level":"error","message":"Stack trace: Error: No menus found\n    at E:\\Schema draft\\controllers\\menu\\getMenus.js:63:30\n    at process.processTicksAndRejections (node:internal/process/task_queues:95:5)","timestamp":"2024-01-03T15:28:18.286Z"}
{"level":"error","message":"Error: No menus found","timestamp":"2024-01-03T15:28:18.497Z"}
{"level":"error","message":"Error: No menus found","timestamp":"2024-01-03T15:28:18.498Z"}
{"level":"error","message":"Stack trace: Error: No menus found\n    at E:\\Schema draft\\controllers\\menu\\getMenus.js:63:30\n    at process.processTicksAndRejections (node:internal/process/task_queues:95:5)","timestamp":"2024-01-03T15:28:18.499Z"}
{"level":"error","message":"Error: No menus found","timestamp":"2024-01-03T15:28:19.636Z"}
{"level":"error","message":"Error: No menus found","timestamp":"2024-01-03T15:28:19.636Z"}
{"level":"error","message":"Stack trace: Error: No menus found\n    at E:\\Schema draft\\controllers\\menu\\getMenus.js:63:30\n    at process.processTicksAndRejections (node:internal/process/task_queues:95:5)","timestamp":"2024-01-03T15:28:19.637Z"}
{"level":"error","message":"Error: No menus found","timestamp":"2024-01-03T15:28:20.646Z"}
{"level":"error","message":"Error: No menus found","timestamp":"2024-01-03T15:28:20.647Z"}
{"level":"error","message":"Stack trace: Error: No menus found\n    at E:\\Schema draft\\controllers\\menu\\getMenus.js:63:30\n    at process.processTicksAndRejections (node:internal/process/task_queues:95:5)","timestamp":"2024-01-03T15:28:20.648Z"}
{"level":"error","message":"Error: No menus found","timestamp":"2024-01-03T15:28:21.382Z"}
{"level":"error","message":"Error: No menus found","timestamp":"2024-01-03T15:28:21.383Z"}
{"level":"error","message":"Stack trace: Error: No menus found\n    at E:\\Schema draft\\controllers\\menu\\getMenus.js:63:30\n    at process.processTicksAndRejections (node:internal/process/task_queues:95:5)","timestamp":"2024-01-03T15:28:21.384Z"}
{"level":"error","message":"Error: No menus found","timestamp":"2024-01-03T15:28:26.514Z"}
{"level":"error","message":"Error: No menus found","timestamp":"2024-01-03T15:28:26.515Z"}
{"level":"error","message":"Stack trace: Error: No menus found\n    at E:\\Schema draft\\controllers\\menu\\getMenus.js:63:30\n    at process.processTicksAndRejections (node:internal/process/task_queues:95:5)","timestamp":"2024-01-03T15:28:26.515Z"}
{"level":"error","message":"Error: No menus found","timestamp":"2024-01-03T15:28:58.467Z"}
{"level":"error","message":"Error: No menus found","timestamp":"2024-01-03T15:28:58.468Z"}
{"level":"error","message":"Stack trace: Error: No menus found\n    at E:\\Schema draft\\controllers\\menu\\getMenus.js:63:30\n    at process.processTicksAndRejections (node:internal/process/task_queues:95:5)","timestamp":"2024-01-03T15:28:58.468Z"}
{"level":"error","message":"Error: No menus found","timestamp":"2024-01-03T15:28:59.380Z"}
{"level":"error","message":"Error: No menus found","timestamp":"2024-01-03T15:28:59.381Z"}
{"level":"error","message":"Stack trace: Error: No menus found\n    at E:\\Schema draft\\controllers\\menu\\getMenus.js:63:30\n    at process.processTicksAndRejections (node:internal/process/task_queues:95:5)","timestamp":"2024-01-03T15:28:59.381Z"}
{"level":"error","message":"Error: No menus found","timestamp":"2024-01-03T15:28:59.531Z"}
{"level":"error","message":"Error: No menus found","timestamp":"2024-01-03T15:28:59.531Z"}
{"level":"error","message":"Stack trace: Error: No menus found\n    at E:\\Schema draft\\controllers\\menu\\getMenus.js:63:30\n    at process.processTicksAndRejections (node:internal/process/task_queues:95:5)","timestamp":"2024-01-03T15:28:59.532Z"}
{"level":"error","message":"Error: No menus found","timestamp":"2024-01-03T15:29:00.131Z"}
{"level":"error","message":"Error: No menus found","timestamp":"2024-01-03T15:29:00.132Z"}
{"level":"error","message":"Stack trace: Error: No menus found\n    at E:\\Schema draft\\controllers\\menu\\getMenus.js:63:30\n    at process.processTicksAndRejections (node:internal/process/task_queues:95:5)","timestamp":"2024-01-03T15:29:00.133Z"}
{"level":"error","message":"Error: No menus found","timestamp":"2024-01-03T15:29:00.325Z"}
{"level":"error","message":"Error: No menus found","timestamp":"2024-01-03T15:29:00.325Z"}
{"level":"error","message":"Stack trace: Error: No menus found\n    at E:\\Schema draft\\controllers\\menu\\getMenus.js:63:30\n    at process.processTicksAndRejections (node:internal/process/task_queues:95:5)","timestamp":"2024-01-03T15:29:00.326Z"}
{"level":"error","message":"Error: No menus found","timestamp":"2024-01-03T15:29:01.613Z"}
{"level":"error","message":"Error: No menus found","timestamp":"2024-01-03T15:29:01.614Z"}
{"level":"error","message":"Stack trace: Error: No menus found\n    at E:\\Schema draft\\controllers\\menu\\getMenus.js:63:30\n    at process.processTicksAndRejections (node:internal/process/task_queues:95:5)","timestamp":"2024-01-03T15:29:01.614Z"}
{"level":"error","message":"Error: No menus found","timestamp":"2024-01-03T15:29:01.780Z"}
{"level":"error","message":"Error: No menus found","timestamp":"2024-01-03T15:29:01.780Z"}
{"level":"error","message":"Stack trace: Error: No menus found\n    at E:\\Schema draft\\controllers\\menu\\getMenus.js:63:30\n    at process.processTicksAndRejections (node:internal/process/task_queues:95:5)","timestamp":"2024-01-03T15:29:01.781Z"}
{"level":"error","message":"Error: No menus found","timestamp":"2024-01-03T15:29:03.085Z"}
{"level":"error","message":"Error: No menus found","timestamp":"2024-01-03T15:29:03.085Z"}
{"level":"error","message":"Stack trace: Error: No menus found\n    at E:\\Schema draft\\controllers\\menu\\getMenus.js:63:30\n    at process.processTicksAndRejections (node:internal/process/task_queues:95:5)","timestamp":"2024-01-03T15:29:03.087Z"}
{"level":"error","message":"Error: No menus found","timestamp":"2024-01-03T15:29:03.921Z"}
{"level":"error","message":"Error: No menus found","timestamp":"2024-01-03T15:29:03.923Z"}
{"level":"error","message":"Stack trace: Error: No menus found\n    at E:\\Schema draft\\controllers\\menu\\getMenus.js:63:30\n    at process.processTicksAndRejections (node:internal/process/task_queues:95:5)","timestamp":"2024-01-03T15:29:03.923Z"}
{"level":"error","message":"Error: No menus found","timestamp":"2024-01-03T15:29:04.412Z"}
{"level":"error","message":"Error: No menus found","timestamp":"2024-01-03T15:29:04.413Z"}
{"level":"error","message":"Stack trace: Error: No menus found\n    at E:\\Schema draft\\controllers\\menu\\getMenus.js:63:30\n    at process.processTicksAndRejections (node:internal/process/task_queues:95:5)","timestamp":"2024-01-03T15:29:04.413Z"}
{"level":"error","message":"Error: No menus found","timestamp":"2024-01-03T15:29:22.300Z"}
{"level":"error","message":"Error: No menus found","timestamp":"2024-01-03T15:29:22.301Z"}
{"level":"error","message":"Stack trace: Error: No menus found\n    at E:\\Schema draft\\controllers\\menu\\getMenus.js:63:30\n    at process.processTicksAndRejections (node:internal/process/task_queues:95:5)","timestamp":"2024-01-03T15:29:22.301Z"}
{"level":"error","message":"Error: No menus found","timestamp":"2024-01-03T15:31:22.943Z"}
{"level":"error","message":"Error: No menus found","timestamp":"2024-01-03T15:31:22.947Z"}
{"level":"error","message":"Stack trace: Error: No menus found\n    at E:\\Schema draft\\controllers\\menu\\getMenus.js:63:30\n    at process.processTicksAndRejections (node:internal/process/task_queues:95:5)","timestamp":"2024-01-03T15:31:22.947Z"}
{"level":"error","message":"Error: No menus found","timestamp":"2024-01-03T15:31:23.138Z"}
{"level":"error","message":"Error: No menus found","timestamp":"2024-01-03T15:31:23.139Z"}
{"level":"error","message":"Stack trace: Error: No menus found\n    at E:\\Schema draft\\controllers\\menu\\getMenus.js:63:30\n    at process.processTicksAndRejections (node:internal/process/task_queues:95:5)","timestamp":"2024-01-03T15:31:23.140Z"}
{"level":"error","message":"Error: No menus found","timestamp":"2024-01-03T15:31:34.493Z"}
{"level":"error","message":"Error: No menus found","timestamp":"2024-01-03T15:31:34.493Z"}
{"level":"error","message":"Stack trace: Error: No menus found\n    at E:\\Schema draft\\controllers\\menu\\getMenus.js:63:30\n    at process.processTicksAndRejections (node:internal/process/task_queues:95:5)","timestamp":"2024-01-03T15:31:34.494Z"}
{"level":"error","message":"Error: No menus found","timestamp":"2024-01-03T15:31:36.378Z"}
{"level":"error","message":"Error: No menus found","timestamp":"2024-01-03T15:31:36.380Z"}
{"level":"error","message":"Stack trace: Error: No menus found\n    at E:\\Schema draft\\controllers\\menu\\getMenus.js:63:30\n    at process.processTicksAndRejections (node:internal/process/task_queues:95:5)","timestamp":"2024-01-03T15:31:36.382Z"}
{"level":"error","message":"Error: Order.find(...).sort(...).lean(...).exec(...).skip is not a function","timestamp":"2024-01-03T15:49:15.368Z"}
{"level":"error","message":"Error: Order.find(...).sort(...).lean(...).exec(...).skip is not a function","timestamp":"2024-01-03T15:49:15.372Z"}
{"level":"error","message":"Stack trace: Error: Order.find(...).sort(...).lean(...).exec(...).skip is not a function\n    at E:\\Schema draft\\controllers\\order\\order.js:251:12\n    at process.processTicksAndRejections (node:internal/process/task_queues:95:5)","timestamp":"2024-01-03T15:49:15.375Z"}
{"level":"error","message":"Error: Order.find(...).sort(...).lean(...).exec(...).skip is not a function","timestamp":"2024-01-03T15:49:33.677Z"}
{"level":"error","message":"Error: Order.find(...).sort(...).lean(...).exec(...).skip is not a function","timestamp":"2024-01-03T15:49:33.678Z"}
{"level":"error","message":"Stack trace: Error: Order.find(...).sort(...).lean(...).exec(...).skip is not a function\n    at E:\\Schema draft\\controllers\\order\\order.js:251:12\n    at process.processTicksAndRejections (node:internal/process/task_queues:95:5)","timestamp":"2024-01-03T15:49:33.679Z"}
{"level":"error","message":"Error: Order.find(...).sort(...).lean(...).exec(...).skip is not a function","timestamp":"2024-01-03T15:49:48.260Z"}
{"level":"error","message":"Error: Order.find(...).sort(...).lean(...).exec(...).skip is not a function","timestamp":"2024-01-03T15:49:48.264Z"}
{"level":"error","message":"Stack trace: Error: Order.find(...).sort(...).lean(...).exec(...).skip is not a function\n    at E:\\Schema draft\\controllers\\order\\order.js:251:12\n    at process.processTicksAndRejections (node:internal/process/task_queues:95:5)","timestamp":"2024-01-03T15:49:48.265Z"}
{"level":"error","message":"Error: Order.find(...).sort(...).lean(...).exec(...).skip is not a function","timestamp":"2024-01-03T15:50:03.611Z"}
{"level":"error","message":"Error: Order.find(...).sort(...).lean(...).exec(...).skip is not a function","timestamp":"2024-01-03T15:50:03.612Z"}
{"level":"error","message":"Stack trace: Error: Order.find(...).sort(...).lean(...).exec(...).skip is not a function\n    at E:\\Schema draft\\controllers\\order\\order.js:251:12\n    at process.processTicksAndRejections (node:internal/process/task_queues:95:5)","timestamp":"2024-01-03T15:50:03.614Z"}
{"level":"error","message":"Error: Order.find(...).sort(...).lean(...).exec(...).skip is not a function","timestamp":"2024-01-03T15:50:06.188Z"}
{"level":"error","message":"Error: Order.find(...).sort(...).lean(...).exec(...).skip is not a function","timestamp":"2024-01-03T15:50:06.189Z"}
{"level":"error","message":"Stack trace: Error: Order.find(...).sort(...).lean(...).exec(...).skip is not a function\n    at E:\\Schema draft\\controllers\\order\\order.js:251:12\n    at process.processTicksAndRejections (node:internal/process/task_queues:95:5)","timestamp":"2024-01-03T15:50:06.190Z"}
{"level":"error","message":"Error: Order.find(...).sort(...).lean(...).exec(...).skip is not a function","timestamp":"2024-01-03T15:50:10.108Z"}
{"level":"error","message":"Error: Order.find(...).sort(...).lean(...).exec(...).skip is not a function","timestamp":"2024-01-03T15:50:10.110Z"}
{"level":"error","message":"Stack trace: Error: Order.find(...).sort(...).lean(...).exec(...).skip is not a function\n    at E:\\Schema draft\\controllers\\order\\order.js:251:12\n    at process.processTicksAndRejections (node:internal/process/task_queues:95:5)","timestamp":"2024-01-03T15:50:10.111Z"}
{"level":"error","message":"Error: Order.find(...).sort(...).lean(...).exec(...).skip is not a function","timestamp":"2024-01-03T15:50:14.106Z"}
{"level":"error","message":"Error: Order.find(...).sort(...).lean(...).exec(...).skip is not a function","timestamp":"2024-01-03T15:50:14.107Z"}
{"level":"error","message":"Stack trace: Error: Order.find(...).sort(...).lean(...).exec(...).skip is not a function\n    at E:\\Schema draft\\controllers\\order\\order.js:251:12\n    at process.processTicksAndRejections (node:internal/process/task_queues:95:5)","timestamp":"2024-01-03T15:50:14.109Z"}
{"level":"error","message":"Error: Order.find(...).sort(...).lean(...).exec(...).skip is not a function","timestamp":"2024-01-03T15:50:18.115Z"}
{"level":"error","message":"Error: Order.find(...).sort(...).lean(...).exec(...).skip is not a function","timestamp":"2024-01-03T15:50:18.116Z"}
{"level":"error","message":"Stack trace: Error: Order.find(...).sort(...).lean(...).exec(...).skip is not a function\n    at E:\\Schema draft\\controllers\\order\\order.js:251:12\n    at process.processTicksAndRejections (node:internal/process/task_queues:95:5)","timestamp":"2024-01-03T15:50:18.117Z"}
{"level":"error","message":"Error: Order.find(...).sort(...).lean(...).exec(...).skip is not a function","timestamp":"2024-01-03T15:50:36.810Z"}
{"level":"error","message":"Error: Order.find(...).sort(...).lean(...).exec(...).skip is not a function","timestamp":"2024-01-03T15:50:36.812Z"}
{"level":"error","message":"Stack trace: Error: Order.find(...).sort(...).lean(...).exec(...).skip is not a function\n    at E:\\Schema draft\\controllers\\order\\order.js:251:12\n    at process.processTicksAndRejections (node:internal/process/task_queues:95:5)","timestamp":"2024-01-03T15:50:36.813Z"}
{"level":"error","message":"Error: Menu is not defined","timestamp":"2024-01-03T17:23:04.860Z"}
{"level":"error","message":"Error: Menu is not defined","timestamp":"2024-01-03T17:23:04.866Z"}
{"level":"error","message":"Stack trace: Error: Menu is not defined\n    at E:\\Schema draft\\controllers\\admin\\index.js:20:14\n    at process.processTicksAndRejections (node:internal/process/task_queues:95:5)","timestamp":"2024-01-03T17:23:04.867Z"}
{"level":"error","message":"Error: Menu is not defined","timestamp":"2024-01-03T17:23:16.190Z"}
{"level":"error","message":"Error: Menu is not defined","timestamp":"2024-01-03T17:23:16.191Z"}
{"level":"error","message":"Stack trace: Error: Menu is not defined\n    at E:\\Schema draft\\controllers\\admin\\index.js:20:14\n    at process.processTicksAndRejections (node:internal/process/task_queues:95:5)","timestamp":"2024-01-03T17:23:16.192Z"}
{"level":"error","message":"Error: Menu is not defined","timestamp":"2024-01-03T18:22:07.239Z"}
{"level":"error","message":"Error: Menu is not defined","timestamp":"2024-01-03T18:22:07.243Z"}
{"level":"error","message":"Stack trace: Error: Menu is not defined\n    at E:\\Schema draft\\controllers\\admin\\index.js:31:14\n    at E:\\Schema draft\\middlewares\\catchAsyncError.js:2:25\n    at Layer.handle [as handle_request] (E:\\Schema draft\\node_modules\\express\\lib\\router\\layer.js:95:5)\n    at next (E:\\Schema draft\\node_modules\\express\\lib\\router\\route.js:144:13)\n    at Route.dispatch (E:\\Schema draft\\node_modules\\express\\lib\\router\\route.js:114:3)\n    at Layer.handle [as handle_request] (E:\\Schema draft\\node_modules\\express\\lib\\router\\layer.js:95:5)\n    at E:\\Schema draft\\node_modules\\express\\lib\\router\\index.js:284:15\n    at Function.process_params (E:\\Schema draft\\node_modules\\express\\lib\\router\\index.js:346:12)\n    at next (E:\\Schema draft\\node_modules\\express\\lib\\router\\index.js:280:10)\n    at Function.handle (E:\\Schema draft\\node_modules\\express\\lib\\router\\index.js:175:3)","timestamp":"2024-01-03T18:22:07.243Z"}
{"level":"error","message":"Error: Menu is not defined","timestamp":"2024-01-03T18:22:10.984Z"}
{"level":"error","message":"Error: Menu is not defined","timestamp":"2024-01-03T18:22:10.987Z"}
{"level":"error","message":"Stack trace: Error: Menu is not defined\n    at E:\\Schema draft\\controllers\\admin\\index.js:31:14\n    at E:\\Schema draft\\middlewares\\catchAsyncError.js:2:25\n    at Layer.handle [as handle_request] (E:\\Schema draft\\node_modules\\express\\lib\\router\\layer.js:95:5)\n    at next (E:\\Schema draft\\node_modules\\express\\lib\\router\\route.js:144:13)\n    at Route.dispatch (E:\\Schema draft\\node_modules\\express\\lib\\router\\route.js:114:3)\n    at Layer.handle [as handle_request] (E:\\Schema draft\\node_modules\\express\\lib\\router\\layer.js:95:5)\n    at E:\\Schema draft\\node_modules\\express\\lib\\router\\index.js:284:15\n    at Function.process_params (E:\\Schema draft\\node_modules\\express\\lib\\router\\index.js:346:12)\n    at next (E:\\Schema draft\\node_modules\\express\\lib\\router\\index.js:280:10)\n    at Function.handle (E:\\Schema draft\\node_modules\\express\\lib\\router\\index.js:175:3)","timestamp":"2024-01-03T18:22:10.988Z"}
{"level":"error","message":"Error: Menu is not defined","timestamp":"2024-01-03T18:22:22.664Z"}
{"level":"error","message":"Error: Menu is not defined","timestamp":"2024-01-03T18:22:22.665Z"}
{"level":"error","message":"Stack trace: Error: Menu is not defined\n    at E:\\Schema draft\\controllers\\admin\\index.js:31:14\n    at E:\\Schema draft\\middlewares\\catchAsyncError.js:2:25\n    at Layer.handle [as handle_request] (E:\\Schema draft\\node_modules\\express\\lib\\router\\layer.js:95:5)\n    at next (E:\\Schema draft\\node_modules\\express\\lib\\router\\route.js:144:13)\n    at Route.dispatch (E:\\Schema draft\\node_modules\\express\\lib\\router\\route.js:114:3)\n    at Layer.handle [as handle_request] (E:\\Schema draft\\node_modules\\express\\lib\\router\\layer.js:95:5)\n    at E:\\Schema draft\\node_modules\\express\\lib\\router\\index.js:284:15\n    at Function.process_params (E:\\Schema draft\\node_modules\\express\\lib\\router\\index.js:346:12)\n    at next (E:\\Schema draft\\node_modules\\express\\lib\\router\\index.js:280:10)\n    at Function.handle (E:\\Schema draft\\node_modules\\express\\lib\\router\\index.js:175:3)","timestamp":"2024-01-03T18:22:22.666Z"}
{"level":"error","message":"Error: Menu is not defined","timestamp":"2024-01-03T18:23:00.623Z"}
{"level":"error","message":"Error: Menu is not defined","timestamp":"2024-01-03T18:23:00.639Z"}
{"level":"error","message":"Stack trace: Error: Menu is not defined\n    at E:\\Schema draft\\controllers\\admin\\index.js:31:14\n    at E:\\Schema draft\\middlewares\\catchAsyncError.js:2:25\n    at Layer.handle [as handle_request] (E:\\Schema draft\\node_modules\\express\\lib\\router\\layer.js:95:5)\n    at next (E:\\Schema draft\\node_modules\\express\\lib\\router\\route.js:144:13)\n    at Route.dispatch (E:\\Schema draft\\node_modules\\express\\lib\\router\\route.js:114:3)\n    at Layer.handle [as handle_request] (E:\\Schema draft\\node_modules\\express\\lib\\router\\layer.js:95:5)\n    at E:\\Schema draft\\node_modules\\express\\lib\\router\\index.js:284:15\n    at Function.process_params (E:\\Schema draft\\node_modules\\express\\lib\\router\\index.js:346:12)\n    at next (E:\\Schema draft\\node_modules\\express\\lib\\router\\index.js:280:10)\n    at Function.handle (E:\\Schema draft\\node_modules\\express\\lib\\router\\index.js:175:3)","timestamp":"2024-01-03T18:23:00.672Z"}
