{"level":"error","message":"Error: query is not defined","timestamp":"2023-12-28T06:13:44.639Z"}
{"level":"error","message":"Error: query is not defined","timestamp":"2023-12-28T06:13:44.672Z"}
{"level":"error","message":"Stack trace: Error: query is not defined\n    at E:\\Schema draft\\controllers\\order\\order.js:229:14\n    at E:\\Schema draft\\middlewares\\catchAsyncError.js:2:25\n    at Layer.handle [as handle_request] (E:\\Schema draft\\node_modules\\express\\lib\\router\\layer.js:95:5)\n    at next (E:\\Schema draft\\node_modules\\express\\lib\\router\\route.js:144:13)\n    at Route.dispatch (E:\\Schema draft\\node_modules\\express\\lib\\router\\route.js:114:3)\n    at Layer.handle [as handle_request] (E:\\Schema draft\\node_modules\\express\\lib\\router\\layer.js:95:5)\n    at E:\\Schema draft\\node_modules\\express\\lib\\router\\index.js:284:15\n    at Function.process_params (E:\\Schema draft\\node_modules\\express\\lib\\router\\index.js:346:12)\n    at next (E:\\Schema draft\\node_modules\\express\\lib\\router\\index.js:280:10)\n    at Function.handle (E:\\Schema draft\\node_modules\\express\\lib\\router\\index.js:175:3)","timestamp":"2023-12-28T06:13:44.675Z"}
{"level":"error","message":"Error: query is not defined","timestamp":"2023-12-28T06:13:45.521Z"}
{"level":"error","message":"Error: query is not defined","timestamp":"2023-12-28T06:13:45.540Z"}
{"level":"error","message":"Stack trace: Error: query is not defined\n    at E:\\Schema draft\\controllers\\order\\order.js:229:14\n    at E:\\Schema draft\\middlewares\\catchAsyncError.js:2:25\n    at Layer.handle [as handle_request] (E:\\Schema draft\\node_modules\\express\\lib\\router\\layer.js:95:5)\n    at next (E:\\Schema draft\\node_modules\\express\\lib\\router\\route.js:144:13)\n    at Route.dispatch (E:\\Schema draft\\node_modules\\express\\lib\\router\\route.js:114:3)\n    at Layer.handle [as handle_request] (E:\\Schema draft\\node_modules\\express\\lib\\router\\layer.js:95:5)\n    at E:\\Schema draft\\node_modules\\express\\lib\\router\\index.js:284:15\n    at Function.process_params (E:\\Schema draft\\node_modules\\express\\lib\\router\\index.js:346:12)\n    at next (E:\\Schema draft\\node_modules\\express\\lib\\router\\index.js:280:10)\n    at Function.handle (E:\\Schema draft\\node_modules\\express\\lib\\router\\index.js:175:3)","timestamp":"2023-12-28T06:13:45.541Z"}
{"level":"error","message":"Error: query is not defined","timestamp":"2023-12-28T06:13:45.679Z"}
{"level":"error","message":"Error: query is not defined","timestamp":"2023-12-28T06:13:45.689Z"}
{"level":"error","message":"Stack trace: Error: query is not defined\n    at E:\\Schema draft\\controllers\\order\\order.js:229:14\n    at E:\\Schema draft\\middlewares\\catchAsyncError.js:2:25\n    at Layer.handle [as handle_request] (E:\\Schema draft\\node_modules\\express\\lib\\router\\layer.js:95:5)\n    at next (E:\\Schema draft\\node_modules\\express\\lib\\router\\route.js:144:13)\n    at Route.dispatch (E:\\Schema draft\\node_modules\\express\\lib\\router\\route.js:114:3)\n    at Layer.handle [as handle_request] (E:\\Schema draft\\node_modules\\express\\lib\\router\\layer.js:95:5)\n    at E:\\Schema draft\\node_modules\\express\\lib\\router\\index.js:284:15\n    at Function.process_params (E:\\Schema draft\\node_modules\\express\\lib\\router\\index.js:346:12)\n    at next (E:\\Schema draft\\node_modules\\express\\lib\\router\\index.js:280:10)\n    at Function.handle (E:\\Schema draft\\node_modules\\express\\lib\\router\\index.js:175:3)","timestamp":"2023-12-28T06:13:45.690Z"}
{"level":"error","message":"Error: query is not defined","timestamp":"2023-12-28T06:13:55.554Z"}
{"level":"error","message":"Error: query is not defined","timestamp":"2023-12-28T06:13:55.555Z"}
{"level":"error","message":"Stack trace: Error: query is not defined\n    at E:\\Schema draft\\controllers\\order\\order.js:229:14\n    at E:\\Schema draft\\middlewares\\catchAsyncError.js:2:25\n    at Layer.handle [as handle_request] (E:\\Schema draft\\node_modules\\express\\lib\\router\\layer.js:95:5)\n    at next (E:\\Schema draft\\node_modules\\express\\lib\\router\\route.js:144:13)\n    at Route.dispatch (E:\\Schema draft\\node_modules\\express\\lib\\router\\route.js:114:3)\n    at Layer.handle [as handle_request] (E:\\Schema draft\\node_modules\\express\\lib\\router\\layer.js:95:5)\n    at E:\\Schema draft\\node_modules\\express\\lib\\router\\index.js:284:15\n    at Function.process_params (E:\\Schema draft\\node_modules\\express\\lib\\router\\index.js:346:12)\n    at next (E:\\Schema draft\\node_modules\\express\\lib\\router\\index.js:280:10)\n    at Function.handle (E:\\Schema draft\\node_modules\\express\\lib\\router\\index.js:175:3)","timestamp":"2023-12-28T06:13:55.556Z"}
{"level":"error","message":"Error: query is not defined","timestamp":"2023-12-28T06:14:18.659Z"}
{"level":"error","message":"Error: query is not defined","timestamp":"2023-12-28T06:14:18.661Z"}
{"level":"error","message":"Stack trace: Error: query is not defined\n    at E:\\Schema draft\\controllers\\order\\order.js:229:14\n    at E:\\Schema draft\\middlewares\\catchAsyncError.js:2:25\n    at Layer.handle [as handle_request] (E:\\Schema draft\\node_modules\\express\\lib\\router\\layer.js:95:5)\n    at next (E:\\Schema draft\\node_modules\\express\\lib\\router\\route.js:144:13)\n    at Route.dispatch (E:\\Schema draft\\node_modules\\express\\lib\\router\\route.js:114:3)\n    at Layer.handle [as handle_request] (E:\\Schema draft\\node_modules\\express\\lib\\router\\layer.js:95:5)\n    at E:\\Schema draft\\node_modules\\express\\lib\\router\\index.js:284:15\n    at Function.process_params (E:\\Schema draft\\node_modules\\express\\lib\\router\\index.js:346:12)\n    at next (E:\\Schema draft\\node_modules\\express\\lib\\router\\index.js:280:10)\n    at Function.handle (E:\\Schema draft\\node_modules\\express\\lib\\router\\index.js:175:3)","timestamp":"2023-12-28T06:14:18.662Z"}
{"level":"error","message":"Error: query is not defined","timestamp":"2023-12-28T06:14:25.112Z"}
{"level":"error","message":"Error: query is not defined","timestamp":"2023-12-28T06:14:25.114Z"}
{"level":"error","message":"Stack trace: Error: query is not defined\n    at E:\\Schema draft\\controllers\\order\\order.js:229:14\n    at E:\\Schema draft\\middlewares\\catchAsyncError.js:2:25\n    at Layer.handle [as handle_request] (E:\\Schema draft\\node_modules\\express\\lib\\router\\layer.js:95:5)\n    at next (E:\\Schema draft\\node_modules\\express\\lib\\router\\route.js:144:13)\n    at Route.dispatch (E:\\Schema draft\\node_modules\\express\\lib\\router\\route.js:114:3)\n    at Layer.handle [as handle_request] (E:\\Schema draft\\node_modules\\express\\lib\\router\\layer.js:95:5)\n    at E:\\Schema draft\\node_modules\\express\\lib\\router\\index.js:284:15\n    at Function.process_params (E:\\Schema draft\\node_modules\\express\\lib\\router\\index.js:346:12)\n    at next (E:\\Schema draft\\node_modules\\express\\lib\\router\\index.js:280:10)\n    at Function.handle (E:\\Schema draft\\node_modules\\express\\lib\\router\\index.js:175:3)","timestamp":"2023-12-28T06:14:25.115Z"}
{"level":"error","message":"Error: Order.find(...).sort(...).lean(...).toArray is not a function","timestamp":"2023-12-28T06:15:26.858Z"}
{"level":"error","message":"Error: Order.find(...).sort(...).lean(...).toArray is not a function","timestamp":"2023-12-28T06:15:26.870Z"}
{"level":"error","message":"Stack trace: Error: Order.find(...).sort(...).lean(...).toArray is not a function\n    at E:\\Schema draft\\controllers\\order\\order.js:233:12\n    at E:\\Schema draft\\middlewares\\catchAsyncError.js:2:25\n    at Layer.handle [as handle_request] (E:\\Schema draft\\node_modules\\express\\lib\\router\\layer.js:95:5)\n    at next (E:\\Schema draft\\node_modules\\express\\lib\\router\\route.js:144:13)\n    at Route.dispatch (E:\\Schema draft\\node_modules\\express\\lib\\router\\route.js:114:3)\n    at Layer.handle [as handle_request] (E:\\Schema draft\\node_modules\\express\\lib\\router\\layer.js:95:5)\n    at E:\\Schema draft\\node_modules\\express\\lib\\router\\index.js:284:15\n    at Function.process_params (E:\\Schema draft\\node_modules\\express\\lib\\router\\index.js:346:12)\n    at next (E:\\Schema draft\\node_modules\\express\\lib\\router\\index.js:280:10)\n    at Function.handle (E:\\Schema draft\\node_modules\\express\\lib\\router\\index.js:175:3)","timestamp":"2023-12-28T06:15:26.872Z"}
{"level":"error","message":"Error: Cast to date failed for value \"Invalid Date\" (type Date) at path \"createdAt\" for model \"Order\"","timestamp":"2023-12-28T06:22:16.886Z"}
{"level":"error","message":"Error: Cast to date failed for value \"Invalid Date\" (type Date) at path \"createdAt\" for model \"Order\"","timestamp":"2023-12-28T06:22:16.892Z"}
{"level":"error","message":"Stack trace: Error: Cast to date failed for value \"Invalid Date\" (type Date) at path \"createdAt\" for model \"Order\"\n    at E:\\Schema draft\\controllers\\order\\order.js:232:12\n    at process.processTicksAndRejections (node:internal/process/task_queues:95:5)","timestamp":"2023-12-28T06:22:16.893Z"}
{"level":"error","message":"Error: Cast to date failed for value \"Invalid Date\" (type Date) at path \"createdAt\" for model \"Order\"","timestamp":"2023-12-28T06:22:19.150Z"}
{"level":"error","message":"Error: Cast to date failed for value \"Invalid Date\" (type Date) at path \"createdAt\" for model \"Order\"","timestamp":"2023-12-28T06:22:19.152Z"}
{"level":"error","message":"Stack trace: Error: Cast to date failed for value \"Invalid Date\" (type Date) at path \"createdAt\" for model \"Order\"\n    at E:\\Schema draft\\controllers\\order\\order.js:232:12\n    at process.processTicksAndRejections (node:internal/process/task_queues:95:5)","timestamp":"2023-12-28T06:22:19.155Z"}
{"level":"error","message":"Error: Cast to date failed for value \"Invalid Date\" (type Date) at path \"createdAt\" for model \"Order\"","timestamp":"2023-12-28T06:22:31.071Z"}
{"level":"error","message":"Error: Cast to date failed for value \"Invalid Date\" (type Date) at path \"createdAt\" for model \"Order\"","timestamp":"2023-12-28T06:22:31.073Z"}
{"level":"error","message":"Stack trace: Error: Cast to date failed for value \"Invalid Date\" (type Date) at path \"createdAt\" for model \"Order\"\n    at E:\\Schema draft\\controllers\\order\\order.js:232:12\n    at process.processTicksAndRejections (node:internal/process/task_queues:95:5)","timestamp":"2023-12-28T06:22:31.075Z"}
{"level":"error","message":"Error: Cast to date failed for value \"Invalid Date\" (type Date) at path \"createdAt\" for model \"Order\"","timestamp":"2023-12-28T06:22:48.297Z"}
{"level":"error","message":"Error: Cast to date failed for value \"Invalid Date\" (type Date) at path \"createdAt\" for model \"Order\"","timestamp":"2023-12-28T06:22:48.298Z"}
{"level":"error","message":"Stack trace: Error: Cast to date failed for value \"Invalid Date\" (type Date) at path \"createdAt\" for model \"Order\"\n    at E:\\Schema draft\\controllers\\order\\order.js:232:12\n    at process.processTicksAndRejections (node:internal/process/task_queues:95:5)","timestamp":"2023-12-28T06:22:48.300Z"}
{"level":"error","message":"Error: Cast to date failed for value \"Invalid Date\" (type Date) at path \"createdAt\" for model \"Order\"","timestamp":"2023-12-28T06:41:53.830Z"}
{"level":"error","message":"Error: Cast to date failed for value \"Invalid Date\" (type Date) at path \"createdAt\" for model \"Order\"","timestamp":"2023-12-28T06:41:53.833Z"}
{"level":"error","message":"Stack trace: Error: Cast to date failed for value \"Invalid Date\" (type Date) at path \"createdAt\" for model \"Order\"\n    at E:\\Schema draft\\controllers\\order\\order.js:232:12\n    at process.processTicksAndRejections (node:internal/process/task_queues:95:5)","timestamp":"2023-12-28T06:41:53.835Z"}
{"level":"error","message":"Error: Cast to date failed for value \"Invalid Date\" (type Date) at path \"createdAt\" for model \"Order\"","timestamp":"2023-12-28T06:42:11.637Z"}
{"level":"error","message":"Error: Cast to date failed for value \"Invalid Date\" (type Date) at path \"createdAt\" for model \"Order\"","timestamp":"2023-12-28T06:42:11.638Z"}
{"level":"error","message":"Stack trace: Error: Cast to date failed for value \"Invalid Date\" (type Date) at path \"createdAt\" for model \"Order\"\n    at E:\\Schema draft\\controllers\\order\\order.js:232:12\n    at process.processTicksAndRejections (node:internal/process/task_queues:95:5)","timestamp":"2023-12-28T06:42:11.639Z"}
{"level":"error","message":"Error: Cast to date failed for value \"Invalid Date\" (type Date) at path \"createdAt\" for model \"Order\"","timestamp":"2023-12-28T06:42:31.251Z"}
{"level":"error","message":"Error: Cast to date failed for value \"Invalid Date\" (type Date) at path \"createdAt\" for model \"Order\"","timestamp":"2023-12-28T06:42:31.253Z"}
{"level":"error","message":"Stack trace: Error: Cast to date failed for value \"Invalid Date\" (type Date) at path \"createdAt\" for model \"Order\"\n    at E:\\Schema draft\\controllers\\order\\order.js:232:12\n    at process.processTicksAndRejections (node:internal/process/task_queues:95:5)","timestamp":"2023-12-28T06:42:31.254Z"}
{"level":"error","message":"Error: Cast to date failed for value \"Invalid Date\" (type Date) at path \"createdAt\" for model \"Order\"","timestamp":"2023-12-28T06:42:31.603Z"}
{"level":"error","message":"Error: Cast to date failed for value \"Invalid Date\" (type Date) at path \"createdAt\" for model \"Order\"","timestamp":"2023-12-28T06:42:31.604Z"}
{"level":"error","message":"Stack trace: Error: Cast to date failed for value \"Invalid Date\" (type Date) at path \"createdAt\" for model \"Order\"\n    at E:\\Schema draft\\controllers\\order\\order.js:232:12\n    at process.processTicksAndRejections (node:internal/process/task_queues:95:5)","timestamp":"2023-12-28T06:42:31.605Z"}
{"level":"error","message":"Error: Cast to date failed for value \"Invalid Date\" (type Date) at path \"createdAt\" for model \"Order\"","timestamp":"2023-12-28T06:42:31.643Z"}
{"level":"error","message":"Error: Cast to date failed for value \"Invalid Date\" (type Date) at path \"createdAt\" for model \"Order\"","timestamp":"2023-12-28T06:42:31.644Z"}
{"level":"error","message":"Stack trace: Error: Cast to date failed for value \"Invalid Date\" (type Date) at path \"createdAt\" for model \"Order\"\n    at E:\\Schema draft\\controllers\\order\\order.js:232:12\n    at process.processTicksAndRejections (node:internal/process/task_queues:95:5)","timestamp":"2023-12-28T06:42:31.645Z"}
{"level":"error","message":"Error: Cast to date failed for value \"Invalid Date\" (type Date) at path \"createdAt\" for model \"Order\"","timestamp":"2023-12-28T06:42:36.310Z"}
{"level":"error","message":"Error: Cast to date failed for value \"Invalid Date\" (type Date) at path \"createdAt\" for model \"Order\"","timestamp":"2023-12-28T06:42:36.312Z"}
{"level":"error","message":"Stack trace: Error: Cast to date failed for value \"Invalid Date\" (type Date) at path \"createdAt\" for model \"Order\"\n    at E:\\Schema draft\\controllers\\order\\order.js:232:12\n    at process.processTicksAndRejections (node:internal/process/task_queues:95:5)","timestamp":"2023-12-28T06:42:36.313Z"}
{"level":"error","message":"Error: Cast to date failed for value \"Invalid Date\" (type Date) at path \"createdAt\" for model \"Order\"","timestamp":"2023-12-28T06:47:41.841Z"}
{"level":"error","message":"Error: Cast to date failed for value \"Invalid Date\" (type Date) at path \"createdAt\" for model \"Order\"","timestamp":"2023-12-28T06:47:41.843Z"}
{"level":"error","message":"Stack trace: Error: Cast to date failed for value \"Invalid Date\" (type Date) at path \"createdAt\" for model \"Order\"\n    at E:\\Schema draft\\controllers\\order\\order.js:232:12\n    at process.processTicksAndRejections (node:internal/process/task_queues:95:5)","timestamp":"2023-12-28T06:47:41.844Z"}
{"level":"error","message":"Error: Cast to date failed for value \"Invalid Date\" (type Date) at path \"createdAt\" for model \"Order\"","timestamp":"2023-12-28T06:49:57.626Z"}
{"level":"error","message":"Error: Cast to date failed for value \"Invalid Date\" (type Date) at path \"createdAt\" for model \"Order\"","timestamp":"2023-12-28T06:49:57.627Z"}
{"level":"error","message":"Stack trace: Error: Cast to date failed for value \"Invalid Date\" (type Date) at path \"createdAt\" for model \"Order\"\n    at E:\\Schema draft\\controllers\\order\\order.js:232:12\n    at process.processTicksAndRejections (node:internal/process/task_queues:95:5)","timestamp":"2023-12-28T06:49:57.627Z"}
{"level":"error","message":"Error: totalPriceResult is not defined","timestamp":"2023-12-28T09:42:31.652Z"}
{"level":"error","message":"Error: totalPriceResult is not defined","timestamp":"2023-12-28T09:42:31.661Z"}
{"level":"error","message":"Stack trace: Error: totalPriceResult is not defined\n    at E:\\Schema draft\\controllers\\order\\order.js:246:12\n    at process.processTicksAndRejections (node:internal/process/task_queues:95:5)","timestamp":"2023-12-28T09:42:31.673Z"}
{"level":"error","message":"Error: totalPriceResult is not defined","timestamp":"2023-12-28T09:44:06.174Z"}
{"level":"error","message":"Error: totalPriceResult is not defined","timestamp":"2023-12-28T09:44:06.192Z"}
{"level":"error","message":"Stack trace: Error: totalPriceResult is not defined\n    at E:\\Schema draft\\controllers\\order\\order.js:246:12\n    at process.processTicksAndRejections (node:internal/process/task_queues:95:5)","timestamp":"2023-12-28T09:44:06.216Z"}
{"level":"error","message":"Error: totalPriceResult is not defined","timestamp":"2023-12-28T09:45:29.051Z"}
{"level":"error","message":"Error: totalPriceResult is not defined","timestamp":"2023-12-28T09:45:29.056Z"}
{"level":"error","message":"Stack trace: Error: totalPriceResult is not defined\n    at E:\\Schema draft\\controllers\\order\\order.js:246:12\n    at process.processTicksAndRejections (node:internal/process/task_queues:95:5)","timestamp":"2023-12-28T09:45:29.057Z"}
{"level":"error","message":"Error: totalPriceResult is not defined","timestamp":"2023-12-28T09:48:24.989Z"}
{"level":"error","message":"Error: totalPriceResult is not defined","timestamp":"2023-12-28T09:48:24.998Z"}
{"level":"error","message":"Stack trace: Error: totalPriceResult is not defined\n    at E:\\Schema draft\\controllers\\order\\order.js:246:12\n    at process.processTicksAndRejections (node:internal/process/task_queues:95:5)","timestamp":"2023-12-28T09:48:25.003Z"}
