{"level":"error","message":"Error: Login first to handle this resource","timestamp":"2024-01-28T08:23:16.355Z"}
{"level":"error","message":"Error: Login first to handle this resource","timestamp":"2024-01-28T08:23:16.390Z"}
{"level":"error","message":"Stack trace: Error: Login first to handle this resource\n    at E:\\Schema draft\\middlewares\\authenticate.js:10:21\n    at E:\\Schema draft\\middlewares\\catchAsyncError.js:2:25\n    at Layer.handle [as handle_request] (E:\\Schema draft\\node_modules\\express\\lib\\router\\layer.js:95:5)\n    at next (E:\\Schema draft\\node_modules\\express\\lib\\router\\route.js:144:13)\n    at Route.dispatch (E:\\Schema draft\\node_modules\\express\\lib\\router\\route.js:114:3)\n    at Layer.handle [as handle_request] (E:\\Schema draft\\node_modules\\express\\lib\\router\\layer.js:95:5)\n    at E:\\Schema draft\\node_modules\\express\\lib\\router\\index.js:284:15\n    at Function.process_params (E:\\Schema draft\\node_modules\\express\\lib\\router\\index.js:346:12)\n    at next (E:\\Schema draft\\node_modules\\express\\lib\\router\\index.js:280:10)\n    at Function.handle (E:\\Schema draft\\node_modules\\express\\lib\\router\\index.js:175:3)","timestamp":"2024-01-28T08:23:16.391Z"}
{"level":"error","message":"Error: Login first to handle this resource","timestamp":"2024-01-28T08:24:12.378Z"}
{"level":"error","message":"Error: Login first to handle this resource","timestamp":"2024-01-28T08:24:12.379Z"}
{"level":"error","message":"Stack trace: Error: Login first to handle this resource\n    at E:\\Schema draft\\middlewares\\authenticate.js:10:21\n    at E:\\Schema draft\\middlewares\\catchAsyncError.js:2:25\n    at Layer.handle [as handle_request] (E:\\Schema draft\\node_modules\\express\\lib\\router\\layer.js:95:5)\n    at next (E:\\Schema draft\\node_modules\\express\\lib\\router\\route.js:144:13)\n    at Route.dispatch (E:\\Schema draft\\node_modules\\express\\lib\\router\\route.js:114:3)\n    at Layer.handle [as handle_request] (E:\\Schema draft\\node_modules\\express\\lib\\router\\layer.js:95:5)\n    at E:\\Schema draft\\node_modules\\express\\lib\\router\\index.js:284:15\n    at Function.process_params (E:\\Schema draft\\node_modules\\express\\lib\\router\\index.js:346:12)\n    at next (E:\\Schema draft\\node_modules\\express\\lib\\router\\index.js:280:10)\n    at Function.handle (E:\\Schema draft\\node_modules\\express\\lib\\router\\index.js:175:3)","timestamp":"2024-01-28T08:24:12.380Z"}
{"level":"error","message":"Error: Login first to handle this resource","timestamp":"2024-01-28T08:26:02.243Z"}
{"level":"error","message":"Error: Login first to handle this resource","timestamp":"2024-01-28T08:26:02.244Z"}
{"level":"error","message":"Stack trace: Error: Login first to handle this resource\n    at E:\\Schema draft\\middlewares\\authenticate.js:10:21\n    at E:\\Schema draft\\middlewares\\catchAsyncError.js:2:25\n    at Layer.handle [as handle_request] (E:\\Schema draft\\node_modules\\express\\lib\\router\\layer.js:95:5)\n    at next (E:\\Schema draft\\node_modules\\express\\lib\\router\\route.js:144:13)\n    at Route.dispatch (E:\\Schema draft\\node_modules\\express\\lib\\router\\route.js:114:3)\n    at Layer.handle [as handle_request] (E:\\Schema draft\\node_modules\\express\\lib\\router\\layer.js:95:5)\n    at E:\\Schema draft\\node_modules\\express\\lib\\router\\index.js:284:15\n    at Function.process_params (E:\\Schema draft\\node_modules\\express\\lib\\router\\index.js:346:12)\n    at next (E:\\Schema draft\\node_modules\\express\\lib\\router\\index.js:280:10)\n    at Function.handle (E:\\Schema draft\\node_modules\\express\\lib\\router\\index.js:175:3)","timestamp":"2024-01-28T08:26:02.244Z"}
{"level":"error","message":"Error: Login first to handle this resource","timestamp":"2024-01-28T08:26:11.318Z"}
{"level":"error","message":"Error: Login first to handle this resource","timestamp":"2024-01-28T08:26:11.319Z"}
{"level":"error","message":"Stack trace: Error: Login first to handle this resource\n    at E:\\Schema draft\\middlewares\\authenticate.js:10:21\n    at E:\\Schema draft\\middlewares\\catchAsyncError.js:2:25\n    at Layer.handle [as handle_request] (E:\\Schema draft\\node_modules\\express\\lib\\router\\layer.js:95:5)\n    at next (E:\\Schema draft\\node_modules\\express\\lib\\router\\route.js:144:13)\n    at Route.dispatch (E:\\Schema draft\\node_modules\\express\\lib\\router\\route.js:114:3)\n    at Layer.handle [as handle_request] (E:\\Schema draft\\node_modules\\express\\lib\\router\\layer.js:95:5)\n    at E:\\Schema draft\\node_modules\\express\\lib\\router\\index.js:284:15\n    at Function.process_params (E:\\Schema draft\\node_modules\\express\\lib\\router\\index.js:346:12)\n    at next (E:\\Schema draft\\node_modules\\express\\lib\\router\\index.js:280:10)\n    at Function.handle (E:\\Schema draft\\node_modules\\express\\lib\\router\\index.js:175:3)","timestamp":"2024-01-28T08:26:11.319Z"}
{"level":"error","message":"Error: Login first to handle this resource","timestamp":"2024-01-28T08:26:16.500Z"}
{"level":"error","message":"Error: Login first to handle this resource","timestamp":"2024-01-28T08:26:16.501Z"}
{"level":"error","message":"Stack trace: Error: Login first to handle this resource\n    at E:\\Schema draft\\middlewares\\authenticate.js:10:21\n    at E:\\Schema draft\\middlewares\\catchAsyncError.js:2:25\n    at Layer.handle [as handle_request] (E:\\Schema draft\\node_modules\\express\\lib\\router\\layer.js:95:5)\n    at next (E:\\Schema draft\\node_modules\\express\\lib\\router\\route.js:144:13)\n    at Route.dispatch (E:\\Schema draft\\node_modules\\express\\lib\\router\\route.js:114:3)\n    at Layer.handle [as handle_request] (E:\\Schema draft\\node_modules\\express\\lib\\router\\layer.js:95:5)\n    at E:\\Schema draft\\node_modules\\express\\lib\\router\\index.js:284:15\n    at Function.process_params (E:\\Schema draft\\node_modules\\express\\lib\\router\\index.js:346:12)\n    at next (E:\\Schema draft\\node_modules\\express\\lib\\router\\index.js:280:10)\n    at Function.handle (E:\\Schema draft\\node_modules\\express\\lib\\router\\index.js:175:3)","timestamp":"2024-01-28T08:26:16.502Z"}
{"level":"error","message":"Error: Login first to handle this resource","timestamp":"2024-01-28T08:27:32.201Z"}
{"level":"error","message":"Error: Login first to handle this resource","timestamp":"2024-01-28T08:27:32.202Z"}
{"level":"error","message":"Stack trace: Error: Login first to handle this resource\n    at E:\\Schema draft\\middlewares\\authenticate.js:10:21\n    at E:\\Schema draft\\middlewares\\catchAsyncError.js:2:25\n    at Layer.handle [as handle_request] (E:\\Schema draft\\node_modules\\express\\lib\\router\\layer.js:95:5)\n    at next (E:\\Schema draft\\node_modules\\express\\lib\\router\\route.js:144:13)\n    at Route.dispatch (E:\\Schema draft\\node_modules\\express\\lib\\router\\route.js:114:3)\n    at Layer.handle [as handle_request] (E:\\Schema draft\\node_modules\\express\\lib\\router\\layer.js:95:5)\n    at E:\\Schema draft\\node_modules\\express\\lib\\router\\index.js:284:15\n    at Function.process_params (E:\\Schema draft\\node_modules\\express\\lib\\router\\index.js:346:12)\n    at next (E:\\Schema draft\\node_modules\\express\\lib\\router\\index.js:280:10)\n    at Function.handle (E:\\Schema draft\\node_modules\\express\\lib\\router\\index.js:175:3)","timestamp":"2024-01-28T08:27:32.203Z"}
{"level":"error","message":"Error: Login first to handle this resource","timestamp":"2024-01-28T08:34:57.641Z"}
{"level":"error","message":"Error: Login first to handle this resource","timestamp":"2024-01-28T08:34:57.645Z"}
{"level":"error","message":"Stack trace: Error: Login first to handle this resource\n    at E:\\Schema draft\\middlewares\\authenticate.js:10:21\n    at E:\\Schema draft\\middlewares\\catchAsyncError.js:2:25\n    at Layer.handle [as handle_request] (E:\\Schema draft\\node_modules\\express\\lib\\router\\layer.js:95:5)\n    at next (E:\\Schema draft\\node_modules\\express\\lib\\router\\route.js:144:13)\n    at Route.dispatch (E:\\Schema draft\\node_modules\\express\\lib\\router\\route.js:114:3)\n    at Layer.handle [as handle_request] (E:\\Schema draft\\node_modules\\express\\lib\\router\\layer.js:95:5)\n    at E:\\Schema draft\\node_modules\\express\\lib\\router\\index.js:284:15\n    at Function.process_params (E:\\Schema draft\\node_modules\\express\\lib\\router\\index.js:346:12)\n    at next (E:\\Schema draft\\node_modules\\express\\lib\\router\\index.js:280:10)\n    at Function.handle (E:\\Schema draft\\node_modules\\express\\lib\\router\\index.js:175:3)","timestamp":"2024-01-28T08:34:57.647Z"}
{"level":"error","message":"Error: ENOENT: no such file or directory, stat 'E:\\frontend\\build\\index.html'","timestamp":"2024-01-28T10:25:29.101Z"}
{"level":"error","message":"Stack trace: Error: ENOENT: no such file or directory, stat 'E:\\frontend\\build\\index.html'","timestamp":"2024-01-28T10:25:29.104Z"}
{"level":"error","message":"Error: Role superAdmin is not allowed","timestamp":"2024-01-28T10:25:55.917Z"}
{"level":"error","message":"Error: Role superAdmin is not allowed","timestamp":"2024-01-28T10:25:55.919Z"}
{"level":"error","message":"Stack trace: Error: Role superAdmin is not allowed\n    at E:\\Schema draft\\middlewares\\authenticate.js:25:25\n    at Layer.handle [as handle_request] (E:\\Schema draft\\node_modules\\express\\lib\\router\\layer.js:95:5)\n    at next (E:\\Schema draft\\node_modules\\express\\lib\\router\\route.js:144:13)\n    at E:\\Schema draft\\middlewares\\authenticate.js:16:5\n    at process.processTicksAndRejections (node:internal/process/task_queues:95:5)","timestamp":"2024-01-28T10:25:55.920Z"}
{"level":"error","message":"Error: Internal Server Error","timestamp":"2024-01-28T10:59:46.789Z"}
{"level":"error","message":"Error: Internal Server Error","timestamp":"2024-01-28T10:59:46.795Z"}
{"level":"error","message":"Stack trace: Error: Internal Server Error\n    at E:\\Schema draft\\controllers\\auth\\profile.js:14:14\n    at process.processTicksAndRejections (node:internal/process/task_queues:95:5)","timestamp":"2024-01-28T10:59:46.796Z"}
{"level":"error","message":"Error: Internal Server Error","timestamp":"2024-01-28T10:59:48.417Z"}
{"level":"error","message":"Error: Internal Server Error","timestamp":"2024-01-28T10:59:48.419Z"}
{"level":"error","message":"Stack trace: Error: Internal Server Error\n    at E:\\Schema draft\\controllers\\auth\\profile.js:14:14\n    at process.processTicksAndRejections (node:internal/process/task_queues:95:5)","timestamp":"2024-01-28T10:59:48.421Z"}
{"level":"error","message":"Error: Internal Server Error","timestamp":"2024-01-28T11:13:49.728Z"}
{"level":"error","message":"Error: Internal Server Error","timestamp":"2024-01-28T11:13:49.733Z"}
{"level":"error","message":"Stack trace: Error: Internal Server Error\n    at E:\\Schema draft\\controllers\\auth\\profile.js:14:14\n    at process.processTicksAndRejections (node:internal/process/task_queues:95:5)","timestamp":"2024-01-28T11:13:49.734Z"}
{"level":"error","message":"Error: Internal Server Error","timestamp":"2024-01-28T11:14:07.681Z"}
{"level":"error","message":"Error: Internal Server Error","timestamp":"2024-01-28T11:14:07.682Z"}
{"level":"error","message":"Stack trace: Error: Internal Server Error\n    at E:\\Schema draft\\controllers\\auth\\profile.js:14:14\n    at process.processTicksAndRejections (node:internal/process/task_queues:95:5)","timestamp":"2024-01-28T11:14:07.683Z"}
{"level":"error","message":"Error: Internal Server Error","timestamp":"2024-01-28T11:14:59.808Z"}
{"level":"error","message":"Error: Internal Server Error","timestamp":"2024-01-28T11:14:59.814Z"}
{"level":"error","message":"Stack trace: Error: Internal Server Error\n    at E:\\Schema draft\\controllers\\auth\\profile.js:14:14\n    at process.processTicksAndRejections (node:internal/process/task_queues:95:5)","timestamp":"2024-01-28T11:14:59.815Z"}
{"level":"error","message":"Error: Query was already executed: User.countDocuments({})","timestamp":"2024-01-28T11:15:07.031Z"}
{"level":"error","message":"Error: Query was already executed: User.countDocuments({})","timestamp":"2024-01-28T11:15:07.033Z"}
{"level":"error","message":"Stack trace: Error: Query was already executed: User.countDocuments({})\n    at E:\\Schema draft\\controllers\\admin\\index.js:69:14\n    at process.processTicksAndRejections (node:internal/process/task_queues:95:5)","timestamp":"2024-01-28T11:15:07.034Z"}
{"level":"error","message":"Error: Query was already executed: User.countDocuments({})","timestamp":"2024-01-28T11:15:23.369Z"}
{"level":"error","message":"Error: Query was already executed: User.countDocuments({})","timestamp":"2024-01-28T11:15:23.370Z"}
{"level":"error","message":"Stack trace: Error: Query was already executed: User.countDocuments({})\n    at E:\\Schema draft\\controllers\\admin\\index.js:69:14\n    at process.processTicksAndRejections (node:internal/process/task_queues:95:5)","timestamp":"2024-01-28T11:15:23.370Z"}
{"level":"error","message":"Error: Query was already executed: User.countDocuments({})","timestamp":"2024-01-28T11:15:29.295Z"}
{"level":"error","message":"Error: Query was already executed: User.countDocuments({})","timestamp":"2024-01-28T11:15:29.297Z"}
{"level":"error","message":"Stack trace: Error: Query was already executed: User.countDocuments({})\n    at E:\\Schema draft\\controllers\\admin\\index.js:69:14\n    at process.processTicksAndRejections (node:internal/process/task_queues:95:5)","timestamp":"2024-01-28T11:15:29.298Z"}
{"level":"error","message":"Error: Internal Server Error","timestamp":"2024-01-28T11:19:32.867Z"}
{"level":"error","message":"Error: Internal Server Error","timestamp":"2024-01-28T11:19:32.870Z"}
{"level":"error","message":"Stack trace: Error: Internal Server Error\n    at E:\\Schema draft\\controllers\\auth\\profile.js:14:14\n    at process.processTicksAndRejections (node:internal/process/task_queues:95:5)","timestamp":"2024-01-28T11:19:32.871Z"}
{"level":"error","message":"Error: Internal Server Error","timestamp":"2024-01-28T11:22:25.607Z"}
{"level":"error","message":"Error: Internal Server Error","timestamp":"2024-01-28T11:22:25.611Z"}
{"level":"error","message":"Stack trace: Error: Internal Server Error\n    at E:\\Schema draft\\controllers\\auth\\profile.js:14:14\n    at process.processTicksAndRejections (node:internal/process/task_queues:95:5)","timestamp":"2024-01-28T11:22:25.612Z"}
{"level":"error","message":"Error: Internal Server Error","timestamp":"2024-01-28T11:24:09.055Z"}
{"level":"error","message":"Error: Internal Server Error","timestamp":"2024-01-28T11:24:09.056Z"}
{"level":"error","message":"Stack trace: Error: Internal Server Error\n    at E:\\Schema draft\\controllers\\auth\\profile.js:14:14\n    at process.processTicksAndRejections (node:internal/process/task_queues:95:5)","timestamp":"2024-01-28T11:24:09.058Z"}
{"level":"error","message":"Error: Internal Server Error","timestamp":"2024-01-28T11:27:23.663Z"}
{"level":"error","message":"Error: Internal Server Error","timestamp":"2024-01-28T11:27:23.669Z"}
{"level":"error","message":"Stack trace: Error: Internal Server Error\n    at E:\\Schema draft\\controllers\\auth\\profile.js:14:14\n    at process.processTicksAndRejections (node:internal/process/task_queues:95:5)","timestamp":"2024-01-28T11:27:23.670Z"}
{"level":"error","message":"Error: Internal Server Error","timestamp":"2024-01-28T11:31:35.842Z"}
{"level":"error","message":"Error: Internal Server Error","timestamp":"2024-01-28T11:31:35.843Z"}
{"level":"error","message":"Stack trace: Error: Internal Server Error\n    at E:\\Schema draft\\controllers\\auth\\profile.js:14:14\n    at process.processTicksAndRejections (node:internal/process/task_queues:95:5)","timestamp":"2024-01-28T11:31:35.844Z"}
{"level":"error","message":"Error: Internal Server Error","timestamp":"2024-01-28T11:36:24.912Z"}
{"level":"error","message":"Error: Internal Server Error","timestamp":"2024-01-28T11:36:24.916Z"}
{"level":"error","message":"Stack trace: Error: Internal Server Error\n    at E:\\Schema draft\\controllers\\auth\\profile.js:14:14\n    at process.processTicksAndRejections (node:internal/process/task_queues:95:5)","timestamp":"2024-01-28T11:36:24.917Z"}
{"level":"error","message":"Error: Internal Server Error","timestamp":"2024-01-28T11:40:43.089Z"}
{"level":"error","message":"Error: Internal Server Error","timestamp":"2024-01-28T11:40:43.091Z"}
{"level":"error","message":"Stack trace: Error: Internal Server Error\n    at E:\\Schema draft\\controllers\\auth\\profile.js:14:14\n    at process.processTicksAndRejections (node:internal/process/task_queues:95:5)","timestamp":"2024-01-28T11:40:43.093Z"}
{"level":"error","message":"Error: Internal Server Error","timestamp":"2024-01-28T11:40:45.284Z"}
{"level":"error","message":"Error: Internal Server Error","timestamp":"2024-01-28T11:40:45.289Z"}
{"level":"error","message":"Stack trace: Error: Internal Server Error\n    at E:\\Schema draft\\controllers\\auth\\profile.js:14:14\n    at process.processTicksAndRejections (node:internal/process/task_queues:95:5)","timestamp":"2024-01-28T11:40:45.293Z"}
{"level":"error","message":"Error: Internal Server Error","timestamp":"2024-01-28T11:41:01.209Z"}
{"level":"error","message":"Error: Internal Server Error","timestamp":"2024-01-28T11:41:01.215Z"}
{"level":"error","message":"Stack trace: Error: Internal Server Error\n    at E:\\Schema draft\\controllers\\auth\\profile.js:14:14\n    at process.processTicksAndRejections (node:internal/process/task_queues:95:5)","timestamp":"2024-01-28T11:41:01.266Z"}
{"level":"error","message":"Error: Internal Server Error","timestamp":"2024-01-28T11:41:20.398Z"}
{"level":"error","message":"Error: Internal Server Error","timestamp":"2024-01-28T11:41:20.405Z"}
{"level":"error","message":"Stack trace: Error: Internal Server Error\n    at E:\\Schema draft\\controllers\\auth\\profile.js:14:14\n    at process.processTicksAndRejections (node:internal/process/task_queues:95:5)","timestamp":"2024-01-28T11:41:20.406Z"}
{"level":"error","message":"Error: Internal Server Error","timestamp":"2024-01-28T11:42:42.374Z"}
{"level":"error","message":"Error: Internal Server Error","timestamp":"2024-01-28T11:42:42.374Z"}
{"level":"error","message":"Stack trace: Error: Internal Server Error\n    at E:\\Schema draft\\controllers\\auth\\profile.js:14:14\n    at process.processTicksAndRejections (node:internal/process/task_queues:95:5)","timestamp":"2024-01-28T11:42:42.375Z"}
{"level":"error","message":"Error: Internal Server Error","timestamp":"2024-01-28T11:43:06.890Z"}
{"level":"error","message":"Error: Internal Server Error","timestamp":"2024-01-28T11:43:06.891Z"}
{"level":"error","message":"Stack trace: Error: Internal Server Error\n    at E:\\Schema draft\\controllers\\auth\\profile.js:14:14\n    at process.processTicksAndRejections (node:internal/process/task_queues:95:5)","timestamp":"2024-01-28T11:43:06.892Z"}
{"level":"error","message":"Error: ENOENT: no such file or directory, stat 'E:\\frontend\\build\\index.html'","timestamp":"2024-01-28T11:43:45.905Z"}
{"level":"error","message":"Stack trace: Error: ENOENT: no such file or directory, stat 'E:\\frontend\\build\\index.html'","timestamp":"2024-01-28T11:43:45.906Z"}
{"level":"error","message":"Error: No menus found","timestamp":"2024-01-28T11:43:51.581Z"}
{"level":"error","message":"Error: No menus found","timestamp":"2024-01-28T11:43:51.583Z"}
{"level":"error","message":"Stack trace: Error: No menus found\n    at E:\\Schema draft\\controllers\\menu\\getMenus.js:66:30\n    at process.processTicksAndRejections (node:internal/process/task_queues:95:5)","timestamp":"2024-01-28T11:43:51.584Z"}
{"level":"error","message":"Error: No menus found","timestamp":"2024-01-28T11:43:51.836Z"}
{"level":"error","message":"Error: No menus found","timestamp":"2024-01-28T11:43:51.837Z"}
{"level":"error","message":"Stack trace: Error: No menus found\n    at E:\\Schema draft\\controllers\\menu\\getMenus.js:66:30\n    at process.processTicksAndRejections (node:internal/process/task_queues:95:5)","timestamp":"2024-01-28T11:43:51.838Z"}
{"level":"error","message":"Error: No menus found","timestamp":"2024-01-28T11:43:53.099Z"}
{"level":"error","message":"Error: No menus found","timestamp":"2024-01-28T11:43:53.101Z"}
{"level":"error","message":"Stack trace: Error: No menus found\n    at E:\\Schema draft\\controllers\\menu\\getMenus.js:66:30\n    at process.processTicksAndRejections (node:internal/process/task_queues:95:5)","timestamp":"2024-01-28T11:43:53.102Z"}
{"level":"error","message":"Error: Internal Server Error","timestamp":"2024-01-28T11:46:51.132Z"}
{"level":"error","message":"Error: Internal Server Error","timestamp":"2024-01-28T11:46:51.133Z"}
{"level":"error","message":"Stack trace: Error: Internal Server Error\n    at E:\\Schema draft\\controllers\\auth\\profile.js:14:14\n    at process.processTicksAndRejections (node:internal/process/task_queues:95:5)","timestamp":"2024-01-28T11:46:51.134Z"}
{"level":"error","message":"Error: Internal Server Error","timestamp":"2024-01-28T11:55:47.426Z"}
{"level":"error","message":"Error: Internal Server Error","timestamp":"2024-01-28T11:55:47.432Z"}
{"level":"error","message":"Stack trace: Error: Internal Server Error\n    at E:\\Schema draft\\controllers\\auth\\profile.js:14:14\n    at process.processTicksAndRejections (node:internal/process/task_queues:95:5)","timestamp":"2024-01-28T11:55:47.433Z"}
{"level":"error","message":"Error: Internal Server Error","timestamp":"2024-01-28T11:56:25.993Z"}
{"level":"error","message":"Error: Internal Server Error","timestamp":"2024-01-28T11:56:25.996Z"}
{"level":"error","message":"Stack trace: Error: Internal Server Error\n    at E:\\Schema draft\\controllers\\auth\\profile.js:14:14\n    at process.processTicksAndRejections (node:internal/process/task_queues:95:5)","timestamp":"2024-01-28T11:56:25.998Z"}
{"level":"error","message":"Error: Internal Server Error","timestamp":"2024-01-28T11:56:33.992Z"}
{"level":"error","message":"Error: Internal Server Error","timestamp":"2024-01-28T11:56:33.993Z"}
{"level":"error","message":"Stack trace: Error: Internal Server Error\n    at E:\\Schema draft\\controllers\\auth\\profile.js:14:14\n    at process.processTicksAndRejections (node:internal/process/task_queues:95:5)","timestamp":"2024-01-28T11:56:33.994Z"}
{"level":"error","message":"Error: Internal Server Error","timestamp":"2024-01-28T11:58:18.493Z"}
{"level":"error","message":"Error: Internal Server Error","timestamp":"2024-01-28T11:58:18.494Z"}
{"level":"error","message":"Stack trace: Error: Internal Server Error\n    at E:\\Schema draft\\controllers\\auth\\profile.js:14:14\n    at process.processTicksAndRejections (node:internal/process/task_queues:95:5)","timestamp":"2024-01-28T11:58:18.495Z"}
{"level":"error","message":"Error: Internal Server Error","timestamp":"2024-01-28T11:58:28.691Z"}
{"level":"error","message":"Error: Internal Server Error","timestamp":"2024-01-28T11:58:28.693Z"}
{"level":"error","message":"Stack trace: Error: Internal Server Error\n    at E:\\Schema draft\\controllers\\auth\\profile.js:14:14\n    at process.processTicksAndRejections (node:internal/process/task_queues:95:5)","timestamp":"2024-01-28T11:58:28.694Z"}
{"level":"error","message":"Error: No users found","timestamp":"2024-01-28T12:55:11.525Z"}
{"level":"error","message":"Error: No users found","timestamp":"2024-01-28T12:55:11.529Z"}
{"level":"error","message":"Stack trace: Error: No users found\n    at E:\\Schema draft\\controllers\\admin\\index.js:19:34\n    at process.processTicksAndRejections (node:internal/process/task_queues:95:5)","timestamp":"2024-01-28T12:55:11.530Z"}
{"level":"error","message":"Error: No users found","timestamp":"2024-01-28T13:01:51.173Z"}
{"level":"error","message":"Error: No users found","timestamp":"2024-01-28T13:01:51.178Z"}
{"level":"error","message":"Stack trace: Error: No users found\n    at E:\\Schema draft\\controllers\\admin\\index.js:19:34\n    at process.processTicksAndRejections (node:internal/process/task_queues:95:5)","timestamp":"2024-01-28T13:01:51.179Z"}
{"level":"error","message":"Error: No users found","timestamp":"2024-01-28T13:01:51.345Z"}
{"level":"error","message":"Error: No users found","timestamp":"2024-01-28T13:01:51.346Z"}
{"level":"error","message":"Stack trace: Error: No users found\n    at E:\\Schema draft\\controllers\\admin\\index.js:19:34\n    at process.processTicksAndRejections (node:internal/process/task_queues:95:5)","timestamp":"2024-01-28T13:01:51.347Z"}
{"level":"error","message":"Error: No users found","timestamp":"2024-01-28T13:01:51.975Z"}
{"level":"error","message":"Error: No users found","timestamp":"2024-01-28T13:01:51.976Z"}
{"level":"error","message":"Stack trace: Error: No users found\n    at E:\\Schema draft\\controllers\\admin\\index.js:19:34\n    at process.processTicksAndRejections (node:internal/process/task_queues:95:5)","timestamp":"2024-01-28T13:01:51.977Z"}
{"level":"error","message":"Error: No users found","timestamp":"2024-01-28T13:01:54.463Z"}
{"level":"error","message":"Error: No users found","timestamp":"2024-01-28T13:01:54.465Z"}
{"level":"error","message":"Stack trace: Error: No users found\n    at E:\\Schema draft\\controllers\\admin\\index.js:19:34\n    at process.processTicksAndRejections (node:internal/process/task_queues:95:5)","timestamp":"2024-01-28T13:01:54.466Z"}
{"level":"error","message":"Error: No users found","timestamp":"2024-01-28T13:01:57.158Z"}
{"level":"error","message":"Error: No users found","timestamp":"2024-01-28T13:01:57.160Z"}
{"level":"error","message":"Stack trace: Error: No users found\n    at E:\\Schema draft\\controllers\\admin\\index.js:19:34\n    at process.processTicksAndRejections (node:internal/process/task_queues:95:5)","timestamp":"2024-01-28T13:01:57.161Z"}
{"level":"error","message":"Error: No users found","timestamp":"2024-01-28T13:01:57.330Z"}
{"level":"error","message":"Error: No users found","timestamp":"2024-01-28T13:01:57.332Z"}
{"level":"error","message":"Stack trace: Error: No users found\n    at E:\\Schema draft\\controllers\\admin\\index.js:19:34\n    at process.processTicksAndRejections (node:internal/process/task_queues:95:5)","timestamp":"2024-01-28T13:01:57.332Z"}
{"level":"error","message":"Error: No users found","timestamp":"2024-01-28T13:01:57.729Z"}
{"level":"error","message":"Error: No users found","timestamp":"2024-01-28T13:01:57.730Z"}
{"level":"error","message":"Stack trace: Error: No users found\n    at E:\\Schema draft\\controllers\\admin\\index.js:19:34\n    at process.processTicksAndRejections (node:internal/process/task_queues:95:5)","timestamp":"2024-01-28T13:01:57.731Z"}
{"level":"error","message":"Error: No users found","timestamp":"2024-01-28T13:01:58.537Z"}
{"level":"error","message":"Error: No users found","timestamp":"2024-01-28T13:01:58.538Z"}
{"level":"error","message":"Stack trace: Error: No users found\n    at E:\\Schema draft\\controllers\\admin\\index.js:19:34\n    at process.processTicksAndRejections (node:internal/process/task_queues:95:5)","timestamp":"2024-01-28T13:01:58.539Z"}
{"level":"error","message":"Error: No users found","timestamp":"2024-01-28T13:02:18.831Z"}
{"level":"error","message":"Error: No users found","timestamp":"2024-01-28T13:02:18.833Z"}
{"level":"error","message":"Stack trace: Error: No users found\n    at E:\\Schema draft\\controllers\\admin\\index.js:19:34\n    at process.processTicksAndRejections (node:internal/process/task_queues:95:5)","timestamp":"2024-01-28T13:02:18.834Z"}
{"level":"error","message":"Error: No users found","timestamp":"2024-01-28T13:02:20.286Z"}
{"level":"error","message":"Error: No users found","timestamp":"2024-01-28T13:02:20.288Z"}
{"level":"error","message":"Stack trace: Error: No users found\n    at E:\\Schema draft\\controllers\\admin\\index.js:19:34\n    at process.processTicksAndRejections (node:internal/process/task_queues:95:5)","timestamp":"2024-01-28T13:02:20.289Z"}
{"level":"error","message":"Error: No users found","timestamp":"2024-01-28T13:02:20.555Z"}
{"level":"error","message":"Error: No users found","timestamp":"2024-01-28T13:02:20.555Z"}
{"level":"error","message":"Stack trace: Error: No users found\n    at E:\\Schema draft\\controllers\\admin\\index.js:19:34\n    at process.processTicksAndRejections (node:internal/process/task_queues:95:5)","timestamp":"2024-01-28T13:02:20.556Z"}
{"level":"error","message":"Error: No users found","timestamp":"2024-01-28T13:02:23.662Z"}
{"level":"error","message":"Error: No users found","timestamp":"2024-01-28T13:02:23.663Z"}
{"level":"error","message":"Stack trace: Error: No users found\n    at E:\\Schema draft\\controllers\\admin\\index.js:19:34\n    at process.processTicksAndRejections (node:internal/process/task_queues:95:5)","timestamp":"2024-01-28T13:02:23.664Z"}
{"level":"error","message":"Error: No users found","timestamp":"2024-01-28T13:02:25.681Z"}
{"level":"error","message":"Error: No users found","timestamp":"2024-01-28T13:02:25.682Z"}
{"level":"error","message":"Stack trace: Error: No users found\n    at E:\\Schema draft\\controllers\\admin\\index.js:19:34\n    at process.processTicksAndRejections (node:internal/process/task_queues:95:5)","timestamp":"2024-01-28T13:02:25.683Z"}
{"level":"error","message":"Error: No users found","timestamp":"2024-01-28T13:02:28.450Z"}
{"level":"error","message":"Error: No users found","timestamp":"2024-01-28T13:02:28.451Z"}
{"level":"error","message":"Stack trace: Error: No users found\n    at E:\\Schema draft\\controllers\\admin\\index.js:19:34\n    at process.processTicksAndRejections (node:internal/process/task_queues:95:5)","timestamp":"2024-01-28T13:02:28.451Z"}
{"level":"error","message":"Error: No users found","timestamp":"2024-01-28T13:02:28.941Z"}
{"level":"error","message":"Error: No users found","timestamp":"2024-01-28T13:02:28.942Z"}
{"level":"error","message":"Stack trace: Error: No users found\n    at E:\\Schema draft\\controllers\\admin\\index.js:19:34\n    at process.processTicksAndRejections (node:internal/process/task_queues:95:5)","timestamp":"2024-01-28T13:02:28.942Z"}
{"level":"error","message":"Error: No users found","timestamp":"2024-01-28T13:02:30.645Z"}
{"level":"error","message":"Error: No users found","timestamp":"2024-01-28T13:02:30.646Z"}
{"level":"error","message":"Stack trace: Error: No users found\n    at E:\\Schema draft\\controllers\\admin\\index.js:19:34\n    at process.processTicksAndRejections (node:internal/process/task_queues:95:5)","timestamp":"2024-01-28T13:02:30.647Z"}
{"level":"error","message":"Error: No users found","timestamp":"2024-01-28T13:02:33.359Z"}
{"level":"error","message":"Error: No users found","timestamp":"2024-01-28T13:02:33.359Z"}
{"level":"error","message":"Stack trace: Error: No users found\n    at E:\\Schema draft\\controllers\\admin\\index.js:19:34\n    at process.processTicksAndRejections (node:internal/process/task_queues:95:5)","timestamp":"2024-01-28T13:02:33.360Z"}
{"level":"error","message":"Error: No users found","timestamp":"2024-01-28T13:02:33.805Z"}
{"level":"error","message":"Error: No users found","timestamp":"2024-01-28T13:02:33.807Z"}
{"level":"error","message":"Stack trace: Error: No users found\n    at E:\\Schema draft\\controllers\\admin\\index.js:19:34\n    at process.processTicksAndRejections (node:internal/process/task_queues:95:5)","timestamp":"2024-01-28T13:02:33.807Z"}
{"level":"error","message":"Error: No users found","timestamp":"2024-01-28T13:02:35.465Z"}
{"level":"error","message":"Error: No users found","timestamp":"2024-01-28T13:02:35.466Z"}
{"level":"error","message":"Stack trace: Error: No users found\n    at E:\\Schema draft\\controllers\\admin\\index.js:19:34\n    at process.processTicksAndRejections (node:internal/process/task_queues:95:5)","timestamp":"2024-01-28T13:02:35.466Z"}
{"level":"error","message":"Error: No users found","timestamp":"2024-01-28T13:02:38.433Z"}
{"level":"error","message":"Error: No users found","timestamp":"2024-01-28T13:02:38.435Z"}
{"level":"error","message":"Stack trace: Error: No users found\n    at E:\\Schema draft\\controllers\\admin\\index.js:19:34\n    at process.processTicksAndRejections (node:internal/process/task_queues:95:5)","timestamp":"2024-01-28T13:02:38.436Z"}
{"level":"error","message":"Error: No users found","timestamp":"2024-01-28T13:02:38.622Z"}
{"level":"error","message":"Error: No users found","timestamp":"2024-01-28T13:02:38.623Z"}
{"level":"error","message":"Stack trace: Error: No users found\n    at E:\\Schema draft\\controllers\\admin\\index.js:19:34\n    at process.processTicksAndRejections (node:internal/process/task_queues:95:5)","timestamp":"2024-01-28T13:02:38.624Z"}
{"level":"error","message":"Error: Internal Server Error","timestamp":"2024-01-28T13:04:43.108Z"}
{"level":"error","message":"Error: Internal Server Error","timestamp":"2024-01-28T13:04:43.109Z"}
{"level":"error","message":"Stack trace: Error: Internal Server Error\n    at E:\\Schema draft\\controllers\\auth\\profile.js:14:14\n    at process.processTicksAndRejections (node:internal/process/task_queues:95:5)","timestamp":"2024-01-28T13:04:43.109Z"}
{"level":"error","message":"Error: Internal Server Error","timestamp":"2024-01-28T13:04:44.464Z"}
{"level":"error","message":"Error: Internal Server Error","timestamp":"2024-01-28T13:04:44.465Z"}
{"level":"error","message":"Stack trace: Error: Internal Server Error\n    at E:\\Schema draft\\controllers\\auth\\profile.js:14:14\n    at process.processTicksAndRejections (node:internal/process/task_queues:95:5)","timestamp":"2024-01-28T13:04:44.466Z"}
{"level":"error","message":"Error: Internal Server Error","timestamp":"2024-01-28T13:09:51.873Z"}
{"level":"error","message":"Error: Internal Server Error","timestamp":"2024-01-28T13:09:51.874Z"}
{"level":"error","message":"Stack trace: Error: Internal Server Error\n    at E:\\Schema draft\\controllers\\auth\\profile.js:14:14\n    at process.processTicksAndRejections (node:internal/process/task_queues:95:5)","timestamp":"2024-01-28T13:09:51.874Z"}
{"level":"error","message":"Error: No users found","timestamp":"2024-01-28T14:21:07.710Z"}
{"level":"error","message":"Error: No users found","timestamp":"2024-01-28T14:21:07.718Z"}
{"level":"error","message":"Stack trace: Error: No users found\n    at E:\\Schema draft\\controllers\\admin\\index.js:19:34\n    at process.processTicksAndRejections (node:internal/process/task_queues:95:5)","timestamp":"2024-01-28T14:21:07.719Z"}
{"level":"error","message":"Error: No users found","timestamp":"2024-01-28T14:21:08.301Z"}
{"level":"error","message":"Error: No users found","timestamp":"2024-01-28T14:21:08.303Z"}
{"level":"error","message":"Stack trace: Error: No users found\n    at E:\\Schema draft\\controllers\\admin\\index.js:19:34\n    at process.processTicksAndRejections (node:internal/process/task_queues:95:5)","timestamp":"2024-01-28T14:21:08.304Z"}
{"level":"error","message":"Error: No users found","timestamp":"2024-01-28T14:21:11.134Z"}
{"level":"error","message":"Error: No users found","timestamp":"2024-01-28T14:21:11.135Z"}
{"level":"error","message":"Stack trace: Error: No users found\n    at E:\\Schema draft\\controllers\\admin\\index.js:19:34\n    at process.processTicksAndRejections (node:internal/process/task_queues:95:5)","timestamp":"2024-01-28T14:21:11.136Z"}
{"level":"error","message":"Error: No users found","timestamp":"2024-01-28T14:21:15.896Z"}
{"level":"error","message":"Error: No users found","timestamp":"2024-01-28T14:21:15.899Z"}
{"level":"error","message":"Stack trace: Error: No users found\n    at E:\\Schema draft\\controllers\\admin\\index.js:19:34\n    at process.processTicksAndRejections (node:internal/process/task_queues:95:5)","timestamp":"2024-01-28T14:21:15.900Z"}
{"level":"error","message":"Error: No users found","timestamp":"2024-01-28T14:21:17.419Z"}
{"level":"error","message":"Error: No users found","timestamp":"2024-01-28T14:21:17.420Z"}
{"level":"error","message":"Stack trace: Error: No users found\n    at E:\\Schema draft\\controllers\\admin\\index.js:19:34\n    at process.processTicksAndRejections (node:internal/process/task_queues:95:5)","timestamp":"2024-01-28T14:21:17.421Z"}
{"level":"error","message":"Error: No users found","timestamp":"2024-01-28T14:21:19.505Z"}
{"level":"error","message":"Error: No users found","timestamp":"2024-01-28T14:21:19.508Z"}
{"level":"error","message":"Stack trace: Error: No users found\n    at E:\\Schema draft\\controllers\\admin\\index.js:19:34\n    at process.processTicksAndRejections (node:internal/process/task_queues:95:5)","timestamp":"2024-01-28T14:21:19.510Z"}
{"level":"error","message":"Error: No users found","timestamp":"2024-01-28T14:21:21.844Z"}
{"level":"error","message":"Error: No users found","timestamp":"2024-01-28T14:21:21.845Z"}
{"level":"error","message":"Stack trace: Error: No users found\n    at E:\\Schema draft\\controllers\\admin\\index.js:19:34\n    at process.processTicksAndRejections (node:internal/process/task_queues:95:5)","timestamp":"2024-01-28T14:21:21.845Z"}
{"level":"error","message":"Error: No users found","timestamp":"2024-01-28T14:21:28.860Z"}
{"level":"error","message":"Error: No users found","timestamp":"2024-01-28T14:21:28.862Z"}
{"level":"error","message":"Stack trace: Error: No users found\n    at E:\\Schema draft\\controllers\\admin\\index.js:19:34\n    at process.processTicksAndRejections (node:internal/process/task_queues:95:5)","timestamp":"2024-01-28T14:21:28.863Z"}
{"level":"error","message":"Error: No users found","timestamp":"2024-01-28T14:21:48.561Z"}
{"level":"error","message":"Error: No users found","timestamp":"2024-01-28T14:21:48.562Z"}
{"level":"error","message":"Stack trace: Error: No users found\n    at E:\\Schema draft\\controllers\\admin\\index.js:19:34\n    at process.processTicksAndRejections (node:internal/process/task_queues:95:5)","timestamp":"2024-01-28T14:21:48.563Z"}
{"level":"error","message":"Error: No users found","timestamp":"2024-01-28T14:21:48.825Z"}
{"level":"error","message":"Error: No users found","timestamp":"2024-01-28T14:21:48.826Z"}
{"level":"error","message":"Stack trace: Error: No users found\n    at E:\\Schema draft\\controllers\\admin\\index.js:19:34\n    at process.processTicksAndRejections (node:internal/process/task_queues:95:5)","timestamp":"2024-01-28T14:21:48.827Z"}
{"level":"error","message":"Error: No users found","timestamp":"2024-01-28T14:21:49.494Z"}
{"level":"error","message":"Error: No users found","timestamp":"2024-01-28T14:21:49.497Z"}
{"level":"error","message":"Stack trace: Error: No users found\n    at E:\\Schema draft\\controllers\\admin\\index.js:19:34\n    at process.processTicksAndRejections (node:internal/process/task_queues:95:5)","timestamp":"2024-01-28T14:21:49.497Z"}
{"level":"error","message":"Error: No users found","timestamp":"2024-01-28T14:21:50.788Z"}
{"level":"error","message":"Error: No users found","timestamp":"2024-01-28T14:21:50.790Z"}
{"level":"error","message":"Stack trace: Error: No users found\n    at E:\\Schema draft\\controllers\\admin\\index.js:19:34\n    at process.processTicksAndRejections (node:internal/process/task_queues:95:5)","timestamp":"2024-01-28T14:21:50.790Z"}
{"level":"error","message":"Error: No users found","timestamp":"2024-01-28T14:22:18.784Z"}
{"level":"error","message":"Error: No users found","timestamp":"2024-01-28T14:22:18.787Z"}
{"level":"error","message":"Stack trace: Error: No users found\n    at E:\\Schema draft\\controllers\\admin\\index.js:19:34\n    at process.processTicksAndRejections (node:internal/process/task_queues:95:5)","timestamp":"2024-01-28T14:22:18.788Z"}
{"level":"error","message":"Error: Internal Server Error","timestamp":"2024-01-28T14:41:53.457Z"}
{"level":"error","message":"Error: Internal Server Error","timestamp":"2024-01-28T14:41:53.458Z"}
{"level":"error","message":"Stack trace: Error: Internal Server Error\n    at E:\\Schema draft\\controllers\\restaurant\\createRestaurant.js:29:14\n    at process.processTicksAndRejections (node:internal/process/task_queues:95:5)","timestamp":"2024-01-28T14:41:53.459Z"}
{"level":"error","message":"Error: Internal Server Error","timestamp":"2024-01-28T14:43:18.352Z"}
{"level":"error","message":"Error: Internal Server Error","timestamp":"2024-01-28T14:43:18.353Z"}
{"level":"error","message":"Stack trace: Error: Internal Server Error\n    at E:\\Schema draft\\controllers\\restaurant\\createRestaurant.js:29:14\n    at process.processTicksAndRejections (node:internal/process/task_queues:95:5)","timestamp":"2024-01-28T14:43:18.353Z"}
{"level":"error","message":"Error: Internal Server Error","timestamp":"2024-01-28T14:43:37.101Z"}
{"level":"error","message":"Error: Internal Server Error","timestamp":"2024-01-28T14:43:37.101Z"}
{"level":"error","message":"Stack trace: Error: Internal Server Error\n    at E:\\Schema draft\\controllers\\restaurant\\createRestaurant.js:29:14\n    at process.processTicksAndRejections (node:internal/process/task_queues:95:5)","timestamp":"2024-01-28T14:43:37.102Z"}
