{"level":"error","message":"Error: ENOENT: no such file or directory, stat 'E:\\frontend\\build\\index.html'","timestamp":"2024-01-08T04:40:31.306Z"}
{"level":"error","message":"Stack trace: Error: ENOENT: no such file or directory, stat 'E:\\frontend\\build\\index.html'","timestamp":"2024-01-08T04:40:31.422Z"}
{"level":"error","message":"Error: ENOENT: no such file or directory, stat 'E:\\frontend\\build\\index.html'","timestamp":"2024-01-08T04:40:37.392Z"}
{"level":"error","message":"Stack trace: Error: ENOENT: no such file or directory, stat 'E:\\frontend\\build\\index.html'","timestamp":"2024-01-08T04:40:37.394Z"}
{"level":"error","message":"Error: No menus found","timestamp":"2024-01-08T04:41:19.272Z"}
{"level":"error","message":"Error: No menus found","timestamp":"2024-01-08T04:41:19.273Z"}
{"level":"error","message":"Stack trace: Error: No menus found\n    at E:\\Schema draft\\controllers\\menu\\getMenus.js:66:30\n    at process.processTicksAndRejections (node:internal/process/task_queues:95:5)","timestamp":"2024-01-08T04:41:19.275Z"}
{"level":"error","message":"Error: No menus found","timestamp":"2024-01-08T04:41:19.720Z"}
{"level":"error","message":"Error: No menus found","timestamp":"2024-01-08T04:41:19.721Z"}
{"level":"error","message":"Stack trace: Error: No menus found\n    at E:\\Schema draft\\controllers\\menu\\getMenus.js:66:30\n    at process.processTicksAndRejections (node:internal/process/task_queues:95:5)","timestamp":"2024-01-08T04:41:19.722Z"}
{"level":"error","message":"Error: No menus found","timestamp":"2024-01-08T04:41:20.145Z"}
{"level":"error","message":"Error: No menus found","timestamp":"2024-01-08T04:41:20.147Z"}
{"level":"error","message":"Stack trace: Error: No menus found\n    at E:\\Schema draft\\controllers\\menu\\getMenus.js:66:30\n    at process.processTicksAndRejections (node:internal/process/task_queues:95:5)","timestamp":"2024-01-08T04:41:20.148Z"}
{"level":"error","message":"Error: No menus found","timestamp":"2024-01-08T04:41:20.405Z"}
{"level":"error","message":"Error: No menus found","timestamp":"2024-01-08T04:41:20.407Z"}
{"level":"error","message":"Stack trace: Error: No menus found\n    at E:\\Schema draft\\controllers\\menu\\getMenus.js:66:30\n    at process.processTicksAndRejections (node:internal/process/task_queues:95:5)","timestamp":"2024-01-08T04:41:20.408Z"}
{"level":"error","message":"Error: No menus found","timestamp":"2024-01-08T04:41:20.897Z"}
{"level":"error","message":"Error: No menus found","timestamp":"2024-01-08T04:41:20.899Z"}
{"level":"error","message":"Stack trace: Error: No menus found\n    at E:\\Schema draft\\controllers\\menu\\getMenus.js:66:30\n    at process.processTicksAndRejections (node:internal/process/task_queues:95:5)","timestamp":"2024-01-08T04:41:20.900Z"}
{"level":"error","message":"Error: No menus found","timestamp":"2024-01-08T04:41:21.182Z"}
{"level":"error","message":"Error: No menus found","timestamp":"2024-01-08T04:41:21.184Z"}
{"level":"error","message":"Stack trace: Error: No menus found\n    at E:\\Schema draft\\controllers\\menu\\getMenus.js:66:30\n    at process.processTicksAndRejections (node:internal/process/task_queues:95:5)","timestamp":"2024-01-08T04:41:21.185Z"}
{"level":"error","message":"Error: Login first to handle this resource","timestamp":"2024-01-08T11:04:46.720Z"}
{"level":"error","message":"Error: Login first to handle this resource","timestamp":"2024-01-08T11:04:46.721Z"}
{"level":"error","message":"Stack trace: Error: Login first to handle this resource\n    at E:\\Schema draft\\middlewares\\authenticate.js:10:21\n    at E:\\Schema draft\\middlewares\\catchAsyncError.js:2:25\n    at Layer.handle [as handle_request] (E:\\Schema draft\\node_modules\\express\\lib\\router\\layer.js:95:5)\n    at next (E:\\Schema draft\\node_modules\\express\\lib\\router\\route.js:144:13)\n    at Route.dispatch (E:\\Schema draft\\node_modules\\express\\lib\\router\\route.js:114:3)\n    at Layer.handle [as handle_request] (E:\\Schema draft\\node_modules\\express\\lib\\router\\layer.js:95:5)\n    at E:\\Schema draft\\node_modules\\express\\lib\\router\\index.js:284:15\n    at Function.process_params (E:\\Schema draft\\node_modules\\express\\lib\\router\\index.js:346:12)\n    at next (E:\\Schema draft\\node_modules\\express\\lib\\router\\index.js:280:10)\n    at Function.handle (E:\\Schema draft\\node_modules\\express\\lib\\router\\index.js:175:3)","timestamp":"2024-01-08T11:04:46.724Z"}
{"level":"error","message":"Error: Login first to handle this resource","timestamp":"2024-01-08T16:10:13.882Z"}
{"level":"error","message":"Error: Login first to handle this resource","timestamp":"2024-01-08T16:10:13.887Z"}
{"level":"error","message":"Stack trace: Error: Login first to handle this resource\n    at E:\\Schema draft\\middlewares\\authenticate.js:10:21\n    at E:\\Schema draft\\middlewares\\catchAsyncError.js:2:25\n    at Layer.handle [as handle_request] (E:\\Schema draft\\node_modules\\express\\lib\\router\\layer.js:95:5)\n    at next (E:\\Schema draft\\node_modules\\express\\lib\\router\\route.js:144:13)\n    at Route.dispatch (E:\\Schema draft\\node_modules\\express\\lib\\router\\route.js:114:3)\n    at Layer.handle [as handle_request] (E:\\Schema draft\\node_modules\\express\\lib\\router\\layer.js:95:5)\n    at E:\\Schema draft\\node_modules\\express\\lib\\router\\index.js:284:15\n    at Function.process_params (E:\\Schema draft\\node_modules\\express\\lib\\router\\index.js:346:12)\n    at next (E:\\Schema draft\\node_modules\\express\\lib\\router\\index.js:280:10)\n    at Function.handle (E:\\Schema draft\\node_modules\\express\\lib\\router\\index.js:175:3)","timestamp":"2024-01-08T16:10:13.887Z"}
{"level":"error","message":"Error: Please provide either email or mobile number.","timestamp":"2024-01-08T16:24:20.633Z"}
{"level":"error","message":"Error: Please provide either email or mobile number.","timestamp":"2024-01-08T16:26:46.119Z"}
{"level":"error","message":"Error: Please provide either email or mobile number.","timestamp":"2024-01-08T17:54:32.310Z"}
{"level":"error","message":"Error: Please provide either email or mobile number.","timestamp":"2024-01-08T17:59:34.291Z"}
{"level":"error","message":"Error: Please provide either email or mobile number.","timestamp":"2024-01-08T18:00:01.954Z"}
{"level":"error","message":"Error: Please provide either email or mobile number.","timestamp":"2024-01-08T18:01:06.443Z"}
{"level":"error","message":"Error: Failed to send OTP via SMS","timestamp":"2024-01-08T18:01:13.162Z"}
{"level":"error","message":"Error: Failed to send OTP via SMS","timestamp":"2024-01-08T18:01:54.838Z"}
{"level":"error","message":"Error: Please provide either email or mobile number.","timestamp":"2024-01-08T18:03:18.150Z"}
{"level":"error","message":"Error: Please provide either email or mobile number.","timestamp":"2024-01-08T18:03:23.224Z"}
{"level":"error","message":"Error: Please provide either email or mobile number.","timestamp":"2024-01-08T18:03:28.106Z"}
{"level":"error","message":"Error: Invalid OTP.","timestamp":"2024-01-08T18:09:31.496Z"}
{"level":"error","message":"Error: Invalid OTP.","timestamp":"2024-01-08T18:12:50.062Z"}
{"level":"error","message":"Error: Invalid OTP.","timestamp":"2024-01-08T18:17:28.038Z"}
{"level":"error","message":"Error: Failed to send OTP via SMS","timestamp":"2024-01-08T18:17:48.876Z"}
{"level":"error","message":"Error: Failed to send OTP via SMS","timestamp":"2024-01-08T18:17:53.100Z"}
{"level":"error","message":"Error: Invalid OTP.","timestamp":"2024-01-08T18:18:20.141Z"}
{"level":"error","message":"Error: Invalid OTP.","timestamp":"2024-01-08T18:18:45.405Z"}
{"level":"error","message":"Error: Invalid OTP.","timestamp":"2024-01-08T18:23:11.937Z"}
{"level":"error","message":"Error: Invalid OTP.","timestamp":"2024-01-08T18:24:58.440Z"}
{"level":"error","message":"Error: Invalid OTP.","timestamp":"2024-01-08T18:29:04.960Z"}
