{"level":"error","message":"Error: Cannot read properties of undefined (reading 'split')","timestamp":"2023-12-18T07:12:49.663Z"}
{"level":"error","message":"Error: Cannot read properties of undefined (reading 'split')","timestamp":"2023-12-18T07:12:49.667Z"}
{"level":"error","message":"Stack trace: Error: Cannot read properties of undefined (reading 'split')\n    at E:\\Schema draft\\controllers\\order\\orderHistory.js:36:14\n    at E:\\Schema draft\\middlewares\\catchAsyncError.js:2:25\n    at Layer.handle [as handle_request] (E:\\Schema draft\\node_modules\\express\\lib\\router\\layer.js:95:5)\n    at next (E:\\Schema draft\\node_modules\\express\\lib\\router\\route.js:144:13)\n    at E:\\Schema draft\\middlewares\\authenticate.js:16:5\n    at process.processTicksAndRejections (node:internal/process/task_queues:95:5)","timestamp":"2023-12-18T07:12:49.668Z"}
{"level":"error","message":"Error: selectedDate is not iterable","timestamp":"2023-12-18T07:14:13.337Z"}
{"level":"error","message":"Error: selectedDate is not iterable","timestamp":"2023-12-18T07:14:13.341Z"}
{"level":"error","message":"Stack trace: Error: selectedDate is not iterable\n    at E:\\Schema draft\\controllers\\order\\orderHistory.js:36:14\n    at E:\\Schema draft\\middlewares\\catchAsyncError.js:2:25\n    at Layer.handle [as handle_request] (E:\\Schema draft\\node_modules\\express\\lib\\router\\layer.js:95:5)\n    at next (E:\\Schema draft\\node_modules\\express\\lib\\router\\route.js:144:13)\n    at E:\\Schema draft\\middlewares\\authenticate.js:16:5\n    at process.processTicksAndRejections (node:internal/process/task_queues:95:5)","timestamp":"2023-12-18T07:14:13.342Z"}
{"level":"error","message":"Error: selectedDate is not iterable","timestamp":"2023-12-18T07:14:14.928Z"}
{"level":"error","message":"Error: selectedDate is not iterable","timestamp":"2023-12-18T07:14:14.929Z"}
{"level":"error","message":"Stack trace: Error: selectedDate is not iterable\n    at E:\\Schema draft\\controllers\\order\\orderHistory.js:36:14\n    at E:\\Schema draft\\middlewares\\catchAsyncError.js:2:25\n    at Layer.handle [as handle_request] (E:\\Schema draft\\node_modules\\express\\lib\\router\\layer.js:95:5)\n    at next (E:\\Schema draft\\node_modules\\express\\lib\\router\\route.js:144:13)\n    at E:\\Schema draft\\middlewares\\authenticate.js:16:5\n    at process.processTicksAndRejections (node:internal/process/task_queues:95:5)","timestamp":"2023-12-18T07:14:14.930Z"}
{"level":"error","message":"Error: Cannot read properties of undefined (reading 'split')","timestamp":"2023-12-18T07:15:13.108Z"}
{"level":"error","message":"Error: Cannot read properties of undefined (reading 'split')","timestamp":"2023-12-18T07:15:13.111Z"}
{"level":"error","message":"Stack trace: Error: Cannot read properties of undefined (reading 'split')\n    at E:\\Schema draft\\controllers\\order\\orderHistory.js:36:14\n    at E:\\Schema draft\\middlewares\\catchAsyncError.js:2:25\n    at Layer.handle [as handle_request] (E:\\Schema draft\\node_modules\\express\\lib\\router\\layer.js:95:5)\n    at next (E:\\Schema draft\\node_modules\\express\\lib\\router\\route.js:144:13)\n    at E:\\Schema draft\\middlewares\\authenticate.js:16:5\n    at process.processTicksAndRejections (node:internal/process/task_queues:95:5)","timestamp":"2023-12-18T07:15:13.111Z"}
{"level":"error","message":"Error: ENOENT: no such file or directory, stat 'E:\\frontend\\build\\index.html'","timestamp":"2023-12-18T09:37:02.268Z"}
{"level":"error","message":"Stack trace: Error: ENOENT: no such file or directory, stat 'E:\\frontend\\build\\index.html'","timestamp":"2023-12-18T09:37:02.277Z"}
{"level":"error","message":"Error: ENOENT: no such file or directory, stat 'E:\\frontend\\build\\index.html'","timestamp":"2023-12-18T09:44:58.006Z"}
{"level":"error","message":"Stack trace: Error: ENOENT: no such file or directory, stat 'E:\\frontend\\build\\index.html'","timestamp":"2023-12-18T09:44:58.008Z"}
{"level":"error","message":"Error: ENOENT: no such file or directory, stat 'E:\\frontend\\build\\index.html'","timestamp":"2023-12-18T09:45:15.942Z"}
{"level":"error","message":"Stack trace: Error: ENOENT: no such file or directory, stat 'E:\\frontend\\build\\index.html'","timestamp":"2023-12-18T09:45:15.944Z"}
{"level":"error","message":"Error: No menus found","timestamp":"2023-12-18T09:45:17.084Z"}
{"level":"error","message":"Error: No menus found","timestamp":"2023-12-18T09:45:17.085Z"}
{"level":"error","message":"Stack trace: Error: No menus found\n    at E:\\Schema draft\\controllers\\menu\\getMenus.js:27:34\n    at process.processTicksAndRejections (node:internal/process/task_queues:95:5)","timestamp":"2023-12-18T09:45:17.086Z"}
{"level":"error","message":"Error: Cannot set headers after they are sent to the client","timestamp":"2023-12-18T09:45:17.088Z"}
{"level":"error","message":"Error: No menus found","timestamp":"2023-12-18T09:45:17.344Z"}
{"level":"error","message":"Error: No menus found","timestamp":"2023-12-18T09:45:17.345Z"}
{"level":"error","message":"Stack trace: Error: No menus found\n    at E:\\Schema draft\\controllers\\menu\\getMenus.js:27:34\n    at process.processTicksAndRejections (node:internal/process/task_queues:95:5)","timestamp":"2023-12-18T09:45:17.346Z"}
{"level":"error","message":"Error: Cannot set headers after they are sent to the client","timestamp":"2023-12-18T09:45:17.347Z"}
{"level":"error","message":"Error: No menus found","timestamp":"2023-12-18T09:45:18.707Z"}
{"level":"error","message":"Error: No menus found","timestamp":"2023-12-18T09:45:18.708Z"}
{"level":"error","message":"Stack trace: Error: No menus found\n    at E:\\Schema draft\\controllers\\menu\\getMenus.js:27:34\n    at process.processTicksAndRejections (node:internal/process/task_queues:95:5)","timestamp":"2023-12-18T09:45:18.709Z"}
{"level":"error","message":"Error: Cannot set headers after they are sent to the client","timestamp":"2023-12-18T09:45:18.712Z"}
{"level":"error","message":"Error: sendOrderReminderEmail is not a function","timestamp":"2023-12-18T11:55:52.523Z"}
{"level":"error","message":"Error: sendOrderReminderEmail is not a function","timestamp":"2023-12-18T11:55:52.527Z"}
{"level":"error","message":"Stack trace: Error: sendOrderReminderEmail is not a function\n    at E:\\Schema draft\\controllers\\order\\orderHistory.js:92:14\n    at process.processTicksAndRejections (node:internal/process/task_queues:95:5)","timestamp":"2023-12-18T11:55:52.529Z"}
