{"level":"error","message":"Error: Cast to date failed for value \"Invalid Date\" (type Date) at path \"createdAt\" for model \"Order\"","timestamp":"2024-01-26T18:47:36.955Z"}
{"level":"error","message":"Error: Cast to date failed for value \"Invalid Date\" (type Date) at path \"createdAt\" for model \"Order\"","timestamp":"2024-01-26T18:47:37.013Z"}
{"level":"error","message":"Stack trace: Error: Cast to date failed for value \"Invalid Date\" (type Date) at path \"createdAt\" for model \"Order\"\n    at E:\\Schema draft\\controllers\\order\\order.js:310:12\n    at process.processTicksAndRejections (node:internal/process/task_queues:95:5)","timestamp":"2024-01-26T18:47:37.015Z"}
{"level":"error","message":"Error: Cast to date failed for value \"Invalid Date\" (type Date) at path \"createdAt\" for model \"Order\"","timestamp":"2024-01-26T18:48:04.263Z"}
{"level":"error","message":"Error: Cast to date failed for value \"Invalid Date\" (type Date) at path \"createdAt\" for model \"Order\"","timestamp":"2024-01-26T18:48:04.273Z"}
{"level":"error","message":"Stack trace: Error: Cast to date failed for value \"Invalid Date\" (type Date) at path \"createdAt\" for model \"Order\"\n    at E:\\Schema draft\\controllers\\order\\order.js:310:12\n    at process.processTicksAndRejections (node:internal/process/task_queues:95:5)","timestamp":"2024-01-26T18:48:04.274Z"}
{"level":"error","message":"Error: Cast to date failed for value \"Invalid Date\" (type Date) at path \"createdAt\" for model \"Order\"","timestamp":"2024-01-26T18:50:01.621Z"}
{"level":"error","message":"Error: Cast to date failed for value \"Invalid Date\" (type Date) at path \"createdAt\" for model \"Order\"","timestamp":"2024-01-26T18:50:01.623Z"}
{"level":"error","message":"Stack trace: Error: Cast to date failed for value \"Invalid Date\" (type Date) at path \"createdAt\" for model \"Order\"\n    at E:\\Schema draft\\controllers\\order\\order.js:310:12\n    at process.processTicksAndRejections (node:internal/process/task_queues:95:5)","timestamp":"2024-01-26T18:50:01.625Z"}
{"level":"error","message":"Error: Role superAdmin is not allowed","timestamp":"2024-01-26T19:02:00.222Z"}
{"level":"error","message":"Error: Role superAdmin is not allowed","timestamp":"2024-01-26T19:02:00.223Z"}
{"level":"error","message":"Stack trace: Error: Role superAdmin is not allowed\n    at E:\\Schema draft\\middlewares\\authenticate.js:25:25\n    at Layer.handle [as handle_request] (E:\\Schema draft\\node_modules\\express\\lib\\router\\layer.js:95:5)\n    at next (E:\\Schema draft\\node_modules\\express\\lib\\router\\route.js:144:13)\n    at E:\\Schema draft\\middlewares\\authenticate.js:16:5\n    at process.processTicksAndRejections (node:internal/process/task_queues:95:5)","timestamp":"2024-01-26T19:02:00.224Z"}
{"level":"error","message":"Error: Role superAdmin is not allowed","timestamp":"2024-01-26T19:02:14.474Z"}
{"level":"error","message":"Error: Role superAdmin is not allowed","timestamp":"2024-01-26T19:02:14.474Z"}
{"level":"error","message":"Stack trace: Error: Role superAdmin is not allowed\n    at E:\\Schema draft\\middlewares\\authenticate.js:25:25\n    at Layer.handle [as handle_request] (E:\\Schema draft\\node_modules\\express\\lib\\router\\layer.js:95:5)\n    at next (E:\\Schema draft\\node_modules\\express\\lib\\router\\route.js:144:13)\n    at E:\\Schema draft\\middlewares\\authenticate.js:16:5\n    at process.processTicksAndRejections (node:internal/process/task_queues:95:5)","timestamp":"2024-01-26T19:02:14.475Z"}
{"level":"error","message":"Error: ENOENT: no such file or directory, stat 'E:\\frontend\\build\\index.html'","timestamp":"2024-01-26T19:13:35.350Z"}
{"level":"error","message":"Stack trace: Error: ENOENT: no such file or directory, stat 'E:\\frontend\\build\\index.html'","timestamp":"2024-01-26T19:13:35.356Z"}
{"level":"error","message":"Error: ENOENT: no such file or directory, stat 'E:\\frontend\\build\\index.html'","timestamp":"2024-01-26T19:13:57.613Z"}
{"level":"error","message":"Stack trace: Error: ENOENT: no such file or directory, stat 'E:\\frontend\\build\\index.html'","timestamp":"2024-01-26T19:13:57.614Z"}
{"level":"error","message":"Error: No menus found","timestamp":"2024-01-26T19:13:59.106Z"}
{"level":"error","message":"Error: No menus found","timestamp":"2024-01-26T19:13:59.107Z"}
{"level":"error","message":"Stack trace: Error: No menus found\n    at E:\\Schema draft\\controllers\\menu\\getMenus.js:66:30\n    at process.processTicksAndRejections (node:internal/process/task_queues:95:5)","timestamp":"2024-01-26T19:13:59.108Z"}
{"level":"error","message":"Error: No menus found","timestamp":"2024-01-26T19:14:00.843Z"}
{"level":"error","message":"Error: No menus found","timestamp":"2024-01-26T19:14:00.843Z"}
{"level":"error","message":"Stack trace: Error: No menus found\n    at E:\\Schema draft\\controllers\\menu\\getMenus.js:66:30\n    at process.processTicksAndRejections (node:internal/process/task_queues:95:5)","timestamp":"2024-01-26T19:14:00.844Z"}
{"level":"error","message":"Error: No menus found","timestamp":"2024-01-26T19:14:01.781Z"}
{"level":"error","message":"Error: No menus found","timestamp":"2024-01-26T19:14:01.782Z"}
{"level":"error","message":"Stack trace: Error: No menus found\n    at E:\\Schema draft\\controllers\\menu\\getMenus.js:66:30\n    at process.processTicksAndRejections (node:internal/process/task_queues:95:5)","timestamp":"2024-01-26T19:14:01.782Z"}
{"level":"error","message":"Error: ENOENT: no such file or directory, stat 'E:\\frontend\\build\\index.html'","timestamp":"2024-01-26T19:14:02.313Z"}
{"level":"error","message":"Stack trace: Error: ENOENT: no such file or directory, stat 'E:\\frontend\\build\\index.html'","timestamp":"2024-01-26T19:14:02.314Z"}
{"level":"error","message":"Error: Role superAdmin is not allowed","timestamp":"2024-01-26T19:14:59.344Z"}
{"level":"error","message":"Error: Role superAdmin is not allowed","timestamp":"2024-01-26T19:14:59.345Z"}
{"level":"error","message":"Stack trace: Error: Role superAdmin is not allowed\n    at E:\\Schema draft\\middlewares\\authenticate.js:25:25\n    at Layer.handle [as handle_request] (E:\\Schema draft\\node_modules\\express\\lib\\router\\layer.js:95:5)\n    at next (E:\\Schema draft\\node_modules\\express\\lib\\router\\route.js:144:13)\n    at E:\\Schema draft\\middlewares\\authenticate.js:16:5\n    at process.processTicksAndRejections (node:internal/process/task_queues:95:5)","timestamp":"2024-01-26T19:14:59.347Z"}
