{"level":"error","message":"Error: ENOENT: no such file or directory, stat 'E:\\frontend\\build\\index.html'","timestamp":"2023-11-28T03:26:20.777Z"}
{"level":"error","message":"Stack trace: Error: ENOENT: no such file or directory, stat 'E:\\frontend\\build\\index.html'","timestamp":"2023-11-28T03:26:20.937Z"}
{"level":"error","message":"Error: Menu not found","timestamp":"2023-11-28T03:26:54.073Z"}
{"level":"error","message":"Error: Menu not found","timestamp":"2023-11-28T03:26:54.074Z"}
{"level":"error","message":"Stack trace: Error: Menu not found\n    at E:\\Schema draft\\controllers\\menu\\getSingleMenu.js:11:25\n    at process.processTicksAndRejections (node:internal/process/task_queues:95:5)","timestamp":"2023-11-28T03:26:54.075Z"}
{"level":"error","message":"Error: Menu not found","timestamp":"2023-11-28T03:42:15.659Z"}
{"level":"error","message":"Error: Menu not found","timestamp":"2023-11-28T03:42:15.663Z"}
{"level":"error","message":"Stack trace: Error: Menu not found\n    at E:\\Schema draft\\controllers\\menu\\getSingleMenu.js:11:25\n    at process.processTicksAndRejections (node:internal/process/task_queues:95:5)","timestamp":"2023-11-28T03:42:15.665Z"}
{"level":"error","message":"Error: ENOENT: no such file or directory, stat 'E:\\frontend\\build\\index.html'","timestamp":"2023-11-28T04:06:34.235Z"}
{"level":"error","message":"Stack trace: Error: ENOENT: no such file or directory, stat 'E:\\frontend\\build\\index.html'","timestamp":"2023-11-28T04:06:34.259Z"}
{"level":"error","message":"Error: ENOENT: no such file or directory, stat 'E:\\frontend\\build\\index.html'","timestamp":"2023-11-28T04:06:54.068Z"}
{"level":"error","message":"Stack trace: Error: ENOENT: no such file or directory, stat 'E:\\frontend\\build\\index.html'","timestamp":"2023-11-28T04:06:54.069Z"}
{"level":"error","message":"Error: Cast to Boolean failed for value \"undefined\" (type string) at path \"isAvailable\" because of \"CastError\"","timestamp":"2023-11-28T04:06:57.214Z"}
{"level":"error","message":"Error: Cast to Boolean failed for value \"undefined\" (type string) at path \"isAvailable\" because of \"CastError\"","timestamp":"2023-11-28T04:06:57.216Z"}
{"level":"error","message":"Stack trace: Error: Cast to Boolean failed for value \"undefined\" (type string) at path \"isAvailable\" because of \"CastError\"\n    at E:\\Schema draft\\controllers\\menu\\updateMenu.js:41:14\n    at process.processTicksAndRejections (node:internal/process/task_queues:95:5)","timestamp":"2023-11-28T04:06:57.218Z"}
{"level":"error","message":"Error: Cast to Boolean failed for value \"undefined\" (type string) at path \"isAvailable\" because of \"CastError\"","timestamp":"2023-11-28T04:09:06.314Z"}
{"level":"error","message":"Error: Cast to Boolean failed for value \"undefined\" (type string) at path \"isAvailable\" because of \"CastError\"","timestamp":"2023-11-28T04:09:06.316Z"}
{"level":"error","message":"Stack trace: Error: Cast to Boolean failed for value \"undefined\" (type string) at path \"isAvailable\" because of \"CastError\"\n    at E:\\Schema draft\\controllers\\menu\\updateMenu.js:41:14\n    at process.processTicksAndRejections (node:internal/process/task_queues:95:5)","timestamp":"2023-11-28T04:09:06.318Z"}
{"level":"error","message":"Error: Cast to Boolean failed for value \"undefined\" (type string) at path \"isAvailable\" because of \"CastError\"","timestamp":"2023-11-28T04:09:46.577Z"}
{"level":"error","message":"Error: Cast to Boolean failed for value \"undefined\" (type string) at path \"isAvailable\" because of \"CastError\"","timestamp":"2023-11-28T04:09:46.578Z"}
{"level":"error","message":"Stack trace: Error: Cast to Boolean failed for value \"undefined\" (type string) at path \"isAvailable\" because of \"CastError\"\n    at E:\\Schema draft\\controllers\\menu\\updateMenu.js:41:14\n    at process.processTicksAndRejections (node:internal/process/task_queues:95:5)","timestamp":"2023-11-28T04:09:46.579Z"}
{"level":"error","message":"Error: Cast to Boolean failed for value \"undefined\" (type string) at path \"isAvailable\" because of \"CastError\"","timestamp":"2023-11-28T04:09:59.365Z"}
{"level":"error","message":"Error: Cast to Boolean failed for value \"undefined\" (type string) at path \"isAvailable\" because of \"CastError\"","timestamp":"2023-11-28T04:09:59.366Z"}
{"level":"error","message":"Stack trace: Error: Cast to Boolean failed for value \"undefined\" (type string) at path \"isAvailable\" because of \"CastError\"\n    at E:\\Schema draft\\controllers\\menu\\updateMenu.js:41:14\n    at process.processTicksAndRejections (node:internal/process/task_queues:95:5)","timestamp":"2023-11-28T04:09:59.371Z"}
{"level":"error","message":"Error: Validation failed: dietaryPreferenceCategory: `undefined` is not a valid enum value for path `dietaryPreferenceCategory`., mealTypeCategory: `undefined` is not a valid enum value for path `mealTypeCategory`.","timestamp":"2023-11-28T04:14:31.516Z"}
{"level":"error","message":"Error: Validation failed: dietaryPreferenceCategory: `undefined` is not a valid enum value for path `dietaryPreferenceCategory`., mealTypeCategory: `undefined` is not a valid enum value for path `mealTypeCategory`.","timestamp":"2023-11-28T04:14:31.518Z"}
{"level":"error","message":"Stack trace: Error: Validation failed: dietaryPreferenceCategory: `undefined` is not a valid enum value for path `dietaryPreferenceCategory`., mealTypeCategory: `undefined` is not a valid enum value for path `mealTypeCategory`.\n    at E:\\Schema draft\\controllers\\menu\\updateMenu.js:41:14\n    at process.processTicksAndRejections (node:internal/process/task_queues:95:5)","timestamp":"2023-11-28T04:14:31.519Z"}
{"level":"error","message":"Error: Validation failed: mealTypeCategory: `undefined` is not a valid enum value for path `mealTypeCategory`.","timestamp":"2023-11-28T04:15:25.003Z"}
{"level":"error","message":"Error: Validation failed: mealTypeCategory: `undefined` is not a valid enum value for path `mealTypeCategory`.","timestamp":"2023-11-28T04:15:25.005Z"}
{"level":"error","message":"Stack trace: Error: Validation failed: mealTypeCategory: `undefined` is not a valid enum value for path `mealTypeCategory`.\n    at E:\\Schema draft\\controllers\\menu\\updateMenu.js:41:14\n    at process.processTicksAndRejections (node:internal/process/task_queues:95:5)","timestamp":"2023-11-28T04:15:25.007Z"}
{"level":"error","message":"Error: Validation failed: mealTypeCategory: `undefined` is not a valid enum value for path `mealTypeCategory`.","timestamp":"2023-11-28T04:15:40.528Z"}
{"level":"error","message":"Error: Validation failed: mealTypeCategory: `undefined` is not a valid enum value for path `mealTypeCategory`.","timestamp":"2023-11-28T04:15:40.529Z"}
{"level":"error","message":"Stack trace: Error: Validation failed: mealTypeCategory: `undefined` is not a valid enum value for path `mealTypeCategory`.\n    at E:\\Schema draft\\controllers\\menu\\updateMenu.js:41:14\n    at process.processTicksAndRejections (node:internal/process/task_queues:95:5)","timestamp":"2023-11-28T04:15:40.529Z"}
{"level":"error","message":"Error: Cast to ObjectId failed for value \"undefined\" (type string) at path \"_id\" for model \"Menu\"","timestamp":"2023-11-28T04:20:14.866Z"}
{"level":"error","message":"Error: Cast to ObjectId failed for value \"undefined\" (type string) at path \"_id\" for model \"Menu\"","timestamp":"2023-11-28T04:20:14.867Z"}
{"level":"error","message":"Stack trace: Error: Cast to ObjectId failed for value \"undefined\" (type string) at path \"_id\" for model \"Menu\"\n    at E:\\Schema draft\\controllers\\menu\\deleteMenu.js:19:14\n    at process.processTicksAndRejections (node:internal/process/task_queues:95:5)","timestamp":"2023-11-28T04:20:14.868Z"}
{"level":"error","message":"Error: Menu not found","timestamp":"2023-11-28T04:21:30.174Z"}
{"level":"error","message":"Error: Menu not found","timestamp":"2023-11-28T05:18:01.613Z"}
{"level":"error","message":"Error: Menu not found","timestamp":"2023-11-28T05:18:01.617Z"}
{"level":"error","message":"Stack trace: Error: Menu not found\n    at E:\\Schema draft\\controllers\\menu\\getSingleMenu.js:11:25\n    at process.processTicksAndRejections (node:internal/process/task_queues:95:5)","timestamp":"2023-11-28T05:18:01.619Z"}
{"level":"error","message":"Error: Menu not found","timestamp":"2023-11-28T05:18:21.138Z"}
{"level":"error","message":"Error: Menu not found","timestamp":"2023-11-28T05:18:21.139Z"}
{"level":"error","message":"Stack trace: Error: Menu not found\n    at E:\\Schema draft\\controllers\\menu\\getSingleMenu.js:11:25\n    at process.processTicksAndRejections (node:internal/process/task_queues:95:5)","timestamp":"2023-11-28T05:18:21.140Z"}
{"level":"error","message":"Error: Internal Server Error","timestamp":"2023-11-28T06:22:55.683Z"}
{"level":"error","message":"Error: Internal Server Error","timestamp":"2023-11-28T06:22:55.690Z"}
{"level":"error","message":"Stack trace: Error: Internal Server Error\n    at E:\\Schema draft\\controllers\\restaurant\\createRestaurant.js:77:14\n    at process.processTicksAndRejections (node:internal/process/task_queues:95:5)","timestamp":"2023-11-28T06:22:55.691Z"}
{"level":"error","message":"Error: Internal Server Error","timestamp":"2023-11-28T06:24:49.174Z"}
{"level":"error","message":"Error: Internal Server Error","timestamp":"2023-11-28T06:24:49.177Z"}
{"level":"error","message":"Stack trace: Error: Internal Server Error\n    at E:\\Schema draft\\controllers\\restaurant\\createRestaurant.js:77:14\n    at process.processTicksAndRejections (node:internal/process/task_queues:95:5)","timestamp":"2023-11-28T06:24:49.179Z"}
{"level":"error","message":"Error: Internal Server Error","timestamp":"2023-11-28T06:25:12.040Z"}
{"level":"error","message":"Error: Internal Server Error","timestamp":"2023-11-28T06:25:12.042Z"}
{"level":"error","message":"Stack trace: Error: Internal Server Error\n    at E:\\Schema draft\\controllers\\restaurant\\createRestaurant.js:77:14\n    at process.processTicksAndRejections (node:internal/process/task_queues:95:5)","timestamp":"2023-11-28T06:25:12.042Z"}
{"level":"error","message":"Error: Internal Server Error","timestamp":"2023-11-28T06:27:22.816Z"}
{"level":"error","message":"Error: Internal Server Error","timestamp":"2023-11-28T06:27:22.818Z"}
{"level":"error","message":"Stack trace: Error: Internal Server Error\n    at E:\\Schema draft\\controllers\\restaurant\\createRestaurant.js:77:14\n    at process.processTicksAndRejections (node:internal/process/task_queues:95:5)","timestamp":"2023-11-28T06:27:22.820Z"}
{"level":"error","message":"Error: Internal Server Error","timestamp":"2023-11-28T06:29:35.653Z"}
{"level":"error","message":"Error: Internal Server Error","timestamp":"2023-11-28T06:29:35.668Z"}
{"level":"error","message":"Stack trace: Error: Internal Server Error\n    at E:\\Schema draft\\controllers\\restaurant\\createRestaurant.js:77:14\n    at process.processTicksAndRejections (node:internal/process/task_queues:95:5)","timestamp":"2023-11-28T06:29:35.672Z"}
{"level":"error","message":"Error: Internal Server Error","timestamp":"2023-11-28T07:15:35.711Z"}
{"level":"error","message":"Error: Internal Server Error","timestamp":"2023-11-28T07:15:35.712Z"}
{"level":"error","message":"Stack trace: Error: Internal Server Error\n    at E:\\Schema draft\\controllers\\restaurant\\createRestaurant.js:77:14\n    at process.processTicksAndRejections (node:internal/process/task_queues:95:5)","timestamp":"2023-11-28T07:15:35.713Z"}
{"level":"error","message":"Error: Internal Server Error","timestamp":"2023-11-28T07:22:30.253Z"}
{"level":"error","message":"Error: Internal Server Error","timestamp":"2023-11-28T07:22:30.270Z"}
{"level":"error","message":"Stack trace: Error: Internal Server Error\n    at E:\\Schema draft\\controllers\\restaurant\\createRestaurant.js:75:14\n    at process.processTicksAndRejections (node:internal/process/task_queues:95:5)","timestamp":"2023-11-28T07:22:30.272Z"}
{"level":"error","message":"Error: Internal Server Error","timestamp":"2023-11-28T07:26:18.144Z"}
{"level":"error","message":"Error: Internal Server Error","timestamp":"2023-11-28T07:26:18.147Z"}
{"level":"error","message":"Stack trace: Error: Internal Server Error\n    at E:\\Schema draft\\controllers\\restaurant\\createRestaurant.js:75:14\n    at E:\\Schema draft\\middlewares\\catchAsyncError.js:2:25\n    at Layer.handle [as handle_request] (E:\\Schema draft\\node_modules\\express\\lib\\router\\layer.js:95:5)\n    at next (E:\\Schema draft\\node_modules\\express\\lib\\router\\route.js:144:13)\n    at E:\\Schema draft\\middlewares\\authenticate.js:16:5\n    at process.processTicksAndRejections (node:internal/process/task_queues:95:5)","timestamp":"2023-11-28T07:26:18.147Z"}
{"level":"error","message":"Error: Internal Server Error","timestamp":"2023-11-28T07:26:41.656Z"}
{"level":"error","message":"Error: Internal Server Error","timestamp":"2023-11-28T07:26:41.658Z"}
{"level":"error","message":"Stack trace: Error: Internal Server Error\n    at E:\\Schema draft\\controllers\\restaurant\\createRestaurant.js:75:14\n    at E:\\Schema draft\\middlewares\\catchAsyncError.js:2:25\n    at Layer.handle [as handle_request] (E:\\Schema draft\\node_modules\\express\\lib\\router\\layer.js:95:5)\n    at next (E:\\Schema draft\\node_modules\\express\\lib\\router\\route.js:144:13)\n    at E:\\Schema draft\\middlewares\\authenticate.js:16:5\n    at process.processTicksAndRejections (node:internal/process/task_queues:95:5)","timestamp":"2023-11-28T07:26:41.660Z"}
{"level":"error","message":"Error: Internal Server Error","timestamp":"2023-11-28T07:27:16.901Z"}
{"level":"error","message":"Error: Internal Server Error","timestamp":"2023-11-28T07:27:16.904Z"}
{"level":"error","message":"Stack trace: Error: Internal Server Error\n    at E:\\Schema draft\\controllers\\restaurant\\createRestaurant.js:75:14\n    at E:\\Schema draft\\middlewares\\catchAsyncError.js:2:25\n    at Layer.handle [as handle_request] (E:\\Schema draft\\node_modules\\express\\lib\\router\\layer.js:95:5)\n    at next (E:\\Schema draft\\node_modules\\express\\lib\\router\\route.js:144:13)\n    at E:\\Schema draft\\middlewares\\authenticate.js:16:5\n    at process.processTicksAndRejections (node:internal/process/task_queues:95:5)","timestamp":"2023-11-28T07:27:16.905Z"}
{"level":"error","message":"Error: Internal Server Error","timestamp":"2023-11-28T07:27:31.558Z"}
{"level":"error","message":"Error: Internal Server Error","timestamp":"2023-11-28T07:27:31.561Z"}
{"level":"error","message":"Stack trace: Error: Internal Server Error\n    at E:\\Schema draft\\controllers\\restaurant\\createRestaurant.js:75:14\n    at E:\\Schema draft\\middlewares\\catchAsyncError.js:2:25\n    at Layer.handle [as handle_request] (E:\\Schema draft\\node_modules\\express\\lib\\router\\layer.js:95:5)\n    at next (E:\\Schema draft\\node_modules\\express\\lib\\router\\route.js:144:13)\n    at E:\\Schema draft\\middlewares\\authenticate.js:16:5\n    at process.processTicksAndRejections (node:internal/process/task_queues:95:5)","timestamp":"2023-11-28T07:27:31.562Z"}
{"level":"error","message":"Error: Internal Server Error","timestamp":"2023-11-28T07:29:19.015Z"}
{"level":"error","message":"Error: Internal Server Error","timestamp":"2023-11-28T07:29:19.019Z"}
{"level":"error","message":"Stack trace: Error: Internal Server Error\n    at E:\\Schema draft\\controllers\\restaurant\\createRestaurant.js:74:14\n    at process.processTicksAndRejections (node:internal/process/task_queues:95:5)","timestamp":"2023-11-28T07:29:19.020Z"}
{"level":"error","message":"Error: Restaurant validation failed: openingHours: Path `openingHours` is required., cuisineTypeCategory: Path `cuisineTypeCategory` is required., location: Path `location` is required., description: Path `description` is required., restaurantId: Path `restaurantId` is required., pincode: Path `pincode` is required., restaurantBranch: Path `restaurantBranch` is required.","timestamp":"2023-11-28T07:35:51.734Z"}
{"level":"error","message":"Error: Restaurant validation failed: openingHours: Path `openingHours` is required., cuisineTypeCategory: Path `cuisineTypeCategory` is required., location: Path `location` is required., description: Path `description` is required., restaurantId: Path `restaurantId` is required., pincode: Path `pincode` is required., restaurantBranch: Path `restaurantBranch` is required.","timestamp":"2023-11-28T07:35:51.746Z"}
{"level":"error","message":"Stack trace: Error: Restaurant validation failed: openingHours: Path `openingHours` is required., cuisineTypeCategory: Path `cuisineTypeCategory` is required., location: Path `location` is required., description: Path `description` is required., restaurantId: Path `restaurantId` is required., pincode: Path `pincode` is required., restaurantBranch: Path `restaurantBranch` is required.\n    at E:\\Schema draft\\controllers\\restaurant\\createRestaurant.js:17:14\n    at process.processTicksAndRejections (node:internal/process/task_queues:95:5)","timestamp":"2023-11-28T07:35:51.749Z"}
{"level":"error","message":"Error: Restaurant validation failed: restaurantName: Path `restaurantName` is required., restaurantBranch: Path `restaurantBranch` is required., pincode: Path `pincode` is required., restaurantId: Path `restaurantId` is required., description: Path `description` is required., location: Path `location` is required., cuisineTypeCategory: Path `cuisineTypeCategory` is required., openingHours: Path `openingHours` is required.","timestamp":"2023-11-28T07:39:35.611Z"}
{"level":"error","message":"Error: Restaurant validation failed: restaurantName: Path `restaurantName` is required., restaurantBranch: Path `restaurantBranch` is required., pincode: Path `pincode` is required., restaurantId: Path `restaurantId` is required., description: Path `description` is required., location: Path `location` is required., cuisineTypeCategory: Path `cuisineTypeCategory` is required., openingHours: Path `openingHours` is required.","timestamp":"2023-11-28T07:39:35.617Z"}
{"level":"error","message":"Stack trace: Error: Restaurant validation failed: restaurantName: Path `restaurantName` is required., restaurantBranch: Path `restaurantBranch` is required., pincode: Path `pincode` is required., restaurantId: Path `restaurantId` is required., description: Path `description` is required., location: Path `location` is required., cuisineTypeCategory: Path `cuisineTypeCategory` is required., openingHours: Path `openingHours` is required.\n    at E:\\Schema draft\\controllers\\restaurant\\createRestaurant.js:26:14\n    at process.processTicksAndRejections (node:internal/process/task_queues:95:5)","timestamp":"2023-11-28T07:39:35.617Z"}
{"level":"error","message":"Error: Restaurant validation failed: restaurantName: Path `restaurantName` is required., restaurantBranch: Path `restaurantBranch` is required., pincode: Path `pincode` is required., restaurantId: Path `restaurantId` is required., description: Path `description` is required., location: Path `location` is required., cuisineTypeCategory: Path `cuisineTypeCategory` is required., openingHours: Path `openingHours` is required.","timestamp":"2023-11-28T07:42:45.060Z"}
{"level":"error","message":"Error: Restaurant validation failed: restaurantName: Path `restaurantName` is required., restaurantBranch: Path `restaurantBranch` is required., pincode: Path `pincode` is required., restaurantId: Path `restaurantId` is required., description: Path `description` is required., location: Path `location` is required., cuisineTypeCategory: Path `cuisineTypeCategory` is required., openingHours: Path `openingHours` is required.","timestamp":"2023-11-28T07:42:45.063Z"}
{"level":"error","message":"Stack trace: Error: Restaurant validation failed: restaurantName: Path `restaurantName` is required., restaurantBranch: Path `restaurantBranch` is required., pincode: Path `pincode` is required., restaurantId: Path `restaurantId` is required., description: Path `description` is required., location: Path `location` is required., cuisineTypeCategory: Path `cuisineTypeCategory` is required., openingHours: Path `openingHours` is required.\n    at E:\\Schema draft\\controllers\\restaurant\\createRestaurant.js:26:14\n    at process.processTicksAndRejections (node:internal/process/task_queues:95:5)","timestamp":"2023-11-28T07:42:45.065Z"}
{"level":"error","message":"Error: Login first to handle this resource","timestamp":"2023-11-28T07:43:29.631Z"}
{"level":"error","message":"Error: Login first to handle this resource","timestamp":"2023-11-28T07:43:29.632Z"}
{"level":"error","message":"Stack trace: Error: Login first to handle this resource\n    at E:\\Schema draft\\middlewares\\authenticate.js:10:21\n    at E:\\Schema draft\\middlewares\\catchAsyncError.js:2:25\n    at Layer.handle [as handle_request] (E:\\Schema draft\\node_modules\\express\\lib\\router\\layer.js:95:5)\n    at next (E:\\Schema draft\\node_modules\\express\\lib\\router\\route.js:144:13)\n    at Route.dispatch (E:\\Schema draft\\node_modules\\express\\lib\\router\\route.js:114:3)\n    at Layer.handle [as handle_request] (E:\\Schema draft\\node_modules\\express\\lib\\router\\layer.js:95:5)\n    at E:\\Schema draft\\node_modules\\express\\lib\\router\\index.js:284:15\n    at Function.process_params (E:\\Schema draft\\node_modules\\express\\lib\\router\\index.js:346:12)\n    at next (E:\\Schema draft\\node_modules\\express\\lib\\router\\index.js:280:10)\n    at Function.handle (E:\\Schema draft\\node_modules\\express\\lib\\router\\index.js:175:3)","timestamp":"2023-11-28T07:43:29.632Z"}
{"level":"error","message":"Error: Restaurant validation failed: restaurantName: Path `restaurantName` is required., restaurantBranch: Path `restaurantBranch` is required., location: Path `location` is required.","timestamp":"2023-11-28T07:44:14.931Z"}
{"level":"error","message":"Error: Restaurant validation failed: restaurantName: Path `restaurantName` is required., restaurantBranch: Path `restaurantBranch` is required., location: Path `location` is required.","timestamp":"2023-11-28T07:44:14.933Z"}
{"level":"error","message":"Stack trace: Error: Restaurant validation failed: restaurantName: Path `restaurantName` is required., restaurantBranch: Path `restaurantBranch` is required., location: Path `location` is required.\n    at E:\\Schema draft\\controllers\\restaurant\\createRestaurant.js:26:14\n    at process.processTicksAndRejections (node:internal/process/task_queues:95:5)","timestamp":"2023-11-28T07:44:14.934Z"}
{"level":"error","message":"Error: Internal Server Error","timestamp":"2023-11-28T07:45:32.481Z"}
{"level":"error","message":"Error: Internal Server Error","timestamp":"2023-11-28T07:45:32.483Z"}
{"level":"error","message":"Stack trace: Error: Internal Server Error\n    at E:\\Schema draft\\controllers\\restaurant\\createRestaurant.js:60:14\n    at process.processTicksAndRejections (node:internal/process/task_queues:95:5)","timestamp":"2023-11-28T07:45:32.484Z"}
{"level":"error","message":"Error: Internal Server Error","timestamp":"2023-11-28T07:46:42.864Z"}
{"level":"error","message":"Error: Internal Server Error","timestamp":"2023-11-28T07:46:42.865Z"}
{"level":"error","message":"Stack trace: Error: Internal Server Error\n    at E:\\Schema draft\\controllers\\restaurant\\createRestaurant.js:60:14\n    at process.processTicksAndRejections (node:internal/process/task_queues:95:5)","timestamp":"2023-11-28T07:46:42.866Z"}
{"level":"error","message":"Error: Internal Server Error","timestamp":"2023-11-28T07:47:56.417Z"}
{"level":"error","message":"Error: Internal Server Error","timestamp":"2023-11-28T07:47:56.419Z"}
{"level":"error","message":"Stack trace: Error: Internal Server Error\n    at E:\\Schema draft\\controllers\\restaurant\\createRestaurant.js:61:14\n    at process.processTicksAndRejections (node:internal/process/task_queues:95:5)","timestamp":"2023-11-28T07:47:56.420Z"}
{"level":"error","message":"Error: Internal Server Error","timestamp":"2023-11-28T07:49:17.559Z"}
{"level":"error","message":"Error: Internal Server Error","timestamp":"2023-11-28T07:49:17.560Z"}
{"level":"error","message":"Stack trace: Error: Internal Server Error\n    at E:\\Schema draft\\controllers\\restaurant\\createRestaurant.js:61:14\n    at process.processTicksAndRejections (node:internal/process/task_queues:95:5)","timestamp":"2023-11-28T07:49:17.561Z"}
{"level":"error","message":"Error: Internal Server Error","timestamp":"2023-11-28T07:50:27.592Z"}
{"level":"error","message":"Error: Internal Server Error","timestamp":"2023-11-28T07:50:27.592Z"}
{"level":"error","message":"Stack trace: Error: Internal Server Error\n    at E:\\Schema draft\\controllers\\restaurant\\createRestaurant.js:61:14\n    at process.processTicksAndRejections (node:internal/process/task_queues:95:5)","timestamp":"2023-11-28T07:50:27.593Z"}
{"level":"error","message":"Error: Internal Server Error","timestamp":"2023-11-28T07:50:41.681Z"}
{"level":"error","message":"Error: Internal Server Error","timestamp":"2023-11-28T07:50:41.682Z"}
{"level":"error","message":"Stack trace: Error: Internal Server Error\n    at E:\\Schema draft\\controllers\\restaurant\\createRestaurant.js:61:14\n    at process.processTicksAndRejections (node:internal/process/task_queues:95:5)","timestamp":"2023-11-28T07:50:41.683Z"}
{"level":"error","message":"Error: Internal Server Error","timestamp":"2023-11-28T07:51:40.727Z"}
{"level":"error","message":"Error: Internal Server Error","timestamp":"2023-11-28T07:51:40.731Z"}
{"level":"error","message":"Stack trace: Error: Internal Server Error\n    at E:\\Schema draft\\controllers\\restaurant\\createRestaurant.js:61:14\n    at process.processTicksAndRejections (node:internal/process/task_queues:95:5)","timestamp":"2023-11-28T07:51:40.732Z"}
{"level":"error","message":"Error: Internal Server Error","timestamp":"2023-11-28T07:53:43.059Z"}
{"level":"error","message":"Error: Internal Server Error","timestamp":"2023-11-28T07:53:43.064Z"}
{"level":"error","message":"Stack trace: Error: Internal Server Error\n    at E:\\Schema draft\\controllers\\restaurant\\createRestaurant.js:61:14\n    at process.processTicksAndRejections (node:internal/process/task_queues:95:5)","timestamp":"2023-11-28T07:53:43.065Z"}
{"level":"error","message":"Error: Internal Server Error","timestamp":"2023-11-28T07:57:58.417Z"}
{"level":"error","message":"Error: Internal Server Error","timestamp":"2023-11-28T07:57:58.425Z"}
{"level":"error","message":"Stack trace: Error: Internal Server Error\n    at E:\\Schema draft\\controllers\\restaurant\\createRestaurant.js:61:14\n    at process.processTicksAndRejections (node:internal/process/task_queues:95:5)","timestamp":"2023-11-28T07:57:58.426Z"}
{"level":"error","message":"Error: Internal Server Error","timestamp":"2023-11-28T08:05:47.848Z"}
{"level":"error","message":"Error: Internal Server Error","timestamp":"2023-11-28T08:05:47.849Z"}
{"level":"error","message":"Stack trace: Error: Internal Server Error\n    at E:\\Schema draft\\controllers\\restaurant\\createRestaurant.js:61:14\n    at process.processTicksAndRejections (node:internal/process/task_queues:95:5)","timestamp":"2023-11-28T08:05:47.850Z"}
{"level":"error","message":"Error: Internal Server Error","timestamp":"2023-11-28T08:08:02.121Z"}
{"level":"error","message":"Error: Internal Server Error","timestamp":"2023-11-28T08:08:02.122Z"}
{"level":"error","message":"Stack trace: Error: Internal Server Error\n    at E:\\Schema draft\\controllers\\restaurant\\createRestaurant.js:61:14\n    at process.processTicksAndRejections (node:internal/process/task_queues:95:5)","timestamp":"2023-11-28T08:08:02.123Z"}
{"level":"error","message":"Error: Internal Server Error","timestamp":"2023-11-28T08:11:14.847Z"}
{"level":"error","message":"Error: Internal Server Error","timestamp":"2023-11-28T08:11:14.848Z"}
{"level":"error","message":"Stack trace: Error: Internal Server Error\n    at E:\\Schema draft\\controllers\\restaurant\\createRestaurant.js:61:14\n    at process.processTicksAndRejections (node:internal/process/task_queues:95:5)","timestamp":"2023-11-28T08:11:14.849Z"}
{"level":"error","message":"Error: Internal Server Error","timestamp":"2023-11-28T08:20:10.223Z"}
{"level":"error","message":"Error: Internal Server Error","timestamp":"2023-11-28T08:20:10.225Z"}
{"level":"error","message":"Stack trace: Error: Internal Server Error\n    at E:\\Schema draft\\controllers\\restaurant\\createRestaurant.js:61:14\n    at process.processTicksAndRejections (node:internal/process/task_queues:95:5)","timestamp":"2023-11-28T08:20:10.226Z"}
{"level":"error","message":"Error: Menu not found","timestamp":"2023-11-28T08:25:09.585Z"}
{"level":"error","message":"Error: Menu not found","timestamp":"2023-11-28T08:25:09.587Z"}
{"level":"error","message":"Stack trace: Error: Menu not found\n    at E:\\Schema draft\\controllers\\menu\\getSingleMenu.js:11:25\n    at process.processTicksAndRejections (node:internal/process/task_queues:95:5)","timestamp":"2023-11-28T08:25:09.589Z"}
{"level":"error","message":"Error: Internal Server Error","timestamp":"2023-11-28T08:37:26.097Z"}
{"level":"error","message":"Error: Internal Server Error","timestamp":"2023-11-28T08:37:26.099Z"}
{"level":"error","message":"Stack trace: Error: Internal Server Error\n    at E:\\Schema draft\\controllers\\restaurant\\updateRestaurant.js:31:14\n    at process.processTicksAndRejections (node:internal/process/task_queues:95:5)","timestamp":"2023-11-28T08:37:26.100Z"}
{"level":"error","message":"Error: Internal Server Error","timestamp":"2023-11-28T08:52:59.571Z"}
{"level":"error","message":"Error: Internal Server Error","timestamp":"2023-11-28T08:52:59.572Z"}
{"level":"error","message":"Stack trace: Error: Internal Server Error\n    at E:\\Schema draft\\controllers\\restaurant\\updateRestaurant.js:31:14\n    at process.processTicksAndRejections (node:internal/process/task_queues:95:5)","timestamp":"2023-11-28T08:52:59.573Z"}
{"level":"error","message":"Error: Internal Server Error","timestamp":"2023-11-28T08:53:14.520Z"}
{"level":"error","message":"Error: Internal Server Error","timestamp":"2023-11-28T08:53:14.525Z"}
{"level":"error","message":"Stack trace: Error: Internal Server Error\n    at E:\\Schema draft\\controllers\\restaurant\\updateRestaurant.js:31:14\n    at process.processTicksAndRejections (node:internal/process/task_queues:95:5)","timestamp":"2023-11-28T08:53:14.526Z"}
{"level":"error","message":"Error: Internal Server Error","timestamp":"2023-11-28T08:55:34.292Z"}
{"level":"error","message":"Error: Internal Server Error","timestamp":"2023-11-28T08:55:34.293Z"}
{"level":"error","message":"Stack trace: Error: Internal Server Error\n    at E:\\Schema draft\\controllers\\restaurant\\updateRestaurant.js:31:14\n    at process.processTicksAndRejections (node:internal/process/task_queues:95:5)","timestamp":"2023-11-28T08:55:34.294Z"}
{"level":"error","message":"Error: Plan executor error during findAndModify :: caused by :: E11000 duplicate key error collection: schemaDraft.restaurants index: restaurantId_1 dup key: { restaurantId: 100002 }","timestamp":"2023-11-28T08:59:44.694Z"}
{"level":"error","message":"Error: Plan executor error during findAndModify :: caused by :: E11000 duplicate key error collection: schemaDraft.restaurants index: restaurantId_1 dup key: { restaurantId: 100002 }","timestamp":"2023-11-28T08:59:44.699Z"}
{"level":"error","message":"Stack trace: Error: Plan executor error during findAndModify :: caused by :: E11000 duplicate key error collection: schemaDraft.restaurants index: restaurantId_1 dup key: { restaurantId: 100002 }\n    at E:\\Schema draft\\controllers\\restaurant\\updateRestaurant.js:21:14\n    at process.processTicksAndRejections (node:internal/process/task_queues:95:5)","timestamp":"2023-11-28T08:59:44.701Z"}
{"level":"error","message":"Error: Plan executor error during findAndModify :: caused by :: E11000 duplicate key error collection: schemaDraft.restaurants index: restaurantId_1 dup key: { restaurantId: 747474 }","timestamp":"2023-11-28T09:00:57.434Z"}
{"level":"error","message":"Error: Plan executor error during findAndModify :: caused by :: E11000 duplicate key error collection: schemaDraft.restaurants index: restaurantId_1 dup key: { restaurantId: 747474 }","timestamp":"2023-11-28T09:00:57.436Z"}
{"level":"error","message":"Stack trace: Error: Plan executor error during findAndModify :: caused by :: E11000 duplicate key error collection: schemaDraft.restaurants index: restaurantId_1 dup key: { restaurantId: 747474 }\n    at E:\\Schema draft\\controllers\\restaurant\\updateRestaurant.js:21:14\n    at process.processTicksAndRejections (node:internal/process/task_queues:95:5)","timestamp":"2023-11-28T09:00:57.439Z"}
{"level":"error","message":"Error: Validation failed: point: Path `point` is required.","timestamp":"2023-11-28T09:18:35.268Z"}
{"level":"error","message":"Error: Validation failed: point: Path `point` is required.","timestamp":"2023-11-28T09:18:35.274Z"}
{"level":"error","message":"Stack trace: Error: Validation failed: point: Path `point` is required.\n    at E:\\Schema draft\\controllers\\restaurant\\updateRestaurant.js:21:14\n    at process.processTicksAndRejections (node:internal/process/task_queues:95:5)","timestamp":"2023-11-28T09:18:35.275Z"}
{"level":"error","message":"Error: Validation failed: point: Path `point` is required.","timestamp":"2023-11-28T09:18:43.674Z"}
{"level":"error","message":"Error: Validation failed: point: Path `point` is required.","timestamp":"2023-11-28T09:18:43.675Z"}
{"level":"error","message":"Stack trace: Error: Validation failed: point: Path `point` is required.\n    at E:\\Schema draft\\controllers\\restaurant\\updateRestaurant.js:21:14\n    at process.processTicksAndRejections (node:internal/process/task_queues:95:5)","timestamp":"2023-11-28T09:18:43.676Z"}
{"level":"error","message":"Error: Internal Server Error","timestamp":"2023-11-28T09:33:05.849Z"}
{"level":"error","message":"Error: Internal Server Error","timestamp":"2023-11-28T09:33:05.854Z"}
{"level":"error","message":"Stack trace: Error: Internal Server Error\n    at E:\\Schema draft\\controllers\\auth\\profile.js:14:14\n    at process.processTicksAndRejections (node:internal/process/task_queues:95:5)","timestamp":"2023-11-28T09:33:05.856Z"}
{"level":"error","message":"Error: Phone number is already registered","timestamp":"2023-11-28T09:55:36.160Z"}
{"level":"error","message":"Error: Phone number is already registered","timestamp":"2023-11-28T09:55:36.162Z"}
{"level":"error","message":"Stack trace: Error: Phone number is already registered\n    at E:\\Schema draft\\controllers\\auth\\register.js:26:25\n    at process.processTicksAndRejections (node:internal/process/task_queues:95:5)","timestamp":"2023-11-28T09:55:36.164Z"}
{"level":"error","message":"Error: Validation failed: role: `` is not a valid enum value for path `role`.","timestamp":"2023-11-28T10:09:50.455Z"}
{"level":"error","message":"Error: Validation failed: role: `` is not a valid enum value for path `role`.","timestamp":"2023-11-28T10:09:50.457Z"}
{"level":"error","message":"Stack trace: Error: Validation failed: role: `` is not a valid enum value for path `role`.\n    at E:\\Schema draft\\controllers\\admin\\index.js:46:14\n    at process.processTicksAndRejections (node:internal/process/task_queues:95:5)","timestamp":"2023-11-28T10:09:50.458Z"}
{"level":"error","message":"Error: Validation failed: role: `` is not a valid enum value for path `role`.","timestamp":"2023-11-28T10:12:38.876Z"}
{"level":"error","message":"Error: Validation failed: role: `` is not a valid enum value for path `role`.","timestamp":"2023-11-28T10:12:38.883Z"}
{"level":"error","message":"Stack trace: Error: Validation failed: role: `` is not a valid enum value for path `role`.\n    at E:\\Schema draft\\controllers\\admin\\index.js:47:14\n    at process.processTicksAndRejections (node:internal/process/task_queues:95:5)","timestamp":"2023-11-28T10:12:38.884Z"}
{"level":"error","message":"Error: ENOENT: no such file or directory, stat 'E:\\frontend\\build\\index.html'","timestamp":"2023-11-28T12:09:30.506Z"}
{"level":"error","message":"Stack trace: Error: ENOENT: no such file or directory, stat 'E:\\frontend\\build\\index.html'","timestamp":"2023-11-28T12:09:30.511Z"}
{"level":"error","message":"Error: ENOENT: no such file or directory, stat 'E:\\frontend\\build\\index.html'","timestamp":"2023-11-28T12:09:40.958Z"}
{"level":"error","message":"Stack trace: Error: ENOENT: no such file or directory, stat 'E:\\frontend\\build\\index.html'","timestamp":"2023-11-28T12:09:40.958Z"}
{"level":"error","message":"Error: ENOENT: no such file or directory, stat 'E:\\frontend\\build\\index.html'","timestamp":"2023-11-28T12:19:59.341Z"}
{"level":"error","message":"Stack trace: Error: ENOENT: no such file or directory, stat 'E:\\frontend\\build\\index.html'","timestamp":"2023-11-28T12:19:59.359Z"}
{"level":"error","message":"Error: No menus found","timestamp":"2023-11-28T12:20:24.446Z"}
{"level":"error","message":"Error: No menus found","timestamp":"2023-11-28T12:20:24.447Z"}
{"level":"error","message":"Stack trace: Error: No menus found\n    at E:\\Schema draft\\controllers\\menu\\getMenus.js:27:34\n    at process.processTicksAndRejections (node:internal/process/task_queues:95:5)","timestamp":"2023-11-28T12:20:24.448Z"}
{"level":"error","message":"Error: Cannot set headers after they are sent to the client","timestamp":"2023-11-28T12:20:24.450Z"}
{"level":"error","message":"Error: ENOENT: no such file or directory, stat 'E:\\frontend\\build\\index.html'","timestamp":"2023-11-28T12:20:43.719Z"}
{"level":"error","message":"Stack trace: Error: ENOENT: no such file or directory, stat 'E:\\frontend\\build\\index.html'","timestamp":"2023-11-28T12:20:43.720Z"}
{"level":"error","message":"Error: ENOENT: no such file or directory, stat 'E:\\frontend\\build\\index.html'","timestamp":"2023-11-28T12:29:52.880Z"}
{"level":"error","message":"Stack trace: Error: ENOENT: no such file or directory, stat 'E:\\frontend\\build\\index.html'","timestamp":"2023-11-28T12:29:52.892Z"}
{"level":"error","message":"Error: ENOENT: no such file or directory, stat 'E:\\frontend\\build\\index.html'","timestamp":"2023-11-28T12:30:07.036Z"}
{"level":"error","message":"Stack trace: Error: ENOENT: no such file or directory, stat 'E:\\frontend\\build\\index.html'","timestamp":"2023-11-28T12:30:07.037Z"}
{"level":"error","message":"Error: ENOENT: no such file or directory, stat 'E:\\frontend\\build\\index.html'","timestamp":"2023-11-28T12:30:26.487Z"}
{"level":"error","message":"Stack trace: Error: ENOENT: no such file or directory, stat 'E:\\frontend\\build\\index.html'","timestamp":"2023-11-28T12:30:26.488Z"}
{"level":"error","message":"Error: ENOENT: no such file or directory, stat 'E:\\frontend\\build\\index.html'","timestamp":"2023-11-28T12:30:46.923Z"}
{"level":"error","message":"Stack trace: Error: ENOENT: no such file or directory, stat 'E:\\frontend\\build\\index.html'","timestamp":"2023-11-28T12:30:46.924Z"}
{"level":"error","message":"Error: ENOENT: no such file or directory, stat 'E:\\frontend\\build\\index.html'","timestamp":"2023-11-28T12:30:58.826Z"}
{"level":"error","message":"Stack trace: Error: ENOENT: no such file or directory, stat 'E:\\frontend\\build\\index.html'","timestamp":"2023-11-28T12:30:58.827Z"}
{"level":"error","message":"Error: ENOENT: no such file or directory, stat 'E:\\frontend\\build\\index.html'","timestamp":"2023-11-28T13:47:39.405Z"}
{"level":"error","message":"Stack trace: Error: ENOENT: no such file or directory, stat 'E:\\frontend\\build\\index.html'","timestamp":"2023-11-28T13:47:39.424Z"}
{"level":"error","message":"Error: ENOENT: no such file or directory, stat 'E:\\frontend\\build\\index.html'","timestamp":"2023-11-28T13:48:40.281Z"}
{"level":"error","message":"Stack trace: Error: ENOENT: no such file or directory, stat 'E:\\frontend\\build\\index.html'","timestamp":"2023-11-28T13:48:40.281Z"}
{"level":"error","message":"Error: Login first to handle this resource","timestamp":"2023-11-28T13:49:36.777Z"}
{"level":"error","message":"Error: Login first to handle this resource","timestamp":"2023-11-28T13:49:36.777Z"}
{"level":"error","message":"Stack trace: Error: Login first to handle this resource\n    at E:\\Schema draft\\middlewares\\authenticate.js:10:21\n    at E:\\Schema draft\\middlewares\\catchAsyncError.js:2:25\n    at Layer.handle [as handle_request] (E:\\Schema draft\\node_modules\\express\\lib\\router\\layer.js:95:5)\n    at next (E:\\Schema draft\\node_modules\\express\\lib\\router\\route.js:144:13)\n    at Route.dispatch (E:\\Schema draft\\node_modules\\express\\lib\\router\\route.js:114:3)\n    at Layer.handle [as handle_request] (E:\\Schema draft\\node_modules\\express\\lib\\router\\layer.js:95:5)\n    at E:\\Schema draft\\node_modules\\express\\lib\\router\\index.js:284:15\n    at Function.process_params (E:\\Schema draft\\node_modules\\express\\lib\\router\\index.js:346:12)\n    at next (E:\\Schema draft\\node_modules\\express\\lib\\router\\index.js:280:10)\n    at Function.handle (E:\\Schema draft\\node_modules\\express\\lib\\router\\index.js:175:3)","timestamp":"2023-11-28T13:49:36.778Z"}
{"level":"error","message":"Error: Login first to handle this resource","timestamp":"2023-11-28T13:55:52.883Z"}
{"level":"error","message":"Error: Login first to handle this resource","timestamp":"2023-11-28T13:55:52.887Z"}
{"level":"error","message":"Stack trace: Error: Login first to handle this resource\n    at E:\\Schema draft\\middlewares\\authenticate.js:10:21\n    at E:\\Schema draft\\middlewares\\catchAsyncError.js:2:25\n    at Layer.handle [as handle_request] (E:\\Schema draft\\node_modules\\express\\lib\\router\\layer.js:95:5)\n    at next (E:\\Schema draft\\node_modules\\express\\lib\\router\\route.js:144:13)\n    at Route.dispatch (E:\\Schema draft\\node_modules\\express\\lib\\router\\route.js:114:3)\n    at Layer.handle [as handle_request] (E:\\Schema draft\\node_modules\\express\\lib\\router\\layer.js:95:5)\n    at E:\\Schema draft\\node_modules\\express\\lib\\router\\index.js:284:15\n    at Function.process_params (E:\\Schema draft\\node_modules\\express\\lib\\router\\index.js:346:12)\n    at next (E:\\Schema draft\\node_modules\\express\\lib\\router\\index.js:280:10)\n    at Function.handle (E:\\Schema draft\\node_modules\\express\\lib\\router\\index.js:175:3)","timestamp":"2023-11-28T13:55:52.891Z"}
{"level":"error","message":"Error: ENOENT: no such file or directory, stat 'E:\\frontend\\build\\index.html'","timestamp":"2023-11-28T13:56:06.094Z"}
{"level":"error","message":"Stack trace: Error: ENOENT: no such file or directory, stat 'E:\\frontend\\build\\index.html'","timestamp":"2023-11-28T13:56:06.096Z"}
{"level":"error","message":"Error: Internal Server Error","timestamp":"2023-11-28T13:57:02.854Z"}
{"level":"error","message":"Error: Internal Server Error","timestamp":"2023-11-28T13:57:02.855Z"}
{"level":"error","message":"Stack trace: Error: Internal Server Error\n    at E:\\Schema draft\\controllers\\address\\createAddress.js:81:10\n    at process.processTicksAndRejections (node:internal/process/task_queues:95:5)","timestamp":"2023-11-28T13:57:02.856Z"}
