{"level":"error","message":"Error: Cannot set headers after they are sent to the client","timestamp":"2023-12-19T05:48:02.592Z"}
{"level":"error","message":"Error: Cannot set headers after they are sent to the client","timestamp":"2023-12-19T05:48:02.602Z"}
{"level":"error","message":"Stack trace: Error: Cannot set headers after they are sent to the client\n    at E:\\Schema draft\\controllers\\order\\orderHistory.js:159:14\n    at process.processTicksAndRejections (node:internal/process/task_queues:95:5)","timestamp":"2023-12-19T05:48:02.605Z"}
{"level":"error","message":"Error: Cannot set headers after they are sent to the client","timestamp":"2023-12-19T05:54:09.531Z"}
{"level":"error","message":"Error: Cannot set headers after they are sent to the client","timestamp":"2023-12-19T05:54:09.537Z"}
{"level":"error","message":"Stack trace: Error: Cannot set headers after they are sent to the client\n    at E:\\Schema draft\\controllers\\order\\orderHistory.js:160:14\n    at process.processTicksAndRejections (node:internal/process/task_queues:95:5)","timestamp":"2023-12-19T05:54:09.538Z"}
{"level":"error","message":"Error: ENOENT: no such file or directory, stat 'E:\\frontend\\build\\index.html'","timestamp":"2023-12-19T06:11:46.463Z"}
{"level":"error","message":"Stack trace: Error: ENOENT: no such file or directory, stat 'E:\\frontend\\build\\index.html'","timestamp":"2023-12-19T06:11:46.467Z"}
{"level":"error","message":"Error: ENOENT: no such file or directory, stat 'E:\\frontend\\build\\index.html'","timestamp":"2023-12-19T06:48:43.590Z"}
{"level":"error","message":"Stack trace: Error: ENOENT: no such file or directory, stat 'E:\\frontend\\build\\index.html'","timestamp":"2023-12-19T06:48:43.594Z"}
{"level":"error","message":"Error: ENOENT: no such file or directory, stat 'E:\\frontend\\build\\index.html'","timestamp":"2023-12-19T09:29:04.513Z"}
{"level":"error","message":"Stack trace: Error: ENOENT: no such file or directory, stat 'E:\\frontend\\build\\index.html'","timestamp":"2023-12-19T09:29:04.545Z"}
{"level":"error","message":"Error: ENOENT: no such file or directory, stat 'E:\\frontend\\build\\index.html'","timestamp":"2023-12-19T09:29:25.538Z"}
{"level":"error","message":"Stack trace: Error: ENOENT: no such file or directory, stat 'E:\\frontend\\build\\index.html'","timestamp":"2023-12-19T09:29:25.674Z"}
{"level":"error","message":"Error: activeOrders is not defined","timestamp":"2023-12-19T09:30:29.454Z"}
{"level":"error","message":"Error: activeOrders is not defined","timestamp":"2023-12-19T09:30:29.457Z"}
{"level":"error","message":"Stack trace: Error: activeOrders is not defined\n    at E:\\Schema draft\\controllers\\order\\order.js:192:14\n    at process.processTicksAndRejections (node:internal/process/task_queues:95:5)","timestamp":"2023-12-19T09:30:29.458Z"}
{"level":"error","message":"Error: restaurantId is not defined","timestamp":"2023-12-19T09:32:11.553Z"}
{"level":"error","message":"Error: restaurantId is not defined","timestamp":"2023-12-19T09:32:11.557Z"}
{"level":"error","message":"Stack trace: Error: restaurantId is not defined\n    at E:\\Schema draft\\controllers\\order\\order.js:196:14\n    at process.processTicksAndRejections (node:internal/process/task_queues:95:5)","timestamp":"2023-12-19T09:32:11.596Z"}
{"level":"error","message":"Error: ENOENT: no such file or directory, stat 'E:\\frontend\\build\\index.html'","timestamp":"2023-12-19T10:00:33.256Z"}
{"level":"error","message":"Stack trace: Error: ENOENT: no such file or directory, stat 'E:\\frontend\\build\\index.html'","timestamp":"2023-12-19T10:00:33.260Z"}
{"level":"error","message":"Error: ENOENT: no such file or directory, stat 'E:\\frontend\\build\\index.html'","timestamp":"2023-12-19T10:00:33.270Z"}
{"level":"error","message":"Stack trace: Error: ENOENT: no such file or directory, stat 'E:\\frontend\\build\\index.html'","timestamp":"2023-12-19T10:00:33.271Z"}
{"level":"error","message":"Error: ENOENT: no such file or directory, stat 'E:\\frontend\\build\\index.html'","timestamp":"2023-12-19T10:00:33.310Z"}
{"level":"error","message":"Stack trace: Error: ENOENT: no such file or directory, stat 'E:\\frontend\\build\\index.html'","timestamp":"2023-12-19T10:00:33.312Z"}
{"level":"error","message":"Error: ENOENT: no such file or directory, stat 'E:\\frontend\\build\\index.html'","timestamp":"2023-12-19T10:00:33.325Z"}
{"level":"error","message":"Stack trace: Error: ENOENT: no such file or directory, stat 'E:\\frontend\\build\\index.html'","timestamp":"2023-12-19T10:00:33.326Z"}
{"level":"error","message":"Error: ENOENT: no such file or directory, stat 'E:\\frontend\\build\\index.html'","timestamp":"2023-12-19T10:00:33.735Z"}
{"level":"error","message":"Stack trace: Error: ENOENT: no such file or directory, stat 'E:\\frontend\\build\\index.html'","timestamp":"2023-12-19T10:00:33.737Z"}
{"level":"error","message":"Error: ENOENT: no such file or directory, stat 'E:\\frontend\\build\\index.html'","timestamp":"2023-12-19T10:02:05.629Z"}
{"level":"error","message":"Stack trace: Error: ENOENT: no such file or directory, stat 'E:\\frontend\\build\\index.html'","timestamp":"2023-12-19T10:02:05.633Z"}
{"level":"error","message":"Error: ENOENT: no such file or directory, stat 'E:\\frontend\\build\\index.html'","timestamp":"2023-12-19T10:02:25.782Z"}
{"level":"error","message":"Stack trace: Error: ENOENT: no such file or directory, stat 'E:\\frontend\\build\\index.html'","timestamp":"2023-12-19T10:02:25.784Z"}
{"level":"error","message":"Error: ENOENT: no such file or directory, stat 'E:\\frontend\\build\\index.html'","timestamp":"2023-12-19T10:02:26.214Z"}
{"level":"error","message":"Stack trace: Error: ENOENT: no such file or directory, stat 'E:\\frontend\\build\\index.html'","timestamp":"2023-12-19T10:02:26.215Z"}
{"level":"error","message":"Error: ENOENT: no such file or directory, stat 'E:\\frontend\\build\\index.html'","timestamp":"2023-12-19T10:02:59.590Z"}
{"level":"error","message":"Stack trace: Error: ENOENT: no such file or directory, stat 'E:\\frontend\\build\\index.html'","timestamp":"2023-12-19T10:02:59.592Z"}
{"level":"error","message":"Error: ENOENT: no such file or directory, stat 'E:\\frontend\\build\\index.html'","timestamp":"2023-12-19T10:04:12.447Z"}
{"level":"error","message":"Stack trace: Error: ENOENT: no such file or directory, stat 'E:\\frontend\\build\\index.html'","timestamp":"2023-12-19T10:04:12.449Z"}
{"level":"error","message":"Error: ENOENT: no such file or directory, stat 'E:\\frontend\\build\\index.html'","timestamp":"2023-12-19T10:04:13.622Z"}
{"level":"error","message":"Stack trace: Error: ENOENT: no such file or directory, stat 'E:\\frontend\\build\\index.html'","timestamp":"2023-12-19T10:04:13.623Z"}
{"level":"error","message":"Error: ENOENT: no such file or directory, stat 'E:\\frontend\\build\\index.html'","timestamp":"2023-12-19T10:04:14.456Z"}
{"level":"error","message":"Stack trace: Error: ENOENT: no such file or directory, stat 'E:\\frontend\\build\\index.html'","timestamp":"2023-12-19T10:04:14.458Z"}
{"level":"error","message":"Error: ENOENT: no such file or directory, stat 'E:\\frontend\\build\\index.html'","timestamp":"2023-12-19T10:04:14.682Z"}
{"level":"error","message":"Stack trace: Error: ENOENT: no such file or directory, stat 'E:\\frontend\\build\\index.html'","timestamp":"2023-12-19T10:04:14.683Z"}
{"level":"error","message":"Error: ENOENT: no such file or directory, stat 'E:\\frontend\\build\\index.html'","timestamp":"2023-12-19T10:04:14.916Z"}
{"level":"error","message":"Stack trace: Error: ENOENT: no such file or directory, stat 'E:\\frontend\\build\\index.html'","timestamp":"2023-12-19T10:04:14.917Z"}
{"level":"error","message":"Error: ENOENT: no such file or directory, stat 'E:\\frontend\\build\\index.html'","timestamp":"2023-12-19T10:04:15.132Z"}
{"level":"error","message":"Stack trace: Error: ENOENT: no such file or directory, stat 'E:\\frontend\\build\\index.html'","timestamp":"2023-12-19T10:04:15.133Z"}
{"level":"error","message":"Error: ENOENT: no such file or directory, stat 'E:\\frontend\\build\\index.html'","timestamp":"2023-12-19T10:04:15.306Z"}
{"level":"error","message":"Stack trace: Error: ENOENT: no such file or directory, stat 'E:\\frontend\\build\\index.html'","timestamp":"2023-12-19T10:04:15.306Z"}
{"level":"error","message":"Error: ENOENT: no such file or directory, stat 'E:\\frontend\\build\\index.html'","timestamp":"2023-12-19T10:04:15.538Z"}
{"level":"error","message":"Stack trace: Error: ENOENT: no such file or directory, stat 'E:\\frontend\\build\\index.html'","timestamp":"2023-12-19T10:04:15.539Z"}
{"level":"error","message":"Error: ENOENT: no such file or directory, stat 'E:\\frontend\\build\\index.html'","timestamp":"2023-12-19T10:04:15.764Z"}
{"level":"error","message":"Stack trace: Error: ENOENT: no such file or directory, stat 'E:\\frontend\\build\\index.html'","timestamp":"2023-12-19T10:04:15.766Z"}
{"level":"error","message":"Error: ENOENT: no such file or directory, stat 'E:\\frontend\\build\\index.html'","timestamp":"2023-12-19T10:04:15.945Z"}
{"level":"error","message":"Stack trace: Error: ENOENT: no such file or directory, stat 'E:\\frontend\\build\\index.html'","timestamp":"2023-12-19T10:04:15.946Z"}
{"level":"error","message":"Error: ENOENT: no such file or directory, stat 'E:\\frontend\\build\\index.html'","timestamp":"2023-12-19T10:04:16.162Z"}
{"level":"error","message":"Stack trace: Error: ENOENT: no such file or directory, stat 'E:\\frontend\\build\\index.html'","timestamp":"2023-12-19T10:04:16.163Z"}
{"level":"error","message":"Error: ENOENT: no such file or directory, stat 'E:\\frontend\\build\\index.html'","timestamp":"2023-12-19T10:08:53.620Z"}
{"level":"error","message":"Stack trace: Error: ENOENT: no such file or directory, stat 'E:\\frontend\\build\\index.html'","timestamp":"2023-12-19T10:08:53.625Z"}
{"level":"error","message":"Error: ENOENT: no such file or directory, stat 'E:\\frontend\\build\\index.html'","timestamp":"2023-12-19T10:08:54.755Z"}
{"level":"error","message":"Stack trace: Error: ENOENT: no such file or directory, stat 'E:\\frontend\\build\\index.html'","timestamp":"2023-12-19T10:08:54.757Z"}
{"level":"error","message":"Error: ENOENT: no such file or directory, stat 'E:\\frontend\\build\\index.html'","timestamp":"2023-12-19T10:08:55.636Z"}
{"level":"error","message":"Stack trace: Error: ENOENT: no such file or directory, stat 'E:\\frontend\\build\\index.html'","timestamp":"2023-12-19T10:08:55.637Z"}
{"level":"error","message":"Error: ENOENT: no such file or directory, stat 'E:\\frontend\\build\\index.html'","timestamp":"2023-12-19T10:08:55.968Z"}
{"level":"error","message":"Stack trace: Error: ENOENT: no such file or directory, stat 'E:\\frontend\\build\\index.html'","timestamp":"2023-12-19T10:08:55.971Z"}
{"level":"error","message":"Error: ENOENT: no such file or directory, stat 'E:\\frontend\\build\\index.html'","timestamp":"2023-12-19T10:08:56.204Z"}
{"level":"error","message":"Stack trace: Error: ENOENT: no such file or directory, stat 'E:\\frontend\\build\\index.html'","timestamp":"2023-12-19T10:08:56.205Z"}
{"level":"error","message":"Error: ENOENT: no such file or directory, stat 'E:\\frontend\\build\\index.html'","timestamp":"2023-12-19T10:08:56.412Z"}
{"level":"error","message":"Stack trace: Error: ENOENT: no such file or directory, stat 'E:\\frontend\\build\\index.html'","timestamp":"2023-12-19T10:08:56.415Z"}
{"level":"error","message":"Error: ENOENT: no such file or directory, stat 'E:\\frontend\\build\\index.html'","timestamp":"2023-12-19T10:08:56.607Z"}
{"level":"error","message":"Stack trace: Error: ENOENT: no such file or directory, stat 'E:\\frontend\\build\\index.html'","timestamp":"2023-12-19T10:08:56.608Z"}
{"level":"error","message":"Error: ENOENT: no such file or directory, stat 'E:\\frontend\\build\\index.html'","timestamp":"2023-12-19T10:08:56.765Z"}
{"level":"error","message":"Stack trace: Error: ENOENT: no such file or directory, stat 'E:\\frontend\\build\\index.html'","timestamp":"2023-12-19T10:08:56.766Z"}
{"level":"error","message":"Error: ENOENT: no such file or directory, stat 'E:\\frontend\\build\\index.html'","timestamp":"2023-12-19T10:08:56.999Z"}
{"level":"error","message":"Stack trace: Error: ENOENT: no such file or directory, stat 'E:\\frontend\\build\\index.html'","timestamp":"2023-12-19T10:08:57.000Z"}
{"level":"error","message":"Error: ENOENT: no such file or directory, stat 'E:\\frontend\\build\\index.html'","timestamp":"2023-12-19T10:08:57.212Z"}
{"level":"error","message":"Stack trace: Error: ENOENT: no such file or directory, stat 'E:\\frontend\\build\\index.html'","timestamp":"2023-12-19T10:08:57.215Z"}
{"level":"error","message":"Error: Cannot read properties of undefined (reading 'restaurantId')","timestamp":"2023-12-19T13:11:00.039Z"}
{"level":"error","message":"Error: wss is not defined","timestamp":"2023-12-19T13:48:49.346Z"}
{"level":"error","message":"Error: wss is not defined","timestamp":"2023-12-19T13:48:49.372Z"}
{"level":"error","message":"Stack trace: Error: wss is not defined\n    at E:\\Schema draft\\controllers\\order\\orderHistory.js:57:14\n    at process.processTicksAndRejections (node:internal/process/task_queues:95:5)","timestamp":"2023-12-19T13:48:49.375Z"}
{"level":"error","message":"Error: wss is not defined","timestamp":"2023-12-19T13:48:50.211Z"}
{"level":"error","message":"Error: wss is not defined","timestamp":"2023-12-19T13:48:50.212Z"}
{"level":"error","message":"Stack trace: Error: wss is not defined\n    at E:\\Schema draft\\controllers\\order\\orderHistory.js:57:14\n    at process.processTicksAndRejections (node:internal/process/task_queues:95:5)","timestamp":"2023-12-19T13:48:50.214Z"}
{"level":"error","message":"Error: wss is not defined","timestamp":"2023-12-19T13:48:58.160Z"}
{"level":"error","message":"Error: wss is not defined","timestamp":"2023-12-19T13:48:58.161Z"}
{"level":"error","message":"Stack trace: Error: wss is not defined\n    at E:\\Schema draft\\controllers\\order\\orderHistory.js:57:14\n    at process.processTicksAndRejections (node:internal/process/task_queues:95:5)","timestamp":"2023-12-19T13:48:58.162Z"}
