{"level":"error","message":"Error: Cannot read properties of undefined (reading 'map')","timestamp":"2023-11-22T03:10:17.753Z"}
{"level":"error","message":"Error: Cannot read properties of undefined (reading 'map')","timestamp":"2023-11-22T03:10:17.865Z"}
{"level":"error","message":"Stack trace: Error: Cannot read properties of undefined (reading 'map')\n    at exports.updateOrderStatus (E:\\Schema draft\\controllers\\order\\order.js:60:14)\n    at process.processTicksAndRejections (node:internal/process/task_queues:95:5)","timestamp":"2023-11-22T03:10:17.867Z"}
{"level":"error","message":"Error: Cannot read properties of undefined (reading 'map')","timestamp":"2023-11-22T03:59:19.901Z"}
{"level":"error","message":"Error: Cannot read properties of undefined (reading 'map')","timestamp":"2023-11-22T03:59:19.901Z"}
{"level":"error","message":"Stack trace: Error: Cannot read properties of undefined (reading 'map')\n    at exports.updateOrderStatus (E:\\Schema draft\\controllers\\order\\order.js:60:14)\n    at process.processTicksAndRejections (node:internal/process/task_queues:95:5)","timestamp":"2023-11-22T03:59:19.902Z"}
{"level":"error","message":"Error: Cannot read properties of undefined (reading 'map')","timestamp":"2023-11-22T04:08:07.268Z"}
{"level":"error","message":"Error: Cannot read properties of undefined (reading 'map')","timestamp":"2023-11-22T04:08:07.279Z"}
{"level":"error","message":"Stack trace: Error: Cannot read properties of undefined (reading 'map')\n    at exports.updateOrderStatus (E:\\Schema draft\\controllers\\order\\order.js:60:14)\n    at process.processTicksAndRejections (node:internal/process/task_queues:95:5)","timestamp":"2023-11-22T04:08:07.280Z"}
{"level":"error","message":"Error: Cannot read properties of undefined (reading 'map')","timestamp":"2023-11-22T04:10:03.065Z"}
{"level":"error","message":"Error: Cannot read properties of undefined (reading 'map')","timestamp":"2023-11-22T04:10:03.066Z"}
{"level":"error","message":"Stack trace: Error: Cannot read properties of undefined (reading 'map')\n    at exports.updateOrderStatus (E:\\Schema draft\\controllers\\order\\order.js:60:14)\n    at process.processTicksAndRejections (node:internal/process/task_queues:95:5)","timestamp":"2023-11-22T04:10:03.067Z"}
{"level":"error","message":"Error: Cannot read properties of undefined (reading 'map')","timestamp":"2023-11-22T04:11:49.899Z"}
{"level":"error","message":"Error: Cannot read properties of undefined (reading 'map')","timestamp":"2023-11-22T04:11:49.902Z"}
{"level":"error","message":"Stack trace: Error: Cannot read properties of undefined (reading 'map')\n    at exports.updateOrderStatus (E:\\Schema draft\\controllers\\order\\order.js:60:14)\n    at process.processTicksAndRejections (node:internal/process/task_queues:95:5)","timestamp":"2023-11-22T04:11:49.907Z"}
{"level":"error","message":"Error: Cannot read properties of undefined (reading 'map')","timestamp":"2023-11-22T04:12:16.708Z"}
{"level":"error","message":"Error: Cannot read properties of undefined (reading 'map')","timestamp":"2023-11-22T04:12:16.709Z"}
{"level":"error","message":"Stack trace: Error: Cannot read properties of undefined (reading 'map')\n    at exports.updateOrderStatus (E:\\Schema draft\\controllers\\order\\order.js:60:14)\n    at process.processTicksAndRejections (node:internal/process/task_queues:95:5)","timestamp":"2023-11-22T04:12:16.709Z"}
{"level":"error","message":"Error: Cannot read properties of undefined (reading 'map')","timestamp":"2023-11-22T04:12:32.340Z"}
{"level":"error","message":"Error: Cannot read properties of undefined (reading 'map')","timestamp":"2023-11-22T04:12:32.341Z"}
{"level":"error","message":"Stack trace: Error: Cannot read properties of undefined (reading 'map')\n    at exports.updateOrderStatus (E:\\Schema draft\\controllers\\order\\order.js:60:14)\n    at process.processTicksAndRejections (node:internal/process/task_queues:95:5)","timestamp":"2023-11-22T04:12:32.342Z"}
{"level":"error","message":"Error: Cannot read properties of undefined (reading 'map')","timestamp":"2023-11-22T04:23:40.516Z"}
{"level":"error","message":"Error: Cannot read properties of undefined (reading 'map')","timestamp":"2023-11-22T04:23:40.518Z"}
{"level":"error","message":"Stack trace: Error: Cannot read properties of undefined (reading 'map')\n    at exports.updateOrderStatus (E:\\Schema draft\\controllers\\order\\order.js:60:14)\n    at process.processTicksAndRejections (node:internal/process/task_queues:95:5)","timestamp":"2023-11-22T04:23:40.519Z"}
{"level":"error","message":"Error: Cannot read properties of undefined (reading 'map')","timestamp":"2023-11-22T04:25:13.329Z"}
{"level":"error","message":"Error: Cannot read properties of undefined (reading 'map')","timestamp":"2023-11-22T04:25:13.334Z"}
{"level":"error","message":"Stack trace: Error: Cannot read properties of undefined (reading 'map')\n    at exports.updateOrderStatus (E:\\Schema draft\\controllers\\order\\order.js:60:14)\n    at process.processTicksAndRejections (node:internal/process/task_queues:95:5)","timestamp":"2023-11-22T04:25:13.335Z"}
{"level":"error","message":"Error: ENOENT: no such file or directory, stat 'E:\\frontend\\build\\index.html'","timestamp":"2023-11-22T05:21:34.341Z"}
{"level":"error","message":"Stack trace: Error: ENOENT: no such file or directory, stat 'E:\\frontend\\build\\index.html'","timestamp":"2023-11-22T05:21:34.348Z"}
{"level":"error","message":"Error: Invalid address","timestamp":"2023-11-22T05:32:05.018Z"}
{"level":"error","message":"Error: Invalid address","timestamp":"2023-11-22T05:32:05.019Z"}
{"level":"error","message":"Stack trace: Error: Invalid address\n    at E:\\Schema draft\\controllers\\address\\createAddress.js:15:25\n    at process.processTicksAndRejections (node:internal/process/task_queues:95:5)","timestamp":"2023-11-22T05:32:05.020Z"}
{"level":"error","message":"Error: Invalid address","timestamp":"2023-11-22T06:14:21.423Z"}
{"level":"error","message":"Error: Invalid address","timestamp":"2023-11-22T06:14:21.425Z"}
{"level":"error","message":"Stack trace: Error: Invalid address\n    at E:\\Schema draft\\controllers\\address\\createAddress.js:15:25\n    at process.processTicksAndRejections (node:internal/process/task_queues:95:5)","timestamp":"2023-11-22T06:14:21.426Z"}
{"level":"error","message":"Error: Invalid address","timestamp":"2023-11-22T06:22:56.048Z"}
{"level":"error","message":"Error: Invalid address","timestamp":"2023-11-22T06:22:56.050Z"}
{"level":"error","message":"Stack trace: Error: Invalid address\n    at E:\\Schema draft\\controllers\\address\\createAddress.js:15:25\n    at process.processTicksAndRejections (node:internal/process/task_queues:95:5)","timestamp":"2023-11-22T06:22:56.051Z"}
{"level":"error","message":"Error: Login first to handle this resource","timestamp":"2023-11-22T08:48:07.955Z"}
{"level":"error","message":"Error: Login first to handle this resource","timestamp":"2023-11-22T08:48:07.959Z"}
{"level":"error","message":"Stack trace: Error: Login first to handle this resource\n    at E:\\Schema draft\\middlewares\\authenticate.js:10:21\n    at E:\\Schema draft\\middlewares\\catchAsyncError.js:2:25\n    at Layer.handle [as handle_request] (E:\\Schema draft\\node_modules\\express\\lib\\router\\layer.js:95:5)\n    at next (E:\\Schema draft\\node_modules\\express\\lib\\router\\route.js:144:13)\n    at Route.dispatch (E:\\Schema draft\\node_modules\\express\\lib\\router\\route.js:114:3)\n    at Layer.handle [as handle_request] (E:\\Schema draft\\node_modules\\express\\lib\\router\\layer.js:95:5)\n    at E:\\Schema draft\\node_modules\\express\\lib\\router\\index.js:284:15\n    at Function.process_params (E:\\Schema draft\\node_modules\\express\\lib\\router\\index.js:346:12)\n    at next (E:\\Schema draft\\node_modules\\express\\lib\\router\\index.js:280:10)\n    at Function.handle (E:\\Schema draft\\node_modules\\express\\lib\\router\\index.js:175:3)","timestamp":"2023-11-22T08:48:07.961Z"}
{"level":"error","message":"Error: Login first to handle this resource","timestamp":"2023-11-22T08:48:07.967Z"}
{"level":"error","message":"Error: Login first to handle this resource","timestamp":"2023-11-22T08:48:07.968Z"}
{"level":"error","message":"Stack trace: Error: Login first to handle this resource\n    at E:\\Schema draft\\middlewares\\authenticate.js:10:21\n    at E:\\Schema draft\\middlewares\\catchAsyncError.js:2:25\n    at Layer.handle [as handle_request] (E:\\Schema draft\\node_modules\\express\\lib\\router\\layer.js:95:5)\n    at next (E:\\Schema draft\\node_modules\\express\\lib\\router\\route.js:144:13)\n    at Route.dispatch (E:\\Schema draft\\node_modules\\express\\lib\\router\\route.js:114:3)\n    at Layer.handle [as handle_request] (E:\\Schema draft\\node_modules\\express\\lib\\router\\layer.js:95:5)\n    at E:\\Schema draft\\node_modules\\express\\lib\\router\\index.js:284:15\n    at Function.process_params (E:\\Schema draft\\node_modules\\express\\lib\\router\\index.js:346:12)\n    at next (E:\\Schema draft\\node_modules\\express\\lib\\router\\index.js:280:10)\n    at Function.handle (E:\\Schema draft\\node_modules\\express\\lib\\router\\index.js:175:3)","timestamp":"2023-11-22T08:48:07.970Z"}
{"level":"error","message":"Error: Internal Server Error","timestamp":"2023-11-22T09:10:17.011Z"}
{"level":"error","message":"Error: Internal Server Error","timestamp":"2023-11-22T09:10:17.018Z"}
{"level":"error","message":"Stack trace: Error: Internal Server Error\n    at E:\\Schema draft\\controllers\\address\\createAddress.js:78:10\n    at E:\\Schema draft\\middlewares\\catchAsyncError.js:2:25\n    at Layer.handle [as handle_request] (E:\\Schema draft\\node_modules\\express\\lib\\router\\layer.js:95:5)\n    at next (E:\\Schema draft\\node_modules\\express\\lib\\router\\route.js:144:13)\n    at E:\\Schema draft\\middlewares\\authenticate.js:16:5\n    at process.processTicksAndRejections (node:internal/process/task_queues:95:5)","timestamp":"2023-11-22T09:10:17.019Z"}
{"level":"error","message":"Error: Internal Server Error","timestamp":"2023-11-22T09:12:05.201Z"}
{"level":"error","message":"Error: Internal Server Error","timestamp":"2023-11-22T09:12:05.206Z"}
{"level":"error","message":"Stack trace: Error: Internal Server Error\n    at E:\\Schema draft\\controllers\\address\\createAddress.js:78:10\n    at process.processTicksAndRejections (node:internal/process/task_queues:95:5)","timestamp":"2023-11-22T09:12:05.209Z"}
{"level":"error","message":"Error: Internal Server Error","timestamp":"2023-11-22T09:14:04.888Z"}
{"level":"error","message":"Error: Internal Server Error","timestamp":"2023-11-22T09:14:04.892Z"}
{"level":"error","message":"Stack trace: Error: Internal Server Error\n    at E:\\Schema draft\\controllers\\address\\createAddress.js:78:10\n    at process.processTicksAndRejections (node:internal/process/task_queues:95:5)","timestamp":"2023-11-22T09:14:04.892Z"}
{"level":"error","message":"Error: Internal Server Error","timestamp":"2023-11-22T09:17:22.207Z"}
{"level":"error","message":"Error: Internal Server Error","timestamp":"2023-11-22T09:17:22.211Z"}
{"level":"error","message":"Stack trace: Error: Internal Server Error\n    at E:\\Schema draft\\controllers\\address\\createAddress.js:78:10\n    at process.processTicksAndRejections (node:internal/process/task_queues:95:5)","timestamp":"2023-11-22T09:17:22.212Z"}
{"level":"error","message":"Error: Internal Server Error","timestamp":"2023-11-22T09:29:49.848Z"}
{"level":"error","message":"Error: Internal Server Error","timestamp":"2023-11-22T09:29:49.854Z"}
{"level":"error","message":"Stack trace: Error: Internal Server Error\n    at E:\\Schema draft\\controllers\\address\\createAddress.js:81:10\n    at process.processTicksAndRejections (node:internal/process/task_queues:95:5)","timestamp":"2023-11-22T09:29:49.857Z"}
{"level":"error","message":"Error: Internal Server Error","timestamp":"2023-11-22T09:34:46.674Z"}
{"level":"error","message":"Error: Internal Server Error","timestamp":"2023-11-22T09:34:46.676Z"}
{"level":"error","message":"Stack trace: Error: Internal Server Error\n    at E:\\Schema draft\\controllers\\address\\createAddress.js:81:10\n    at process.processTicksAndRejections (node:internal/process/task_queues:95:5)","timestamp":"2023-11-22T09:34:46.677Z"}
{"level":"error","message":"Error: Internal Server Error","timestamp":"2023-11-22T09:38:44.642Z"}
{"level":"error","message":"Error: Internal Server Error","timestamp":"2023-11-22T09:38:44.643Z"}
{"level":"error","message":"Stack trace: Error: Internal Server Error\n    at E:\\Schema draft\\controllers\\address\\createAddress.js:81:10\n    at process.processTicksAndRejections (node:internal/process/task_queues:95:5)","timestamp":"2023-11-22T09:38:44.644Z"}
{"level":"error","message":"Error: Internal Server Error","timestamp":"2023-11-22T09:40:09.226Z"}
{"level":"error","message":"Error: Internal Server Error","timestamp":"2023-11-22T09:40:09.228Z"}
{"level":"error","message":"Stack trace: Error: Internal Server Error\n    at E:\\Schema draft\\controllers\\address\\createAddress.js:81:10\n    at process.processTicksAndRejections (node:internal/process/task_queues:95:5)","timestamp":"2023-11-22T09:40:09.229Z"}
{"level":"error","message":"Error: Internal Server Error","timestamp":"2023-11-22T09:40:23.504Z"}
{"level":"error","message":"Error: Internal Server Error","timestamp":"2023-11-22T09:40:23.506Z"}
{"level":"error","message":"Stack trace: Error: Internal Server Error\n    at E:\\Schema draft\\controllers\\address\\createAddress.js:81:10\n    at process.processTicksAndRejections (node:internal/process/task_queues:95:5)","timestamp":"2023-11-22T09:40:23.507Z"}
{"level":"error","message":"Error: Internal Server Error","timestamp":"2023-11-22T09:44:10.574Z"}
{"level":"error","message":"Error: Internal Server Error","timestamp":"2023-11-22T09:44:10.575Z"}
{"level":"error","message":"Stack trace: Error: Internal Server Error\n    at E:\\Schema draft\\controllers\\address\\createAddress.js:81:10\n    at process.processTicksAndRejections (node:internal/process/task_queues:95:5)","timestamp":"2023-11-22T09:44:10.576Z"}
{"level":"error","message":"Error: Internal Server Error","timestamp":"2023-11-22T09:48:03.812Z"}
{"level":"error","message":"Error: Internal Server Error","timestamp":"2023-11-22T09:48:03.813Z"}
{"level":"error","message":"Stack trace: Error: Internal Server Error\n    at E:\\Schema draft\\controllers\\address\\createAddress.js:81:10\n    at process.processTicksAndRejections (node:internal/process/task_queues:95:5)","timestamp":"2023-11-22T09:48:03.813Z"}
{"level":"error","message":"Error: Received unknown parameter: shipping[address][streetAddress]","timestamp":"2023-11-22T11:29:09.627Z"}
{"level":"error","message":"Error: Received unknown parameter: shipping[address][streetAddress]","timestamp":"2023-11-22T11:29:09.635Z"}
{"level":"error","message":"Stack trace: Error: Received unknown parameter: shipping[address][streetAddress]\n    at E:\\Schema draft\\controllers\\transaction\\payment.js:30:14\n    at process.processTicksAndRejections (node:internal/process/task_queues:95:5)","timestamp":"2023-11-22T11:29:09.637Z"}
{"level":"error","message":"Error: Login first to handle this resource","timestamp":"2023-11-22T11:40:24.088Z"}
{"level":"error","message":"Error: Login first to handle this resource","timestamp":"2023-11-22T11:40:24.108Z"}
{"level":"error","message":"Stack trace: Error: Login first to handle this resource\n    at E:\\Schema draft\\middlewares\\authenticate.js:10:21\n    at E:\\Schema draft\\middlewares\\catchAsyncError.js:2:25\n    at Layer.handle [as handle_request] (E:\\Schema draft\\node_modules\\express\\lib\\router\\layer.js:95:5)\n    at next (E:\\Schema draft\\node_modules\\express\\lib\\router\\route.js:144:13)\n    at Route.dispatch (E:\\Schema draft\\node_modules\\express\\lib\\router\\route.js:114:3)\n    at Layer.handle [as handle_request] (E:\\Schema draft\\node_modules\\express\\lib\\router\\layer.js:95:5)\n    at E:\\Schema draft\\node_modules\\express\\lib\\router\\index.js:284:15\n    at Function.process_params (E:\\Schema draft\\node_modules\\express\\lib\\router\\index.js:346:12)\n    at next (E:\\Schema draft\\node_modules\\express\\lib\\router\\index.js:280:10)\n    at Function.handle (E:\\Schema draft\\node_modules\\express\\lib\\router\\index.js:175:3)","timestamp":"2023-11-22T11:40:24.109Z"}
{"level":"error","message":"Error: Login first to handle this resource","timestamp":"2023-11-22T11:40:24.119Z"}
{"level":"error","message":"Error: Login first to handle this resource","timestamp":"2023-11-22T11:40:24.121Z"}
{"level":"error","message":"Stack trace: Error: Login first to handle this resource\n    at E:\\Schema draft\\middlewares\\authenticate.js:10:21\n    at E:\\Schema draft\\middlewares\\catchAsyncError.js:2:25\n    at Layer.handle [as handle_request] (E:\\Schema draft\\node_modules\\express\\lib\\router\\layer.js:95:5)\n    at next (E:\\Schema draft\\node_modules\\express\\lib\\router\\route.js:144:13)\n    at Route.dispatch (E:\\Schema draft\\node_modules\\express\\lib\\router\\route.js:114:3)\n    at Layer.handle [as handle_request] (E:\\Schema draft\\node_modules\\express\\lib\\router\\layer.js:95:5)\n    at E:\\Schema draft\\node_modules\\express\\lib\\router\\index.js:284:15\n    at Function.process_params (E:\\Schema draft\\node_modules\\express\\lib\\router\\index.js:346:12)\n    at next (E:\\Schema draft\\node_modules\\express\\lib\\router\\index.js:280:10)\n    at Function.handle (E:\\Schema draft\\node_modules\\express\\lib\\router\\index.js:175:3)","timestamp":"2023-11-22T11:40:24.123Z"}
{"level":"error","message":"Error: Login first to handle this resource","timestamp":"2023-11-22T11:41:38.305Z"}
{"level":"error","message":"Error: Login first to handle this resource","timestamp":"2023-11-22T11:41:38.307Z"}
{"level":"error","message":"Stack trace: Error: Login first to handle this resource\n    at E:\\Schema draft\\middlewares\\authenticate.js:10:21\n    at E:\\Schema draft\\middlewares\\catchAsyncError.js:2:25\n    at Layer.handle [as handle_request] (E:\\Schema draft\\node_modules\\express\\lib\\router\\layer.js:95:5)\n    at next (E:\\Schema draft\\node_modules\\express\\lib\\router\\route.js:144:13)\n    at Route.dispatch (E:\\Schema draft\\node_modules\\express\\lib\\router\\route.js:114:3)\n    at Layer.handle [as handle_request] (E:\\Schema draft\\node_modules\\express\\lib\\router\\layer.js:95:5)\n    at E:\\Schema draft\\node_modules\\express\\lib\\router\\index.js:284:15\n    at Function.process_params (E:\\Schema draft\\node_modules\\express\\lib\\router\\index.js:346:12)\n    at next (E:\\Schema draft\\node_modules\\express\\lib\\router\\index.js:280:10)\n    at Function.handle (E:\\Schema draft\\node_modules\\express\\lib\\router\\index.js:175:3)","timestamp":"2023-11-22T11:41:38.308Z"}
{"level":"error","message":"Error: Login first to handle this resource","timestamp":"2023-11-22T11:41:38.316Z"}
{"level":"error","message":"Error: Login first to handle this resource","timestamp":"2023-11-22T11:41:38.318Z"}
{"level":"error","message":"Stack trace: Error: Login first to handle this resource\n    at E:\\Schema draft\\middlewares\\authenticate.js:10:21\n    at E:\\Schema draft\\middlewares\\catchAsyncError.js:2:25\n    at Layer.handle [as handle_request] (E:\\Schema draft\\node_modules\\express\\lib\\router\\layer.js:95:5)\n    at next (E:\\Schema draft\\node_modules\\express\\lib\\router\\route.js:144:13)\n    at Route.dispatch (E:\\Schema draft\\node_modules\\express\\lib\\router\\route.js:114:3)\n    at Layer.handle [as handle_request] (E:\\Schema draft\\node_modules\\express\\lib\\router\\layer.js:95:5)\n    at E:\\Schema draft\\node_modules\\express\\lib\\router\\index.js:284:15\n    at Function.process_params (E:\\Schema draft\\node_modules\\express\\lib\\router\\index.js:346:12)\n    at next (E:\\Schema draft\\node_modules\\express\\lib\\router\\index.js:280:10)\n    at Function.handle (E:\\Schema draft\\node_modules\\express\\lib\\router\\index.js:175:3)","timestamp":"2023-11-22T11:41:38.320Z"}
{"level":"error","message":"Error: Internal Server Error","timestamp":"2023-11-22T12:06:49.954Z"}
{"level":"error","message":"Error: Internal Server Error","timestamp":"2023-11-22T12:06:49.955Z"}
{"level":"error","message":"Stack trace: Error: Internal Server Error\n    at E:\\Schema draft\\controllers\\address\\createAddress.js:81:10\n    at process.processTicksAndRejections (node:internal/process/task_queues:95:5)","timestamp":"2023-11-22T12:06:49.956Z"}
{"level":"error","message":"Error: Internal Server Error","timestamp":"2023-11-22T12:07:16.369Z"}
{"level":"error","message":"Error: Internal Server Error","timestamp":"2023-11-22T12:07:16.370Z"}
{"level":"error","message":"Stack trace: Error: Internal Server Error\n    at E:\\Schema draft\\controllers\\address\\createAddress.js:81:10\n    at process.processTicksAndRejections (node:internal/process/task_queues:95:5)","timestamp":"2023-11-22T12:07:16.372Z"}
{"level":"error","message":"Error: Internal Server Error","timestamp":"2023-11-22T12:07:28.422Z"}
{"level":"error","message":"Error: Internal Server Error","timestamp":"2023-11-22T12:07:28.424Z"}
{"level":"error","message":"Stack trace: Error: Internal Server Error\n    at E:\\Schema draft\\controllers\\address\\createAddress.js:81:10\n    at process.processTicksAndRejections (node:internal/process/task_queues:95:5)","timestamp":"2023-11-22T12:07:28.425Z"}
{"level":"error","message":"Error: Internal Server Error","timestamp":"2023-11-22T12:12:02.693Z"}
{"level":"error","message":"Error: Internal Server Error","timestamp":"2023-11-22T12:12:02.695Z"}
{"level":"error","message":"Stack trace: Error: Internal Server Error\n    at E:\\Schema draft\\controllers\\address\\createAddress.js:81:10\n    at process.processTicksAndRejections (node:internal/process/task_queues:95:5)","timestamp":"2023-11-22T12:12:02.698Z"}
{"level":"error","message":"Error: Internal Server Error","timestamp":"2023-11-22T12:14:51.025Z"}
{"level":"error","message":"Error: Internal Server Error","timestamp":"2023-11-22T12:14:51.027Z"}
{"level":"error","message":"Stack trace: Error: Internal Server Error\n    at E:\\Schema draft\\controllers\\address\\createAddress.js:81:10\n    at process.processTicksAndRejections (node:internal/process/task_queues:95:5)","timestamp":"2023-11-22T12:14:51.028Z"}
{"level":"error","message":"Error: Internal Server Error","timestamp":"2023-11-22T12:14:59.740Z"}
{"level":"error","message":"Error: Internal Server Error","timestamp":"2023-11-22T12:14:59.741Z"}
{"level":"error","message":"Stack trace: Error: Internal Server Error\n    at E:\\Schema draft\\controllers\\address\\createAddress.js:81:10\n    at process.processTicksAndRejections (node:internal/process/task_queues:95:5)","timestamp":"2023-11-22T12:14:59.741Z"}
{"level":"error","message":"Error: Internal Server Error","timestamp":"2023-11-22T12:28:42.371Z"}
{"level":"error","message":"Error: Internal Server Error","timestamp":"2023-11-22T12:28:42.373Z"}
{"level":"error","message":"Stack trace: Error: Internal Server Error\n    at E:\\Schema draft\\controllers\\address\\createAddress.js:81:10\n    at process.processTicksAndRejections (node:internal/process/task_queues:95:5)","timestamp":"2023-11-22T12:28:42.375Z"}
{"level":"error","message":"Error: Internal Server Error","timestamp":"2023-11-22T12:44:07.884Z"}
{"level":"error","message":"Error: Internal Server Error","timestamp":"2023-11-22T12:44:07.884Z"}
{"level":"error","message":"Stack trace: Error: Internal Server Error\n    at E:\\Schema draft\\controllers\\address\\createAddress.js:81:10\n    at process.processTicksAndRejections (node:internal/process/task_queues:95:5)","timestamp":"2023-11-22T12:44:07.885Z"}
{"level":"error","message":"Error: Internal Server Error","timestamp":"2023-11-22T12:45:24.317Z"}
{"level":"error","message":"Error: Internal Server Error","timestamp":"2023-11-22T12:45:24.319Z"}
{"level":"error","message":"Stack trace: Error: Internal Server Error\n    at E:\\Schema draft\\controllers\\address\\createAddress.js:81:10\n    at process.processTicksAndRejections (node:internal/process/task_queues:95:5)","timestamp":"2023-11-22T12:45:24.320Z"}
{"level":"error","message":"Error: Internal Server Error","timestamp":"2023-11-22T12:50:00.179Z"}
{"level":"error","message":"Error: Internal Server Error","timestamp":"2023-11-22T12:50:00.180Z"}
{"level":"error","message":"Stack trace: Error: Internal Server Error\n    at E:\\Schema draft\\controllers\\address\\createAddress.js:81:10\n    at process.processTicksAndRejections (node:internal/process/task_queues:95:5)","timestamp":"2023-11-22T12:50:00.180Z"}
{"level":"error","message":"Error: Internal Server Error","timestamp":"2023-11-22T13:07:28.269Z"}
{"level":"error","message":"Error: Internal Server Error","timestamp":"2023-11-22T13:07:28.270Z"}
{"level":"error","message":"Stack trace: Error: Internal Server Error\n    at E:\\Schema draft\\controllers\\address\\createAddress.js:81:10\n    at process.processTicksAndRejections (node:internal/process/task_queues:95:5)","timestamp":"2023-11-22T13:07:28.270Z"}
{"level":"error","message":"Error: Internal Server Error","timestamp":"2023-11-22T13:07:39.890Z"}
{"level":"error","message":"Error: Internal Server Error","timestamp":"2023-11-22T13:07:39.892Z"}
{"level":"error","message":"Stack trace: Error: Internal Server Error\n    at E:\\Schema draft\\controllers\\address\\createAddress.js:81:10\n    at process.processTicksAndRejections (node:internal/process/task_queues:95:5)","timestamp":"2023-11-22T13:07:39.892Z"}
{"level":"error","message":"Error: Internal Server Error","timestamp":"2023-11-22T13:08:02.544Z"}
{"level":"error","message":"Error: Internal Server Error","timestamp":"2023-11-22T13:08:02.545Z"}
{"level":"error","message":"Stack trace: Error: Internal Server Error\n    at E:\\Schema draft\\controllers\\address\\createAddress.js:81:10\n    at process.processTicksAndRejections (node:internal/process/task_queues:95:5)","timestamp":"2023-11-22T13:08:02.546Z"}
